#
# There is insufficient memory for the Java Runtime Environment to continue.
# Native memory allocation (mmap) failed to map 536870912 bytes for G1 virtual space
# Possible reasons:
#   The system is out of physical RAM or swap space
#   The process is running with CompressedOops enabled, and the Java Heap may be blocking the growth of the native heap
# Possible solutions:
#   Reduce memory load on the system
#   Increase physical memory or swap space
#   Check if swap backing store is full
#   Decrease Java heap size (-Xmx/-Xms)
#   Decrease number of Java threads
#   Decrease Java thread stack sizes (-Xss)
#   Set larger code cache with -XX:ReservedCodeCacheSize=
#   JVM is running with Unscaled Compressed Oops mode in which the Java heap is
#     placed in the first 4GB address space. The Java Heap base address is the
#     maximum limit for the native heap growth. Please use -XX:HeapBaseMinAddress
#     to set the Java Heap base and to place the Java Heap above 4GB virtual address.
# This output file may be truncated or incomplete.
#
#  Out of Memory Error (os_windows.cpp:3769), pid=6108, tid=5728
#
# JRE version: OpenJDK Runtime Environment (17.0.6) (build 17.0.6+0-b2043.56-10027231)
# Java VM: OpenJDK 64-Bit Server VM (17.0.6+0-b2043.56-10027231, mixed mode, tiered, compressed oops, compressed class ptrs, g1 gc, windows-amd64)
# No core dump will be written. Minidumps are not enabled by default on client versions of Windows
#

---------------  S U M M A R Y ------------

Command Line: --add-opens=java.base/java.util=ALL-UNNAMED --add-opens=java.base/java.lang=ALL-UNNAMED --add-opens=java.base/java.lang.invoke=ALL-UNNAMED --add-opens=java.prefs/java.util.prefs=ALL-UNNAMED --add-opens=java.base/java.nio.charset=ALL-UNNAMED --add-opens=java.base/java.net=ALL-UNNAMED --add-opens=java.base/java.util.concurrent.atomic=ALL-UNNAMED -Xmx2048m -Dfile.encoding=UTF-8 -Duser.country=BR -Duser.language=pt -Duser.variant org.gradle.launcher.daemon.bootstrap.GradleDaemon 8.0

Host: Intel(R) Pentium(R) Gold G5400 CPU @ 3.70GHz, 4 cores, 7G,  Windows 10 , 64 bit Build 19041 (10.0.19041.3570)
Time: Sat Nov 11 15:23:33 2023 Hora oficial do Brasil elapsed time: 3926.300544 seconds (0d 1h 5m 26s)

---------------  T H R E A D  ---------------

Current thread (0x00000153b5ed1ce0):  VMThread "VM Thread" [stack: 0x00000019d0800000,0x00000019d0900000] [id=5728]

Stack: [0x00000019d0800000,0x00000019d0900000]
Native frames: (J=compiled Java code, j=interpreted, Vv=VM code, C=native code)
V  [jvm.dll+0x683c9a]
V  [jvm.dll+0x8427a4]
V  [jvm.dll+0x843f9e]
V  [jvm.dll+0x844603]
V  [jvm.dll+0x249b75]
V  [jvm.dll+0x680b69]
V  [jvm.dll+0x67505a]
V  [jvm.dll+0x309acb]
V  [jvm.dll+0x310f86]
V  [jvm.dll+0x3608ee]
V  [jvm.dll+0x360b1f]
V  [jvm.dll+0x2dfbf8]
V  [jvm.dll+0x2ddec4]
V  [jvm.dll+0x2dd4cc]
V  [jvm.dll+0x321f3b]
V  [jvm.dll+0x848ccb]
V  [jvm.dll+0x849a04]
V  [jvm.dll+0x849f1d]
V  [jvm.dll+0x84a2f4]
V  [jvm.dll+0x84a3c0]
V  [jvm.dll+0x7f274a]
V  [jvm.dll+0x682ad5]
C  [ucrtbase.dll+0x21bb2]
C  [KERNEL32.DLL+0x17344]
C  [ntdll.dll+0x526b1]

VM_Operation (0x00000019d63fc3b0): G1CollectForAllocation, mode: safepoint, requested by thread 0x00000153b929e700


---------------  P R O C E S S  ---------------

Threads class SMR info:
_java_thread_list=0x00000153bb9c3e20, length=101, elements={
0x000001539a9db1d0, 0x00000153b5ed4800, 0x00000153b5ed5670, 0x00000153b5eebac0,
0x00000153b5eec670, 0x00000153b5eef030, 0x00000153b693a3f0, 0x00000153b6946690,
0x00000153b6947130, 0x00000153b695a700, 0x00000153b6ab4380, 0x00000153b6ab6c70,
0x00000153b7c09950, 0x00000153b9258370, 0x00000153b9c877c0, 0x00000153b7d66ca0,
0x00000153b7d67170, 0x00000153b7d67fe0, 0x00000153bb21ae10, 0x00000153bb21c620,
0x00000153bb219130, 0x00000153bb21bc80, 0x00000153bb21b2e0, 0x00000153bb220980,
0x00000153bb21e7d0, 0x00000153bb21ffe0, 0x00000153bc248070, 0x00000153be83c530,
0x00000153b9b78460, 0x00000153bb239760, 0x00000153bb238420, 0x00000153b9b7a140,
0x00000153b9b79c70, 0x00000153b9b797a0, 0x00000153b931cce0, 0x00000153b931b9a0,
0x00000153b931be70, 0x00000153b9b78930, 0x00000153b9b7a610, 0x00000153b9b78e00,
0x00000153b9b77f90, 0x00000153b931d680, 0x00000153bb2388f0, 0x00000153bb239c30,
0x00000153bb238dc0, 0x00000153bb239290, 0x00000153bc856a10, 0x00000153bc856070,
0x00000153bc855ba0, 0x00000153bc853520, 0x00000153bc854d30, 0x00000153bc8539f0,
0x00000153bc8556d0, 0x00000153bc855200, 0x00000153bc853ec0, 0x00000153bc854390,
0x00000153bc854860, 0x00000153baf4b0a0, 0x00000153baf49d60, 0x00000153baf4a230,
0x00000153baf4b570, 0x00000153baf48550, 0x00000153baf4ba40, 0x00000153baf48ef0,
0x00000153baf48a20, 0x00000153baf493c0, 0x00000153baf4a700, 0x00000153baf4abd0,
0x00000153be6033f0, 0x00000153be604730, 0x00000153be604c00, 0x00000153be603d90,
0x00000153be6020b0, 0x00000153be6038c0, 0x00000153be6055a0, 0x00000153be602580,
0x00000153be602a50, 0x00000153be602f20, 0x00000153be6b2070, 0x00000153be6b2540,
0x00000153b929e230, 0x00000153b929f570, 0x00000153b929c080, 0x00000153b929d3c0,
0x00000153b6c8a540, 0x00000153b6c87050, 0x00000153b6c88d30, 0x00000153b9b7aae0,
0x00000153b929dd60, 0x00000153b9b7afb0, 0x00000153b929d890, 0x00000153b929e700,
0x00000153b929fa40, 0x00000153b929c550, 0x00000153b929cef0, 0x00000153b9b7b480,
0x00000153b9b7b950, 0x00000153bc24a220, 0x00000153bc24cd70, 0x00000153b931c340,
0x00000153b929ca20
}

Java Threads: ( => current thread )
  0x000001539a9db1d0 JavaThread "main" [_thread_blocked, id=8972, stack(0x00000019d0200000,0x00000019d0300000)]
  0x00000153b5ed4800 JavaThread "Reference Handler" daemon [_thread_blocked, id=6680, stack(0x00000019d0900000,0x00000019d0a00000)]
  0x00000153b5ed5670 JavaThread "Finalizer" daemon [_thread_blocked, id=5792, stack(0x00000019d0a00000,0x00000019d0b00000)]
  0x00000153b5eebac0 JavaThread "Signal Dispatcher" daemon [_thread_blocked, id=5684, stack(0x00000019d0b00000,0x00000019d0c00000)]
  0x00000153b5eec670 JavaThread "Attach Listener" daemon [_thread_blocked, id=10696, stack(0x00000019d0c00000,0x00000019d0d00000)]
  0x00000153b5eef030 JavaThread "Service Thread" daemon [_thread_blocked, id=8204, stack(0x00000019d0d00000,0x00000019d0e00000)]
  0x00000153b693a3f0 JavaThread "Monitor Deflation Thread" daemon [_thread_blocked, id=1268, stack(0x00000019d0e00000,0x00000019d0f00000)]
  0x00000153b6946690 JavaThread "C2 CompilerThread0" daemon [_thread_blocked, id=7556, stack(0x00000019d0f00000,0x00000019d1000000)]
  0x00000153b6947130 JavaThread "C1 CompilerThread0" daemon [_thread_blocked, id=9052, stack(0x00000019d1000000,0x00000019d1100000)]
  0x00000153b695a700 JavaThread "Sweeper thread" daemon [_thread_blocked, id=2924, stack(0x00000019d1100000,0x00000019d1200000)]
  0x00000153b6ab4380 JavaThread "Common-Cleaner" daemon [_thread_blocked, id=5880, stack(0x00000019d1200000,0x00000019d1300000)]
  0x00000153b6ab6c70 JavaThread "Notification Thread" daemon [_thread_blocked, id=4268, stack(0x00000019d1300000,0x00000019d1400000)]
  0x00000153b7c09950 JavaThread "Daemon health stats" [_thread_blocked, id=3424, stack(0x00000019d1900000,0x00000019d1a00000)]
  0x00000153b9258370 JavaThread "Incoming local TCP Connector on port 52928" [_thread_in_native, id=3496, stack(0x00000019d1a00000,0x00000019d1b00000)]
  0x00000153b9c877c0 JavaThread "Daemon periodic checks" [_thread_blocked, id=8524, stack(0x00000019d1b00000,0x00000019d1c00000)]
  0x00000153b7d66ca0 JavaThread "Cache worker for journal cache (C:\Users\Bia e Leo\.gradle\caches\journal-1)" [_thread_blocked, id=6460, stack(0x00000019d2300000,0x00000019d2400000)]
  0x00000153b7d67170 JavaThread "File lock request listener" [_thread_in_native, id=3224, stack(0x00000019d2400000,0x00000019d2500000)]
  0x00000153b7d67fe0 JavaThread "Cache worker for file hash cache (C:\Users\Bia e Leo\.gradle\caches\8.0\fileHashes)" [_thread_blocked, id=9732, stack(0x00000019d2500000,0x00000019d2600000)]
  0x00000153bb21ae10 JavaThread "File watcher server" daemon [_thread_blocked, id=10244, stack(0x00000019d1500000,0x00000019d1600000)]
  0x00000153bb21c620 JavaThread "File watcher consumer" daemon [_thread_blocked, id=10320, stack(0x00000019d2600000,0x00000019d2700000)]
  0x00000153bb219130 JavaThread "Cache worker for file content cache (C:\Users\Bia e Leo\.gradle\caches\8.0\fileContent)" [_thread_blocked, id=3968, stack(0x00000019d2900000,0x00000019d2a00000)]
  0x00000153bb21bc80 JavaThread "Cache worker for execution history cache (C:\Users\Bia e Leo\.gradle\caches\8.0\executionHistory)" [_thread_blocked, id=4008, stack(0x00000019d2c00000,0x00000019d2d00000)]
  0x00000153bb21b2e0 JavaThread "jar transforms" [_thread_blocked, id=1392, stack(0x00000019d2d00000,0x00000019d2e00000)]
  0x00000153bb220980 JavaThread "jar transforms Thread 2" [_thread_blocked, id=6252, stack(0x00000019d2f00000,0x00000019d3000000)]
  0x00000153bb21e7d0 JavaThread "jar transforms Thread 3" [_thread_blocked, id=9000, stack(0x00000019d3100000,0x00000019d3200000)]
  0x00000153bb21ffe0 JavaThread "jar transforms Thread 4" [_thread_blocked, id=9108, stack(0x00000019d3200000,0x00000019d3300000)]
  0x00000153bc248070 JavaThread "Memory manager" [_thread_blocked, id=9528, stack(0x00000019d5e00000,0x00000019d5f00000)]
  0x00000153be83c530 JavaThread "Cache worker for Java compile cache (C:\Users\Bia e Leo\.gradle\caches\8.0\javaCompile)" [_thread_blocked, id=7188, stack(0x00000019d6100000,0x00000019d6200000)]
  0x00000153b9b78460 JavaThread "ForkJoinPool.commonPool-worker-8" daemon [_thread_blocked, id=11244, stack(0x00000019d6c00000,0x00000019d6d00000)]
  0x00000153bb239760 JavaThread "ForkJoinPool.commonPool-worker-10" daemon [_thread_blocked, id=7516, stack(0x00000019d6e00000,0x00000019d6f00000)]
  0x00000153bb238420 JavaThread "Daemon Thread 5" [_thread_blocked, id=1984, stack(0x00000019cff00000,0x00000019d0000000)]
  0x00000153b9b7a140 JavaThread "Handler for socket connection from /127.0.0.1:52928 to /127.0.0.1:54055" [_thread_in_native, id=6316, stack(0x00000019d0000000,0x00000019d0100000)]
  0x00000153b9b79c70 JavaThread "Cancel handler" [_thread_blocked, id=8716, stack(0x00000019d0100000,0x00000019d0200000)]
  0x00000153b9b797a0 JavaThread "Daemon worker Thread 5" [_thread_blocked, id=11092, stack(0x00000019d1c00000,0x00000019d1d00000)]
  0x00000153b931cce0 JavaThread "Asynchronous log dispatcher for DefaultDaemonConnection: socket connection from /127.0.0.1:52928 to /127.0.0.1:54055" [_thread_blocked, id=8588, stack(0x00000019d1d00000,0x00000019d1e00000)]
  0x00000153b931b9a0 JavaThread "Stdin handler" [_thread_blocked, id=8608, stack(0x00000019d1e00000,0x00000019d1f00000)]
  0x00000153b931be70 JavaThread "Daemon client event forwarder" [_thread_blocked, id=1492, stack(0x00000019d1f00000,0x00000019d2000000)]
  0x00000153b9b78930 JavaThread "Cache worker for checksums cache (C:\Users\Bia e Leo\Downloads\Legato\.gradle\8.0\checksums)" [_thread_blocked, id=7420, stack(0x00000019d2000000,0x00000019d2100000)]
  0x00000153b9b7a610 JavaThread "Cache worker for cache directory md-rule (C:\Users\Bia e Leo\.gradle\caches\8.0\md-rule)" [_thread_blocked, id=3364, stack(0x00000019d2100000,0x00000019d2200000)]
  0x00000153b9b78e00 JavaThread "Cache worker for file hash cache (C:\Users\Bia e Leo\Downloads\Legato\.gradle\8.0\fileHashes)" [_thread_blocked, id=10212, stack(0x00000019d2200000,0x00000019d2300000)]
  0x00000153b9b77f90 JavaThread "Cache worker for cache directory md-supplier (C:\Users\Bia e Leo\.gradle\caches\8.0\md-supplier)" [_thread_blocked, id=2956, stack(0x00000019d2700000,0x00000019d2800000)]
  0x00000153b931d680 JavaThread "Cache worker for dependencies-accessors (C:\Users\Bia e Leo\Downloads\Legato\.gradle\8.0\dependencies-accessors)" [_thread_blocked, id=3176, stack(0x00000019d2800000,0x00000019d2900000)]
  0x00000153bb2388f0 JavaThread "Cache worker for Build Output Cleanup Cache (C:\Users\Bia e Leo\Downloads\Legato\.gradle\buildOutputCleanup)" [_thread_blocked, id=9812, stack(0x00000019d2a00000,0x00000019d2b00000)]
  0x00000153bb239c30 JavaThread "Unconstrained build operations" [_thread_blocked, id=4128, stack(0x00000019d2b00000,0x00000019d2c00000)]
  0x00000153bb238dc0 JavaThread "Unconstrained build operations Thread 2" [_thread_blocked, id=10548, stack(0x00000019d2e00000,0x00000019d2f00000)]
  0x00000153bb239290 JavaThread "Unconstrained build operations Thread 3" [_thread_blocked, id=10088, stack(0x00000019d3300000,0x00000019d3400000)]
  0x00000153bc856a10 JavaThread "Unconstrained build operations Thread 4" [_thread_blocked, id=1100, stack(0x00000019d3400000,0x00000019d3500000)]
  0x00000153bc856070 JavaThread "Unconstrained build operations Thread 5" [_thread_blocked, id=11148, stack(0x00000019d3500000,0x00000019d3600000)]
  0x00000153bc855ba0 JavaThread "Unconstrained build operations Thread 6" [_thread_blocked, id=2792, stack(0x00000019d3600000,0x00000019d3700000)]
  0x00000153bc853520 JavaThread "Unconstrained build operations Thread 7" [_thread_blocked, id=3740, stack(0x00000019d3700000,0x00000019d3800000)]
  0x00000153bc854d30 JavaThread "Unconstrained build operations Thread 8" [_thread_blocked, id=9344, stack(0x00000019d3800000,0x00000019d3900000)]
  0x00000153bc8539f0 JavaThread "Unconstrained build operations Thread 9" [_thread_blocked, id=8112, stack(0x00000019d3900000,0x00000019d3a00000)]
  0x00000153bc8556d0 JavaThread "Unconstrained build operations Thread 10" [_thread_blocked, id=1904, stack(0x00000019d3a00000,0x00000019d3b00000)]
  0x00000153bc855200 JavaThread "Unconstrained build operations Thread 11" [_thread_blocked, id=6160, stack(0x00000019d3b00000,0x00000019d3c00000)]
  0x00000153bc853ec0 JavaThread "Unconstrained build operations Thread 12" [_thread_blocked, id=10804, stack(0x00000019d3c00000,0x00000019d3d00000)]
  0x00000153bc854390 JavaThread "Unconstrained build operations Thread 13" [_thread_blocked, id=124, stack(0x00000019d3d00000,0x00000019d3e00000)]
  0x00000153bc854860 JavaThread "Unconstrained build operations Thread 14" [_thread_blocked, id=9624, stack(0x00000019d3e00000,0x00000019d3f00000)]
  0x00000153baf4b0a0 JavaThread "Unconstrained build operations Thread 15" [_thread_blocked, id=1336, stack(0x00000019d3f00000,0x00000019d4000000)]
  0x00000153baf49d60 JavaThread "Unconstrained build operations Thread 16" [_thread_blocked, id=9760, stack(0x00000019d4000000,0x00000019d4100000)]
  0x00000153baf4a230 JavaThread "Unconstrained build operations Thread 17" [_thread_blocked, id=6112, stack(0x00000019d4100000,0x00000019d4200000)]
  0x00000153baf4b570 JavaThread "Unconstrained build operations Thread 18" [_thread_blocked, id=1860, stack(0x00000019d4200000,0x00000019d4300000)]
  0x00000153baf48550 JavaThread "Unconstrained build operations Thread 19" [_thread_blocked, id=6072, stack(0x00000019d4300000,0x00000019d4400000)]
  0x00000153baf4ba40 JavaThread "Unconstrained build operations Thread 20" [_thread_blocked, id=9692, stack(0x00000019d4400000,0x00000019d4500000)]
  0x00000153baf48ef0 JavaThread "Unconstrained build operations Thread 21" [_thread_blocked, id=11204, stack(0x00000019d4500000,0x00000019d4600000)]
  0x00000153baf48a20 JavaThread "Unconstrained build operations Thread 22" [_thread_blocked, id=9684, stack(0x00000019d4600000,0x00000019d4700000)]
  0x00000153baf493c0 JavaThread "Unconstrained build operations Thread 23" [_thread_blocked, id=5328, stack(0x00000019d4700000,0x00000019d4800000)]
  0x00000153baf4a700 JavaThread "Unconstrained build operations Thread 24" [_thread_blocked, id=7976, stack(0x00000019d4800000,0x00000019d4900000)]
  0x00000153baf4abd0 JavaThread "Unconstrained build operations Thread 25" [_thread_blocked, id=1748, stack(0x00000019d4900000,0x00000019d4a00000)]
  0x00000153be6033f0 JavaThread "Unconstrained build operations Thread 26" [_thread_blocked, id=1352, stack(0x00000019d4a00000,0x00000019d4b00000)]
  0x00000153be604730 JavaThread "Unconstrained build operations Thread 27" [_thread_blocked, id=10628, stack(0x00000019d4b00000,0x00000019d4c00000)]
  0x00000153be604c00 JavaThread "Unconstrained build operations Thread 28" [_thread_blocked, id=8016, stack(0x00000019d4c00000,0x00000019d4d00000)]
  0x00000153be603d90 JavaThread "Unconstrained build operations Thread 29" [_thread_blocked, id=4552, stack(0x00000019d4d00000,0x00000019d4e00000)]
  0x00000153be6020b0 JavaThread "Unconstrained build operations Thread 30" [_thread_blocked, id=820, stack(0x00000019d4e00000,0x00000019d4f00000)]
  0x00000153be6038c0 JavaThread "Unconstrained build operations Thread 31" [_thread_blocked, id=4668, stack(0x00000019d4f00000,0x00000019d5000000)]
  0x00000153be6055a0 JavaThread "Unconstrained build operations Thread 32" [_thread_blocked, id=4664, stack(0x00000019d5000000,0x00000019d5100000)]
  0x00000153be602580 JavaThread "Unconstrained build operations Thread 33" [_thread_blocked, id=8072, stack(0x00000019d5100000,0x00000019d5200000)]
  0x00000153be602a50 JavaThread "Unconstrained build operations Thread 34" [_thread_blocked, id=9532, stack(0x00000019d5200000,0x00000019d5300000)]
  0x00000153be602f20 JavaThread "Unconstrained build operations Thread 35" [_thread_blocked, id=4316, stack(0x00000019d5300000,0x00000019d5400000)]
  0x00000153be6b2070 JavaThread "Unconstrained build operations Thread 36" [_thread_blocked, id=6080, stack(0x00000019d5400000,0x00000019d5500000)]
  0x00000153be6b2540 JavaThread "Unconstrained build operations Thread 37" [_thread_blocked, id=10472, stack(0x00000019d5500000,0x00000019d5600000)]
  0x00000153b929e230 JavaThread "Unconstrained build operations Thread 38" [_thread_blocked, id=2484, stack(0x00000019d5600000,0x00000019d5700000)]
  0x00000153b929f570 JavaThread "Unconstrained build operations Thread 39" [_thread_blocked, id=9104, stack(0x00000019d5700000,0x00000019d5800000)]
  0x00000153b929c080 JavaThread "Unconstrained build operations Thread 40" [_thread_blocked, id=8772, stack(0x00000019d5800000,0x00000019d5900000)]
  0x00000153b929d3c0 JavaThread "build event listener" [_thread_blocked, id=9936, stack(0x00000019d5900000,0x00000019d5a00000)]
  0x00000153b6c8a540 JavaThread "included builds" [_thread_blocked, id=3728, stack(0x00000019d5a00000,0x00000019d5b00000)]
  0x00000153b6c87050 JavaThread "Execution worker" [_thread_blocked, id=11056, stack(0x00000019d5b00000,0x00000019d5c00000)]
  0x00000153b6c88d30 JavaThread "Execution worker Thread 2" [_thread_blocked, id=10904, stack(0x00000019d5c00000,0x00000019d5d00000)]
  0x00000153b9b7aae0 JavaThread "Execution worker Thread 3" [_thread_blocked, id=9168, stack(0x00000019d5d00000,0x00000019d5e00000)]
  0x00000153b929dd60 JavaThread "Cache worker for execution history cache (C:\Users\Bia e Leo\Downloads\Legato\.gradle\8.0\executionHistory)" [_thread_blocked, id=9752, stack(0x00000019d5f00000,0x00000019d6000000)]
  0x00000153b9b7afb0 JavaThread "WorkerExecutor Queue" [_thread_blocked, id=5540, stack(0x00000019d6000000,0x00000019d6100000)]
  0x00000153b929d890 JavaThread "WorkerExecutor Queue Thread 2" [_thread_blocked, id=9176, stack(0x00000019d6200000,0x00000019d6300000)]
  0x00000153b929e700 JavaThread "WorkerExecutor Queue Thread 3" [_thread_blocked, id=1188, stack(0x00000019d6300000,0x00000019d6400000)]
  0x00000153b929fa40 JavaThread "pool-24-thread-1" [_thread_blocked, id=9372, stack(0x00000019d6400000,0x00000019d6500000)]
  0x00000153b929c550 JavaThread "stderr" [_thread_in_native, id=564, stack(0x00000019d6500000,0x00000019d6600000)]
  0x00000153b929cef0 JavaThread "stdout" [_thread_in_native, id=8948, stack(0x00000019d6700000,0x00000019d6800000)]
  0x00000153b9b7b480 JavaThread "Build operations" [_thread_blocked, id=1284, stack(0x00000019d6800000,0x00000019d6900000)]
  0x00000153b9b7b950 JavaThread "Build operations Thread 2" [_thread_blocked, id=10492, stack(0x00000019d6900000,0x00000019d6a00000)]
  0x00000153bc24a220 JavaThread "Build operations Thread 3" [_thread_blocked, id=1672, stack(0x00000019d6a00000,0x00000019d6b00000)]
  0x00000153bc24cd70 JavaThread "Build operations Thread 4" [_thread_blocked, id=2076, stack(0x00000019d6b00000,0x00000019d6c00000)]
  0x00000153b931c340 JavaThread "WorkerExecutor Queue Thread 4" [_thread_blocked, id=6468, stack(0x00000019d6d00000,0x00000019d6e00000)]
  0x00000153b929ca20 JavaThread "WorkerExecutor Queue Thread 5" [_thread_blocked, id=3204, stack(0x00000019d6f00000,0x00000019d7000000)]

Other Threads:
=>0x00000153b5ed1ce0 VMThread "VM Thread" [stack: 0x00000019d0800000,0x00000019d0900000] [id=5728]
  0x00000153b6ab9150 WatcherThread [stack: 0x00000019d1400000,0x00000019d1500000] [id=5340]
  0x000001539aa37900 GCTaskThread "GC Thread#0" [stack: 0x00000019d0300000,0x00000019d0400000] [id=6616]
  0x00000153b6c8e770 GCTaskThread "GC Thread#1" [stack: 0x00000019d1600000,0x00000019d1700000] [id=4832]
  0x00000153b7398c90 GCTaskThread "GC Thread#2" [stack: 0x00000019d1700000,0x00000019d1800000] [id=10084]
  0x00000153b7827810 GCTaskThread "GC Thread#3" [stack: 0x00000019d1800000,0x00000019d1900000] [id=3352]
  0x000001539aa48840 ConcurrentGCThread "G1 Main Marker" [stack: 0x00000019d0400000,0x00000019d0500000] [id=6384]
  0x000001539aa49250 ConcurrentGCThread "G1 Conc#0" [stack: 0x00000019d0500000,0x00000019d0600000] [id=8864]
  0x000001539aaa31b0 ConcurrentGCThread "G1 Refine#0" [stack: 0x00000019d0600000,0x00000019d0700000] [id=3332]
  0x00000153bb2220a0 ConcurrentGCThread "G1 Refine#1" [stack: 0x00000019d3000000,0x00000019d3100000] [id=1364]
  0x00000153bb2f4000 ConcurrentGCThread "G1 Refine#2" [stack: 0x00000019d6600000,0x00000019d6700000] [id=4120]
  0x000001539aaa5be0 ConcurrentGCThread "G1 Service" [stack: 0x00000019d0700000,0x00000019d0800000] [id=11228]

Threads with active compile tasks:
C2 CompilerThread0  3926388 21239       4       com.sun.tools.javac.code.Symbol$ClassSymbol::isSubClass (129 bytes)

VM state: at safepoint (normal execution)

VM Mutex/Monitor currently owned by a thread:  ([mutex/lock_event])
[0x000001539a9d6520] Threads_lock - owner thread: 0x00000153b5ed1ce0
[0x000001539a9d6640] Heap_lock - owner thread: 0x00000153b929e700
[0x000001539a9d7840] Compile_lock - owner thread: 0x00000153b929d890

Heap address: 0x0000000080000000, size: 2048 MB, Compressed Oops mode: 32-bit

CDS archive(s) not mapped
Compressed class space mapped at: 0x0000000100000000-0x0000000140000000, reserved size: 1073741824
Narrow klass base: 0x0000000000000000, Narrow klass shift: 3, Narrow klass range: 0x140000000

GC Precious Log:
 CPUs: 4 total, 4 available
 Memory: 8038M
 Large Page Support: Disabled
 NUMA Support: Disabled
 Compressed Oops: Enabled (32-bit)
 Heap Region Size: 1M
 Heap Min Capacity: 8M
 Heap Initial Capacity: 126M
 Heap Max Capacity: 2G
 Pre-touch: Disabled
 Parallel Workers: 4
 Concurrent Workers: 1
 Concurrent Refinement Workers: 4
 Periodic GC: Disabled

Heap:
 garbage-first heap   total 262144K, used 109059K [0x0000000080000000, 0x0000000100000000)
  region size 1024K, 2 young (2048K), 2 survivors (2048K)
 Metaspace       used 128465K, committed 129344K, reserved 1163264K
  class space    used 17281K, committed 17664K, reserved 1048576K

Heap Regions: E=young(eden), S=young(survivor), O=old, HS=humongous(starts), HC=humongous(continues), CS=collection set, F=free, OA=open archive, CA=closed archive, TAMS=top-at-mark-start (previous, next)
|   0|0x0000000080000000, 0x0000000080100000, 0x0000000080100000|100%| O|  |TAMS 0x0000000080100000, 0x0000000080000000| Untracked 
|   1|0x0000000080100000, 0x0000000080200000, 0x0000000080200000|100%| O|  |TAMS 0x0000000080200000, 0x0000000080100000| Untracked 
|   2|0x0000000080200000, 0x0000000080300000, 0x0000000080300000|100%|HS|  |TAMS 0x0000000080300000, 0x0000000080200000| Complete 
|   3|0x0000000080300000, 0x0000000080400000, 0x0000000080400000|100%|HC|  |TAMS 0x0000000080400000, 0x0000000080300000| Complete 
|   4|0x0000000080400000, 0x0000000080500000, 0x0000000080500000|100%|HC|  |TAMS 0x0000000080500000, 0x0000000080400000| Complete 
|   5|0x0000000080500000, 0x0000000080600000, 0x0000000080600000|100%|HC|  |TAMS 0x0000000080600000, 0x0000000080500000| Complete 
|   6|0x0000000080600000, 0x0000000080700000, 0x0000000080700000|100%| O|  |TAMS 0x0000000080700000, 0x0000000080600000| Untracked 
|   7|0x0000000080700000, 0x0000000080800000, 0x0000000080800000|100%| O|  |TAMS 0x0000000080800000, 0x0000000080700000| Untracked 
|   8|0x0000000080800000, 0x0000000080900000, 0x0000000080900000|100%| O|  |TAMS 0x0000000080900000, 0x0000000080800000| Untracked 
|   9|0x0000000080900000, 0x0000000080a00000, 0x0000000080a00000|100%| O|  |TAMS 0x0000000080900000, 0x0000000080900000| Untracked 
|  10|0x0000000080a00000, 0x0000000080b00000, 0x0000000080b00000|100%| O|  |TAMS 0x0000000080b00000, 0x0000000080a00000| Untracked 
|  11|0x0000000080b00000, 0x0000000080c00000, 0x0000000080c00000|100%| O|  |TAMS 0x0000000080c00000, 0x0000000080b00000| Untracked 
|  12|0x0000000080c00000, 0x0000000080d00000, 0x0000000080d00000|100%| O|  |TAMS 0x0000000080d00000, 0x0000000080c00000| Untracked 
|  13|0x0000000080d00000, 0x0000000080e00000, 0x0000000080e00000|100%| O|  |TAMS 0x0000000080e00000, 0x0000000080d00000| Untracked 
|  14|0x0000000080e00000, 0x0000000080f00000, 0x0000000080f00000|100%| O|  |TAMS 0x0000000080f00000, 0x0000000080e00000| Untracked 
|  15|0x0000000080f00000, 0x0000000081000000, 0x0000000081000000|100%| O|  |TAMS 0x0000000081000000, 0x0000000080f00000| Untracked 
|  16|0x0000000081000000, 0x0000000081100000, 0x0000000081100000|100%| O|  |TAMS 0x0000000081100000, 0x0000000081000000| Untracked 
|  17|0x0000000081100000, 0x0000000081200000, 0x0000000081200000|100%| O|  |TAMS 0x0000000081200000, 0x0000000081100000| Untracked 
|  18|0x0000000081200000, 0x0000000081300000, 0x0000000081300000|100%| O|  |TAMS 0x0000000081300000, 0x0000000081200000| Untracked 
|  19|0x0000000081300000, 0x0000000081400000, 0x0000000081400000|100%| O|  |TAMS 0x0000000081400000, 0x0000000081300000| Untracked 
|  20|0x0000000081400000, 0x0000000081500000, 0x0000000081500000|100%| O|  |TAMS 0x0000000081500000, 0x0000000081400000| Untracked 
|  21|0x0000000081500000, 0x0000000081600000, 0x0000000081600000|100%| O|  |TAMS 0x0000000081600000, 0x0000000081500000| Untracked 
|  22|0x0000000081600000, 0x0000000081700000, 0x0000000081700000|100%| O|  |TAMS 0x0000000081700000, 0x0000000081600000| Untracked 
|  23|0x0000000081700000, 0x0000000081800000, 0x0000000081800000|100%| O|  |TAMS 0x0000000081800000, 0x0000000081700000| Untracked 
|  24|0x0000000081800000, 0x0000000081900000, 0x0000000081900000|100%| O|  |TAMS 0x0000000081900000, 0x0000000081800000| Untracked 
|  25|0x0000000081900000, 0x0000000081a00000, 0x0000000081a00000|100%| O|  |TAMS 0x0000000081a00000, 0x0000000081900000| Untracked 
|  26|0x0000000081a00000, 0x0000000081b00000, 0x0000000081b00000|100%| O|  |TAMS 0x0000000081b00000, 0x0000000081a00000| Untracked 
|  27|0x0000000081b00000, 0x0000000081c00000, 0x0000000081c00000|100%| O|  |TAMS 0x0000000081c00000, 0x0000000081b00000| Untracked 
|  28|0x0000000081c00000, 0x0000000081d00000, 0x0000000081d00000|100%| O|  |TAMS 0x0000000081d00000, 0x0000000081c00000| Untracked 
|  29|0x0000000081d00000, 0x0000000081e00000, 0x0000000081e00000|100%| O|  |TAMS 0x0000000081e00000, 0x0000000081d00000| Untracked 
|  30|0x0000000081e00000, 0x0000000081f00000, 0x0000000081f00000|100%| O|  |TAMS 0x0000000081f00000, 0x0000000081e00000| Untracked 
|  31|0x0000000081f00000, 0x0000000082000000, 0x0000000082000000|100%| O|  |TAMS 0x0000000081f00000, 0x0000000081f00000| Untracked 
|  32|0x0000000082000000, 0x0000000082100000, 0x0000000082100000|100%|HS|  |TAMS 0x0000000082100000, 0x0000000082000000| Complete 
|  33|0x0000000082100000, 0x0000000082200000, 0x0000000082200000|100%|HS|  |TAMS 0x0000000082200000, 0x0000000082100000| Complete 
|  34|0x0000000082200000, 0x0000000082300000, 0x0000000082300000|100%|HS|  |TAMS 0x0000000082300000, 0x0000000082200000| Complete 
|  35|0x0000000082300000, 0x0000000082400000, 0x0000000082400000|100%| O|  |TAMS 0x0000000082400000, 0x0000000082300000| Untracked 
|  36|0x0000000082400000, 0x0000000082500000, 0x0000000082500000|100%| O|  |TAMS 0x0000000082500000, 0x0000000082400000| Untracked 
|  37|0x0000000082500000, 0x0000000082600000, 0x0000000082600000|100%| O|  |TAMS 0x0000000082600000, 0x0000000082500000| Untracked 
|  38|0x0000000082600000, 0x0000000082700000, 0x0000000082700000|100%| O|  |TAMS 0x0000000082700000, 0x0000000082600000| Untracked 
|  39|0x0000000082700000, 0x0000000082700000, 0x0000000082800000|  0%| F|  |TAMS 0x0000000082700000, 0x0000000082700000| Untracked 
|  40|0x0000000082800000, 0x0000000082800000, 0x0000000082900000|  0%| F|  |TAMS 0x0000000082800000, 0x0000000082800000| Untracked 
|  41|0x0000000082900000, 0x0000000082a00000, 0x0000000082a00000|100%| O|  |TAMS 0x0000000082a00000, 0x0000000082900000| Untracked 
|  42|0x0000000082a00000, 0x0000000082b00000, 0x0000000082b00000|100%| O|  |TAMS 0x0000000082a00000, 0x0000000082a00000| Untracked 
|  43|0x0000000082b00000, 0x0000000082c00000, 0x0000000082c00000|100%| O|  |TAMS 0x0000000082c00000, 0x0000000082b00000| Untracked 
|  44|0x0000000082c00000, 0x0000000082c00000, 0x0000000082d00000|  0%| F|  |TAMS 0x0000000082c00000, 0x0000000082c00000| Untracked 
|  45|0x0000000082d00000, 0x0000000082e00000, 0x0000000082e00000|100%| O|  |TAMS 0x0000000082e00000, 0x0000000082d00000| Untracked 
|  46|0x0000000082e00000, 0x0000000082f00000, 0x0000000082f00000|100%| O|  |TAMS 0x0000000082e00000, 0x0000000082e00000| Untracked 
|  47|0x0000000082f00000, 0x0000000083000000, 0x0000000083000000|100%| O|  |TAMS 0x0000000083000000, 0x0000000082f00000| Untracked 
|  48|0x0000000083000000, 0x0000000083100000, 0x0000000083100000|100%| O|  |TAMS 0x0000000083100000, 0x0000000083000000| Untracked 
|  49|0x0000000083100000, 0x0000000083200000, 0x0000000083200000|100%| O|  |TAMS 0x0000000083200000, 0x0000000083100000| Untracked 
|  50|0x0000000083200000, 0x0000000083300000, 0x0000000083300000|100%| O|  |TAMS 0x0000000083300000, 0x0000000083200000| Untracked 
|  51|0x0000000083300000, 0x0000000083300000, 0x0000000083400000|  0%| F|  |TAMS 0x0000000083300000, 0x0000000083300000| Untracked 
|  52|0x0000000083400000, 0x0000000083500000, 0x0000000083500000|100%| O|  |TAMS 0x0000000083500000, 0x0000000083400000| Untracked 
|  53|0x0000000083500000, 0x0000000083600000, 0x0000000083600000|100%| O|  |TAMS 0x0000000083600000, 0x0000000083500000| Untracked 
|  54|0x0000000083600000, 0x0000000083700000, 0x0000000083700000|100%| O|  |TAMS 0x0000000083700000, 0x0000000083600000| Untracked 
|  55|0x0000000083700000, 0x0000000083800000, 0x0000000083800000|100%| O|  |TAMS 0x0000000083700000, 0x0000000083700000| Untracked 
|  56|0x0000000083800000, 0x0000000083900000, 0x0000000083900000|100%| O|  |TAMS 0x0000000083800000, 0x0000000083800000| Untracked 
|  57|0x0000000083900000, 0x0000000083a00000, 0x0000000083a00000|100%| O|  |TAMS 0x0000000083a00000, 0x0000000083900000| Untracked 
|  58|0x0000000083a00000, 0x0000000083b00000, 0x0000000083b00000|100%| O|  |TAMS 0x0000000083b00000, 0x0000000083a00000| Untracked 
|  59|0x0000000083b00000, 0x0000000083c00000, 0x0000000083c00000|100%| O|  |TAMS 0x0000000083b00000, 0x0000000083b00000| Untracked 
|  60|0x0000000083c00000, 0x0000000083d00000, 0x0000000083d00000|100%| O|  |TAMS 0x0000000083d00000, 0x0000000083c00000| Untracked 
|  61|0x0000000083d00000, 0x0000000083e00000, 0x0000000083e00000|100%| O|  |TAMS 0x0000000083e00000, 0x0000000083d00000| Untracked 
|  62|0x0000000083e00000, 0x0000000083f00000, 0x0000000083f00000|100%| O|  |TAMS 0x0000000083f00000, 0x0000000083e00000| Untracked 
|  63|0x0000000083f00000, 0x0000000084000000, 0x0000000084000000|100%| O|  |TAMS 0x0000000084000000, 0x0000000083f00000| Untracked 
|  64|0x0000000084000000, 0x0000000084100000, 0x0000000084100000|100%| O|  |TAMS 0x0000000084000000, 0x0000000084000000| Untracked 
|  65|0x0000000084100000, 0x0000000084100000, 0x0000000084200000|  0%| F|  |TAMS 0x0000000084100000, 0x0000000084100000| Untracked 
|  66|0x0000000084200000, 0x0000000084300000, 0x0000000084300000|100%| O|  |TAMS 0x0000000084300000, 0x0000000084200000| Untracked 
|  67|0x0000000084300000, 0x0000000084400000, 0x0000000084400000|100%| O|  |TAMS 0x0000000084400000, 0x0000000084300000| Untracked 
|  68|0x0000000084400000, 0x0000000084500000, 0x0000000084500000|100%| O|  |TAMS 0x0000000084500000, 0x0000000084400000| Untracked 
|  69|0x0000000084500000, 0x0000000084600000, 0x0000000084600000|100%| O|  |TAMS 0x0000000084600000, 0x0000000084500000| Untracked 
|  70|0x0000000084600000, 0x0000000084700000, 0x0000000084700000|100%| O|  |TAMS 0x0000000084700000, 0x0000000084600000| Untracked 
|  71|0x0000000084700000, 0x0000000084800000, 0x0000000084800000|100%| O|  |TAMS 0x0000000084700000, 0x0000000084700000| Untracked 
|  72|0x0000000084800000, 0x0000000084900000, 0x0000000084900000|100%| O|  |TAMS 0x0000000084900000, 0x0000000084800000| Untracked 
|  73|0x0000000084900000, 0x0000000084a00000, 0x0000000084a00000|100%| O|  |TAMS 0x0000000084a00000, 0x0000000084900000| Untracked 
|  74|0x0000000084a00000, 0x0000000084b00000, 0x0000000084b00000|100%| O|  |TAMS 0x0000000084a00000, 0x0000000084a00000| Untracked 
|  75|0x0000000084b00000, 0x0000000084c00000, 0x0000000084c00000|100%| O|  |TAMS 0x0000000084b00000, 0x0000000084b00000| Untracked 
|  76|0x0000000084c00000, 0x0000000084c00000, 0x0000000084d00000|  0%| F|  |TAMS 0x0000000084c00000, 0x0000000084c00000| Untracked 
|  77|0x0000000084d00000, 0x0000000084d00000, 0x0000000084e00000|  0%| F|  |TAMS 0x0000000084d00000, 0x0000000084d00000| Untracked 
|  78|0x0000000084e00000, 0x0000000084f00000, 0x0000000084f00000|100%| O|  |TAMS 0x0000000084e00000, 0x0000000084e00000| Untracked 
|  79|0x0000000084f00000, 0x0000000085000000, 0x0000000085000000|100%| O|  |TAMS 0x0000000084f00000, 0x0000000084f00000| Untracked 
|  80|0x0000000085000000, 0x0000000085100000, 0x0000000085100000|100%| O|  |TAMS 0x0000000085100000, 0x0000000085000000| Untracked 
|  81|0x0000000085100000, 0x0000000085200000, 0x0000000085200000|100%| O|  |TAMS 0x0000000085200000, 0x0000000085100000| Untracked 
|  82|0x0000000085200000, 0x0000000085300000, 0x0000000085300000|100%| O|  |TAMS 0x0000000085300000, 0x0000000085200000| Untracked 
|  83|0x0000000085300000, 0x0000000085400000, 0x0000000085400000|100%| O|  |TAMS 0x0000000085400000, 0x0000000085300000| Untracked 
|  84|0x0000000085400000, 0x0000000085500000, 0x0000000085500000|100%| O|  |TAMS 0x0000000085400000, 0x0000000085400000| Untracked 
|  85|0x0000000085500000, 0x00000000855ab600, 0x0000000085600000| 66%| O|  |TAMS 0x0000000085500000, 0x0000000085500000| Untracked 
|  86|0x0000000085600000, 0x0000000085600000, 0x0000000085700000|  0%| F|  |TAMS 0x0000000085600000, 0x0000000085600000| Untracked 
|  87|0x0000000085700000, 0x0000000085700000, 0x0000000085800000|  0%| F|  |TAMS 0x0000000085700000, 0x0000000085700000| Untracked 
|  88|0x0000000085800000, 0x0000000085800000, 0x0000000085900000|  0%| F|  |TAMS 0x0000000085800000, 0x0000000085800000| Untracked 
|  89|0x0000000085900000, 0x0000000085a00000, 0x0000000085a00000|100%| O|  |TAMS 0x0000000085a00000, 0x0000000085900000| Untracked 
|  90|0x0000000085a00000, 0x0000000085b00000, 0x0000000085b00000|100%| O|  |TAMS 0x0000000085b00000, 0x0000000085a00000| Untracked 
|  91|0x0000000085b00000, 0x0000000085c00000, 0x0000000085c00000|100%| O|  |TAMS 0x0000000085c00000, 0x0000000085b00000| Untracked 
|  92|0x0000000085c00000, 0x0000000085d00000, 0x0000000085d00000|100%| O|  |TAMS 0x0000000085d00000, 0x0000000085c00000| Untracked 
|  93|0x0000000085d00000, 0x0000000085e00000, 0x0000000085e00000|100%| O|  |TAMS 0x0000000085e00000, 0x0000000085d00000| Untracked 
|  94|0x0000000085e00000, 0x0000000085e00000, 0x0000000085f00000|  0%| F|  |TAMS 0x0000000085e00000, 0x0000000085e00000| Untracked 
|  95|0x0000000085f00000, 0x0000000085f00000, 0x0000000086000000|  0%| F|  |TAMS 0x0000000085f00000, 0x0000000085f00000| Untracked 
|  96|0x0000000086000000, 0x0000000086100000, 0x0000000086100000|100%| O|  |TAMS 0x0000000086100000, 0x0000000086000000| Untracked 
|  97|0x0000000086100000, 0x0000000086100000, 0x0000000086200000|  0%| F|  |TAMS 0x0000000086100000, 0x0000000086100000| Untracked 
|  98|0x0000000086200000, 0x0000000086300000, 0x0000000086300000|100%| O|  |TAMS 0x0000000086300000, 0x0000000086200000| Untracked 
|  99|0x0000000086300000, 0x0000000086400000, 0x0000000086400000|100%| O|  |TAMS 0x0000000086400000, 0x0000000086300000| Untracked 
| 100|0x0000000086400000, 0x0000000086500000, 0x0000000086500000|100%| O|  |TAMS 0x0000000086500000, 0x0000000086400000| Untracked 
| 101|0x0000000086500000, 0x0000000086500000, 0x0000000086600000|  0%| F|  |TAMS 0x0000000086500000, 0x0000000086500000| Untracked 
| 102|0x0000000086600000, 0x0000000086600000, 0x0000000086700000|  0%| F|  |TAMS 0x0000000086600000, 0x0000000086600000| Untracked 
| 103|0x0000000086700000, 0x0000000086800000, 0x0000000086800000|100%| O|  |TAMS 0x0000000086800000, 0x0000000086700000| Untracked 
| 104|0x0000000086800000, 0x0000000086800000, 0x0000000086900000|  0%| F|  |TAMS 0x0000000086800000, 0x0000000086800000| Untracked 
| 105|0x0000000086900000, 0x0000000086a00000, 0x0000000086a00000|100%| O|  |TAMS 0x0000000086a00000, 0x0000000086900000| Untracked 
| 106|0x0000000086a00000, 0x0000000086b00000, 0x0000000086b00000|100%| O|  |TAMS 0x0000000086b00000, 0x0000000086a00000| Untracked 
| 107|0x0000000086b00000, 0x0000000086c00000, 0x0000000086c00000|100%| O|  |TAMS 0x0000000086c00000, 0x0000000086b00000| Untracked 
| 108|0x0000000086c00000, 0x0000000086d00000, 0x0000000086d00000|100%| O|  |TAMS 0x0000000086d00000, 0x0000000086c00000| Untracked 
| 109|0x0000000086d00000, 0x0000000086e00000, 0x0000000086e00000|100%| O|  |TAMS 0x0000000086e00000, 0x0000000086d00000| Untracked 
| 110|0x0000000086e00000, 0x0000000086f00000, 0x0000000086f00000|100%| O|  |TAMS 0x0000000086f00000, 0x0000000086e00000| Untracked 
| 111|0x0000000086f00000, 0x0000000086f00000, 0x0000000087000000|  0%| F|  |TAMS 0x0000000086f00000, 0x0000000086f00000| Untracked 
| 112|0x0000000087000000, 0x0000000087000000, 0x0000000087100000|  0%| F|  |TAMS 0x0000000087000000, 0x0000000087000000| Untracked 
| 113|0x0000000087100000, 0x0000000087100000, 0x0000000087200000|  0%| F|  |TAMS 0x0000000087100000, 0x0000000087100000| Untracked 
| 114|0x0000000087200000, 0x0000000087200000, 0x0000000087300000|  0%| F|  |TAMS 0x0000000087200000, 0x0000000087200000| Untracked 
| 115|0x0000000087300000, 0x0000000087300000, 0x0000000087400000|  0%| F|  |TAMS 0x0000000087300000, 0x0000000087300000| Untracked 
| 116|0x0000000087400000, 0x0000000087400000, 0x0000000087500000|  0%| F|  |TAMS 0x0000000087400000, 0x0000000087400000| Untracked 
| 117|0x0000000087500000, 0x0000000087500000, 0x0000000087600000|  0%| F|  |TAMS 0x0000000087500000, 0x0000000087500000| Untracked 
| 118|0x0000000087600000, 0x0000000087600000, 0x0000000087700000|  0%| F|  |TAMS 0x0000000087600000, 0x0000000087600000| Untracked 
| 119|0x0000000087700000, 0x0000000087700000, 0x0000000087800000|  0%| F|  |TAMS 0x0000000087700000, 0x0000000087700000| Untracked 
| 120|0x0000000087800000, 0x0000000087800000, 0x0000000087900000|  0%| F|  |TAMS 0x0000000087800000, 0x0000000087800000| Untracked 
| 121|0x0000000087900000, 0x0000000087a00000, 0x0000000087a00000|100%| O|  |TAMS 0x0000000087a00000, 0x0000000087900000| Untracked 
| 122|0x0000000087a00000, 0x0000000087b00000, 0x0000000087b00000|100%| O|  |TAMS 0x0000000087b00000, 0x0000000087a00000| Untracked 
| 123|0x0000000087b00000, 0x0000000087c00000, 0x0000000087c00000|100%| O|  |TAMS 0x0000000087c00000, 0x0000000087b00000| Untracked 
| 124|0x0000000087c00000, 0x0000000087d00000, 0x0000000087d00000|100%| O|  |TAMS 0x0000000087d00000, 0x0000000087c00000| Untracked 
| 125|0x0000000087d00000, 0x0000000087e00000, 0x0000000087e00000|100%| O|  |TAMS 0x0000000087e00000, 0x0000000087d00000| Untracked 
| 126|0x0000000087e00000, 0x0000000087f00000, 0x0000000087f00000|100%| O|  |TAMS 0x0000000087f00000, 0x0000000087e00000| Untracked 
| 127|0x0000000087f00000, 0x0000000088000000, 0x0000000088000000|100%| O|  |TAMS 0x0000000088000000, 0x0000000087f00000| Untracked 
| 128|0x0000000088000000, 0x0000000088000000, 0x0000000088100000|  0%| F|  |TAMS 0x0000000088000000, 0x0000000088000000| Untracked 
| 129|0x0000000088100000, 0x0000000088200000, 0x0000000088200000|100%| O|  |TAMS 0x0000000088200000, 0x0000000088100000| Untracked 
| 130|0x0000000088200000, 0x0000000088300000, 0x0000000088300000|100%| O|  |TAMS 0x0000000088300000, 0x0000000088200000| Untracked 
| 131|0x0000000088300000, 0x0000000088400000, 0x0000000088400000|100%| O|  |TAMS 0x0000000088400000, 0x0000000088300000| Untracked 
| 132|0x0000000088400000, 0x0000000088400000, 0x0000000088500000|  0%| F|  |TAMS 0x0000000088400000, 0x0000000088400000| Untracked 
| 133|0x0000000088500000, 0x0000000088500000, 0x0000000088600000|  0%| F|  |TAMS 0x0000000088500000, 0x0000000088500000| Untracked 
| 134|0x0000000088600000, 0x0000000088600000, 0x0000000088700000|  0%| F|  |TAMS 0x0000000088600000, 0x0000000088600000| Untracked 
| 135|0x0000000088700000, 0x0000000088700000, 0x0000000088800000|  0%| F|  |TAMS 0x0000000088700000, 0x0000000088700000| Untracked 
| 136|0x0000000088800000, 0x0000000088800000, 0x0000000088900000|  0%| F|  |TAMS 0x0000000088800000, 0x0000000088800000| Untracked 
| 137|0x0000000088900000, 0x0000000088900000, 0x0000000088a00000|  0%| F|  |TAMS 0x0000000088900000, 0x0000000088900000| Untracked 
| 138|0x0000000088a00000, 0x0000000088a00000, 0x0000000088b00000|  0%| F|  |TAMS 0x0000000088a00000, 0x0000000088a00000| Untracked 
| 139|0x0000000088b00000, 0x0000000088b00000, 0x0000000088c00000|  0%| F|  |TAMS 0x0000000088b00000, 0x0000000088b00000| Untracked 
| 140|0x0000000088c00000, 0x0000000088c00000, 0x0000000088d00000|  0%| F|  |TAMS 0x0000000088c00000, 0x0000000088c00000| Untracked 
| 141|0x0000000088d00000, 0x0000000088d00000, 0x0000000088e00000|  0%| F|  |TAMS 0x0000000088d00000, 0x0000000088d00000| Untracked 
| 142|0x0000000088e00000, 0x0000000088e00000, 0x0000000088f00000|  0%| F|  |TAMS 0x0000000088e00000, 0x0000000088e00000| Untracked 
| 143|0x0000000088f00000, 0x0000000088f00000, 0x0000000089000000|  0%| F|  |TAMS 0x0000000088f00000, 0x0000000088f00000| Untracked 
| 144|0x0000000089000000, 0x0000000089000000, 0x0000000089100000|  0%| F|  |TAMS 0x0000000089000000, 0x0000000089000000| Untracked 
| 145|0x0000000089100000, 0x0000000089100000, 0x0000000089200000|  0%| F|  |TAMS 0x0000000089100000, 0x0000000089100000| Untracked 
| 146|0x0000000089200000, 0x0000000089200000, 0x0000000089300000|  0%| F|  |TAMS 0x0000000089200000, 0x0000000089200000| Untracked 
| 147|0x0000000089300000, 0x0000000089300000, 0x0000000089400000|  0%| F|  |TAMS 0x0000000089300000, 0x0000000089300000| Untracked 
| 148|0x0000000089400000, 0x0000000089400000, 0x0000000089500000|  0%| F|  |TAMS 0x0000000089400000, 0x0000000089400000| Untracked 
| 149|0x0000000089500000, 0x0000000089500000, 0x0000000089600000|  0%| F|  |TAMS 0x0000000089500000, 0x0000000089500000| Untracked 
| 150|0x0000000089600000, 0x0000000089600000, 0x0000000089700000|  0%| F|  |TAMS 0x0000000089600000, 0x0000000089600000| Untracked 
| 151|0x0000000089700000, 0x0000000089700000, 0x0000000089800000|  0%| F|  |TAMS 0x0000000089700000, 0x0000000089700000| Untracked 
| 152|0x0000000089800000, 0x0000000089800000, 0x0000000089900000|  0%| F|  |TAMS 0x0000000089800000, 0x0000000089800000| Untracked 
| 153|0x0000000089900000, 0x0000000089900000, 0x0000000089a00000|  0%| F|  |TAMS 0x0000000089900000, 0x0000000089900000| Untracked 
| 154|0x0000000089a00000, 0x0000000089a00000, 0x0000000089b00000|  0%| F|  |TAMS 0x0000000089a00000, 0x0000000089a00000| Untracked 
| 155|0x0000000089b00000, 0x0000000089b00000, 0x0000000089c00000|  0%| F|  |TAMS 0x0000000089b00000, 0x0000000089b00000| Untracked 
| 156|0x0000000089c00000, 0x0000000089c00000, 0x0000000089d00000|  0%| F|  |TAMS 0x0000000089c00000, 0x0000000089c00000| Untracked 
| 157|0x0000000089d00000, 0x0000000089d00000, 0x0000000089e00000|  0%| F|  |TAMS 0x0000000089d00000, 0x0000000089d00000| Untracked 
| 158|0x0000000089e00000, 0x0000000089e00000, 0x0000000089f00000|  0%| F|  |TAMS 0x0000000089e00000, 0x0000000089e00000| Untracked 
| 159|0x0000000089f00000, 0x0000000089f00000, 0x000000008a000000|  0%| F|  |TAMS 0x0000000089f00000, 0x0000000089f00000| Untracked 
| 160|0x000000008a000000, 0x000000008a000000, 0x000000008a100000|  0%| F|  |TAMS 0x000000008a000000, 0x000000008a000000| Untracked 
| 161|0x000000008a100000, 0x000000008a100000, 0x000000008a200000|  0%| F|  |TAMS 0x000000008a100000, 0x000000008a100000| Untracked 
| 162|0x000000008a200000, 0x000000008a200000, 0x000000008a300000|  0%| F|  |TAMS 0x000000008a200000, 0x000000008a200000| Untracked 
| 163|0x000000008a300000, 0x000000008a300000, 0x000000008a400000|  0%| F|  |TAMS 0x000000008a300000, 0x000000008a300000| Untracked 
| 164|0x000000008a400000, 0x000000008a400000, 0x000000008a500000|  0%| F|  |TAMS 0x000000008a400000, 0x000000008a400000| Untracked 
| 165|0x000000008a500000, 0x000000008a500000, 0x000000008a600000|  0%| F|  |TAMS 0x000000008a500000, 0x000000008a500000| Untracked 
| 166|0x000000008a600000, 0x000000008a600000, 0x000000008a700000|  0%| F|  |TAMS 0x000000008a600000, 0x000000008a600000| Untracked 
| 167|0x000000008a700000, 0x000000008a700000, 0x000000008a800000|  0%| F|  |TAMS 0x000000008a700000, 0x000000008a700000| Untracked 
| 168|0x000000008a800000, 0x000000008a800000, 0x000000008a900000|  0%| F|  |TAMS 0x000000008a800000, 0x000000008a800000| Untracked 
| 169|0x000000008a900000, 0x000000008a900000, 0x000000008aa00000|  0%| F|  |TAMS 0x000000008a900000, 0x000000008a900000| Untracked 
| 170|0x000000008aa00000, 0x000000008aa00000, 0x000000008ab00000|  0%| F|  |TAMS 0x000000008aa00000, 0x000000008aa00000| Untracked 
| 171|0x000000008ab00000, 0x000000008ab00000, 0x000000008ac00000|  0%| F|  |TAMS 0x000000008ab00000, 0x000000008ab00000| Untracked 
| 172|0x000000008ac00000, 0x000000008ac00000, 0x000000008ad00000|  0%| F|  |TAMS 0x000000008ac00000, 0x000000008ac00000| Untracked 
| 173|0x000000008ad00000, 0x000000008ad00000, 0x000000008ae00000|  0%| F|  |TAMS 0x000000008ad00000, 0x000000008ad00000| Untracked 
| 174|0x000000008ae00000, 0x000000008ae00000, 0x000000008af00000|  0%| F|  |TAMS 0x000000008ae00000, 0x000000008ae00000| Untracked 
| 175|0x000000008af00000, 0x000000008af00000, 0x000000008b000000|  0%| F|  |TAMS 0x000000008af00000, 0x000000008af00000| Untracked 
| 176|0x000000008b000000, 0x000000008b000000, 0x000000008b100000|  0%| F|  |TAMS 0x000000008b000000, 0x000000008b000000| Untracked 
| 177|0x000000008b100000, 0x000000008b100000, 0x000000008b200000|  0%| F|  |TAMS 0x000000008b100000, 0x000000008b100000| Untracked 
| 178|0x000000008b200000, 0x000000008b200000, 0x000000008b300000|  0%| F|  |TAMS 0x000000008b200000, 0x000000008b200000| Untracked 
| 179|0x000000008b300000, 0x000000008b300000, 0x000000008b400000|  0%| F|  |TAMS 0x000000008b300000, 0x000000008b300000| Untracked 
| 180|0x000000008b400000, 0x000000008b400000, 0x000000008b500000|  0%| F|  |TAMS 0x000000008b400000, 0x000000008b400000| Untracked 
| 181|0x000000008b500000, 0x000000008b500000, 0x000000008b600000|  0%| F|  |TAMS 0x000000008b500000, 0x000000008b500000| Untracked 
| 182|0x000000008b600000, 0x000000008b600000, 0x000000008b700000|  0%| F|  |TAMS 0x000000008b600000, 0x000000008b600000| Untracked 
| 183|0x000000008b700000, 0x000000008b700000, 0x000000008b800000|  0%| F|  |TAMS 0x000000008b700000, 0x000000008b700000| Untracked 
| 184|0x000000008b800000, 0x000000008b800000, 0x000000008b900000|  0%| F|  |TAMS 0x000000008b800000, 0x000000008b800000| Untracked 
| 185|0x000000008b900000, 0x000000008b900000, 0x000000008ba00000|  0%| F|  |TAMS 0x000000008b900000, 0x000000008b900000| Untracked 
| 186|0x000000008ba00000, 0x000000008ba00000, 0x000000008bb00000|  0%| F|  |TAMS 0x000000008ba00000, 0x000000008ba00000| Untracked 
| 187|0x000000008bb00000, 0x000000008bb00000, 0x000000008bc00000|  0%| F|  |TAMS 0x000000008bb00000, 0x000000008bb00000| Untracked 
| 188|0x000000008bc00000, 0x000000008bc00000, 0x000000008bd00000|  0%| F|  |TAMS 0x000000008bc00000, 0x000000008bc00000| Untracked 
| 189|0x000000008bd00000, 0x000000008bd00000, 0x000000008be00000|  0%| F|  |TAMS 0x000000008bd00000, 0x000000008bd00000| Untracked 
| 190|0x000000008be00000, 0x000000008be00000, 0x000000008bf00000|  0%| F|  |TAMS 0x000000008be00000, 0x000000008be00000| Untracked 
| 191|0x000000008bf00000, 0x000000008bf00000, 0x000000008c000000|  0%| F|  |TAMS 0x000000008bf00000, 0x000000008bf00000| Untracked 
| 192|0x000000008c000000, 0x000000008c000000, 0x000000008c100000|  0%| F|  |TAMS 0x000000008c000000, 0x000000008c000000| Untracked 
| 193|0x000000008c100000, 0x000000008c100000, 0x000000008c200000|  0%| F|  |TAMS 0x000000008c100000, 0x000000008c100000| Untracked 
| 194|0x000000008c200000, 0x000000008c200000, 0x000000008c300000|  0%| F|  |TAMS 0x000000008c200000, 0x000000008c200000| Untracked 
| 195|0x000000008c300000, 0x000000008c300000, 0x000000008c400000|  0%| F|  |TAMS 0x000000008c300000, 0x000000008c300000| Untracked 
| 196|0x000000008c400000, 0x000000008c400000, 0x000000008c500000|  0%| F|  |TAMS 0x000000008c400000, 0x000000008c400000| Untracked 
| 197|0x000000008c500000, 0x000000008c500000, 0x000000008c600000|  0%| F|  |TAMS 0x000000008c500000, 0x000000008c500000| Untracked 
| 198|0x000000008c600000, 0x000000008c600000, 0x000000008c700000|  0%| F|  |TAMS 0x000000008c600000, 0x000000008c600000| Untracked 
| 199|0x000000008c700000, 0x000000008c700000, 0x000000008c800000|  0%| F|  |TAMS 0x000000008c700000, 0x000000008c700000| Untracked 
| 200|0x000000008c800000, 0x000000008c800000, 0x000000008c900000|  0%| F|  |TAMS 0x000000008c800000, 0x000000008c800000| Untracked 
| 201|0x000000008c900000, 0x000000008c900000, 0x000000008ca00000|  0%| F|  |TAMS 0x000000008c900000, 0x000000008c900000| Untracked 
| 202|0x000000008ca00000, 0x000000008ca00000, 0x000000008cb00000|  0%| F|  |TAMS 0x000000008ca00000, 0x000000008ca00000| Untracked 
| 203|0x000000008cb00000, 0x000000008cb00000, 0x000000008cc00000|  0%| F|  |TAMS 0x000000008cb00000, 0x000000008cb00000| Untracked 
| 204|0x000000008cc00000, 0x000000008cc00000, 0x000000008cd00000|  0%| F|  |TAMS 0x000000008cc00000, 0x000000008cc00000| Untracked 
| 205|0x000000008cd00000, 0x000000008cd00000, 0x000000008ce00000|  0%| F|  |TAMS 0x000000008cd00000, 0x000000008cd00000| Untracked 
| 206|0x000000008ce00000, 0x000000008ce00000, 0x000000008cf00000|  0%| F|  |TAMS 0x000000008ce00000, 0x000000008ce00000| Untracked 
| 207|0x000000008cf00000, 0x000000008cf00000, 0x000000008d000000|  0%| F|  |TAMS 0x000000008cf00000, 0x000000008cf00000| Untracked 
| 208|0x000000008d000000, 0x000000008d000000, 0x000000008d100000|  0%| F|  |TAMS 0x000000008d000000, 0x000000008d000000| Untracked 
| 209|0x000000008d100000, 0x000000008d100000, 0x000000008d200000|  0%| F|  |TAMS 0x000000008d100000, 0x000000008d100000| Untracked 
| 210|0x000000008d200000, 0x000000008d200000, 0x000000008d300000|  0%| F|  |TAMS 0x000000008d200000, 0x000000008d200000| Untracked 
| 211|0x000000008d300000, 0x000000008d300000, 0x000000008d400000|  0%| F|  |TAMS 0x000000008d300000, 0x000000008d300000| Untracked 
| 212|0x000000008d400000, 0x000000008d400000, 0x000000008d500000|  0%| F|  |TAMS 0x000000008d400000, 0x000000008d400000| Untracked 
| 213|0x000000008d500000, 0x000000008d500000, 0x000000008d600000|  0%| F|  |TAMS 0x000000008d500000, 0x000000008d500000| Untracked 
| 214|0x000000008d600000, 0x000000008d600000, 0x000000008d700000|  0%| F|  |TAMS 0x000000008d600000, 0x000000008d600000| Untracked 
| 215|0x000000008d700000, 0x000000008d700000, 0x000000008d800000|  0%| F|  |TAMS 0x000000008d700000, 0x000000008d700000| Untracked 
| 216|0x000000008d800000, 0x000000008d800000, 0x000000008d900000|  0%| F|  |TAMS 0x000000008d800000, 0x000000008d800000| Untracked 
| 217|0x000000008d900000, 0x000000008d900000, 0x000000008da00000|  0%| F|  |TAMS 0x000000008d900000, 0x000000008d900000| Untracked 
| 218|0x000000008da00000, 0x000000008da00000, 0x000000008db00000|  0%| F|  |TAMS 0x000000008da00000, 0x000000008da00000| Untracked 
| 219|0x000000008db00000, 0x000000008db00000, 0x000000008dc00000|  0%| F|  |TAMS 0x000000008db00000, 0x000000008db00000| Untracked 
| 220|0x000000008dc00000, 0x000000008dc00000, 0x000000008dd00000|  0%| F|  |TAMS 0x000000008dc00000, 0x000000008dc00000| Untracked 
| 221|0x000000008dd00000, 0x000000008dd00000, 0x000000008de00000|  0%| F|  |TAMS 0x000000008dd00000, 0x000000008dd00000| Untracked 
| 222|0x000000008de00000, 0x000000008de00000, 0x000000008df00000|  0%| F|  |TAMS 0x000000008de00000, 0x000000008de00000| Untracked 
| 223|0x000000008df00000, 0x000000008df00000, 0x000000008e000000|  0%| F|  |TAMS 0x000000008df00000, 0x000000008df00000| Untracked 
| 224|0x000000008e000000, 0x000000008e000000, 0x000000008e100000|  0%| F|  |TAMS 0x000000008e000000, 0x000000008e000000| Untracked 
| 225|0x000000008e100000, 0x000000008e100000, 0x000000008e200000|  0%| F|  |TAMS 0x000000008e100000, 0x000000008e100000| Untracked 
| 226|0x000000008e200000, 0x000000008e200000, 0x000000008e300000|  0%| F|  |TAMS 0x000000008e200000, 0x000000008e200000| Untracked 
| 227|0x000000008e300000, 0x000000008e300000, 0x000000008e400000|  0%| F|  |TAMS 0x000000008e300000, 0x000000008e300000| Untracked 
| 228|0x000000008e400000, 0x000000008e400000, 0x000000008e500000|  0%| F|  |TAMS 0x000000008e400000, 0x000000008e400000| Untracked 
| 229|0x000000008e500000, 0x000000008e500000, 0x000000008e600000|  0%| F|  |TAMS 0x000000008e500000, 0x000000008e500000| Untracked 
| 230|0x000000008e600000, 0x000000008e600000, 0x000000008e700000|  0%| F|  |TAMS 0x000000008e600000, 0x000000008e600000| Untracked 
| 231|0x000000008e700000, 0x000000008e700000, 0x000000008e800000|  0%| F|  |TAMS 0x000000008e700000, 0x000000008e700000| Untracked 
| 232|0x000000008e800000, 0x000000008e800000, 0x000000008e900000|  0%| F|  |TAMS 0x000000008e800000, 0x000000008e800000| Untracked 
| 233|0x000000008e900000, 0x000000008e900000, 0x000000008ea00000|  0%| F|  |TAMS 0x000000008e900000, 0x000000008e900000| Untracked 
| 234|0x000000008ea00000, 0x000000008ea00000, 0x000000008eb00000|  0%| F|  |TAMS 0x000000008ea00000, 0x000000008ea00000| Untracked 
| 235|0x000000008eb00000, 0x000000008eb00000, 0x000000008ec00000|  0%| F|  |TAMS 0x000000008eb00000, 0x000000008eb00000| Untracked 
| 236|0x000000008ec00000, 0x000000008ec00000, 0x000000008ed00000|  0%| F|  |TAMS 0x000000008ec00000, 0x000000008ec00000| Untracked 
| 237|0x000000008ed00000, 0x000000008ed00000, 0x000000008ee00000|  0%| F|  |TAMS 0x000000008ed00000, 0x000000008ed00000| Untracked 
| 238|0x000000008ee00000, 0x000000008ee00000, 0x000000008ef00000|  0%| F|  |TAMS 0x000000008ee00000, 0x000000008ee00000| Untracked 
| 239|0x000000008ef00000, 0x000000008ef00000, 0x000000008f000000|  0%| F|  |TAMS 0x000000008ef00000, 0x000000008ef00000| Untracked 
| 240|0x000000008f000000, 0x000000008f000000, 0x000000008f100000|  0%| F|  |TAMS 0x000000008f000000, 0x000000008f000000| Untracked 
| 241|0x000000008f100000, 0x000000008f100000, 0x000000008f200000|  0%| F|  |TAMS 0x000000008f100000, 0x000000008f100000| Untracked 
| 242|0x000000008f200000, 0x000000008f200000, 0x000000008f300000|  0%| F|  |TAMS 0x000000008f200000, 0x000000008f200000| Untracked 
| 243|0x000000008f300000, 0x000000008f300000, 0x000000008f400000|  0%| F|  |TAMS 0x000000008f300000, 0x000000008f300000| Untracked 
| 244|0x000000008f400000, 0x000000008f400000, 0x000000008f500000|  0%| F|  |TAMS 0x000000008f400000, 0x000000008f400000| Untracked 
| 245|0x000000008f500000, 0x000000008f500000, 0x000000008f600000|  0%| F|  |TAMS 0x000000008f500000, 0x000000008f500000| Untracked 
| 246|0x000000008f600000, 0x000000008f600000, 0x000000008f700000|  0%| F|  |TAMS 0x000000008f600000, 0x000000008f600000| Untracked 
| 247|0x000000008f700000, 0x000000008f700000, 0x000000008f800000|  0%| F|  |TAMS 0x000000008f700000, 0x000000008f700000| Untracked 
| 248|0x000000008f800000, 0x000000008f800000, 0x000000008f900000|  0%| F|  |TAMS 0x000000008f800000, 0x000000008f800000| Untracked 
| 249|0x000000008f900000, 0x000000008f900000, 0x000000008fa00000|  0%| F|  |TAMS 0x000000008f900000, 0x000000008f900000| Untracked 
| 250|0x000000008fa00000, 0x000000008fad59d8, 0x000000008fb00000| 83%| S|CS|TAMS 0x000000008fa00000, 0x000000008fa00000| Complete 
| 251|0x000000008fb00000, 0x000000008fc00000, 0x000000008fc00000|100%| S|CS|TAMS 0x000000008fb00000, 0x000000008fb00000| Complete 
| 252|0x000000008fc00000, 0x000000008fc00000, 0x000000008fd00000|  0%| F|  |TAMS 0x000000008fc00000, 0x000000008fc00000| Untracked 
| 253|0x000000008fd00000, 0x000000008fd00000, 0x000000008fe00000|  0%| F|  |TAMS 0x000000008fd00000, 0x000000008fd00000| Untracked 
| 254|0x000000008fe00000, 0x000000008fe00000, 0x000000008ff00000|  0%| F|  |TAMS 0x000000008fe00000, 0x000000008fe00000| Untracked 
| 255|0x000000008ff00000, 0x000000008ff00000, 0x0000000090000000|  0%| F|  |TAMS 0x000000008ff00000, 0x000000008ff00000| Untracked 

Card table byte_map: [0x00000153af0f0000,0x00000153af4f0000] _byte_map_base: 0x00000153aecf0000

Marking Bits (Prev, Next): (CMBitMap*) 0x000001539aa37f10, (CMBitMap*) 0x000001539aa37f50
 Prev Bits: [0x00000153af8f0000, 0x00000153b18f0000)
 Next Bits: [0x00000153b18f0000, 0x00000153b38f0000)

Polling page: 0x000001539a7b0000

Metaspace:

Usage:
  Non-class:    108.58 MB used.
      Class:     16.88 MB used.
       Both:    125.45 MB used.

Virtual space:
  Non-class space:      112.00 MB reserved,     109.06 MB ( 97%) committed,  14 nodes.
      Class space:        1.00 GB reserved,      17.25 MB (  2%) committed,  1 nodes.
             Both:        1.11 GB reserved,     126.31 MB ( 11%) committed. 

Chunk freelists:
   Non-Class:  2.98 MB
       Class:  2.64 MB
        Both:  5.62 MB

MaxMetaspaceSize: unlimited
CompressedClassSpaceSize: 1.00 GB
Initial GC threshold: 21.00 MB
Current GC threshold: 209.69 MB
CDS: off
MetaspaceReclaimPolicy: balanced
 - commit_granule_bytes: 65536.
 - commit_granule_words: 8192.
 - virtual_space_node_default_size: 1048576.
 - enlarge_chunks_in_place: 1.
 - new_chunks_are_fully_committed: 0.
 - uncommit_free_chunks: 1.
 - use_allocation_guard: 0.
 - handle_deallocations: 1.


Internal statistics:

num_allocs_failed_limit: 15.
num_arena_births: 1672.
num_arena_deaths: 280.
num_vsnodes_births: 15.
num_vsnodes_deaths: 0.
num_space_committed: 2020.
num_space_uncommitted: 0.
num_chunks_returned_to_freelist: 356.
num_chunks_taken_from_freelist: 6729.
num_chunk_merges: 130.
num_chunk_splits: 4310.
num_chunks_enlarged: 2800.
num_purges: 6.
num_inconsistent_stats: 0.

CodeHeap 'non-profiled nmethods': size=120000Kb used=13322Kb max_used=13322Kb free=106678Kb
 bounds [0x00000153a7190000, 0x00000153a7ea0000, 0x00000153ae6c0000]
CodeHeap 'profiled nmethods': size=120000Kb used=32720Kb max_used=32720Kb free=87279Kb
 bounds [0x000001539f6c0000, 0x00000153a16c0000, 0x00000153a6bf0000]
CodeHeap 'non-nmethods': size=5760Kb used=2436Kb max_used=2546Kb free=3323Kb
 bounds [0x00000153a6bf0000, 0x00000153a6e80000, 0x00000153a7190000]
 total_blobs=18408 nmethods=17424 adapters=897
 compilation: enabled
              stopped_count=0, restarted_count=0
 full_count=0

Compilation events (20 events):
Event: 3926.270 Thread 0x00000153b6947130 21545       2       com.android.tools.r8.internal.OV::b (905 bytes)
Event: 3926.272 Thread 0x00000153b6947130 nmethod 21545 0x00000153a16b1b90 code [0x00000153a16b1e40, 0x00000153a16b26d8]
Event: 3926.272 Thread 0x00000153b6947130 21546       2       java.util.LinkedList::toArray (39 bytes)
Event: 3926.272 Thread 0x00000153b6947130 nmethod 21546 0x00000153a16b2d90 code [0x00000153a16b2f40, 0x00000153a16b3238]
Event: 3926.272 Thread 0x00000153b6947130 21547       2       com.android.tools.r8.internal.Im::a (75 bytes)
Event: 3926.272 Thread 0x00000153b6946690 nmethod 21226 0x00000153a7e86710 code [0x00000153a7e86de0, 0x00000153a7e8ecb0]
Event: 3926.273 Thread 0x00000153b6947130 nmethod 21547 0x00000153a16b3390 code [0x00000153a16b3580, 0x00000153a16b3998]
Event: 3926.273 Thread 0x00000153b6947130 21548       1       com.android.tools.r8.internal.lo::I2 (2 bytes)
Event: 3926.273 Thread 0x00000153b6947130 nmethod 21548 0x00000153a7e91c10 code [0x00000153a7e91da0, 0x00000153a7e91e78]
Event: 3926.273 Thread 0x00000153b6947130 21549       1       com.android.tools.r8.internal.lo::o1 (2 bytes)
Event: 3926.273 Thread 0x00000153b6947130 nmethod 21549 0x00000153a7e91f10 code [0x00000153a7e920a0, 0x00000153a7e92178]
Event: 3926.273 Thread 0x00000153b6946690 21239       4       com.sun.tools.javac.code.Symbol$ClassSymbol::isSubClass (129 bytes)
Event: 3926.273 Thread 0x00000153b6947130 21550       1       com.android.tools.r8.internal.lo::K1 (2 bytes)
Event: 3926.273 Thread 0x00000153b6947130 nmethod 21550 0x00000153a7e92210 code [0x00000153a7e923a0, 0x00000153a7e92478]
Event: 3926.273 Thread 0x00000153b6947130 21551       1       com.android.tools.r8.internal.lo::p2 (2 bytes)
Event: 3926.273 Thread 0x00000153b6947130 nmethod 21551 0x00000153a7e92510 code [0x00000153a7e926a0, 0x00000153a7e92778]
Event: 3926.273 Thread 0x00000153b6947130 21553       2       com.android.tools.r8.internal.U10::A (13 bytes)
Event: 3926.274 Thread 0x00000153b6947130 nmethod 21553 0x00000153a16b3c10 code [0x00000153a16b3da0, 0x00000153a16b3ed8]
Event: 3926.274 Thread 0x00000153b6947130 21552       2       com.android.tools.r8.utils.u0::a (57 bytes)
Event: 3926.274 Thread 0x00000153b6947130 nmethod 21552 0x00000153a16b3f90 code [0x00000153a16b4120, 0x00000153a16b4258]

GC Heap History (20 events):
Event: 3843.152 GC heap after
{Heap after GC invocations=63 (full 0):
 garbage-first heap   total 262144K, used 116274K [0x0000000080000000, 0x0000000100000000)
  region size 1024K, 6 young (6144K), 6 survivors (6144K)
 Metaspace       used 126648K, committed 127552K, reserved 1163264K
  class space    used 17156K, committed 17600K, reserved 1048576K
}
Event: 3843.275 GC heap before
{Heap before GC invocations=63 (full 0):
 garbage-first heap   total 262144K, used 121394K [0x0000000080000000, 0x0000000100000000)
  region size 1024K, 12 young (12288K), 6 survivors (6144K)
 Metaspace       used 126653K, committed 127552K, reserved 1163264K
  class space    used 17156K, committed 17600K, reserved 1048576K
}
Event: 3843.299 GC heap after
{Heap after GC invocations=64 (full 0):
 garbage-first heap   total 262144K, used 105134K [0x0000000080000000, 0x0000000100000000)
  region size 1024K, 2 young (2048K), 2 survivors (2048K)
 Metaspace       used 126653K, committed 127552K, reserved 1163264K
  class space    used 17156K, committed 17600K, reserved 1048576K
}
Event: 3843.782 GC heap before
{Heap before GC invocations=64 (full 0):
 garbage-first heap   total 262144K, used 120494K [0x0000000080000000, 0x0000000100000000)
  region size 1024K, 18 young (18432K), 2 survivors (2048K)
 Metaspace       used 126722K, committed 127552K, reserved 1163264K
  class space    used 17156K, committed 17600K, reserved 1048576K
}
Event: 3843.788 GC heap after
{Heap after GC invocations=65 (full 0):
 garbage-first heap   total 262144K, used 107909K [0x0000000080000000, 0x0000000100000000)
  region size 1024K, 4 young (4096K), 4 survivors (4096K)
 Metaspace       used 126722K, committed 127552K, reserved 1163264K
  class space    used 17156K, committed 17600K, reserved 1048576K
}
Event: 3921.688 GC heap before
{Heap before GC invocations=66 (full 0):
 garbage-first heap   total 262144K, used 238981K [0x0000000080000000, 0x0000000100000000)
  region size 1024K, 107 young (109568K), 4 survivors (4096K)
 Metaspace       used 127093K, committed 128000K, reserved 1163264K
  class space    used 17159K, committed 17600K, reserved 1048576K
}
Event: 3921.703 GC heap after
{Heap after GC invocations=67 (full 0):
 garbage-first heap   total 262144K, used 121440K [0x0000000080000000, 0x0000000100000000)
  region size 1024K, 14 young (14336K), 14 survivors (14336K)
 Metaspace       used 127093K, committed 128000K, reserved 1163264K
  class space    used 17159K, committed 17600K, reserved 1048576K
}
Event: 3921.707 GC heap before
{Heap before GC invocations=67 (full 0):
 garbage-first heap   total 262144K, used 122464K [0x0000000080000000, 0x0000000100000000)
  region size 1024K, 15 young (15360K), 14 survivors (14336K)
 Metaspace       used 127093K, committed 128000K, reserved 1163264K
  class space    used 17159K, committed 17600K, reserved 1048576K
}
Event: 3921.724 GC heap after
{Heap after GC invocations=68 (full 0):
 garbage-first heap   total 262144K, used 115712K [0x0000000080000000, 0x0000000100000000)
  region size 1024K, 2 young (2048K), 2 survivors (2048K)
 Metaspace       used 127093K, committed 128000K, reserved 1163264K
  class space    used 17159K, committed 17600K, reserved 1048576K
}
Event: 3921.885 GC heap before
{Heap before GC invocations=68 (full 0):
 garbage-first heap   total 262144K, used 148480K [0x0000000080000000, 0x0000000100000000)
  region size 1024K, 35 young (35840K), 2 survivors (2048K)
 Metaspace       used 127118K, committed 128000K, reserved 1163264K
  class space    used 17159K, committed 17600K, reserved 1048576K
}
Event: 3921.902 GC heap after
{Heap after GC invocations=69 (full 0):
 garbage-first heap   total 262144K, used 132608K [0x0000000080000000, 0x0000000100000000)
  region size 1024K, 12 young (12288K), 12 survivors (12288K)
 Metaspace       used 127118K, committed 128000K, reserved 1163264K
  class space    used 17159K, committed 17600K, reserved 1048576K
}
Event: 3924.861 GC heap before
{Heap before GC invocations=70 (full 0):
 garbage-first heap   total 262144K, used 198144K [0x0000000080000000, 0x0000000100000000)
  region size 1024K, 62 young (63488K), 12 survivors (12288K)
 Metaspace       used 127214K, committed 128064K, reserved 1163264K
  class space    used 17165K, committed 17600K, reserved 1048576K
}
Event: 3924.883 GC heap after
{Heap after GC invocations=71 (full 0):
 garbage-first heap   total 262144K, used 139264K [0x0000000080000000, 0x0000000100000000)
  region size 1024K, 8 young (8192K), 8 survivors (8192K)
 Metaspace       used 127214K, committed 128064K, reserved 1163264K
  class space    used 17165K, committed 17600K, reserved 1048576K
}
Event: 3924.892 GC heap before
{Heap before GC invocations=71 (full 0):
 garbage-first heap   total 262144K, used 142336K [0x0000000080000000, 0x0000000100000000)
  region size 1024K, 12 young (12288K), 8 survivors (8192K)
 Metaspace       used 127214K, committed 128064K, reserved 1163264K
  class space    used 17165K, committed 17600K, reserved 1048576K
}
Event: 3924.921 GC heap after
{Heap after GC invocations=72 (full 0):
 garbage-first heap   total 262144K, used 133057K [0x0000000080000000, 0x0000000100000000)
  region size 1024K, 2 young (2048K), 2 survivors (2048K)
 Metaspace       used 127214K, committed 128064K, reserved 1163264K
  class space    used 17165K, committed 17600K, reserved 1048576K
}
Event: 3925.542 GC heap before
{Heap before GC invocations=72 (full 0):
 garbage-first heap   total 262144K, used 177089K [0x0000000080000000, 0x0000000100000000)
  region size 1024K, 47 young (48128K), 2 survivors (2048K)
 Metaspace       used 127953K, committed 128832K, reserved 1163264K
  class space    used 17249K, committed 17664K, reserved 1048576K
}
Event: 3925.548 GC heap after
{Heap after GC invocations=73 (full 0):
 garbage-first heap   total 262144K, used 134646K [0x0000000080000000, 0x0000000100000000)
  region size 1024K, 4 young (4096K), 4 survivors (4096K)
 Metaspace       used 127953K, committed 128832K, reserved 1163264K
  class space    used 17249K, committed 17664K, reserved 1048576K
}
Event: 3926.232 GC heap before
{Heap before GC invocations=74 (full 0):
 garbage-first heap   total 262144K, used 183798K [0x0000000080000000, 0x0000000100000000)
  region size 1024K, 62 young (63488K), 4 survivors (4096K)
 Metaspace       used 128346K, committed 129216K, reserved 1163264K
  class space    used 17273K, committed 17664K, reserved 1048576K
}
Event: 3926.244 GC heap after
{Heap after GC invocations=75 (full 0):
 garbage-first heap   total 262144K, used 125674K [0x0000000080000000, 0x0000000100000000)
  region size 1024K, 8 young (8192K), 8 survivors (8192K)
 Metaspace       used 128346K, committed 129216K, reserved 1163264K
  class space    used 17273K, committed 17664K, reserved 1048576K
}
Event: 3926.277 GC heap before
{Heap before GC invocations=75 (full 0):
 garbage-first heap   total 262144K, used 129770K [0x0000000080000000, 0x0000000100000000)
  region size 1024K, 12 young (12288K), 8 survivors (8192K)
 Metaspace       used 128465K, committed 129344K, reserved 1163264K
  class space    used 17281K, committed 17664K, reserved 1048576K
}

Dll operation events (2 events):
Event: 0.017 Loaded shared library C:\Program Files\Android\Android Studio\jbr\bin\java.dll
Event: 0.614 Loaded shared library C:\Program Files\Android\Android Studio\jbr\bin\verify.dll

Deoptimization events (20 events):
Event: 3925.919 Thread 0x00000153b9b7aae0 Uncommon trap: trap_request=0xffffffc6 fr.pc=0x00000153a74b35a4 relative=0x0000000000000c44
Event: 3925.919 Thread 0x00000153b9b7aae0 Uncommon trap: reason=bimorphic_or_optimized_type_check action=maybe_recompile pc=0x00000153a74b35a4 method=java.util.WeakHashMap.matchesKey(Ljava/util/WeakHashMap$Entry;Ljava/lang/Object;)Z @ 21 c2
Event: 3925.919 Thread 0x00000153b9b7aae0 DEOPT PACKING pc=0x00000153a74b35a4 sp=0x00000019d5df89d0
Event: 3925.919 Thread 0x00000153b9b7aae0 DEOPT UNPACKING pc=0x00000153a6c4699d sp=0x00000019d5df8940 mode 2
Event: 3926.072 Thread 0x00000153b9b7aae0 Uncommon trap: trap_request=0xffffff76 fr.pc=0x00000153a7db21a4 relative=0x0000000000000204
Event: 3926.072 Thread 0x00000153b9b7aae0 Uncommon trap: reason=predicate action=maybe_recompile pc=0x00000153a7db21a4 method=java.util.Arrays.fill([Ljava/lang/Object;IILjava/lang/Object;)V @ 13 c2
Event: 3926.073 Thread 0x00000153b9b7aae0 DEOPT PACKING pc=0x00000153a7db21a4 sp=0x00000019d5dfb4f0
Event: 3926.073 Thread 0x00000153b9b7aae0 DEOPT UNPACKING pc=0x00000153a6c4699d sp=0x00000019d5dfb4c0 mode 2
Event: 3926.093 Thread 0x00000153b929d890 Uncommon trap: trap_request=0xffffff45 fr.pc=0x00000153a7a07370 relative=0x0000000000000590
Event: 3926.093 Thread 0x00000153b929d890 Uncommon trap: reason=unstable_if action=reinterpret pc=0x00000153a7a07370 method=jdk.internal.reflect.NativeMethodAccessorImpl.invoke(Ljava/lang/Object;[Ljava/lang/Object;)Ljava/lang/Object; @ 34 c2
Event: 3926.093 Thread 0x00000153b929d890 DEOPT PACKING pc=0x00000153a7a07370 sp=0x00000019d62fd310
Event: 3926.093 Thread 0x00000153b929d890 DEOPT UNPACKING pc=0x00000153a6c4699d sp=0x00000019d62fd2f0 mode 2
Event: 3926.145 Thread 0x00000153b929d890 DEOPT PACKING pc=0x00000153a164cfa3 sp=0x00000019d62fcda0
Event: 3926.145 Thread 0x00000153b929d890 DEOPT UNPACKING pc=0x00000153a6c47124 sp=0x00000019d62fc258 mode 0
Event: 3926.148 Thread 0x00000153b929e700 DEOPT PACKING pc=0x00000153a164cfa3 sp=0x00000019d63fd000
Event: 3926.148 Thread 0x00000153b929e700 DEOPT UNPACKING pc=0x00000153a6c47124 sp=0x00000019d63fc4b8 mode 0
Event: 3926.158 Thread 0x00000153b929d890 Uncommon trap: trap_request=0xffffff45 fr.pc=0x00000153a7db175c relative=0x000000000000033c
Event: 3926.158 Thread 0x00000153b929d890 Uncommon trap: reason=unstable_if action=reinterpret pc=0x00000153a7db175c method=com.android.tools.r8.utils.u0.F(Ljava/lang/String;)Z @ 26 c2
Event: 3926.158 Thread 0x00000153b929d890 DEOPT PACKING pc=0x00000153a7db175c sp=0x00000019d62fcc90
Event: 3926.158 Thread 0x00000153b929d890 DEOPT UNPACKING pc=0x00000153a6c4699d sp=0x00000019d62fcc28 mode 2

Classes unloaded (20 events):
Event: 3671.569 Thread 0x00000153b5ed1ce0 Unloading class 0x000000010028c400 'java/lang/invoke/LambdaForm$BMH+0x000000010028c400'
Event: 3671.569 Thread 0x00000153b5ed1ce0 Unloading class 0x0000000100200400 'java/lang/invoke/LambdaForm$DMH+0x0000000100200400'
Event: 3671.569 Thread 0x00000153b5ed1ce0 Unloading class 0x00000001001bdc00 'java/lang/invoke/LambdaForm$DMH+0x00000001001bdc00'
Event: 3671.569 Thread 0x00000153b5ed1ce0 Unloading class 0x00000001001bd800 'java/lang/invoke/LambdaForm$MH+0x00000001001bd800'
Event: 3671.569 Thread 0x00000153b5ed1ce0 Unloading class 0x00000001001bd400 'java/lang/invoke/LambdaForm$MH+0x00000001001bd400'
Event: 3671.569 Thread 0x00000153b5ed1ce0 Unloading class 0x00000001001bd000 'java/lang/invoke/LambdaForm$MH+0x00000001001bd000'
Event: 3671.569 Thread 0x00000153b5ed1ce0 Unloading class 0x00000001001bcc00 'java/lang/invoke/LambdaForm$MH+0x00000001001bcc00'
Event: 3671.569 Thread 0x00000153b5ed1ce0 Unloading class 0x00000001001bc800 'java/lang/invoke/LambdaForm$MH+0x00000001001bc800'
Event: 3671.569 Thread 0x00000153b5ed1ce0 Unloading class 0x00000001001bc400 'java/lang/invoke/LambdaForm$MH+0x00000001001bc400'
Event: 3671.569 Thread 0x00000153b5ed1ce0 Unloading class 0x00000001001bc000 'java/lang/invoke/LambdaForm$MH+0x00000001001bc000'
Event: 3671.569 Thread 0x00000153b5ed1ce0 Unloading class 0x0000000100192800 'java/lang/invoke/LambdaForm$MH+0x0000000100192800'
Event: 3671.569 Thread 0x00000153b5ed1ce0 Unloading class 0x0000000100192000 'java/lang/invoke/LambdaForm$MH+0x0000000100192000'
Event: 3671.569 Thread 0x00000153b5ed1ce0 Unloading class 0x0000000100191c00 'java/lang/invoke/LambdaForm$MH+0x0000000100191c00'
Event: 3671.569 Thread 0x00000153b5ed1ce0 Unloading class 0x0000000100191800 'java/lang/invoke/LambdaForm$MH+0x0000000100191800'
Event: 3671.569 Thread 0x00000153b5ed1ce0 Unloading class 0x0000000100191400 'java/lang/invoke/LambdaForm$MH+0x0000000100191400'
Event: 3671.569 Thread 0x00000153b5ed1ce0 Unloading class 0x0000000100190c00 'java/lang/invoke/LambdaForm$MH+0x0000000100190c00'
Event: 3671.569 Thread 0x00000153b5ed1ce0 Unloading class 0x00000001000a6c00 'java/lang/invoke/LambdaForm$MH+0x00000001000a6c00'
Event: 3671.569 Thread 0x00000153b5ed1ce0 Unloading class 0x00000001000a6800 'java/lang/invoke/LambdaForm$MH+0x00000001000a6800'
Event: 3671.569 Thread 0x00000153b5ed1ce0 Unloading class 0x00000001000a4400 'java/lang/invoke/LambdaForm$MH+0x00000001000a4400'
Event: 3844.000 Thread 0x00000153b5ed1ce0 Unloading class 0x00000001010e4000 'java/lang/invoke/LambdaForm$DMH+0x00000001010e4000'

Classes redefined (0 events):
No events

Internal exceptions (20 events):
Event: 3925.865 Thread 0x00000153b9b7aae0 Exception <a 'sun/nio/fs/WindowsException'{0x000000008e75ba58}> (0x000000008e75ba58) 
thrown [s\src\hotspot\share\prims\jni.cpp, line 517]
Event: 3925.866 Thread 0x00000153b9b7aae0 Exception <a 'sun/nio/fs/WindowsException'{0x000000008e777a68}> (0x000000008e777a68) 
thrown [s\src\hotspot\share\prims\jni.cpp, line 517]
Event: 3925.866 Thread 0x00000153b9b7aae0 Exception <a 'sun/nio/fs/WindowsException'{0x000000008e777db8}> (0x000000008e777db8) 
thrown [s\src\hotspot\share\prims\jni.cpp, line 517]
Event: 3925.870 Thread 0x00000153b9b7aae0 Exception <a 'sun/nio/fs/WindowsException'{0x000000008e7cad10}> (0x000000008e7cad10) 
thrown [s\src\hotspot\share\prims\jni.cpp, line 517]
Event: 3925.870 Thread 0x00000153b9b7aae0 Exception <a 'sun/nio/fs/WindowsException'{0x000000008e7cb050}> (0x000000008e7cb050) 
thrown [s\src\hotspot\share\prims\jni.cpp, line 517]
Event: 3925.872 Thread 0x00000153b9b7aae0 Exception <a 'sun/nio/fs/WindowsException'{0x000000008e637858}> (0x000000008e637858) 
thrown [s\src\hotspot\share\prims\jni.cpp, line 517]
Event: 3925.872 Thread 0x00000153b9b7aae0 Exception <a 'sun/nio/fs/WindowsException'{0x000000008e637ba8}> (0x000000008e637ba8) 
thrown [s\src\hotspot\share\prims\jni.cpp, line 517]
Event: 3925.874 Thread 0x00000153b9b7aae0 Exception <a 'sun/nio/fs/WindowsException'{0x000000008e6946b8}> (0x000000008e6946b8) 
thrown [s\src\hotspot\share\prims\jni.cpp, line 517]
Event: 3925.874 Thread 0x00000153b9b7aae0 Exception <a 'sun/nio/fs/WindowsException'{0x000000008e694a38}> (0x000000008e694a38) 
thrown [s\src\hotspot\share\prims\jni.cpp, line 517]
Event: 3925.876 Thread 0x00000153b9b7aae0 Exception <a 'sun/nio/fs/WindowsException'{0x000000008e5343b8}> (0x000000008e5343b8) 
thrown [s\src\hotspot\share\prims\jni.cpp, line 517]
Event: 3925.877 Thread 0x00000153b9b7aae0 Exception <a 'sun/nio/fs/WindowsException'{0x000000008e534718}> (0x000000008e534718) 
thrown [s\src\hotspot\share\prims\jni.cpp, line 517]
Event: 3925.880 Thread 0x00000153b9b7aae0 Exception <a 'sun/nio/fs/WindowsException'{0x000000008e5a7998}> (0x000000008e5a7998) 
thrown [s\src\hotspot\share\prims\jni.cpp, line 517]
Event: 3925.880 Thread 0x00000153b9b7aae0 Exception <a 'sun/nio/fs/WindowsException'{0x000000008e5a7d18}> (0x000000008e5a7d18) 
thrown [s\src\hotspot\share\prims\jni.cpp, line 517]
Event: 3925.884 Thread 0x00000153b9b7aae0 Exception <a 'sun/nio/fs/WindowsException'{0x000000008e5e4560}> (0x000000008e5e4560) 
thrown [s\src\hotspot\share\prims\jni.cpp, line 517]
Event: 3925.885 Thread 0x00000153b9b7aae0 Exception <a 'sun/nio/fs/WindowsException'{0x000000008e5e4940}> (0x000000008e5e4940) 
thrown [s\src\hotspot\share\prims\jni.cpp, line 517]
Event: 3925.931 Thread 0x00000153b9b7aae0 Exception <a 'sun/nio/fs/WindowsException'{0x000000008e2d9c88}> (0x000000008e2d9c88) 
thrown [s\src\hotspot\share\prims\jni.cpp, line 517]
Event: 3925.983 Thread 0x00000153b9b7aae0 Exception <a 'sun/nio/fs/WindowsException'{0x000000008e0f2138}> (0x000000008e0f2138) 
thrown [s\src\hotspot\share\prims\jni.cpp, line 517]
Event: 3926.020 Thread 0x00000153b9b7aae0 Exception <a 'sun/nio/fs/WindowsException'{0x000000008df5e6e0}> (0x000000008df5e6e0) 
thrown [s\src\hotspot\share\prims\jni.cpp, line 517]
Event: 3926.021 Thread 0x00000153b9b7aae0 Exception <a 'sun/nio/fs/WindowsException'{0x000000008df60500}> (0x000000008df60500) 
thrown [s\src\hotspot\share\prims\jni.cpp, line 517]
Event: 3926.088 Thread 0x00000153b9b7aae0 Exception <a 'sun/nio/fs/WindowsException'{0x000000008daed138}> (0x000000008daed138) 
thrown [s\src\hotspot\share\prims\jni.cpp, line 517]

VM Operations (20 events):
Event: 3924.884 Executing VM operation: G1CollectForAllocation done
Event: 3924.892 Executing VM operation: G1CollectForAllocation
Event: 3924.921 Executing VM operation: G1CollectForAllocation done
Event: 3925.146 Executing VM operation: HandshakeAllThreads
Event: 3925.147 Executing VM operation: HandshakeAllThreads done
Event: 3925.169 Executing VM operation: HandshakeAllThreads
Event: 3925.170 Executing VM operation: HandshakeAllThreads done
Event: 3925.174 Executing VM operation: HandshakeAllThreads
Event: 3925.174 Executing VM operation: HandshakeAllThreads done
Event: 3925.542 Executing VM operation: G1TryInitiateConcMark
Event: 3925.548 Executing VM operation: G1TryInitiateConcMark done
Event: 3925.647 Executing VM operation: HandshakeAllThreads
Event: 3925.647 Executing VM operation: HandshakeAllThreads done
Event: 3925.747 Executing VM operation: G1Concurrent
Event: 3925.756 Executing VM operation: G1Concurrent done
Event: 3925.867 Executing VM operation: G1Concurrent
Event: 3925.868 Executing VM operation: G1Concurrent done
Event: 3926.232 Executing VM operation: G1CollectForAllocation
Event: 3926.244 Executing VM operation: G1CollectForAllocation done
Event: 3926.277 Executing VM operation: G1CollectForAllocation

Events (20 events):
Event: 3925.673 Thread 0x00000153b695a700 flushing nmethod 0x00000153a1236890
Event: 3925.673 Thread 0x00000153b695a700 flushing nmethod 0x00000153a1237910
Event: 3925.673 Thread 0x00000153b695a700 flushing nmethod 0x00000153a1238e10
Event: 3925.673 Thread 0x00000153b695a700 flushing nmethod 0x00000153a123dc90
Event: 3925.673 Thread 0x00000153b695a700 flushing nmethod 0x00000153a1240c10
Event: 3925.673 Thread 0x00000153b695a700 flushing nmethod 0x00000153a1242090
Event: 3925.673 Thread 0x00000153b695a700 flushing nmethod 0x00000153a1244a10
Event: 3925.673 Thread 0x00000153b695a700 flushing nmethod 0x00000153a124f290
Event: 3925.673 Thread 0x00000153b695a700 flushing nmethod 0x00000153a124fe90
Event: 3925.673 Thread 0x00000153b695a700 flushing nmethod 0x00000153a1250f10
Event: 3925.673 Thread 0x00000153b695a700 flushing nmethod 0x00000153a1251410
Event: 3925.673 Thread 0x00000153b695a700 flushing nmethod 0x00000153a1251a90
Event: 3925.673 Thread 0x00000153b695a700 flushing nmethod 0x00000153a1258510
Event: 3925.674 Thread 0x00000153b695a700 flushing nmethod 0x00000153a13a4510
Event: 3925.674 Thread 0x00000153b695a700 flushing nmethod 0x00000153a13a8c10
Event: 3925.674 Thread 0x00000153b695a700 flushing nmethod 0x00000153a13b1b90
Event: 3926.089 Thread 0x00000153b931c340 Thread added: 0x00000153b931c340
Event: 3926.093 Thread 0x00000153b929ca20 Thread added: 0x00000153b929ca20
Event: 3926.275 loading class java/util/SortedSet$1
Event: 3926.275 loading class java/util/SortedSet$1 done


Dynamic libraries:
0x00007ff68df40000 - 0x00007ff68df4a000 	C:\Program Files\Android\Android Studio\jbr\bin\java.exe
0x00007ff8b9c70000 - 0x00007ff8b9e67000 	C:\WINDOWS\SYSTEM32\ntdll.dll
0x00007ff8b9ab0000 - 0x00007ff8b9b6d000 	C:\WINDOWS\System32\KERNEL32.DLL
0x00007ff8b7700000 - 0x00007ff8b79f6000 	C:\WINDOWS\System32\KERNELBASE.dll
0x00007ff8b74a0000 - 0x00007ff8b75a0000 	C:\WINDOWS\System32\ucrtbase.dll
0x00007ff8a3c70000 - 0x00007ff8a3c87000 	C:\Program Files\Android\Android Studio\jbr\bin\jli.dll
0x00007ff8b2db0000 - 0x00007ff8b2dcb000 	C:\Program Files\Android\Android Studio\jbr\bin\VCRUNTIME140.dll
0x00007ff8b9140000 - 0x00007ff8b92de000 	C:\WINDOWS\System32\USER32.dll
0x00007ff8b7350000 - 0x00007ff8b7372000 	C:\WINDOWS\System32\win32u.dll
0x00007ff89ba90000 - 0x00007ff89bd2a000 	C:\WINDOWS\WinSxS\amd64_microsoft.windows.common-controls_6595b64144ccf1df_6.0.19041.3570_none_60bb2a3971f3e41a\COMCTL32.dll
0x00007ff8b9420000 - 0x00007ff8b944c000 	C:\WINDOWS\System32\GDI32.dll
0x00007ff8b7380000 - 0x00007ff8b749a000 	C:\WINDOWS\System32\gdi32full.dll
0x00007ff8b7b30000 - 0x00007ff8b7bcd000 	C:\WINDOWS\System32\msvcp_win.dll
0x00007ff8b9b70000 - 0x00007ff8b9c0e000 	C:\WINDOWS\System32\msvcrt.dll
0x00007ff8b9110000 - 0x00007ff8b9140000 	C:\WINDOWS\System32\IMM32.DLL
0x00007ff8a8120000 - 0x00007ff8a812c000 	C:\Program Files\Android\Android Studio\jbr\bin\vcruntime140_1.dll
0x00007ff89edf0000 - 0x00007ff89ee7d000 	C:\Program Files\Android\Android Studio\jbr\bin\msvcp140.dll
0x00007ff86c480000 - 0x00007ff86d0ee000 	C:\Program Files\Android\Android Studio\jbr\bin\server\jvm.dll
0x00007ff8b9060000 - 0x00007ff8b910e000 	C:\WINDOWS\System32\ADVAPI32.dll
0x00007ff8b8fc0000 - 0x00007ff8b905c000 	C:\WINDOWS\System32\sechost.dll
0x00007ff8b92f0000 - 0x00007ff8b9416000 	C:\WINDOWS\System32\RPCRT4.dll
0x00007ff8a5500000 - 0x00007ff8a5509000 	C:\WINDOWS\SYSTEM32\WSOCK32.dll
0x00007ff89b120000 - 0x00007ff89b147000 	C:\WINDOWS\SYSTEM32\WINMM.dll
0x00007ff8b1e80000 - 0x00007ff8b1e8a000 	C:\WINDOWS\SYSTEM32\VERSION.dll
0x00007ff8b9a40000 - 0x00007ff8b9aab000 	C:\WINDOWS\System32\WS2_32.dll
0x00007ff8b51d0000 - 0x00007ff8b51e2000 	C:\WINDOWS\SYSTEM32\kernel.appcore.dll
0x00007ff8a7a20000 - 0x00007ff8a7a2a000 	C:\Program Files\Android\Android Studio\jbr\bin\jimage.dll
0x00007ff8b08d0000 - 0x00007ff8b0ab4000 	C:\WINDOWS\SYSTEM32\DBGHELP.DLL
0x00007ff8b0890000 - 0x00007ff8b08c4000 	C:\WINDOWS\SYSTEM32\dbgcore.DLL
0x00007ff8b7bd0000 - 0x00007ff8b7c52000 	C:\WINDOWS\System32\bcryptPrimitives.dll
0x00007ff8a5cc0000 - 0x00007ff8a5ce5000 	C:\Program Files\Android\Android Studio\jbr\bin\java.dll
0x00007ff8a5ca0000 - 0x00007ff8a5cb8000 	C:\Program Files\Android\Android Studio\jbr\bin\zip.dll
0x00007ff8b8860000 - 0x00007ff8b8fa4000 	C:\WINDOWS\System32\SHELL32.dll
0x00007ff8b53d0000 - 0x00007ff8b5b6b000 	C:\WINDOWS\SYSTEM32\windows.storage.dll
0x00007ff8b83e0000 - 0x00007ff8b8734000 	C:\WINDOWS\System32\combase.dll
0x00007ff8b6be0000 - 0x00007ff8b6c0d000 	C:\WINDOWS\SYSTEM32\Wldp.dll
0x00007ff8b9990000 - 0x00007ff8b9a3d000 	C:\WINDOWS\System32\SHCORE.dll
0x00007ff8b9720000 - 0x00007ff8b9775000 	C:\WINDOWS\System32\shlwapi.dll
0x00007ff8b7280000 - 0x00007ff8b72a5000 	C:\WINDOWS\SYSTEM32\profapi.dll
0x00007ff8a3cb0000 - 0x00007ff8a3cc9000 	C:\Program Files\Android\Android Studio\jbr\bin\net.dll
0x00007ff8adea0000 - 0x00007ff8adfaa000 	C:\WINDOWS\SYSTEM32\WINHTTP.dll
0x00007ff8b69c0000 - 0x00007ff8b6a2a000 	C:\WINDOWS\system32\mswsock.dll
0x00007ff8a3c90000 - 0x00007ff8a3ca6000 	C:\Program Files\Android\Android Studio\jbr\bin\nio.dll
0x00007ff8a7a10000 - 0x00007ff8a7a20000 	C:\Program Files\Android\Android Studio\jbr\bin\verify.dll
0x00007ff8a3c40000 - 0x00007ff8a3c67000 	C:\Users\Bia e Leo\.gradle\native\68d5fa5c4cc2d200863cafc0d521ce42e7d3e7ee720ec0a83991735586a16f82\windows-amd64\native-platform.dll
0x00007ff89eca0000 - 0x00007ff89ede4000 	C:\Users\Bia e Leo\.gradle\native\e376f236ea51e6404a007f0833ffe2c6e607c4080706a723a18a27aeea778392\windows-amd64\native-platform-file-events.dll
0x00007ff8a6010000 - 0x00007ff8a6019000 	C:\Program Files\Android\Android Studio\jbr\bin\management.dll
0x00007ff8a5510000 - 0x00007ff8a551b000 	C:\Program Files\Android\Android Studio\jbr\bin\management_ext.dll
0x00007ff8b8fb0000 - 0x00007ff8b8fb8000 	C:\WINDOWS\System32\PSAPI.DLL
0x00007ff8b6c20000 - 0x00007ff8b6c38000 	C:\WINDOWS\SYSTEM32\CRYPTSP.dll
0x00007ff8b62f0000 - 0x00007ff8b6324000 	C:\WINDOWS\system32\rsaenh.dll
0x00007ff8b7b00000 - 0x00007ff8b7b27000 	C:\WINDOWS\System32\bcrypt.dll
0x00007ff8b7240000 - 0x00007ff8b726e000 	C:\WINDOWS\SYSTEM32\USERENV.dll
0x00007ff8b6b50000 - 0x00007ff8b6b5c000 	C:\WINDOWS\SYSTEM32\CRYPTBASE.dll
0x00007ff8b66d0000 - 0x00007ff8b670b000 	C:\WINDOWS\SYSTEM32\IPHLPAPI.DLL
0x00007ff8b9680000 - 0x00007ff8b9688000 	C:\WINDOWS\System32\NSI.dll
0x00007ff8af400000 - 0x00007ff8af417000 	C:\WINDOWS\SYSTEM32\dhcpcsvc6.DLL
0x00007ff8afd00000 - 0x00007ff8afd1d000 	C:\WINDOWS\SYSTEM32\dhcpcsvc.DLL
0x00007ff8b6710000 - 0x00007ff8b67da000 	C:\WINDOWS\SYSTEM32\DNSAPI.dll
0x00007ff8a3b50000 - 0x00007ff8a3b57000 	C:\WINDOWS\system32\wshunix.dll
0x00007ff8b6430000 - 0x00007ff8b6463000 	C:\WINDOWS\SYSTEM32\ntmarta.dll

dbghelp: loaded successfully - version: 4.0.5 - missing functions: none
symbol engine: initialized successfully - sym options: 0x614 - pdb path: .;C:\Program Files\Android\Android Studio\jbr\bin;C:\WINDOWS\SYSTEM32;C:\WINDOWS\WinSxS\amd64_microsoft.windows.common-controls_6595b64144ccf1df_6.0.19041.3570_none_60bb2a3971f3e41a;C:\Program Files\Android\Android Studio\jbr\bin\server;C:\Users\Bia e Leo\.gradle\native\68d5fa5c4cc2d200863cafc0d521ce42e7d3e7ee720ec0a83991735586a16f82\windows-amd64;C:\Users\Bia e Leo\.gradle\native\e376f236ea51e6404a007f0833ffe2c6e607c4080706a723a18a27aeea778392\windows-amd64

VM Arguments:
jvm_args: --add-opens=java.base/java.util=ALL-UNNAMED --add-opens=java.base/java.lang=ALL-UNNAMED --add-opens=java.base/java.lang.invoke=ALL-UNNAMED --add-opens=java.prefs/java.util.prefs=ALL-UNNAMED --add-opens=java.base/java.nio.charset=ALL-UNNAMED --add-opens=java.base/java.net=ALL-UNNAMED --add-opens=java.base/java.util.concurrent.atomic=ALL-UNNAMED -Xmx2048m -Dfile.encoding=UTF-8 -Duser.country=BR -Duser.language=pt -Duser.variant 
java_command: org.gradle.launcher.daemon.bootstrap.GradleDaemon 8.0
java_class_path (initial): C:\Users\Bia e Leo\.gradle\wrapper\dists\gradle-8.0-bin\ca5e32bp14vu59qr306oxotwh\gradle-8.0\lib\gradle-launcher-8.0.jar
Launcher Type: SUN_STANDARD

[Global flags]
     intx CICompilerCount                          = 3                                         {product} {ergonomic}
     uint ConcGCThreads                            = 1                                         {product} {ergonomic}
     uint G1ConcRefinementThreads                  = 4                                         {product} {ergonomic}
   size_t G1HeapRegionSize                         = 1048576                                   {product} {ergonomic}
    uintx GCDrainStackTargetSize                   = 64                                        {product} {ergonomic}
   size_t InitialHeapSize                          = 132120576                                 {product} {ergonomic}
   size_t MarkStackSize                            = 4194304                                   {product} {ergonomic}
   size_t MaxHeapSize                              = 2147483648                                {product} {command line}
   size_t MaxNewSize                               = 1287651328                                {product} {ergonomic}
   size_t MinHeapDeltaBytes                        = 1048576                                   {product} {ergonomic}
   size_t MinHeapSize                              = 8388608                                   {product} {ergonomic}
    uintx NonNMethodCodeHeapSize                   = 5832780                                {pd product} {ergonomic}
    uintx NonProfiledCodeHeapSize                  = 122912730                              {pd product} {ergonomic}
    uintx ProfiledCodeHeapSize                     = 122912730                              {pd product} {ergonomic}
    uintx ReservedCodeCacheSize                    = 251658240                              {pd product} {ergonomic}
     bool SegmentedCodeCache                       = true                                      {product} {ergonomic}
   size_t SoftMaxHeapSize                          = 2147483648                             {manageable} {ergonomic}
     bool UseCompressedClassPointers               = true                           {product lp64_product} {ergonomic}
     bool UseCompressedOops                        = true                           {product lp64_product} {ergonomic}
     bool UseG1GC                                  = true                                      {product} {ergonomic}
     bool UseLargePagesIndividualAllocation        = false                                  {pd product} {ergonomic}

Logging:
Log output configuration:
 #0: stdout all=warning uptime,level,tags
 #1: stderr all=off uptime,level,tags

Environment Variables:
JAVA_HOME=C:\Program Files\OpenJDK\openjdk-11.0.12_7
PATH=C:\Program Files (x86)\Common Files\Oracle\Java\javapath;C:\Program Files (x86)\Common Files\Intel\Shared Libraries\redist\intel64\compiler;C:\WINDOWS\system32;C:\WINDOWS;C:\WINDOWS\System32\Wbem;C:\WINDOWS\System32\WindowsPowerShell\v1.0\;C:\WINDOWS\System32\OpenSSH\;C:\Program Files\Microsoft SQL Server\130\Tools\Binn\;C:\Program Files\Microsoft SQL Server\Client SDK\ODBC\170\Tools\Binn\;C:\Program Files\dotnet\;C:\Program Files\Common Files\Autodesk Shared\;C:\Program Files\Git\cmd;C:\Program Files (x86)\Microsoft SQL Server\150\DTS\Binn\;C:\Program Files (x86)\Microsoft SQL Server\150\Tools\Binn\;C:\Program Files\Microsoft SQL Server\150\Tools\Binn\;C:\Program Files\Microsoft SQL Server\150\DTS\Binn\;C:\ProgramData\chocolatey\bin;C:\Program Files\nodejs\;C:\Program Files\OpenJDK\openjdk-11.0.12_7\bin;C:\ProgramData\ComposerSetup\bin;C:\wamp64\bin\php\php8.2.0;C:\Windows\System32;;C:\Program Files\Docker\Docker\resources\bin;C:\Users\Bia e Leo\AppData\Roaming\npm;C:\Program Files\MongoDB\Server\5.0\bin;C:\Program Files\MySQL\MySQL Server 8.0\bin;C:\Users\Bia e Leo\AppData\Roaming\Composer\vendor\bin;C:\Users\Bia e Leo\AppData\Local\Microsoft\WindowsApps;C:\Users\Bia e Leo\AppData\Local\Programs\Microsoft VS Code\bin;C:\Users\Bia e Leo\.dotnet\tools
USERNAME=Bia_e_Leo
OS=Windows_NT
PROCESSOR_IDENTIFIER=Intel64 Family 6 Model 158 Stepping 10, GenuineIntel
TMP=C:\Users\BIAELE~1\AppData\Local\Temp
TEMP=C:\Users\BIAELE~1\AppData\Local\Temp


JNI global refs:
JNI global refs: 25, weak refs: 35

JNI global refs memory usage: 843, weak refs: 841


---------------  S Y S T E M  ---------------

OS:
 Windows 10 , 64 bit Build 19041 (10.0.19041.3570)
OS uptime: 0 days 4:53 hours
Hyper-V role detected

CPU: total 4 (initial active 4) (2 cores per cpu, 2 threads per core) family 6 model 158 stepping 10 microcode 0xb4, cx8, cmov, fxsr, ht, mmx, 3dnowpref, sse, sse2, sse3, ssse3, sse4.1, sse4.2, popcnt, lzcnt, tsc, tscinvbit, aes, erms, clmul, clflush, clflushopt, hv

Memory: 4k page, system-wide physical 8038M (348M free)
TotalPageFile size 8038M (AvailPageFile size 448M)
current process WorkingSet (physical memory assigned to process): 568M, peak: 586M
current process commit charge ("private bytes"): 608M, peak: 1120M

vm_info: OpenJDK 64-Bit Server VM (17.0.6+0-b2043.56-10027231) for windows-amd64 JRE (17.0.6+0-b2043.56-10027231), built on Apr 28 2023 00:43:19 by "androidbuild" with MS VC++ 16.10 / 16.11 (VS2019)

END.
