#
# There is insufficient memory for the Java Runtime Environment to continue.
# Native memory allocation (malloc) failed to allocate 1099536 bytes for Chunk::new
# Possible reasons:
#   The system is out of physical RAM or swap space
#   The process is running with CompressedOops enabled, and the Java Heap may be blocking the growth of the native heap
# Possible solutions:
#   Reduce memory load on the system
#   Increase physical memory or swap space
#   Check if swap backing store is full
#   Decrease Java heap size (-Xmx/-Xms)
#   Decrease number of Java threads
#   Decrease Java thread stack sizes (-Xss)
#   Set larger code cache with -XX:ReservedCodeCacheSize=
#   JVM is running with Unscaled Compressed Oops mode in which the Java heap is
#     placed in the first 4GB address space. The Java Heap base address is the
#     maximum limit for the native heap growth. Please use -XX:HeapBaseMinAddress
#     to set the Java Heap base and to place the Java Heap above 4GB virtual address.
# This output file may be truncated or incomplete.
#
#  Out of Memory Error (arena.cpp:189), pid=6360, tid=9864
#
# JRE version: OpenJDK Runtime Environment (17.0.6) (build 17.0.6+0-b2043.56-10027231)
# Java VM: OpenJDK 64-Bit Server VM (17.0.6+0-b2043.56-10027231, mixed mode, tiered, compressed oops, compressed class ptrs, g1 gc, windows-amd64)
# No core dump will be written. Minidumps are not enabled by default on client versions of Windows
#

---------------  S U M M A R Y ------------

Command Line: --add-opens=java.base/java.util=ALL-UNNAMED --add-opens=java.base/java.lang=ALL-UNNAMED --add-opens=java.base/java.lang.invoke=ALL-UNNAMED --add-opens=java.prefs/java.util.prefs=ALL-UNNAMED --add-opens=java.base/java.nio.charset=ALL-UNNAMED --add-opens=java.base/java.net=ALL-UNNAMED --add-opens=java.base/java.util.concurrent.atomic=ALL-UNNAMED -Xmx2048m -Dfile.encoding=UTF-8 -Duser.country=BR -Duser.language=pt -Duser.variant org.gradle.launcher.daemon.bootstrap.GradleDaemon 8.0

Host: Intel(R) Pentium(R) Gold G5400 CPU @ 3.70GHz, 4 cores, 7G,  Windows 10 , 64 bit Build 19041 (10.0.19041.3570)
Time: Sun Nov 12 16:10:51 2023 Hora oficial do Brasil elapsed time: 46.284566 seconds (0d 0h 0m 46s)

---------------  T H R E A D  ---------------

Current thread (0x0000024b63fe5640):  JavaThread "C2 CompilerThread0" daemon [_thread_in_native, id=9864, stack(0x0000005a92400000,0x0000005a92500000)]


Current CompileTask:
C2:  46284 15650   !   4       org.gradle.internal.classloader.CachingClassLoader::loadClass (85 bytes)

Stack: [0x0000005a92400000,0x0000005a92500000]
Native frames: (J=compiled Java code, j=interpreted, Vv=VM code, C=native code)
V  [jvm.dll+0x683c9a]
V  [jvm.dll+0x8427a4]
V  [jvm.dll+0x843f9e]
V  [jvm.dll+0x844603]
V  [jvm.dll+0x249b75]
V  [jvm.dll+0xabcac]
V  [jvm.dll+0xac27c]
V  [jvm.dll+0x368802]
V  [jvm.dll+0x332f31]
V  [jvm.dll+0x3323da]
V  [jvm.dll+0x21c201]
V  [jvm.dll+0x21b621]
V  [jvm.dll+0x1a4fdd]
V  [jvm.dll+0x22b098]
V  [jvm.dll+0x229159]
V  [jvm.dll+0x7f81ec]
V  [jvm.dll+0x7f274a]
V  [jvm.dll+0x682ad5]
C  [ucrtbase.dll+0x21bb2]
C  [KERNEL32.DLL+0x17344]
C  [ntdll.dll+0x526b1]


---------------  P R O C E S S  ---------------

Threads class SMR info:
_java_thread_list=0x0000024b690b4b40, length=98, elements={
0x0000024b4a9dac10, 0x0000024b63f91c10, 0x0000024b63f92990, 0x0000024b63fe1000,
0x0000024b63fe38d0, 0x0000024b63fe4190, 0x0000024b63fe4a50, 0x0000024b63fe5640,
0x0000024b63fe6f30, 0x0000024b63fec590, 0x0000024b64ae0340, 0x0000024b64ae0810,
0x0000024b670080c0, 0x0000024b6700a740, 0x0000024b6700a270, 0x0000024b67009400,
0x0000024b670098d0, 0x0000024b67008f30, 0x0000024b6700ac10, 0x0000024b67008a60,
0x0000024b6700b5b0, 0x0000024b67009da0, 0x0000024b6700b0e0, 0x0000024b6700ba80,
0x0000024b6789cbd0, 0x0000024b678983a0, 0x0000024b67899210, 0x0000024b6789a080,
0x0000024b67897530, 0x0000024b6789aa20, 0x0000024b678996e0, 0x0000024b6789aef0,
0x0000024b6789df10, 0x0000024b6789e3e0, 0x0000024b67898870, 0x0000024b6789c230,
0x0000024b6789b890, 0x0000024b67897060, 0x0000024b6789bd60, 0x0000024b6789da40,
0x0000024b6789e8b0, 0x0000024b67a37930, 0x0000024b67a387a0, 0x0000024b67a33100,
0x0000024b67a335d0, 0x0000024b67a36120, 0x0000024b67a34440, 0x0000024b67a382d0,
0x0000024b67a38c70, 0x0000024b67a33aa0, 0x0000024b67a33f70, 0x0000024b67a35780,
0x0000024b67a39140, 0x0000024b67a35c50, 0x0000024b67a34910, 0x0000024b67a37460,
0x0000024b67a39fb0, 0x0000024b67a39610, 0x0000024b67a34de0, 0x0000024b67a32c30,
0x0000024b67a3a480, 0x0000024b67a365f0, 0x0000024b67a352b0, 0x0000024b67a36ac0,
0x0000024b67a36f90, 0x0000024b67a39ae0, 0x0000024b67a37e00, 0x0000024b6613a510,
0x0000024b66138360, 0x0000024b661396a0, 0x0000024b661374f0, 0x0000024b66135810,
0x0000024b661361b0, 0x0000024b6613b380, 0x0000024b661379c0, 0x0000024b66138d00,
0x0000024b66137e90, 0x0000024b66138830, 0x0000024b66135340, 0x0000024b66139b70,
0x0000024b661391d0, 0x0000024b661344d0, 0x0000024b661349a0, 0x0000024b66136680,
0x0000024b66136b50, 0x0000024b6f682400, 0x0000024b6f682da0, 0x0000024b6f687f70,
0x0000024b6f686290, 0x0000024b6f688440, 0x0000024b6f686c30, 0x0000024b6d4e31c0,
0x0000024b6d4e2cf0, 0x0000024b674bb720, 0x0000024b6f683270, 0x0000024b6f681590,
0x0000024b6f681a60, 0x0000024b6f683740
}

Java Threads: ( => current thread )
  0x0000024b4a9dac10 JavaThread "main" [_thread_blocked, id=3612, stack(0x0000005a91700000,0x0000005a91800000)]
  0x0000024b63f91c10 JavaThread "Reference Handler" daemon [_thread_blocked, id=7092, stack(0x0000005a91e00000,0x0000005a91f00000)]
  0x0000024b63f92990 JavaThread "Finalizer" daemon [_thread_blocked, id=5552, stack(0x0000005a91f00000,0x0000005a92000000)]
  0x0000024b63fe1000 JavaThread "Signal Dispatcher" daemon [_thread_blocked, id=9344, stack(0x0000005a92000000,0x0000005a92100000)]
  0x0000024b63fe38d0 JavaThread "Attach Listener" daemon [_thread_blocked, id=2816, stack(0x0000005a92100000,0x0000005a92200000)]
  0x0000024b63fe4190 JavaThread "Service Thread" daemon [_thread_blocked, id=7628, stack(0x0000005a92200000,0x0000005a92300000)]
  0x0000024b63fe4a50 JavaThread "Monitor Deflation Thread" daemon [_thread_blocked, id=496, stack(0x0000005a92300000,0x0000005a92400000)]
=>0x0000024b63fe5640 JavaThread "C2 CompilerThread0" daemon [_thread_in_native, id=9864, stack(0x0000005a92400000,0x0000005a92500000)]
  0x0000024b63fe6f30 JavaThread "C1 CompilerThread0" daemon [_thread_in_vm, id=3816, stack(0x0000005a92500000,0x0000005a92600000)]
  0x0000024b63fec590 JavaThread "Sweeper thread" daemon [_thread_blocked, id=5108, stack(0x0000005a92600000,0x0000005a92700000)]
  0x0000024b64ae0340 JavaThread "Common-Cleaner" daemon [_thread_blocked, id=9284, stack(0x0000005a92700000,0x0000005a92800000)]
  0x0000024b64ae0810 JavaThread "Notification Thread" daemon [_thread_blocked, id=11948, stack(0x0000005a92800000,0x0000005a92900000)]
  0x0000024b670080c0 JavaThread "Daemon health stats" [_thread_blocked, id=7496, stack(0x0000005a92e00000,0x0000005a92f00000)]
  0x0000024b6700a740 JavaThread "Incoming local TCP Connector on port 56761" [_thread_in_native, id=9236, stack(0x0000005a92d00000,0x0000005a92e00000)]
  0x0000024b6700a270 JavaThread "Daemon periodic checks" [_thread_blocked, id=11868, stack(0x0000005a92f00000,0x0000005a93000000)]
  0x0000024b67009400 JavaThread "Daemon" [_thread_blocked, id=4504, stack(0x0000005a93000000,0x0000005a93100000)]
  0x0000024b670098d0 JavaThread "Handler for socket connection from /127.0.0.1:56761 to /127.0.0.1:56762" [_thread_in_native, id=10896, stack(0x0000005a93100000,0x0000005a93200000)]
  0x0000024b67008f30 JavaThread "Cancel handler" [_thread_blocked, id=6508, stack(0x0000005a93200000,0x0000005a93300000)]
  0x0000024b6700ac10 JavaThread "Daemon worker" [_thread_blocked, id=7888, stack(0x0000005a93300000,0x0000005a93400000)]
  0x0000024b67008a60 JavaThread "Asynchronous log dispatcher for DefaultDaemonConnection: socket connection from /127.0.0.1:56761 to /127.0.0.1:56762" [_thread_blocked, id=7756, stack(0x0000005a93400000,0x0000005a93500000)]
  0x0000024b6700b5b0 JavaThread "Stdin handler" [_thread_blocked, id=6448, stack(0x0000005a93500000,0x0000005a93600000)]
  0x0000024b67009da0 JavaThread "Daemon client event forwarder" [_thread_blocked, id=2076, stack(0x0000005a93600000,0x0000005a93700000)]
  0x0000024b6700b0e0 JavaThread "Cache worker for journal cache (C:\Users\Bia e Leo\.gradle\caches\journal-1)" [_thread_blocked, id=5068, stack(0x0000005a93700000,0x0000005a93800000)]
  0x0000024b6700ba80 JavaThread "File lock request listener" [_thread_in_native, id=4828, stack(0x0000005a93800000,0x0000005a93900000)]
  0x0000024b6789cbd0 JavaThread "Cache worker for file hash cache (C:\Users\Bia e Leo\.gradle\caches\8.0\fileHashes)" [_thread_blocked, id=4460, stack(0x0000005a93900000,0x0000005a93a00000)]
  0x0000024b678983a0 JavaThread "File watcher server" daemon [_thread_in_native, id=11648, stack(0x0000005a93b00000,0x0000005a93c00000)]
  0x0000024b67899210 JavaThread "File watcher consumer" daemon [_thread_blocked, id=5404, stack(0x0000005a93c00000,0x0000005a93d00000)]
  0x0000024b6789a080 JavaThread "Cache worker for checksums cache (C:\Users\Bia e Leo\Downloads\Legato\.gradle\8.0\checksums)" [_thread_blocked, id=11508, stack(0x0000005a93a00000,0x0000005a93b00000)]
  0x0000024b67897530 JavaThread "Cache worker for cache directory md-rule (C:\Users\Bia e Leo\.gradle\caches\8.0\md-rule)" [_thread_blocked, id=7164, stack(0x0000005a93d00000,0x0000005a93e00000)]
  0x0000024b6789aa20 JavaThread "Cache worker for file content cache (C:\Users\Bia e Leo\.gradle\caches\8.0\fileContent)" [_thread_blocked, id=8264, stack(0x0000005a93e00000,0x0000005a93f00000)]
  0x0000024b678996e0 JavaThread "Cache worker for file hash cache (C:\Users\Bia e Leo\Downloads\Legato\.gradle\8.0\fileHashes)" [_thread_blocked, id=10140, stack(0x0000005a93f00000,0x0000005a94000000)]
  0x0000024b6789aef0 JavaThread "Cache worker for cache directory md-supplier (C:\Users\Bia e Leo\.gradle\caches\8.0\md-supplier)" [_thread_blocked, id=8208, stack(0x0000005a94000000,0x0000005a94100000)]
  0x0000024b6789df10 JavaThread "Cache worker for execution history cache (C:\Users\Bia e Leo\.gradle\caches\8.0\executionHistory)" [_thread_blocked, id=10608, stack(0x0000005a94100000,0x0000005a94200000)]
  0x0000024b6789e3e0 JavaThread "jar transforms" [_thread_blocked, id=4336, stack(0x0000005a94200000,0x0000005a94300000)]
  0x0000024b67898870 JavaThread "jar transforms Thread 2" [_thread_blocked, id=3520, stack(0x0000005a94300000,0x0000005a94400000)]
  0x0000024b6789c230 JavaThread "jar transforms Thread 3" [_thread_blocked, id=2512, stack(0x0000005a94500000,0x0000005a94600000)]
  0x0000024b6789b890 JavaThread "jar transforms Thread 4" [_thread_blocked, id=1332, stack(0x0000005a94600000,0x0000005a94700000)]
  0x0000024b67897060 JavaThread "Cache worker for dependencies-accessors (C:\Users\Bia e Leo\Downloads\Legato\.gradle\8.0\dependencies-accessors)" [_thread_blocked, id=7944, stack(0x0000005a94700000,0x0000005a94800000)]
  0x0000024b6789bd60 JavaThread "Cache worker for Build Output Cleanup Cache (C:\Users\Bia e Leo\Downloads\Legato\.gradle\buildOutputCleanup)" [_thread_blocked, id=244, stack(0x0000005a94400000,0x0000005a94500000)]
  0x0000024b6789da40 JavaThread "Unconstrained build operations" [_thread_blocked, id=3188, stack(0x0000005a94900000,0x0000005a94a00000)]
  0x0000024b6789e8b0 JavaThread "Unconstrained build operations Thread 2" [_thread_blocked, id=712, stack(0x0000005a94a00000,0x0000005a94b00000)]
  0x0000024b67a37930 JavaThread "Unconstrained build operations Thread 3" [_thread_blocked, id=1932, stack(0x0000005a94b00000,0x0000005a94c00000)]
  0x0000024b67a387a0 JavaThread "Unconstrained build operations Thread 4" [_thread_blocked, id=4116, stack(0x0000005a94c00000,0x0000005a94d00000)]
  0x0000024b67a33100 JavaThread "Unconstrained build operations Thread 5" [_thread_blocked, id=9668, stack(0x0000005a94d00000,0x0000005a94e00000)]
  0x0000024b67a335d0 JavaThread "Unconstrained build operations Thread 6" [_thread_blocked, id=10432, stack(0x0000005a94e00000,0x0000005a94f00000)]
  0x0000024b67a36120 JavaThread "Unconstrained build operations Thread 7" [_thread_blocked, id=12084, stack(0x0000005a94f00000,0x0000005a95000000)]
  0x0000024b67a34440 JavaThread "Unconstrained build operations Thread 8" [_thread_blocked, id=8740, stack(0x0000005a95000000,0x0000005a95100000)]
  0x0000024b67a382d0 JavaThread "Unconstrained build operations Thread 9" [_thread_blocked, id=7848, stack(0x0000005a95100000,0x0000005a95200000)]
  0x0000024b67a38c70 JavaThread "Unconstrained build operations Thread 10" [_thread_blocked, id=12028, stack(0x0000005a95200000,0x0000005a95300000)]
  0x0000024b67a33aa0 JavaThread "Unconstrained build operations Thread 11" [_thread_blocked, id=2948, stack(0x0000005a95300000,0x0000005a95400000)]
  0x0000024b67a33f70 JavaThread "Unconstrained build operations Thread 12" [_thread_blocked, id=10036, stack(0x0000005a95400000,0x0000005a95500000)]
  0x0000024b67a35780 JavaThread "Unconstrained build operations Thread 13" [_thread_blocked, id=2932, stack(0x0000005a95500000,0x0000005a95600000)]
  0x0000024b67a39140 JavaThread "Unconstrained build operations Thread 14" [_thread_blocked, id=8728, stack(0x0000005a95600000,0x0000005a95700000)]
  0x0000024b67a35c50 JavaThread "Unconstrained build operations Thread 15" [_thread_blocked, id=3480, stack(0x0000005a95700000,0x0000005a95800000)]
  0x0000024b67a34910 JavaThread "Unconstrained build operations Thread 16" [_thread_blocked, id=7184, stack(0x0000005a95800000,0x0000005a95900000)]
  0x0000024b67a37460 JavaThread "Unconstrained build operations Thread 17" [_thread_blocked, id=3004, stack(0x0000005a95900000,0x0000005a95a00000)]
  0x0000024b67a39fb0 JavaThread "Unconstrained build operations Thread 18" [_thread_blocked, id=4700, stack(0x0000005a95a00000,0x0000005a95b00000)]
  0x0000024b67a39610 JavaThread "Unconstrained build operations Thread 19" [_thread_blocked, id=7580, stack(0x0000005a95b00000,0x0000005a95c00000)]
  0x0000024b67a34de0 JavaThread "Unconstrained build operations Thread 20" [_thread_blocked, id=4180, stack(0x0000005a95c00000,0x0000005a95d00000)]
  0x0000024b67a32c30 JavaThread "Unconstrained build operations Thread 21" [_thread_blocked, id=5752, stack(0x0000005a95d00000,0x0000005a95e00000)]
  0x0000024b67a3a480 JavaThread "Unconstrained build operations Thread 22" [_thread_blocked, id=9372, stack(0x0000005a95e00000,0x0000005a95f00000)]
  0x0000024b67a365f0 JavaThread "Unconstrained build operations Thread 23" [_thread_blocked, id=9680, stack(0x0000005a95f00000,0x0000005a96000000)]
  0x0000024b67a352b0 JavaThread "Unconstrained build operations Thread 24" [_thread_blocked, id=3952, stack(0x0000005a96000000,0x0000005a96100000)]
  0x0000024b67a36ac0 JavaThread "Unconstrained build operations Thread 25" [_thread_blocked, id=6892, stack(0x0000005a96100000,0x0000005a96200000)]
  0x0000024b67a36f90 JavaThread "Unconstrained build operations Thread 26" [_thread_blocked, id=800, stack(0x0000005a96200000,0x0000005a96300000)]
  0x0000024b67a39ae0 JavaThread "Unconstrained build operations Thread 27" [_thread_blocked, id=9492, stack(0x0000005a96300000,0x0000005a96400000)]
  0x0000024b67a37e00 JavaThread "Unconstrained build operations Thread 28" [_thread_blocked, id=6880, stack(0x0000005a96400000,0x0000005a96500000)]
  0x0000024b6613a510 JavaThread "Unconstrained build operations Thread 29" [_thread_blocked, id=256, stack(0x0000005a96500000,0x0000005a96600000)]
  0x0000024b66138360 JavaThread "Unconstrained build operations Thread 30" [_thread_blocked, id=6636, stack(0x0000005a96600000,0x0000005a96700000)]
  0x0000024b661396a0 JavaThread "Unconstrained build operations Thread 31" [_thread_blocked, id=8892, stack(0x0000005a96700000,0x0000005a96800000)]
  0x0000024b661374f0 JavaThread "Unconstrained build operations Thread 32" [_thread_blocked, id=9356, stack(0x0000005a96800000,0x0000005a96900000)]
  0x0000024b66135810 JavaThread "Unconstrained build operations Thread 33" [_thread_blocked, id=5540, stack(0x0000005a96900000,0x0000005a96a00000)]
  0x0000024b661361b0 JavaThread "Unconstrained build operations Thread 34" [_thread_blocked, id=4248, stack(0x0000005a96a00000,0x0000005a96b00000)]
  0x0000024b6613b380 JavaThread "Unconstrained build operations Thread 35" [_thread_blocked, id=4696, stack(0x0000005a96b00000,0x0000005a96c00000)]
  0x0000024b661379c0 JavaThread "Unconstrained build operations Thread 36" [_thread_blocked, id=5972, stack(0x0000005a96c00000,0x0000005a96d00000)]
  0x0000024b66138d00 JavaThread "Unconstrained build operations Thread 37" [_thread_blocked, id=10224, stack(0x0000005a96d00000,0x0000005a96e00000)]
  0x0000024b66137e90 JavaThread "Unconstrained build operations Thread 38" [_thread_blocked, id=4356, stack(0x0000005a96e00000,0x0000005a96f00000)]
  0x0000024b66138830 JavaThread "Unconstrained build operations Thread 39" [_thread_blocked, id=4612, stack(0x0000005a96f00000,0x0000005a97000000)]
  0x0000024b66135340 JavaThread "Unconstrained build operations Thread 40" [_thread_blocked, id=948, stack(0x0000005a97000000,0x0000005a97100000)]
  0x0000024b66139b70 JavaThread "build event listener" [_thread_blocked, id=5568, stack(0x0000005a94800000,0x0000005a94900000)]
  0x0000024b661391d0 JavaThread "Memory manager" [_thread_blocked, id=5620, stack(0x0000005a97200000,0x0000005a97300000)]
  0x0000024b661344d0 JavaThread "included builds" [_thread_blocked, id=9828, stack(0x0000005a97300000,0x0000005a97400000)]
  0x0000024b661349a0 JavaThread "Execution worker" [_thread_blocked, id=6436, stack(0x0000005a97400000,0x0000005a97500000)]
  0x0000024b66136680 JavaThread "Execution worker Thread 2" [_thread_blocked, id=2456, stack(0x0000005a97500000,0x0000005a97600000)]
  0x0000024b66136b50 JavaThread "Execution worker Thread 3" [_thread_blocked, id=10192, stack(0x0000005a97600000,0x0000005a97700000)]
  0x0000024b6f682400 JavaThread "Cache worker for execution history cache (C:\Users\Bia e Leo\Downloads\Legato\.gradle\8.0\executionHistory)" [_thread_blocked, id=10968, stack(0x0000005a97700000,0x0000005a97800000)]
  0x0000024b6f682da0 JavaThread "WorkerExecutor Queue" [_thread_blocked, id=1288, stack(0x0000005a91400000,0x0000005a91500000)]
  0x0000024b6f687f70 JavaThread "WorkerExecutor Queue Thread 2" [_thread_in_vm, id=4692, stack(0x0000005a97100000,0x0000005a97200000)]
  0x0000024b6f686290 JavaThread "WorkerExecutor Queue Thread 3" [_thread_in_Java, id=1324, stack(0x0000005a97a00000,0x0000005a97b00000)]
  0x0000024b6f688440 JavaThread "WorkerExecutor Queue Thread 4" [_thread_in_native, id=3832, stack(0x0000005a97b00000,0x0000005a97c00000)]
  0x0000024b6f686c30 JavaThread "pool-3-thread-1" [_thread_blocked, id=1320, stack(0x0000005a97c00000,0x0000005a97d00000)]
  0x0000024b6d4e31c0 JavaThread "stderr" [_thread_in_native, id=6248, stack(0x0000005a97d00000,0x0000005a97e00000)]
  0x0000024b6d4e2cf0 JavaThread "stdout" [_thread_in_native, id=6456, stack(0x0000005a97e00000,0x0000005a97f00000)]
  0x0000024b674bb720 JavaThread "Cache worker for Java compile cache (C:\Users\Bia e Leo\.gradle\caches\8.0\javaCompile)" [_thread_blocked, id=4668, stack(0x0000005a97f00000,0x0000005a98000000)]
  0x0000024b6f683270 JavaThread "Build operations" [_thread_blocked, id=11348, stack(0x0000005a98000000,0x0000005a98100000)]
  0x0000024b6f681590 JavaThread "Build operations Thread 2" [_thread_blocked, id=8296, stack(0x0000005a98100000,0x0000005a98200000)]
  0x0000024b6f681a60 JavaThread "Build operations Thread 3" [_thread_blocked, id=7360, stack(0x0000005a98200000,0x0000005a98300000)]
  0x0000024b6f683740 JavaThread "Build operations Thread 4" [_thread_blocked, id=5228, stack(0x0000005a98300000,0x0000005a98400000)]

Other Threads:
  0x0000024b63fbe270 VMThread "VM Thread" [stack: 0x0000005a91d00000,0x0000005a91e00000] [id=3688]
  0x0000024b64ae2cf0 WatcherThread [stack: 0x0000005a92900000,0x0000005a92a00000] [id=9448]
  0x0000024b4aa39260 GCTaskThread "GC Thread#0" [stack: 0x0000005a91800000,0x0000005a91900000] [id=4708]
  0x0000024b6549cbd0 GCTaskThread "GC Thread#1" [stack: 0x0000005a92b00000,0x0000005a92c00000] [id=6128]
  0x0000024b65144af0 GCTaskThread "GC Thread#2" [stack: 0x0000005a92c00000,0x0000005a92d00000] [id=8220]
  0x0000024b65673590 GCTaskThread "GC Thread#3" [stack: 0x0000005a92a00000,0x0000005a92b00000] [id=6868]
  0x0000024b4aa4a850 ConcurrentGCThread "G1 Main Marker" [stack: 0x0000005a91900000,0x0000005a91a00000] [id=8072]
  0x0000024b4aa4b170 ConcurrentGCThread "G1 Conc#0" [stack: 0x0000005a91a00000,0x0000005a91b00000] [id=10420]
  0x0000024b4aaae150 ConcurrentGCThread "G1 Refine#0" [stack: 0x0000005a91b00000,0x0000005a91c00000] [id=4484]
  0x0000024b4aaaea80 ConcurrentGCThread "G1 Service" [stack: 0x0000005a91c00000,0x0000005a91d00000] [id=6072]

Threads with active compile tasks:
C2 CompilerThread0    46354 15650   !   4       org.gradle.internal.classloader.CachingClassLoader::loadClass (85 bytes)
C1 CompilerThread0    46355 15856 %     3       com.android.tools.r8.ir.optimize.F::m @ 1363 (1823 bytes)

VM state: not at safepoint (normal execution)

VM Mutex/Monitor currently owned by a thread: None

Heap address: 0x0000000080000000, size: 2048 MB, Compressed Oops mode: 32-bit

CDS archive(s) not mapped
Compressed class space mapped at: 0x0000000100000000-0x0000000140000000, reserved size: 1073741824
Narrow klass base: 0x0000000000000000, Narrow klass shift: 3, Narrow klass range: 0x140000000

GC Precious Log:
 CPUs: 4 total, 4 available
 Memory: 8038M
 Large Page Support: Disabled
 NUMA Support: Disabled
 Compressed Oops: Enabled (32-bit)
 Heap Region Size: 1M
 Heap Min Capacity: 8M
 Heap Initial Capacity: 126M
 Heap Max Capacity: 2G
 Pre-touch: Disabled
 Parallel Workers: 4
 Concurrent Workers: 1
 Concurrent Refinement Workers: 4
 Periodic GC: Disabled

Heap:
 garbage-first heap   total 256000K, used 186228K [0x0000000080000000, 0x0000000100000000)
  region size 1024K, 86 young (88064K), 5 survivors (5120K)
 Metaspace       used 123293K, committed 124032K, reserved 1163264K
  class space    used 16743K, committed 17088K, reserved 1048576K

Heap Regions: E=young(eden), S=young(survivor), O=old, HS=humongous(starts), HC=humongous(continues), CS=collection set, F=free, OA=open archive, CA=closed archive, TAMS=top-at-mark-start (previous, next)
|   0|0x0000000080000000, 0x0000000080100000, 0x0000000080100000|100%| O|  |TAMS 0x0000000080100000, 0x0000000080000000| Untracked 
|   1|0x0000000080100000, 0x0000000080200000, 0x0000000080200000|100%| O|  |TAMS 0x0000000080200000, 0x0000000080100000| Untracked 
|   2|0x0000000080200000, 0x0000000080300000, 0x0000000080300000|100%|HS|  |TAMS 0x0000000080300000, 0x0000000080200000| Complete 
|   3|0x0000000080300000, 0x0000000080400000, 0x0000000080400000|100%|HC|  |TAMS 0x0000000080400000, 0x0000000080300000| Complete 
|   4|0x0000000080400000, 0x0000000080500000, 0x0000000080500000|100%|HC|  |TAMS 0x0000000080500000, 0x0000000080400000| Complete 
|   5|0x0000000080500000, 0x0000000080600000, 0x0000000080600000|100%|HC|  |TAMS 0x0000000080600000, 0x0000000080500000| Complete 
|   6|0x0000000080600000, 0x0000000080700000, 0x0000000080700000|100%| O|  |TAMS 0x0000000080700000, 0x0000000080600000| Untracked 
|   7|0x0000000080700000, 0x0000000080800000, 0x0000000080800000|100%| O|  |TAMS 0x0000000080800000, 0x0000000080700000| Untracked 
|   8|0x0000000080800000, 0x0000000080900000, 0x0000000080900000|100%| O|  |TAMS 0x0000000080900000, 0x0000000080800000| Untracked 
|   9|0x0000000080900000, 0x0000000080a00000, 0x0000000080a00000|100%| O|  |TAMS 0x0000000080a00000, 0x0000000080900000| Untracked 
|  10|0x0000000080a00000, 0x0000000080b00000, 0x0000000080b00000|100%| O|  |TAMS 0x0000000080b00000, 0x0000000080a00000| Untracked 
|  11|0x0000000080b00000, 0x0000000080c00000, 0x0000000080c00000|100%| O|  |TAMS 0x0000000080c00000, 0x0000000080b00000| Untracked 
|  12|0x0000000080c00000, 0x0000000080d00000, 0x0000000080d00000|100%| O|  |TAMS 0x0000000080d00000, 0x0000000080c00000| Untracked 
|  13|0x0000000080d00000, 0x0000000080e00000, 0x0000000080e00000|100%| O|  |TAMS 0x0000000080e00000, 0x0000000080d00000| Untracked 
|  14|0x0000000080e00000, 0x0000000080f00000, 0x0000000080f00000|100%| O|  |TAMS 0x0000000080f00000, 0x0000000080e00000| Untracked 
|  15|0x0000000080f00000, 0x0000000081000000, 0x0000000081000000|100%| O|  |TAMS 0x0000000081000000, 0x0000000080f00000| Untracked 
|  16|0x0000000081000000, 0x0000000081100000, 0x0000000081100000|100%| O|  |TAMS 0x0000000081100000, 0x0000000081000000| Untracked 
|  17|0x0000000081100000, 0x0000000081200000, 0x0000000081200000|100%| O|  |TAMS 0x0000000081200000, 0x0000000081100000| Untracked 
|  18|0x0000000081200000, 0x0000000081300000, 0x0000000081300000|100%| O|  |TAMS 0x0000000081300000, 0x0000000081200000| Untracked 
|  19|0x0000000081300000, 0x0000000081400000, 0x0000000081400000|100%| O|  |TAMS 0x0000000081400000, 0x0000000081300000| Untracked 
|  20|0x0000000081400000, 0x0000000081500000, 0x0000000081500000|100%| O|  |TAMS 0x0000000081500000, 0x0000000081400000| Untracked 
|  21|0x0000000081500000, 0x0000000081600000, 0x0000000081600000|100%| O|  |TAMS 0x0000000081600000, 0x0000000081500000| Untracked 
|  22|0x0000000081600000, 0x0000000081700000, 0x0000000081700000|100%| O|  |TAMS 0x0000000081700000, 0x0000000081600000| Untracked 
|  23|0x0000000081700000, 0x0000000081800000, 0x0000000081800000|100%| O|  |TAMS 0x0000000081700000, 0x0000000081700000| Untracked 
|  24|0x0000000081800000, 0x0000000081900000, 0x0000000081900000|100%| O|  |TAMS 0x0000000081900000, 0x0000000081800000| Untracked 
|  25|0x0000000081900000, 0x0000000081a00000, 0x0000000081a00000|100%| O|  |TAMS 0x0000000081a00000, 0x0000000081900000| Untracked 
|  26|0x0000000081a00000, 0x0000000081b00000, 0x0000000081b00000|100%| O|  |TAMS 0x0000000081b00000, 0x0000000081a00000| Untracked 
|  27|0x0000000081b00000, 0x0000000081c00000, 0x0000000081c00000|100%| O|  |TAMS 0x0000000081c00000, 0x0000000081b00000| Untracked 
|  28|0x0000000081c00000, 0x0000000081d00000, 0x0000000081d00000|100%| O|  |TAMS 0x0000000081d00000, 0x0000000081c00000| Untracked 
|  29|0x0000000081d00000, 0x0000000081e00000, 0x0000000081e00000|100%| O|  |TAMS 0x0000000081e00000, 0x0000000081d00000| Untracked 
|  30|0x0000000081e00000, 0x0000000081f00000, 0x0000000081f00000|100%| O|  |TAMS 0x0000000081f00000, 0x0000000081e00000| Untracked 
|  31|0x0000000081f00000, 0x0000000082000000, 0x0000000082000000|100%| O|  |TAMS 0x0000000082000000, 0x0000000081f00000| Untracked 
|  32|0x0000000082000000, 0x0000000082100000, 0x0000000082100000|100%| O|  |TAMS 0x0000000082100000, 0x0000000082000000| Untracked 
|  33|0x0000000082100000, 0x0000000082200000, 0x0000000082200000|100%| O|  |TAMS 0x0000000082200000, 0x0000000082100000| Untracked 
|  34|0x0000000082200000, 0x0000000082300000, 0x0000000082300000|100%|HS|  |TAMS 0x0000000082300000, 0x0000000082200000| Complete 
|  35|0x0000000082300000, 0x0000000082400000, 0x0000000082400000|100%|HS|  |TAMS 0x0000000082400000, 0x0000000082300000| Complete 
|  36|0x0000000082400000, 0x0000000082500000, 0x0000000082500000|100%| O|  |TAMS 0x0000000082500000, 0x0000000082400000| Untracked 
|  37|0x0000000082500000, 0x0000000082600000, 0x0000000082600000|100%| O|  |TAMS 0x0000000082600000, 0x0000000082500000| Untracked 
|  38|0x0000000082600000, 0x0000000082700000, 0x0000000082700000|100%| O|  |TAMS 0x0000000082600000, 0x0000000082600000| Untracked 
|  39|0x0000000082700000, 0x0000000082800000, 0x0000000082800000|100%|HS|  |TAMS 0x0000000082800000, 0x0000000082700000| Complete 
|  40|0x0000000082800000, 0x0000000082900000, 0x0000000082900000|100%| O|  |TAMS 0x0000000082900000, 0x0000000082800000| Untracked 
|  41|0x0000000082900000, 0x0000000082a00000, 0x0000000082a00000|100%| O|  |TAMS 0x0000000082a00000, 0x0000000082900000| Untracked 
|  42|0x0000000082a00000, 0x0000000082b00000, 0x0000000082b00000|100%| O|  |TAMS 0x0000000082b00000, 0x0000000082a00000| Untracked 
|  43|0x0000000082b00000, 0x0000000082c00000, 0x0000000082c00000|100%| O|  |TAMS 0x0000000082c00000, 0x0000000082b00000| Untracked 
|  44|0x0000000082c00000, 0x0000000082d00000, 0x0000000082d00000|100%| O|  |TAMS 0x0000000082d00000, 0x0000000082c00000| Untracked 
|  45|0x0000000082d00000, 0x0000000082e00000, 0x0000000082e00000|100%| O|  |TAMS 0x0000000082e00000, 0x0000000082d00000| Untracked 
|  46|0x0000000082e00000, 0x0000000082f00000, 0x0000000082f00000|100%| O|  |TAMS 0x0000000082f00000, 0x0000000082e00000| Untracked 
|  47|0x0000000082f00000, 0x0000000083000000, 0x0000000083000000|100%| O|  |TAMS 0x0000000083000000, 0x0000000082f00000| Untracked 
|  48|0x0000000083000000, 0x0000000083100000, 0x0000000083100000|100%| O|  |TAMS 0x0000000083100000, 0x0000000083000000| Untracked 
|  49|0x0000000083100000, 0x0000000083200000, 0x0000000083200000|100%| O|  |TAMS 0x0000000083200000, 0x0000000083100000| Untracked 
|  50|0x0000000083200000, 0x0000000083300000, 0x0000000083300000|100%| O|  |TAMS 0x0000000083300000, 0x0000000083200000| Untracked 
|  51|0x0000000083300000, 0x0000000083400000, 0x0000000083400000|100%| O|  |TAMS 0x0000000083400000, 0x0000000083300000| Untracked 
|  52|0x0000000083400000, 0x0000000083500000, 0x0000000083500000|100%| O|  |TAMS 0x0000000083500000, 0x0000000083400000| Untracked 
|  53|0x0000000083500000, 0x0000000083600000, 0x0000000083600000|100%| O|  |TAMS 0x0000000083600000, 0x0000000083500000| Untracked 
|  54|0x0000000083600000, 0x0000000083700000, 0x0000000083700000|100%| O|  |TAMS 0x0000000083700000, 0x0000000083600000| Untracked 
|  55|0x0000000083700000, 0x0000000083800000, 0x0000000083800000|100%| O|  |TAMS 0x0000000083800000, 0x0000000083700000| Untracked 
|  56|0x0000000083800000, 0x0000000083900000, 0x0000000083900000|100%| O|  |TAMS 0x0000000083900000, 0x0000000083800000| Untracked 
|  57|0x0000000083900000, 0x0000000083a00000, 0x0000000083a00000|100%| O|  |TAMS 0x0000000083a00000, 0x0000000083900000| Untracked 
|  58|0x0000000083a00000, 0x0000000083b00000, 0x0000000083b00000|100%| O|  |TAMS 0x0000000083b00000, 0x0000000083a00000| Untracked 
|  59|0x0000000083b00000, 0x0000000083c00000, 0x0000000083c00000|100%| O|  |TAMS 0x0000000083c00000, 0x0000000083b00000| Untracked 
|  60|0x0000000083c00000, 0x0000000083d00000, 0x0000000083d00000|100%| O|  |TAMS 0x0000000083d00000, 0x0000000083c00000| Untracked 
|  61|0x0000000083d00000, 0x0000000083e00000, 0x0000000083e00000|100%| O|  |TAMS 0x0000000083e00000, 0x0000000083d00000| Untracked 
|  62|0x0000000083e00000, 0x0000000083f00000, 0x0000000083f00000|100%| O|  |TAMS 0x0000000083f00000, 0x0000000083e00000| Untracked 
|  63|0x0000000083f00000, 0x0000000084000000, 0x0000000084000000|100%| O|  |TAMS 0x0000000084000000, 0x0000000083f00000| Untracked 
|  64|0x0000000084000000, 0x0000000084100000, 0x0000000084100000|100%| O|  |TAMS 0x0000000084100000, 0x0000000084000000| Untracked 
|  65|0x0000000084100000, 0x0000000084200000, 0x0000000084200000|100%| O|  |TAMS 0x0000000084200000, 0x0000000084100000| Untracked 
|  66|0x0000000084200000, 0x0000000084300000, 0x0000000084300000|100%| O|  |TAMS 0x0000000084300000, 0x0000000084200000| Untracked 
|  67|0x0000000084300000, 0x0000000084400000, 0x0000000084400000|100%| O|  |TAMS 0x0000000084400000, 0x0000000084300000| Untracked 
|  68|0x0000000084400000, 0x0000000084500000, 0x0000000084500000|100%| O|  |TAMS 0x0000000084500000, 0x0000000084400000| Untracked 
|  69|0x0000000084500000, 0x0000000084600000, 0x0000000084600000|100%| O|  |TAMS 0x0000000084600000, 0x0000000084500000| Untracked 
|  70|0x0000000084600000, 0x0000000084700000, 0x0000000084700000|100%| O|  |TAMS 0x0000000084700000, 0x0000000084600000| Untracked 
|  71|0x0000000084700000, 0x0000000084800000, 0x0000000084800000|100%| O|  |TAMS 0x0000000084800000, 0x0000000084700000| Untracked 
|  72|0x0000000084800000, 0x0000000084900000, 0x0000000084900000|100%| O|  |TAMS 0x0000000084900000, 0x0000000084800000| Untracked 
|  73|0x0000000084900000, 0x0000000084a00000, 0x0000000084a00000|100%| O|  |TAMS 0x0000000084a00000, 0x0000000084900000| Untracked 
|  74|0x0000000084a00000, 0x0000000084b00000, 0x0000000084b00000|100%| O|  |TAMS 0x0000000084ad6c00, 0x0000000084a00000| Untracked 
|  75|0x0000000084b00000, 0x0000000084c00000, 0x0000000084c00000|100%| O|  |TAMS 0x0000000084b00000, 0x0000000084b00000| Untracked 
|  76|0x0000000084c00000, 0x0000000084d00000, 0x0000000084d00000|100%| O|  |TAMS 0x0000000084c00000, 0x0000000084c00000| Untracked 
|  77|0x0000000084d00000, 0x0000000084e00000, 0x0000000084e00000|100%| O|  |TAMS 0x0000000084d00000, 0x0000000084d00000| Untracked 
|  78|0x0000000084e00000, 0x0000000084f00000, 0x0000000084f00000|100%| O|  |TAMS 0x0000000084e00000, 0x0000000084e00000| Untracked 
|  79|0x0000000084f00000, 0x0000000085000000, 0x0000000085000000|100%| O|  |TAMS 0x0000000084f00000, 0x0000000084f00000| Untracked 
|  80|0x0000000085000000, 0x0000000085100000, 0x0000000085100000|100%| O|  |TAMS 0x0000000085000000, 0x0000000085000000| Untracked 
|  81|0x0000000085100000, 0x0000000085200000, 0x0000000085200000|100%| O|  |TAMS 0x0000000085100000, 0x0000000085100000| Untracked 
|  82|0x0000000085200000, 0x0000000085300000, 0x0000000085300000|100%| O|  |TAMS 0x0000000085200000, 0x0000000085200000| Untracked 
|  83|0x0000000085300000, 0x0000000085400000, 0x0000000085400000|100%| O|  |TAMS 0x0000000085300000, 0x0000000085300000| Untracked 
|  84|0x0000000085400000, 0x0000000085500000, 0x0000000085500000|100%| O|  |TAMS 0x0000000085400000, 0x0000000085400000| Untracked 
|  85|0x0000000085500000, 0x0000000085600000, 0x0000000085600000|100%| O|  |TAMS 0x0000000085500000, 0x0000000085500000| Untracked 
|  86|0x0000000085600000, 0x0000000085700000, 0x0000000085700000|100%| O|  |TAMS 0x0000000085600000, 0x0000000085600000| Untracked 
|  87|0x0000000085700000, 0x0000000085800000, 0x0000000085800000|100%| O|  |TAMS 0x0000000085700000, 0x0000000085700000| Untracked 
|  88|0x0000000085800000, 0x0000000085900000, 0x0000000085900000|100%|HS|  |TAMS 0x0000000085800000, 0x0000000085800000| Complete 
|  89|0x0000000085900000, 0x0000000085a00000, 0x0000000085a00000|100%|HC|  |TAMS 0x0000000085900000, 0x0000000085900000| Complete 
|  90|0x0000000085a00000, 0x0000000085a00000, 0x0000000085b00000|  0%| F|  |TAMS 0x0000000085a00000, 0x0000000085a00000| Untracked 
|  91|0x0000000085b00000, 0x0000000085b00000, 0x0000000085c00000|  0%| F|  |TAMS 0x0000000085b00000, 0x0000000085b00000| Untracked 
|  92|0x0000000085c00000, 0x0000000085c00000, 0x0000000085d00000|  0%| F|  |TAMS 0x0000000085c00000, 0x0000000085c00000| Untracked 
|  93|0x0000000085d00000, 0x0000000085d00000, 0x0000000085e00000|  0%| F|  |TAMS 0x0000000085d00000, 0x0000000085d00000| Untracked 
|  94|0x0000000085e00000, 0x0000000085f00000, 0x0000000085f00000|100%| O|  |TAMS 0x0000000085e00000, 0x0000000085e00000| Untracked 
|  95|0x0000000085f00000, 0x0000000086000000, 0x0000000086000000|100%| O|  |TAMS 0x0000000085f00000, 0x0000000085f00000| Untracked 
|  96|0x0000000086000000, 0x0000000086100000, 0x0000000086100000|100%| O|  |TAMS 0x0000000086000000, 0x0000000086000000| Untracked 
|  97|0x0000000086100000, 0x0000000086200000, 0x0000000086200000|100%| O|  |TAMS 0x0000000086100000, 0x0000000086100000| Untracked 
|  98|0x0000000086200000, 0x0000000086300000, 0x0000000086300000|100%| O|  |TAMS 0x0000000086200000, 0x0000000086200000| Untracked 
|  99|0x0000000086300000, 0x0000000086400000, 0x0000000086400000|100%| O|  |TAMS 0x0000000086300000, 0x0000000086300000| Untracked 
| 100|0x0000000086400000, 0x0000000086500000, 0x0000000086500000|100%| O|  |TAMS 0x0000000086400000, 0x0000000086400000| Untracked 
| 101|0x0000000086500000, 0x0000000086600000, 0x0000000086600000|100%| O|  |TAMS 0x0000000086500000, 0x0000000086500000| Untracked 
| 102|0x0000000086600000, 0x0000000086651c00, 0x0000000086700000| 31%| O|  |TAMS 0x0000000086600000, 0x0000000086600000| Untracked 
| 103|0x0000000086700000, 0x0000000086700000, 0x0000000086800000|  0%| F|  |TAMS 0x0000000086700000, 0x0000000086700000| Untracked 
| 104|0x0000000086800000, 0x0000000086800000, 0x0000000086900000|  0%| F|  |TAMS 0x0000000086800000, 0x0000000086800000| Untracked 
| 105|0x0000000086900000, 0x0000000086900000, 0x0000000086a00000|  0%| F|  |TAMS 0x0000000086900000, 0x0000000086900000| Untracked 
| 106|0x0000000086a00000, 0x0000000086a00000, 0x0000000086b00000|  0%| F|  |TAMS 0x0000000086a00000, 0x0000000086a00000| Untracked 
| 107|0x0000000086b00000, 0x0000000086b00000, 0x0000000086c00000|  0%| F|  |TAMS 0x0000000086b00000, 0x0000000086b00000| Untracked 
| 108|0x0000000086c00000, 0x0000000086c00000, 0x0000000086d00000|  0%| F|  |TAMS 0x0000000086c00000, 0x0000000086c00000| Untracked 
| 109|0x0000000086d00000, 0x0000000086d00000, 0x0000000086e00000|  0%| F|  |TAMS 0x0000000086d00000, 0x0000000086d00000| Untracked 
| 110|0x0000000086e00000, 0x0000000086e00000, 0x0000000086f00000|  0%| F|  |TAMS 0x0000000086e00000, 0x0000000086e00000| Untracked 
| 111|0x0000000086f00000, 0x0000000086f00000, 0x0000000087000000|  0%| F|  |TAMS 0x0000000086f00000, 0x0000000086f00000| Untracked 
| 112|0x0000000087000000, 0x0000000087000000, 0x0000000087100000|  0%| F|  |TAMS 0x0000000087000000, 0x0000000087000000| Untracked 
| 113|0x0000000087100000, 0x0000000087100000, 0x0000000087200000|  0%| F|  |TAMS 0x0000000087100000, 0x0000000087100000| Untracked 
| 114|0x0000000087200000, 0x0000000087200000, 0x0000000087300000|  0%| F|  |TAMS 0x0000000087200000, 0x0000000087200000| Untracked 
| 115|0x0000000087300000, 0x0000000087300000, 0x0000000087400000|  0%| F|  |TAMS 0x0000000087300000, 0x0000000087300000| Untracked 
| 116|0x0000000087400000, 0x0000000087400000, 0x0000000087500000|  0%| F|  |TAMS 0x0000000087400000, 0x0000000087400000| Untracked 
| 117|0x0000000087500000, 0x0000000087500000, 0x0000000087600000|  0%| F|  |TAMS 0x0000000087500000, 0x0000000087500000| Untracked 
| 118|0x0000000087600000, 0x0000000087600000, 0x0000000087700000|  0%| F|  |TAMS 0x0000000087600000, 0x0000000087600000| Untracked 
| 119|0x0000000087700000, 0x0000000087700000, 0x0000000087800000|  0%| F|  |TAMS 0x0000000087700000, 0x0000000087700000| Untracked 
| 120|0x0000000087800000, 0x0000000087800000, 0x0000000087900000|  0%| F|  |TAMS 0x0000000087800000, 0x0000000087800000| Untracked 
| 121|0x0000000087900000, 0x0000000087900000, 0x0000000087a00000|  0%| F|  |TAMS 0x0000000087900000, 0x0000000087900000| Untracked 
| 122|0x0000000087a00000, 0x0000000087a00000, 0x0000000087b00000|  0%| F|  |TAMS 0x0000000087a00000, 0x0000000087a00000| Untracked 
| 123|0x0000000087b00000, 0x0000000087b00000, 0x0000000087c00000|  0%| F|  |TAMS 0x0000000087b00000, 0x0000000087b00000| Untracked 
| 124|0x0000000087c00000, 0x0000000087c00000, 0x0000000087d00000|  0%| F|  |TAMS 0x0000000087c00000, 0x0000000087c00000| Untracked 
| 125|0x0000000087d00000, 0x0000000087d00000, 0x0000000087e00000|  0%| F|  |TAMS 0x0000000087d00000, 0x0000000087d00000| Untracked 
| 126|0x0000000087e00000, 0x0000000087e00000, 0x0000000087f00000|  0%| F|  |TAMS 0x0000000087e00000, 0x0000000087e00000| Untracked 
| 127|0x0000000087f00000, 0x0000000087f00000, 0x0000000088000000|  0%| F|  |TAMS 0x0000000087f00000, 0x0000000087f00000| Untracked 
| 128|0x0000000088000000, 0x0000000088000000, 0x0000000088100000|  0%| F|  |TAMS 0x0000000088000000, 0x0000000088000000| Untracked 
| 129|0x0000000088100000, 0x0000000088100000, 0x0000000088200000|  0%| F|  |TAMS 0x0000000088100000, 0x0000000088100000| Untracked 
| 130|0x0000000088200000, 0x0000000088200000, 0x0000000088300000|  0%| F|  |TAMS 0x0000000088200000, 0x0000000088200000| Untracked 
| 131|0x0000000088300000, 0x0000000088300000, 0x0000000088400000|  0%| F|  |TAMS 0x0000000088300000, 0x0000000088300000| Untracked 
| 132|0x0000000088400000, 0x0000000088400000, 0x0000000088500000|  0%| F|  |TAMS 0x0000000088400000, 0x0000000088400000| Untracked 
| 133|0x0000000088500000, 0x0000000088500000, 0x0000000088600000|  0%| F|  |TAMS 0x0000000088500000, 0x0000000088500000| Untracked 
| 134|0x0000000088600000, 0x0000000088600000, 0x0000000088700000|  0%| F|  |TAMS 0x0000000088600000, 0x0000000088600000| Untracked 
| 135|0x0000000088700000, 0x0000000088700000, 0x0000000088800000|  0%| F|  |TAMS 0x0000000088700000, 0x0000000088700000| Untracked 
| 136|0x0000000088800000, 0x0000000088800000, 0x0000000088900000|  0%| F|  |TAMS 0x0000000088800000, 0x0000000088800000| Untracked 
| 137|0x0000000088900000, 0x0000000088900000, 0x0000000088a00000|  0%| F|  |TAMS 0x0000000088900000, 0x0000000088900000| Untracked 
| 138|0x0000000088a00000, 0x0000000088a00000, 0x0000000088b00000|  0%| F|  |TAMS 0x0000000088a00000, 0x0000000088a00000| Untracked 
| 139|0x0000000088b00000, 0x0000000088b00000, 0x0000000088c00000|  0%| F|  |TAMS 0x0000000088b00000, 0x0000000088b00000| Untracked 
| 140|0x0000000088c00000, 0x0000000088c8b498, 0x0000000088d00000| 54%| S|CS|TAMS 0x0000000088c00000, 0x0000000088c00000| Complete 
| 141|0x0000000088d00000, 0x0000000088e00000, 0x0000000088e00000|100%| S|CS|TAMS 0x0000000088d00000, 0x0000000088d00000| Complete 
| 142|0x0000000088e00000, 0x0000000088f00000, 0x0000000088f00000|100%| S|CS|TAMS 0x0000000088e00000, 0x0000000088e00000| Complete 
| 143|0x0000000088f00000, 0x0000000089000000, 0x0000000089000000|100%| S|CS|TAMS 0x0000000088f00000, 0x0000000088f00000| Complete 
| 144|0x0000000089000000, 0x0000000089100000, 0x0000000089100000|100%| S|CS|TAMS 0x0000000089000000, 0x0000000089000000| Complete 
| 145|0x0000000089100000, 0x0000000089100000, 0x0000000089200000|  0%| F|  |TAMS 0x0000000089100000, 0x0000000089100000| Untracked 
| 146|0x0000000089200000, 0x0000000089200000, 0x0000000089300000|  0%| F|  |TAMS 0x0000000089200000, 0x0000000089200000| Untracked 
| 147|0x0000000089300000, 0x0000000089300000, 0x0000000089400000|  0%| F|  |TAMS 0x0000000089300000, 0x0000000089300000| Untracked 
| 148|0x0000000089400000, 0x0000000089400000, 0x0000000089500000|  0%| F|  |TAMS 0x0000000089400000, 0x0000000089400000| Untracked 
| 149|0x0000000089500000, 0x0000000089500000, 0x0000000089600000|  0%| F|  |TAMS 0x0000000089500000, 0x0000000089500000| Untracked 
| 150|0x0000000089600000, 0x0000000089600000, 0x0000000089700000|  0%| F|  |TAMS 0x0000000089600000, 0x0000000089600000| Untracked 
| 151|0x0000000089700000, 0x0000000089700000, 0x0000000089800000|  0%| F|  |TAMS 0x0000000089700000, 0x0000000089700000| Untracked 
| 152|0x0000000089800000, 0x0000000089800000, 0x0000000089900000|  0%| F|  |TAMS 0x0000000089800000, 0x0000000089800000| Untracked 
| 153|0x0000000089900000, 0x0000000089900000, 0x0000000089a00000|  0%| F|  |TAMS 0x0000000089900000, 0x0000000089900000| Untracked 
| 154|0x0000000089a00000, 0x0000000089a00000, 0x0000000089b00000|  0%| F|  |TAMS 0x0000000089a00000, 0x0000000089a00000| Untracked 
| 155|0x0000000089b00000, 0x0000000089b00000, 0x0000000089c00000|  0%| F|  |TAMS 0x0000000089b00000, 0x0000000089b00000| Untracked 
| 156|0x0000000089c00000, 0x0000000089c00000, 0x0000000089d00000|  0%| F|  |TAMS 0x0000000089c00000, 0x0000000089c00000| Untracked 
| 157|0x0000000089d00000, 0x0000000089d00000, 0x0000000089e00000|  0%| F|  |TAMS 0x0000000089d00000, 0x0000000089d00000| Untracked 
| 158|0x0000000089e00000, 0x0000000089e00000, 0x0000000089f00000|  0%| F|  |TAMS 0x0000000089e00000, 0x0000000089e00000| Untracked 
| 159|0x0000000089f00000, 0x0000000089f00000, 0x000000008a000000|  0%| F|  |TAMS 0x0000000089f00000, 0x0000000089f00000| Untracked 
| 160|0x000000008a000000, 0x000000008a000000, 0x000000008a100000|  0%| F|  |TAMS 0x000000008a000000, 0x000000008a000000| Untracked 
| 161|0x000000008a100000, 0x000000008a100000, 0x000000008a200000|  0%| F|  |TAMS 0x000000008a100000, 0x000000008a100000| Untracked 
| 162|0x000000008a200000, 0x000000008a200000, 0x000000008a300000|  0%| F|  |TAMS 0x000000008a200000, 0x000000008a200000| Untracked 
| 163|0x000000008a300000, 0x000000008a300000, 0x000000008a400000|  0%| F|  |TAMS 0x000000008a300000, 0x000000008a300000| Untracked 
| 164|0x000000008a400000, 0x000000008a400000, 0x000000008a500000|  0%| F|  |TAMS 0x000000008a400000, 0x000000008a400000| Untracked 
| 165|0x000000008a500000, 0x000000008a500000, 0x000000008a600000|  0%| F|  |TAMS 0x000000008a500000, 0x000000008a500000| Untracked 
| 166|0x000000008a600000, 0x000000008a600000, 0x000000008a700000|  0%| F|  |TAMS 0x000000008a600000, 0x000000008a600000| Untracked 
| 167|0x000000008a700000, 0x000000008a700000, 0x000000008a800000|  0%| F|  |TAMS 0x000000008a700000, 0x000000008a700000| Untracked 
| 168|0x000000008a800000, 0x000000008a80a2d8, 0x000000008a900000|  3%| E|  |TAMS 0x000000008a800000, 0x000000008a800000| Complete 
| 169|0x000000008a900000, 0x000000008aa00000, 0x000000008aa00000|100%| E|CS|TAMS 0x000000008a900000, 0x000000008a900000| Complete 
| 170|0x000000008aa00000, 0x000000008ab00000, 0x000000008ab00000|100%| E|CS|TAMS 0x000000008aa00000, 0x000000008aa00000| Complete 
| 171|0x000000008ab00000, 0x000000008ac00000, 0x000000008ac00000|100%| E|CS|TAMS 0x000000008ab00000, 0x000000008ab00000| Complete 
| 172|0x000000008ac00000, 0x000000008ad00000, 0x000000008ad00000|100%| E|CS|TAMS 0x000000008ac00000, 0x000000008ac00000| Complete 
| 173|0x000000008ad00000, 0x000000008ae00000, 0x000000008ae00000|100%| E|CS|TAMS 0x000000008ad00000, 0x000000008ad00000| Complete 
| 174|0x000000008ae00000, 0x000000008af00000, 0x000000008af00000|100%| E|  |TAMS 0x000000008ae00000, 0x000000008ae00000| Complete 
| 175|0x000000008af00000, 0x000000008b000000, 0x000000008b000000|100%| E|CS|TAMS 0x000000008af00000, 0x000000008af00000| Complete 
| 176|0x000000008b000000, 0x000000008b100000, 0x000000008b100000|100%| E|CS|TAMS 0x000000008b000000, 0x000000008b000000| Complete 
| 177|0x000000008b100000, 0x000000008b200000, 0x000000008b200000|100%| E|CS|TAMS 0x000000008b100000, 0x000000008b100000| Complete 
| 178|0x000000008b200000, 0x000000008b300000, 0x000000008b300000|100%| E|CS|TAMS 0x000000008b200000, 0x000000008b200000| Complete 
| 179|0x000000008b300000, 0x000000008b400000, 0x000000008b400000|100%| E|CS|TAMS 0x000000008b300000, 0x000000008b300000| Complete 
| 180|0x000000008b400000, 0x000000008b500000, 0x000000008b500000|100%| E|CS|TAMS 0x000000008b400000, 0x000000008b400000| Complete 
| 181|0x000000008b500000, 0x000000008b600000, 0x000000008b600000|100%| E|CS|TAMS 0x000000008b500000, 0x000000008b500000| Complete 
| 182|0x000000008b600000, 0x000000008b700000, 0x000000008b700000|100%| E|CS|TAMS 0x000000008b600000, 0x000000008b600000| Complete 
| 183|0x000000008b700000, 0x000000008b800000, 0x000000008b800000|100%| E|CS|TAMS 0x000000008b700000, 0x000000008b700000| Complete 
| 184|0x000000008b800000, 0x000000008b900000, 0x000000008b900000|100%| E|CS|TAMS 0x000000008b800000, 0x000000008b800000| Complete 
| 185|0x000000008b900000, 0x000000008ba00000, 0x000000008ba00000|100%| E|CS|TAMS 0x000000008b900000, 0x000000008b900000| Complete 
| 186|0x000000008ba00000, 0x000000008bb00000, 0x000000008bb00000|100%| E|CS|TAMS 0x000000008ba00000, 0x000000008ba00000| Complete 
| 187|0x000000008bb00000, 0x000000008bc00000, 0x000000008bc00000|100%| E|CS|TAMS 0x000000008bb00000, 0x000000008bb00000| Complete 
| 188|0x000000008bc00000, 0x000000008bd00000, 0x000000008bd00000|100%| E|CS|TAMS 0x000000008bc00000, 0x000000008bc00000| Complete 
| 189|0x000000008bd00000, 0x000000008be00000, 0x000000008be00000|100%| E|CS|TAMS 0x000000008bd00000, 0x000000008bd00000| Complete 
| 190|0x000000008be00000, 0x000000008bf00000, 0x000000008bf00000|100%| E|CS|TAMS 0x000000008be00000, 0x000000008be00000| Complete 
| 191|0x000000008bf00000, 0x000000008c000000, 0x000000008c000000|100%| E|CS|TAMS 0x000000008bf00000, 0x000000008bf00000| Complete 
| 192|0x000000008c000000, 0x000000008c100000, 0x000000008c100000|100%| E|CS|TAMS 0x000000008c000000, 0x000000008c000000| Complete 
| 193|0x000000008c100000, 0x000000008c200000, 0x000000008c200000|100%| E|CS|TAMS 0x000000008c100000, 0x000000008c100000| Complete 
| 194|0x000000008c200000, 0x000000008c300000, 0x000000008c300000|100%| E|CS|TAMS 0x000000008c200000, 0x000000008c200000| Complete 
| 195|0x000000008c300000, 0x000000008c400000, 0x000000008c400000|100%| E|CS|TAMS 0x000000008c300000, 0x000000008c300000| Complete 
| 196|0x000000008c400000, 0x000000008c500000, 0x000000008c500000|100%| E|CS|TAMS 0x000000008c400000, 0x000000008c400000| Complete 
| 197|0x000000008c500000, 0x000000008c600000, 0x000000008c600000|100%| E|CS|TAMS 0x000000008c500000, 0x000000008c500000| Complete 
| 198|0x000000008c600000, 0x000000008c700000, 0x000000008c700000|100%| E|CS|TAMS 0x000000008c600000, 0x000000008c600000| Complete 
| 199|0x000000008c700000, 0x000000008c800000, 0x000000008c800000|100%| E|CS|TAMS 0x000000008c700000, 0x000000008c700000| Complete 
| 200|0x000000008c800000, 0x000000008c900000, 0x000000008c900000|100%| E|CS|TAMS 0x000000008c800000, 0x000000008c800000| Complete 
| 201|0x000000008c900000, 0x000000008ca00000, 0x000000008ca00000|100%| E|CS|TAMS 0x000000008c900000, 0x000000008c900000| Complete 
| 202|0x000000008ca00000, 0x000000008cb00000, 0x000000008cb00000|100%| E|CS|TAMS 0x000000008ca00000, 0x000000008ca00000| Complete 
| 203|0x000000008cb00000, 0x000000008cc00000, 0x000000008cc00000|100%| E|CS|TAMS 0x000000008cb00000, 0x000000008cb00000| Complete 
| 204|0x000000008cc00000, 0x000000008cd00000, 0x000000008cd00000|100%| E|CS|TAMS 0x000000008cc00000, 0x000000008cc00000| Complete 
| 205|0x000000008cd00000, 0x000000008ce00000, 0x000000008ce00000|100%| E|CS|TAMS 0x000000008cd00000, 0x000000008cd00000| Complete 
| 206|0x000000008ce00000, 0x000000008cf00000, 0x000000008cf00000|100%| E|CS|TAMS 0x000000008ce00000, 0x000000008ce00000| Complete 
| 207|0x000000008cf00000, 0x000000008d000000, 0x000000008d000000|100%| E|CS|TAMS 0x000000008cf00000, 0x000000008cf00000| Complete 
| 208|0x000000008d000000, 0x000000008d100000, 0x000000008d100000|100%| E|CS|TAMS 0x000000008d000000, 0x000000008d000000| Complete 
| 209|0x000000008d100000, 0x000000008d200000, 0x000000008d200000|100%| E|CS|TAMS 0x000000008d100000, 0x000000008d100000| Complete 
| 210|0x000000008d200000, 0x000000008d300000, 0x000000008d300000|100%| E|CS|TAMS 0x000000008d200000, 0x000000008d200000| Complete 
| 211|0x000000008d300000, 0x000000008d400000, 0x000000008d400000|100%| E|CS|TAMS 0x000000008d300000, 0x000000008d300000| Complete 
| 212|0x000000008d400000, 0x000000008d500000, 0x000000008d500000|100%| E|CS|TAMS 0x000000008d400000, 0x000000008d400000| Complete 
| 213|0x000000008d500000, 0x000000008d600000, 0x000000008d600000|100%| E|CS|TAMS 0x000000008d500000, 0x000000008d500000| Complete 
| 214|0x000000008d600000, 0x000000008d700000, 0x000000008d700000|100%| E|CS|TAMS 0x000000008d600000, 0x000000008d600000| Complete 
| 215|0x000000008d700000, 0x000000008d800000, 0x000000008d800000|100%| E|CS|TAMS 0x000000008d700000, 0x000000008d700000| Complete 
| 216|0x000000008d800000, 0x000000008d900000, 0x000000008d900000|100%| E|CS|TAMS 0x000000008d800000, 0x000000008d800000| Complete 
| 217|0x000000008d900000, 0x000000008da00000, 0x000000008da00000|100%| E|CS|TAMS 0x000000008d900000, 0x000000008d900000| Complete 
| 218|0x000000008da00000, 0x000000008db00000, 0x000000008db00000|100%| E|CS|TAMS 0x000000008da00000, 0x000000008da00000| Complete 
| 219|0x000000008db00000, 0x000000008dc00000, 0x000000008dc00000|100%| E|CS|TAMS 0x000000008db00000, 0x000000008db00000| Complete 
| 220|0x000000008dc00000, 0x000000008dd00000, 0x000000008dd00000|100%| E|CS|TAMS 0x000000008dc00000, 0x000000008dc00000| Complete 
| 221|0x000000008dd00000, 0x000000008de00000, 0x000000008de00000|100%| E|CS|TAMS 0x000000008dd00000, 0x000000008dd00000| Complete 
| 222|0x000000008de00000, 0x000000008df00000, 0x000000008df00000|100%| E|CS|TAMS 0x000000008de00000, 0x000000008de00000| Complete 
| 223|0x000000008df00000, 0x000000008e000000, 0x000000008e000000|100%| E|CS|TAMS 0x000000008df00000, 0x000000008df00000| Complete 
| 224|0x000000008e000000, 0x000000008e100000, 0x000000008e100000|100%| E|CS|TAMS 0x000000008e000000, 0x000000008e000000| Complete 
| 225|0x000000008e100000, 0x000000008e200000, 0x000000008e200000|100%| E|CS|TAMS 0x000000008e100000, 0x000000008e100000| Complete 
| 226|0x000000008e200000, 0x000000008e300000, 0x000000008e300000|100%| E|CS|TAMS 0x000000008e200000, 0x000000008e200000| Complete 
| 227|0x000000008e300000, 0x000000008e400000, 0x000000008e400000|100%| E|CS|TAMS 0x000000008e300000, 0x000000008e300000| Complete 
| 228|0x000000008e400000, 0x000000008e500000, 0x000000008e500000|100%| E|CS|TAMS 0x000000008e400000, 0x000000008e400000| Complete 
| 229|0x000000008e500000, 0x000000008e600000, 0x000000008e600000|100%| E|CS|TAMS 0x000000008e500000, 0x000000008e500000| Complete 
| 230|0x000000008e600000, 0x000000008e700000, 0x000000008e700000|100%| E|CS|TAMS 0x000000008e600000, 0x000000008e600000| Complete 
| 231|0x000000008e700000, 0x000000008e800000, 0x000000008e800000|100%| E|CS|TAMS 0x000000008e700000, 0x000000008e700000| Complete 
| 232|0x000000008e800000, 0x000000008e900000, 0x000000008e900000|100%| E|CS|TAMS 0x000000008e800000, 0x000000008e800000| Complete 
| 233|0x000000008e900000, 0x000000008ea00000, 0x000000008ea00000|100%| E|CS|TAMS 0x000000008e900000, 0x000000008e900000| Complete 
| 234|0x000000008ea00000, 0x000000008eb00000, 0x000000008eb00000|100%| E|CS|TAMS 0x000000008ea00000, 0x000000008ea00000| Complete 
| 235|0x000000008eb00000, 0x000000008ec00000, 0x000000008ec00000|100%| E|CS|TAMS 0x000000008eb00000, 0x000000008eb00000| Complete 
| 236|0x000000008ec00000, 0x000000008ed00000, 0x000000008ed00000|100%| E|CS|TAMS 0x000000008ec00000, 0x000000008ec00000| Complete 
| 237|0x000000008ed00000, 0x000000008ee00000, 0x000000008ee00000|100%| E|CS|TAMS 0x000000008ed00000, 0x000000008ed00000| Complete 
| 238|0x000000008ee00000, 0x000000008ef00000, 0x000000008ef00000|100%| E|CS|TAMS 0x000000008ee00000, 0x000000008ee00000| Complete 
| 239|0x000000008ef00000, 0x000000008f000000, 0x000000008f000000|100%| E|CS|TAMS 0x000000008ef00000, 0x000000008ef00000| Complete 
| 240|0x000000008f000000, 0x000000008f100000, 0x000000008f100000|100%| E|CS|TAMS 0x000000008f000000, 0x000000008f000000| Complete 
| 241|0x000000008f100000, 0x000000008f200000, 0x000000008f200000|100%| E|CS|TAMS 0x000000008f100000, 0x000000008f100000| Complete 
| 242|0x000000008f200000, 0x000000008f300000, 0x000000008f300000|100%| E|CS|TAMS 0x000000008f200000, 0x000000008f200000| Complete 
| 243|0x000000008f300000, 0x000000008f400000, 0x000000008f400000|100%| E|CS|TAMS 0x000000008f300000, 0x000000008f300000| Complete 
| 244|0x000000008f400000, 0x000000008f500000, 0x000000008f500000|100%| E|CS|TAMS 0x000000008f400000, 0x000000008f400000| Complete 
| 245|0x000000008f500000, 0x000000008f600000, 0x000000008f600000|100%| E|CS|TAMS 0x000000008f500000, 0x000000008f500000| Complete 
| 246|0x000000008f600000, 0x000000008f700000, 0x000000008f700000|100%| E|CS|TAMS 0x000000008f600000, 0x000000008f600000| Complete 
| 247|0x000000008f700000, 0x000000008f800000, 0x000000008f800000|100%| E|CS|TAMS 0x000000008f700000, 0x000000008f700000| Complete 
| 248|0x000000008f800000, 0x000000008f900000, 0x000000008f900000|100%| E|CS|TAMS 0x000000008f800000, 0x000000008f800000| Complete 
| 249|0x000000008f900000, 0x000000008fa00000, 0x000000008fa00000|100%| E|CS|TAMS 0x000000008f900000, 0x000000008f900000| Complete 

Card table byte_map: [0x0000024b5d2b0000,0x0000024b5d6b0000] _byte_map_base: 0x0000024b5ceb0000

Marking Bits (Prev, Next): (CMBitMap*) 0x0000024b4aa397c0, (CMBitMap*) 0x0000024b4aa39780
 Prev Bits: [0x0000024b5fab0000, 0x0000024b61ab0000)
 Next Bits: [0x0000024b5dab0000, 0x0000024b5fab0000)

Polling page: 0x0000024b488b0000

Metaspace:

Usage:
  Non-class:    104.09 MB used.
      Class:     16.36 MB used.
       Both:    120.45 MB used.

Virtual space:
  Non-class space:      112.00 MB reserved,     104.44 MB ( 93%) committed,  14 nodes.
      Class space:        1.00 GB reserved,      16.75 MB (  2%) committed,  1 nodes.
             Both:        1.11 GB reserved,     121.19 MB ( 11%) committed. 

Chunk freelists:
   Non-Class:  3.06 MB
       Class:  3.11 MB
        Both:  6.17 MB

MaxMetaspaceSize: unlimited
CompressedClassSpaceSize: 1.00 GB
Initial GC threshold: 21.00 MB
Current GC threshold: 138.56 MB
CDS: off
MetaspaceReclaimPolicy: balanced
 - commit_granule_bytes: 65536.
 - commit_granule_words: 8192.
 - virtual_space_node_default_size: 1048576.
 - enlarge_chunks_in_place: 1.
 - new_chunks_are_fully_committed: 0.
 - uncommit_free_chunks: 1.
 - use_allocation_guard: 0.
 - handle_deallocations: 1.


Internal statistics:

num_allocs_failed_limit: 6.
num_arena_births: 1098.
num_arena_deaths: 0.
num_vsnodes_births: 15.
num_vsnodes_deaths: 0.
num_space_committed: 1939.
num_space_uncommitted: 0.
num_chunks_returned_to_freelist: 6.
num_chunks_taken_from_freelist: 5690.
num_chunk_merges: 6.
num_chunk_splits: 3871.
num_chunks_enlarged: 2723.
num_purges: 0.
num_inconsistent_stats: 0.

CodeHeap 'non-profiled nmethods': size=120000Kb used=7751Kb max_used=7751Kb free=112248Kb
 bounds [0x0000024b55980000, 0x0000024b56120000, 0x0000024b5ceb0000]
CodeHeap 'profiled nmethods': size=120000Kb used=25615Kb max_used=25615Kb free=94384Kb
 bounds [0x0000024b4deb0000, 0x0000024b4f7c0000, 0x0000024b553e0000]
CodeHeap 'non-nmethods': size=5760Kb used=2432Kb max_used=2472Kb free=3327Kb
 bounds [0x0000024b553e0000, 0x0000024b55650000, 0x0000024b55980000]
 total_blobs=14239 nmethods=13260 adapters=891
 compilation: enabled
              stopped_count=0, restarted_count=0
 full_count=0

Compilation events (20 events):
Event: 46.276 Thread 0x0000024b63fe6f30 15809       2       com.android.tools.r8.internal.V2::K2 (12 bytes)
Event: 46.276 Thread 0x0000024b63fe6f30 nmethod 15809 0x0000024b4f791c90 code [0x0000024b4f791e40, 0x0000024b4f792008]
Event: 46.276 Thread 0x0000024b63fe6f30 15807       2       com.android.tools.r8.internal.AB::b (124 bytes)
Event: 46.276 Thread 0x0000024b63fe6f30 nmethod 15807 0x0000024b4f792190 code [0x0000024b4f792340, 0x0000024b4f7924a8]
Event: 46.276 Thread 0x0000024b63fe6f30 15811       2       com.android.tools.r8.internal.Gc::N2 (43 bytes)
Event: 46.276 Thread 0x0000024b63fe6f30 nmethod 15811 0x0000024b4f792590 code [0x0000024b4f792720, 0x0000024b4f792838]
Event: 46.276 Thread 0x0000024b63fe6f30 15814       2       com.android.tools.r8.internal.Dk::a (16 bytes)
Event: 46.277 Thread 0x0000024b63fe6f30 nmethod 15814 0x0000024b4f792910 code [0x0000024b4f792aa0, 0x0000024b4f792c08]
Event: 46.277 Thread 0x0000024b63fe6f30 15817       2       com.android.tools.r8.internal.U10::e (15 bytes)
Event: 46.277 Thread 0x0000024b63fe6f30 nmethod 15817 0x0000024b4f792c90 code [0x0000024b4f792e20, 0x0000024b4f792f88]
Event: 46.277 Thread 0x0000024b63fe6f30 15816       2       com.android.tools.r8.internal.Gm::a (87 bytes)
Event: 46.277 Thread 0x0000024b63fe6f30 nmethod 15816 0x0000024b4f793090 code [0x0000024b4f793260, 0x0000024b4f7935d8]
Event: 46.277 Thread 0x0000024b63fe6f30 15806       2       com.android.tools.r8.internal.Im::<init> (5 bytes)
Event: 46.277 Thread 0x0000024b63fe6f30 nmethod 15806 0x0000024b4f793810 code [0x0000024b4f7939a0, 0x0000024b4f793a98]
Event: 46.277 Thread 0x0000024b63fe6f30 15815       1       sun.security.provider.DigestBase::engineGetDigestLength (5 bytes)
Event: 46.277 Thread 0x0000024b63fe6f30 nmethod 15815 0x0000024b56111410 code [0x0000024b561115a0, 0x0000024b56111678]
Event: 46.278 Thread 0x0000024b63fe6f30 15818       2       com.android.tools.r8.internal.BG::J2 (12 bytes)
Event: 46.278 Thread 0x0000024b63fe6f30 nmethod 15818 0x0000024b4f793b10 code [0x0000024b4f793cc0, 0x0000024b4f793e88]
Event: 46.280 Thread 0x0000024b63fe6f30 15819       2       com.android.tools.r8.internal.Hm::<init> (18 bytes)
Event: 46.280 Thread 0x0000024b63fe6f30 nmethod 15819 0x0000024b4f794010 code [0x0000024b4f7941a0, 0x0000024b4f794398]

GC Heap History (20 events):
Event: 24.956 GC heap before
{Heap before GC invocations=48 (full 0):
 garbage-first heap   total 116736K, used 68954K [0x0000000080000000, 0x0000000100000000)
  region size 1024K, 5 young (5120K), 4 survivors (4096K)
 Metaspace       used 81906K, committed 82496K, reserved 1122304K
  class space    used 11123K, committed 11392K, reserved 1048576K
}
Event: 24.962 GC heap after
{Heap after GC invocations=49 (full 0):
 garbage-first heap   total 116736K, used 68026K [0x0000000080000000, 0x0000000100000000)
  region size 1024K, 1 young (1024K), 1 survivors (1024K)
 Metaspace       used 81906K, committed 82496K, reserved 1122304K
  class space    used 11123K, committed 11392K, reserved 1048576K
}
Event: 25.414 GC heap before
{Heap before GC invocations=49 (full 0):
 garbage-first heap   total 116736K, used 95674K [0x0000000080000000, 0x0000000100000000)
  region size 1024K, 28 young (28672K), 1 survivors (1024K)
 Metaspace       used 82024K, committed 82688K, reserved 1122304K
  class space    used 11135K, committed 11456K, reserved 1048576K
}
Event: 25.420 GC heap after
{Heap after GC invocations=50 (full 0):
 garbage-first heap   total 116736K, used 72693K [0x0000000080000000, 0x0000000100000000)
  region size 1024K, 4 young (4096K), 4 survivors (4096K)
 Metaspace       used 82024K, committed 82688K, reserved 1122304K
  class space    used 11135K, committed 11456K, reserved 1048576K
}
Event: 26.472 GC heap before
{Heap before GC invocations=51 (full 0):
 garbage-first heap   total 128000K, used 94197K [0x0000000080000000, 0x0000000100000000)
  region size 1024K, 26 young (26624K), 4 survivors (4096K)
 Metaspace       used 83817K, committed 84480K, reserved 1122304K
  class space    used 11480K, committed 11776K, reserved 1048576K
}
Event: 26.481 GC heap after
{Heap after GC invocations=52 (full 0):
 garbage-first heap   total 128000K, used 76255K [0x0000000080000000, 0x0000000100000000)
  region size 1024K, 4 young (4096K), 4 survivors (4096K)
 Metaspace       used 83817K, committed 84480K, reserved 1122304K
  class space    used 11480K, committed 11776K, reserved 1048576K
}
Event: 26.564 GC heap before
{Heap before GC invocations=52 (full 0):
 garbage-first heap   total 128000K, used 78303K [0x0000000080000000, 0x0000000100000000)
  region size 1024K, 6 young (6144K), 4 survivors (4096K)
 Metaspace       used 83972K, committed 84608K, reserved 1122304K
  class space    used 11502K, committed 11776K, reserved 1048576K
}
Event: 26.571 GC heap after
{Heap after GC invocations=53 (full 0):
 garbage-first heap   total 128000K, used 76371K [0x0000000080000000, 0x0000000100000000)
  region size 1024K, 1 young (1024K), 1 survivors (1024K)
 Metaspace       used 83972K, committed 84608K, reserved 1122304K
  class space    used 11502K, committed 11776K, reserved 1048576K
}
Event: 28.180 GC heap before
{Heap before GC invocations=53 (full 0):
 garbage-first heap   total 128000K, used 102995K [0x0000000080000000, 0x0000000100000000)
  region size 1024K, 28 young (28672K), 1 survivors (1024K)
 Metaspace       used 84435K, committed 85120K, reserved 1130496K
  class space    used 11573K, committed 11904K, reserved 1048576K
}
Event: 28.187 GC heap after
{Heap after GC invocations=54 (full 0):
 garbage-first heap   total 256000K, used 77976K [0x0000000080000000, 0x0000000100000000)
  region size 1024K, 3 young (3072K), 3 survivors (3072K)
 Metaspace       used 84435K, committed 85120K, reserved 1130496K
  class space    used 11573K, committed 11904K, reserved 1048576K
}
Event: 31.259 GC heap before
{Heap before GC invocations=55 (full 0):
 garbage-first heap   total 256000K, used 213144K [0x0000000080000000, 0x0000000100000000)
  region size 1024K, 115 young (117760K), 3 survivors (3072K)
 Metaspace       used 91263K, committed 91904K, reserved 1130496K
  class space    used 12306K, committed 12608K, reserved 1048576K
}
Event: 31.269 GC heap after
{Heap after GC invocations=56 (full 0):
 garbage-first heap   total 256000K, used 82449K [0x0000000080000000, 0x0000000100000000)
  region size 1024K, 7 young (7168K), 7 survivors (7168K)
 Metaspace       used 91263K, committed 91904K, reserved 1130496K
  class space    used 12306K, committed 12608K, reserved 1048576K
}
Event: 31.357 GC heap before
{Heap before GC invocations=56 (full 0):
 garbage-first heap   total 256000K, used 86545K [0x0000000080000000, 0x0000000100000000)
  region size 1024K, 12 young (12288K), 7 survivors (7168K)
 Metaspace       used 91448K, committed 92096K, reserved 1130496K
  class space    used 12329K, committed 12672K, reserved 1048576K
}
Event: 31.364 GC heap after
{Heap after GC invocations=57 (full 0):
 garbage-first heap   total 256000K, used 83173K [0x0000000080000000, 0x0000000100000000)
  region size 1024K, 2 young (2048K), 2 survivors (2048K)
 Metaspace       used 91448K, committed 92096K, reserved 1130496K
  class space    used 12329K, committed 12672K, reserved 1048576K
}
Event: 35.462 GC heap before
{Heap before GC invocations=57 (full 0):
 garbage-first heap   total 256000K, used 201957K [0x0000000080000000, 0x0000000100000000)
  region size 1024K, 118 young (120832K), 2 survivors (2048K)
 Metaspace       used 97707K, committed 98368K, reserved 1138688K
  class space    used 13118K, committed 13440K, reserved 1048576K
}
Event: 35.484 GC heap after
{Heap after GC invocations=58 (full 0):
 garbage-first heap   total 256000K, used 90256K [0x0000000080000000, 0x0000000100000000)
  region size 1024K, 9 young (9216K), 9 survivors (9216K)
 Metaspace       used 97707K, committed 98368K, reserved 1138688K
  class space    used 13118K, committed 13440K, reserved 1048576K
}
Event: 39.687 GC heap before
{Heap before GC invocations=58 (full 0):
 garbage-first heap   total 256000K, used 202896K [0x0000000080000000, 0x0000000100000000)
  region size 1024K, 120 young (122880K), 9 survivors (9216K)
 Metaspace       used 100172K, committed 100800K, reserved 1138688K
  class space    used 13399K, committed 13696K, reserved 1048576K
}
Event: 39.704 GC heap after
{Heap after GC invocations=59 (full 0):
 garbage-first heap   total 256000K, used 98889K [0x0000000080000000, 0x0000000100000000)
  region size 1024K, 9 young (9216K), 9 survivors (9216K)
 Metaspace       used 100172K, committed 100800K, reserved 1138688K
  class space    used 13399K, committed 13696K, reserved 1048576K
}
Event: 44.622 GC heap before
{Heap before GC invocations=59 (full 0):
 garbage-first heap   total 256000K, used 211529K [0x0000000080000000, 0x0000000100000000)
  region size 1024K, 114 young (116736K), 9 survivors (9216K)
 Metaspace       used 111670K, committed 112448K, reserved 1146880K
  class space    used 14905K, committed 15296K, reserved 1048576K
}
Event: 44.634 GC heap after
{Heap after GC invocations=60 (full 0):
 garbage-first heap   total 256000K, used 105332K [0x0000000080000000, 0x0000000100000000)
  region size 1024K, 5 young (5120K), 5 survivors (5120K)
 Metaspace       used 111670K, committed 112448K, reserved 1146880K
  class space    used 14905K, committed 15296K, reserved 1048576K
}

Dll operation events (2 events):
Event: 0.024 Loaded shared library C:\Program Files\Android\Android Studio\jbr\bin\java.dll
Event: 0.868 Loaded shared library C:\Program Files\Android\Android Studio\jbr\bin\verify.dll

Deoptimization events (20 events):
Event: 46.234 Thread 0x0000024b6f682da0 DEOPT PACKING pc=0x0000024b55f9ace8 sp=0x0000005a914fcc70
Event: 46.234 Thread 0x0000024b6f682da0 DEOPT UNPACKING pc=0x0000024b5543699d sp=0x0000005a914fcbc8 mode 2
Event: 46.234 Thread 0x0000024b6f682da0 Uncommon trap: trap_request=0xffffffde fr.pc=0x0000024b55f9abec relative=0x000000000000050c
Event: 46.234 Thread 0x0000024b6f682da0 Uncommon trap: reason=class_check action=maybe_recompile pc=0x0000024b55f9abec method=com.android.tools.r8.internal.yt.next()Ljava/lang/Object; @ 18 c2
Event: 46.234 Thread 0x0000024b6f682da0 DEOPT PACKING pc=0x0000024b55f9abec sp=0x0000005a914fcc70
Event: 46.234 Thread 0x0000024b6f682da0 DEOPT UNPACKING pc=0x0000024b5543699d sp=0x0000005a914fcc38 mode 2
Event: 46.244 Thread 0x0000024b6f682da0 Uncommon trap: trap_request=0xffffffc6 fr.pc=0x0000024b55f9ace8 relative=0x0000000000000608
Event: 46.244 Thread 0x0000024b6f682da0 Uncommon trap: reason=bimorphic_or_optimized_type_check action=maybe_recompile pc=0x0000024b55f9ace8 method=com.android.tools.r8.internal.yt.hasNext()Z @ 13 c2
Event: 46.244 Thread 0x0000024b6f682da0 DEOPT PACKING pc=0x0000024b55f9ace8 sp=0x0000005a914fc540
Event: 46.244 Thread 0x0000024b6f682da0 DEOPT UNPACKING pc=0x0000024b5543699d sp=0x0000005a914fc498 mode 2
Event: 46.248 Thread 0x0000024b6f688440 DEOPT PACKING pc=0x0000024b4f0bee82 sp=0x0000005a97bfc770
Event: 46.248 Thread 0x0000024b6f688440 DEOPT UNPACKING pc=0x0000024b55437124 sp=0x0000005a97bfbc30 mode 0
Event: 46.272 Thread 0x0000024b6f682da0 Uncommon trap: trap_request=0xffffff45 fr.pc=0x0000024b55f77d44 relative=0x0000000000000224
Event: 46.272 Thread 0x0000024b6f682da0 Uncommon trap: reason=unstable_if action=reinterpret pc=0x0000024b55f77d44 method=java.lang.StringLatin1.lastIndexOf([BI[BII)I @ 111 c2
Event: 46.272 Thread 0x0000024b6f682da0 DEOPT PACKING pc=0x0000024b55f77d44 sp=0x0000005a914fd280
Event: 46.272 Thread 0x0000024b6f682da0 DEOPT UNPACKING pc=0x0000024b5543699d sp=0x0000005a914fd1d8 mode 2
Event: 46.278 Thread 0x0000024b6f682da0 Uncommon trap: trap_request=0xffffffc6 fr.pc=0x0000024b55a44778 relative=0x00000000000005f8
Event: 46.278 Thread 0x0000024b6f682da0 Uncommon trap: reason=bimorphic_or_optimized_type_check action=maybe_recompile pc=0x0000024b55a44778 method=com.android.tools.r8.internal.pt.b(Ljava/lang/Iterable;Lcom/android/tools/r8/internal/wM;)Z @ 2 c2
Event: 46.278 Thread 0x0000024b6f682da0 DEOPT PACKING pc=0x0000024b55a44778 sp=0x0000005a914fd5c0
Event: 46.278 Thread 0x0000024b6f682da0 DEOPT UNPACKING pc=0x0000024b5543699d sp=0x0000005a914fd590 mode 2

Classes unloaded (0 events):
No events

Classes redefined (0 events):
No events

Internal exceptions (20 events):
Event: 45.812 Thread 0x0000024b6f682da0 Exception <a 'java/lang/IncompatibleClassChangeError'{0x000000008c5188b0}: Found class java.lang.Object, but interface was expected> (0x000000008c5188b0) 
thrown [s\src\hotspot\share\interpreter\linkResolver.cpp, line 838]
Event: 45.813 Thread 0x0000024b6f686290 Exception <a 'java/lang/IncompatibleClassChangeError'{0x000000008c63af18}: Found class java.lang.Object, but interface was expected> (0x000000008c63af18) 
thrown [s\src\hotspot\share\interpreter\linkResolver.cpp, line 838]
Event: 45.813 Thread 0x0000024b6f682da0 Exception <a 'java/lang/IncompatibleClassChangeError'{0x000000008c51cda0}: Found class java.lang.Object, but interface was expected> (0x000000008c51cda0) 
thrown [s\src\hotspot\share\interpreter\linkResolver.cpp, line 838]
Event: 45.813 Thread 0x0000024b6f688440 Exception <a 'java/lang/IncompatibleClassChangeError'{0x000000008c528688}: Found class java.lang.Object, but interface was expected> (0x000000008c528688) 
thrown [s\src\hotspot\share\interpreter\linkResolver.cpp, line 838]
Event: 45.910 Thread 0x0000024b6f688440 Exception <a 'java/lang/NoSuchMethodError'{0x000000008c3be090}: 'void java.lang.invoke.DirectMethodHandle$Holder.invokeSpecial(java.lang.Object, java.lang.Object, int, java.lang.Object)'> (0x000000008c3be090) 
thrown [s\src\hotspot\share\interpreter\linkResolver.cpp, line 771]
Event: 45.910 Thread 0x0000024b6f686290 Exception <a 'java/lang/NoSuchMethodError'{0x000000008c2107a8}: 'void java.lang.invoke.DirectMethodHandle$Holder.invokeSpecial(java.lang.Object, java.lang.Object, int, java.lang.Object)'> (0x000000008c2107a8) 
thrown [s\src\hotspot\share\interpreter\linkResolver.cpp, line 771]
Event: 45.988 Thread 0x0000024b6f686290 Exception <a 'java/lang/NoSuchMethodError'{0x000000008c090490}: 'int java.lang.invoke.DirectMethodHandle$Holder.invokeSpecial(java.lang.Object, java.lang.Object, java.lang.Object, int, java.lang.Object)'> (0x000000008c090490) 
thrown [s\src\hotspot\share\interpreter\linkResolver.cpp, line 771]
Event: 45.988 Thread 0x0000024b6f682da0 Exception <a 'java/lang/NoSuchMethodError'{0x000000008bf9e680}: 'int java.lang.invoke.DirectMethodHandle$Holder.invokeSpecial(java.lang.Object, java.lang.Object, java.lang.Object, int, java.lang.Object)'> (0x000000008bf9e680) 
thrown [s\src\hotspot\share\interpreter\linkResolver.cpp, line 771]
Event: 45.988 Thread 0x0000024b6f687f70 Exception <a 'java/lang/NoSuchMethodError'{0x000000008bfa79d8}: 'int java.lang.invoke.DirectMethodHandle$Holder.invokeSpecial(java.lang.Object, java.lang.Object, java.lang.Object, int, java.lang.Object)'> (0x000000008bfa79d8) 
thrown [s\src\hotspot\share\interpreter\linkResolver.cpp, line 771]
Event: 45.988 Thread 0x0000024b6f688440 Exception <a 'java/lang/NoSuchMethodError'{0x000000008bfb8cc8}: 'int java.lang.invoke.DirectMethodHandle$Holder.invokeSpecial(java.lang.Object, java.lang.Object, java.lang.Object, int, java.lang.Object)'> (0x000000008bfb8cc8) 
thrown [s\src\hotspot\share\interpreter\linkResolver.cpp, line 771]
Event: 46.046 Thread 0x0000024b6f682da0 Exception <a 'java/lang/NoSuchMethodError'{0x000000008bc88e88}: 'int java.lang.invoke.DirectMethodHandle$Holder.invokeSpecial(java.lang.Object, java.lang.Object, java.lang.Object, int)'> (0x000000008bc88e88) 
thrown [s\src\hotspot\share\interpreter\linkResolver.cpp, line 771]
Event: 46.056 Thread 0x0000024b6f682da0 Exception <a 'java/lang/NoSuchMethodError'{0x000000008bb0a3d8}: 'java.lang.Object java.lang.invoke.DirectMethodHandle$Holder.invokeSpecial(java.lang.Object, java.lang.Object, java.lang.Object, java.lang.Object, java.lang.Object, java.lang.Object, java.lang.Object, java.lang.Object, java.lang.Object, java.lang.Object)'> (0x000000008bb0a3d8) 
thrown [s\src\hotspot\share\interpreter\linkResolver.cpp, line 771]
Event: 46.062 Thread 0x0000024b6f682da0 Exception <a 'java/lang/NoSuchMethodError'{0x000000008bb41120}: 'java.lang.Object java.lang.invoke.DirectMethodHandle$Holder.newInvokeSpecial(java.lang.Object, java.lang.Object, java.lang.Object, java.lang.Object, java.lang.Object, java.lang.Object, java.lang.Object, java.lang.Object, java.lang.Object, java.lang.Object)'> (0x000000008bb41120) 
thrown [s\src\hotspot\share\interpreter\linkResolver.cpp, line 771]
Event: 46.065 Thread 0x0000024b6f682da0 Exception <a 'java/lang/NoSuchMethodError'{0x000000008bb45568}: 'java.lang.Object java.lang.invoke.Invokers$Holder.linkToTargetMethod(java.lang.Object, java.lang.Object, java.lang.Object, java.lang.Object, java.lang.Object, java.lang.Object, java.lang.Object, java.lang.Object, java.lang.Object, java.lang.Object)'> (0x000000008bb45568) 
thrown [s\src\hotspot\share\interpreter\linkResolver.cpp, line 771]
Event: 46.066 Thread 0x0000024b6f682da0 Exception <a 'java/lang/NoSuchMethodError'{0x000000008bb49780}: 'int java.lang.invoke.DirectMethodHandle$Holder.invokeSpecial(java.lang.Object, java.lang.Object, int)'> (0x000000008bb49780) 
thrown [s\src\hotspot\share\interpreter\linkResolver.cpp, line 771]
Event: 46.103 Thread 0x0000024b6f682da0 Exception <a 'java/lang/IncompatibleClassChangeError'{0x000000008b956db0}: Found class java.lang.Object, but interface was expected> (0x000000008b956db0) 
thrown [s\src\hotspot\share\interpreter\linkResolver.cpp, line 838]
Event: 46.178 Thread 0x0000024b6f688440 Exception <a 'java/lang/NoSuchMethodError'{0x000000008b416fc0}: 'java.lang.Object java.lang.invoke.DirectMethodHandle$Holder.newInvokeSpecial(java.lang.Object, java.lang.Object, int, java.lang.Object, java.lang.Object, java.lang.Object)'> (0x000000008b416fc0) 
thrown [s\src\hotspot\share\interpreter\linkResolver.cpp, line 771]
Event: 46.179 Thread 0x0000024b6f688440 Exception <a 'java/lang/NoSuchMethodError'{0x000000008b41ec78}: 'java.lang.Object java.lang.invoke.Invokers$Holder.linkToTargetMethod(java.lang.Object, int, java.lang.Object, java.lang.Object, java.lang.Object, java.lang.Object)'> (0x000000008b41ec78) 
thrown [s\src\hotspot\share\interpreter\linkResolver.cpp, line 771]
Event: 46.179 Thread 0x0000024b6f688440 Exception <a 'java/lang/NoSuchMethodError'{0x000000008b422e08}: 'void java.lang.invoke.DirectMethodHandle$Holder.invokeSpecial(java.lang.Object, java.lang.Object, java.lang.Object, int, java.lang.Object, java.lang.Object, java.lang.Object, java.lang.Object)'> (0x000000008b422e08) 
thrown [s\src\hotspot\share\interpreter\linkResolver.cpp, line 771]
Event: 46.184 Thread 0x0000024b6f688440 Exception <a 'java/lang/NoSuchMethodError'{0x000000008b45c2a8}: 'void java.lang.invoke.DirectMethodHandle$Holder.invokeStatic(java.lang.Object, java.lang.Object, java.lang.Object, java.lang.Object, java.lang.Object, java.lang.Object, java.lang.Object, java.lang.Object)'> (0x000000008b45c2a8) 
thrown [s\src\hotspot\share\interpreter\linkResolver.cpp, line 771]

VM Operations (20 events):
Event: 45.677 Executing VM operation: HandshakeAllThreads
Event: 45.677 Executing VM operation: HandshakeAllThreads done
Event: 45.727 Executing VM operation: HandshakeAllThreads
Event: 45.728 Executing VM operation: HandshakeAllThreads done
Event: 45.738 Executing VM operation: HandshakeAllThreads
Event: 45.738 Executing VM operation: HandshakeAllThreads done
Event: 45.795 Executing VM operation: HandshakeAllThreads
Event: 45.796 Executing VM operation: HandshakeAllThreads done
Event: 46.060 Executing VM operation: HandshakeAllThreads
Event: 46.060 Executing VM operation: HandshakeAllThreads done
Event: 46.063 Executing VM operation: HandshakeAllThreads
Event: 46.064 Executing VM operation: HandshakeAllThreads done
Event: 46.075 Executing VM operation: HandshakeAllThreads
Event: 46.076 Executing VM operation: HandshakeAllThreads done
Event: 46.083 Executing VM operation: HandshakeAllThreads
Event: 46.084 Executing VM operation: HandshakeAllThreads done
Event: 46.125 Executing VM operation: ICBufferFull
Event: 46.126 Executing VM operation: ICBufferFull done
Event: 46.195 Executing VM operation: HandshakeAllThreads
Event: 46.206 Executing VM operation: HandshakeAllThreads done

Events (20 events):
Event: 44.784 loading class java/lang/reflect/GenericSignatureFormatError done
Event: 44.891 loading class java/util/concurrent/ConcurrentLinkedQueue$Itr
Event: 44.894 loading class java/util/concurrent/ConcurrentLinkedQueue$Itr done
Event: 45.680 Thread 0x0000024b63fec590 flushing nmethod 0x0000024b55ef4790
Event: 45.706 Thread 0x0000024b63fec590 flushing nmethod 0x0000024b4f654390
Event: 45.706 Thread 0x0000024b63fec590 flushing nmethod 0x0000024b4f66c210
Event: 45.706 Thread 0x0000024b63fec590 flushing nmethod 0x0000024b4f671e10
Event: 45.979 loading class java/util/IdentityHashMap$ValueIterator
Event: 45.980 loading class java/util/IdentityHashMap$ValueIterator done
Event: 46.060 loading class java/util/SortedSet$1
Event: 46.062 loading class java/util/SortedSet$1 done
Event: 46.071 loading class java/util/stream/SliceOps
Event: 46.072 loading class java/util/stream/SliceOps done
Event: 46.072 loading class java/util/stream/SliceOps$1
Event: 46.073 loading class java/util/stream/SliceOps$1 done
Event: 46.076 loading class java/util/stream/SliceOps$1$1
Event: 46.076 loading class java/util/stream/SliceOps$1$1 done
Event: 46.171 Thread 0x0000024b69a79d90 Thread exited: 0x0000024b69a79d90
Event: 46.217 loading class java/util/IdentityHashMap$EntrySet
Event: 46.218 loading class java/util/IdentityHashMap$EntrySet done


Dynamic libraries:
0x00007ff667b70000 - 0x00007ff667b7a000 	C:\Program Files\Android\Android Studio\jbr\bin\java.exe
0x00007ff9fad30000 - 0x00007ff9faf27000 	C:\WINDOWS\SYSTEM32\ntdll.dll
0x00007ff9f9f00000 - 0x00007ff9f9fbd000 	C:\WINDOWS\System32\KERNEL32.DLL
0x00007ff9f8860000 - 0x00007ff9f8b56000 	C:\WINDOWS\System32\KERNELBASE.dll
0x00007ff9f8410000 - 0x00007ff9f8510000 	C:\WINDOWS\System32\ucrtbase.dll
0x00007ff9de850000 - 0x00007ff9de86b000 	C:\Program Files\Android\Android Studio\jbr\bin\VCRUNTIME140.dll
0x00007ff9e76f0000 - 0x00007ff9e7707000 	C:\Program Files\Android\Android Studio\jbr\bin\jli.dll
0x00007ff9faa90000 - 0x00007ff9fac2e000 	C:\WINDOWS\System32\USER32.dll
0x00007ff9f8510000 - 0x00007ff9f8532000 	C:\WINDOWS\System32\win32u.dll
0x00007ff9dd2c0000 - 0x00007ff9dd55a000 	C:\WINDOWS\WinSxS\amd64_microsoft.windows.common-controls_6595b64144ccf1df_6.0.19041.3570_none_60bb2a3971f3e41a\COMCTL32.dll
0x00007ff9f8df0000 - 0x00007ff9f8e1c000 	C:\WINDOWS\System32\GDI32.dll
0x00007ff9fac30000 - 0x00007ff9facce000 	C:\WINDOWS\System32\msvcrt.dll
0x00007ff9f8c70000 - 0x00007ff9f8d8a000 	C:\WINDOWS\System32\gdi32full.dll
0x00007ff9f8710000 - 0x00007ff9f87ad000 	C:\WINDOWS\System32\msvcp_win.dll
0x00007ff9faa60000 - 0x00007ff9faa90000 	C:\WINDOWS\System32\IMM32.DLL
0x00007ff9e1510000 - 0x00007ff9e151c000 	C:\Program Files\Android\Android Studio\jbr\bin\vcruntime140_1.dll
0x00007ff9d5f40000 - 0x00007ff9d5fcd000 	C:\Program Files\Android\Android Studio\jbr\bin\msvcp140.dll
0x00007ff9d81d0000 - 0x00007ff9d8e3e000 	C:\Program Files\Android\Android Studio\jbr\bin\server\jvm.dll
0x00007ff9f8f40000 - 0x00007ff9f8fee000 	C:\WINDOWS\System32\ADVAPI32.dll
0x00007ff9fa280000 - 0x00007ff9fa31c000 	C:\WINDOWS\System32\sechost.dll
0x00007ff9f92b0000 - 0x00007ff9f93d6000 	C:\WINDOWS\System32\RPCRT4.dll
0x00007ff9da9a0000 - 0x00007ff9da9c7000 	C:\WINDOWS\SYSTEM32\WINMM.dll
0x00007ff9f2390000 - 0x00007ff9f239a000 	C:\WINDOWS\SYSTEM32\VERSION.dll
0x00007ff9e4ac0000 - 0x00007ff9e4ac9000 	C:\WINDOWS\SYSTEM32\WSOCK32.dll
0x00007ff9fa9d0000 - 0x00007ff9faa3b000 	C:\WINDOWS\System32\WS2_32.dll
0x00007ff9f6290000 - 0x00007ff9f62a2000 	C:\WINDOWS\SYSTEM32\kernel.appcore.dll
0x00007ff9f5b20000 - 0x00007ff9f5b2a000 	C:\Program Files\Android\Android Studio\jbr\bin\jimage.dll
0x00007ff9f0d60000 - 0x00007ff9f0f44000 	C:\WINDOWS\SYSTEM32\DBGHELP.DLL
0x00007ff9f0d20000 - 0x00007ff9f0d54000 	C:\WINDOWS\SYSTEM32\dbgcore.DLL
0x00007ff9f8be0000 - 0x00007ff9f8c62000 	C:\WINDOWS\System32\bcryptPrimitives.dll
0x00007ff9f37a0000 - 0x00007ff9f37c5000 	C:\Program Files\Android\Android Studio\jbr\bin\java.dll
0x00007ff9f0180000 - 0x00007ff9f0198000 	C:\Program Files\Android\Android Studio\jbr\bin\zip.dll
0x00007ff9f93f0000 - 0x00007ff9f9b34000 	C:\WINDOWS\System32\SHELL32.dll
0x00007ff9f6490000 - 0x00007ff9f6c2b000 	C:\WINDOWS\SYSTEM32\windows.storage.dll
0x00007ff9f9ba0000 - 0x00007ff9f9ef4000 	C:\WINDOWS\System32\combase.dll
0x00007ff9f7ca0000 - 0x00007ff9f7ccd000 	C:\WINDOWS\SYSTEM32\Wldp.dll
0x00007ff9fa0f0000 - 0x00007ff9fa19d000 	C:\WINDOWS\System32\SHCORE.dll
0x00007ff9f9250000 - 0x00007ff9f92a5000 	C:\WINDOWS\System32\shlwapi.dll
0x00007ff9f8340000 - 0x00007ff9f8365000 	C:\WINDOWS\SYSTEM32\profapi.dll
0x00007ff9e7f60000 - 0x00007ff9e7f79000 	C:\Program Files\Android\Android Studio\jbr\bin\net.dll
0x00007ff9ef130000 - 0x00007ff9ef23a000 	C:\WINDOWS\SYSTEM32\WINHTTP.dll
0x00007ff9f7a80000 - 0x00007ff9f7aea000 	C:\WINDOWS\system32\mswsock.dll
0x00007ff9e7710000 - 0x00007ff9e7726000 	C:\Program Files\Android\Android Studio\jbr\bin\nio.dll
0x00007ff9f5b10000 - 0x00007ff9f5b20000 	C:\Program Files\Android\Android Studio\jbr\bin\verify.dll
0x00007ff9dec00000 - 0x00007ff9dec27000 	C:\Users\Bia e Leo\.gradle\native\68d5fa5c4cc2d200863cafc0d521ce42e7d3e7ee720ec0a83991735586a16f82\windows-amd64\native-platform.dll
0x00007ff9d3410000 - 0x00007ff9d3554000 	C:\Users\Bia e Leo\.gradle\native\e376f236ea51e6404a007f0833ffe2c6e607c4080706a723a18a27aeea778392\windows-amd64\native-platform-file-events.dll
0x00007ff9f4050000 - 0x00007ff9f4059000 	C:\Program Files\Android\Android Studio\jbr\bin\management.dll
0x00007ff9f3f10000 - 0x00007ff9f3f1b000 	C:\Program Files\Android\Android Studio\jbr\bin\management_ext.dll
0x00007ff9face0000 - 0x00007ff9face8000 	C:\WINDOWS\System32\PSAPI.DLL
0x00007ff9f7ce0000 - 0x00007ff9f7cf8000 	C:\WINDOWS\SYSTEM32\CRYPTSP.dll
0x00007ff9f73b0000 - 0x00007ff9f73e4000 	C:\WINDOWS\system32\rsaenh.dll
0x00007ff9f8b60000 - 0x00007ff9f8b87000 	C:\WINDOWS\System32\bcrypt.dll
0x00007ff9f82c0000 - 0x00007ff9f82ee000 	C:\WINDOWS\SYSTEM32\USERENV.dll
0x00007ff9f7c10000 - 0x00007ff9f7c1c000 	C:\WINDOWS\SYSTEM32\CRYPTBASE.dll
0x00007ff9f7790000 - 0x00007ff9f77cb000 	C:\WINDOWS\SYSTEM32\IPHLPAPI.DLL
0x00007ff9facd0000 - 0x00007ff9facd8000 	C:\WINDOWS\System32\NSI.dll
0x00007ff9f0bf0000 - 0x00007ff9f0c07000 	C:\WINDOWS\SYSTEM32\dhcpcsvc6.DLL
0x00007ff9f1020000 - 0x00007ff9f103d000 	C:\WINDOWS\SYSTEM32\dhcpcsvc.DLL
0x00007ff9f77d0000 - 0x00007ff9f789a000 	C:\WINDOWS\SYSTEM32\DNSAPI.dll
0x00007ff9f0170000 - 0x00007ff9f0177000 	C:\WINDOWS\system32\wshunix.dll
0x00007ff9f74f0000 - 0x00007ff9f7523000 	C:\WINDOWS\SYSTEM32\ntmarta.dll

dbghelp: loaded successfully - version: 4.0.5 - missing functions: none
symbol engine: initialized successfully - sym options: 0x614 - pdb path: .;C:\Program Files\Android\Android Studio\jbr\bin;C:\WINDOWS\SYSTEM32;C:\WINDOWS\WinSxS\amd64_microsoft.windows.common-controls_6595b64144ccf1df_6.0.19041.3570_none_60bb2a3971f3e41a;C:\Program Files\Android\Android Studio\jbr\bin\server;C:\Users\Bia e Leo\.gradle\native\68d5fa5c4cc2d200863cafc0d521ce42e7d3e7ee720ec0a83991735586a16f82\windows-amd64;C:\Users\Bia e Leo\.gradle\native\e376f236ea51e6404a007f0833ffe2c6e607c4080706a723a18a27aeea778392\windows-amd64

VM Arguments:
jvm_args: --add-opens=java.base/java.util=ALL-UNNAMED --add-opens=java.base/java.lang=ALL-UNNAMED --add-opens=java.base/java.lang.invoke=ALL-UNNAMED --add-opens=java.prefs/java.util.prefs=ALL-UNNAMED --add-opens=java.base/java.nio.charset=ALL-UNNAMED --add-opens=java.base/java.net=ALL-UNNAMED --add-opens=java.base/java.util.concurrent.atomic=ALL-UNNAMED -Xmx2048m -Dfile.encoding=UTF-8 -Duser.country=BR -Duser.language=pt -Duser.variant 
java_command: org.gradle.launcher.daemon.bootstrap.GradleDaemon 8.0
java_class_path (initial): C:\Users\Bia e Leo\.gradle\wrapper\dists\gradle-8.0-bin\ca5e32bp14vu59qr306oxotwh\gradle-8.0\lib\gradle-launcher-8.0.jar
Launcher Type: SUN_STANDARD

[Global flags]
     intx CICompilerCount                          = 3                                         {product} {ergonomic}
     uint ConcGCThreads                            = 1                                         {product} {ergonomic}
     uint G1ConcRefinementThreads                  = 4                                         {product} {ergonomic}
   size_t G1HeapRegionSize                         = 1048576                                   {product} {ergonomic}
    uintx GCDrainStackTargetSize                   = 64                                        {product} {ergonomic}
   size_t InitialHeapSize                          = 132120576                                 {product} {ergonomic}
   size_t MarkStackSize                            = 4194304                                   {product} {ergonomic}
   size_t MaxHeapSize                              = 2147483648                                {product} {command line}
   size_t MaxNewSize                               = 1287651328                                {product} {ergonomic}
   size_t MinHeapDeltaBytes                        = 1048576                                   {product} {ergonomic}
   size_t MinHeapSize                              = 8388608                                   {product} {ergonomic}
    uintx NonNMethodCodeHeapSize                   = 5832780                                {pd product} {ergonomic}
    uintx NonProfiledCodeHeapSize                  = 122912730                              {pd product} {ergonomic}
    uintx ProfiledCodeHeapSize                     = 122912730                              {pd product} {ergonomic}
    uintx ReservedCodeCacheSize                    = 251658240                              {pd product} {ergonomic}
     bool SegmentedCodeCache                       = true                                      {product} {ergonomic}
   size_t SoftMaxHeapSize                          = 2147483648                             {manageable} {ergonomic}
     bool UseCompressedClassPointers               = true                           {product lp64_product} {ergonomic}
     bool UseCompressedOops                        = true                           {product lp64_product} {ergonomic}
     bool UseG1GC                                  = true                                      {product} {ergonomic}
     bool UseLargePagesIndividualAllocation        = false                                  {pd product} {ergonomic}

Logging:
Log output configuration:
 #0: stdout all=warning uptime,level,tags
 #1: stderr all=off uptime,level,tags

Environment Variables:
JAVA_HOME=C:\Program Files\OpenJDK\openjdk-11.0.12_7
PATH=C:\Program Files (x86)\Common Files\Oracle\Java\javapath;C:\Program Files (x86)\Common Files\Intel\Shared Libraries\redist\intel64\compiler;C:\WINDOWS\system32;C:\WINDOWS;C:\WINDOWS\System32\Wbem;C:\WINDOWS\System32\WindowsPowerShell\v1.0\;C:\WINDOWS\System32\OpenSSH\;C:\Program Files\Microsoft SQL Server\130\Tools\Binn\;C:\Program Files\Microsoft SQL Server\Client SDK\ODBC\170\Tools\Binn\;C:\Program Files\dotnet\;C:\Program Files\Common Files\Autodesk Shared\;C:\Program Files\Git\cmd;C:\Program Files (x86)\Microsoft SQL Server\150\DTS\Binn\;C:\Program Files (x86)\Microsoft SQL Server\150\Tools\Binn\;C:\Program Files\Microsoft SQL Server\150\Tools\Binn\;C:\Program Files\Microsoft SQL Server\150\DTS\Binn\;C:\ProgramData\chocolatey\bin;C:\Program Files\nodejs\;C:\Program Files\OpenJDK\openjdk-11.0.12_7\bin;C:\ProgramData\ComposerSetup\bin;C:\wamp64\bin\php\php8.2.0;C:\Windows\System32;;C:\Program Files\Docker\Docker\resources\bin;C:\Users\Bia e Leo\AppData\Roaming\npm;C:\Program Files\MongoDB\Server\5.0\bin;C:\Program Files\MySQL\MySQL Server 8.0\bin;C:\Users\Bia e Leo\AppData\Roaming\Composer\vendor\bin;C:\Users\Bia e Leo\AppData\Local\Microsoft\WindowsApps;C:\Users\Bia e Leo\AppData\Local\Programs\Microsoft VS Code\bin;C:\Users\Bia e Leo\.dotnet\tools
USERNAME=Bia_e_Leo
OS=Windows_NT
PROCESSOR_IDENTIFIER=Intel64 Family 6 Model 158 Stepping 10, GenuineIntel
TMP=C:\Users\BIAELE~1\AppData\Local\Temp
TEMP=C:\Users\BIAELE~1\AppData\Local\Temp


JNI global refs:
JNI global refs: 26, weak refs: 20

JNI global refs memory usage: 843, weak refs: 841


---------------  S Y S T E M  ---------------

OS:
 Windows 10 , 64 bit Build 19041 (10.0.19041.3570)
OS uptime: 0 days 5:53 hours
Hyper-V role detected

CPU: total 4 (initial active 4) (2 cores per cpu, 2 threads per core) family 6 model 158 stepping 10 microcode 0xb4, cx8, cmov, fxsr, ht, mmx, 3dnowpref, sse, sse2, sse3, ssse3, sse4.1, sse4.2, popcnt, lzcnt, tsc, tscinvbit, aes, erms, clmul, clflush, clflushopt, hv

Memory: 4k page, system-wide physical 8038M (107M free)
TotalPageFile size 8038M (AvailPageFile size 0M)
current process WorkingSet (physical memory assigned to process): 400M, peak: 496M
current process commit charge ("private bytes"): 563M, peak: 565M

vm_info: OpenJDK 64-Bit Server VM (17.0.6+0-b2043.56-10027231) for windows-amd64 JRE (17.0.6+0-b2043.56-10027231), built on Apr 28 2023 00:43:19 by "androidbuild" with MS VC++ 16.10 / 16.11 (VS2019)

END.
