#
# There is insufficient memory for the Java Runtime Environment to continue.
# Native memory allocation (mmap) failed to map 707788800 bytes for G1 virtual space
# Possible reasons:
#   The system is out of physical RAM or swap space
#   The process is running with CompressedOops enabled, and the Java Heap may be blocking the growth of the native heap
# Possible solutions:
#   Reduce memory load on the system
#   Increase physical memory or swap space
#   Check if swap backing store is full
#   Decrease Java heap size (-Xmx/-Xms)
#   Decrease number of Java threads
#   Decrease Java thread stack sizes (-Xss)
#   Set larger code cache with -XX:ReservedCodeCacheSize=
#   JVM is running with Unscaled Compressed Oops mode in which the Java heap is
#     placed in the first 4GB address space. The Java Heap base address is the
#     maximum limit for the native heap growth. Please use -XX:HeapBaseMinAddress
#     to set the Java Heap base and to place the Java Heap above 4GB virtual address.
# This output file may be truncated or incomplete.
#
#  Out of Memory Error (os_windows.cpp:3769), pid=3856, tid=5620
#
# JRE version: OpenJDK Runtime Environment (17.0.6) (build 17.0.6+0-b2043.56-10027231)
# Java VM: OpenJDK 64-Bit Server VM (17.0.6+0-b2043.56-10027231, mixed mode, tiered, compressed oops, compressed class ptrs, g1 gc, windows-amd64)
# No core dump will be written. Minidumps are not enabled by default on client versions of Windows
#

---------------  S U M M A R Y ------------

Command Line: --add-opens=java.base/java.util=ALL-UNNAMED --add-opens=java.base/java.lang=ALL-UNNAMED --add-opens=java.base/java.lang.invoke=ALL-UNNAMED --add-opens=java.prefs/java.util.prefs=ALL-UNNAMED --add-opens=java.base/java.nio.charset=ALL-UNNAMED --add-opens=java.base/java.net=ALL-UNNAMED --add-opens=java.base/java.util.concurrent.atomic=ALL-UNNAMED -Xmx2048m -Dfile.encoding=UTF-8 -Duser.country=BR -Duser.language=pt -Duser.variant org.gradle.launcher.daemon.bootstrap.GradleDaemon 8.0

Host: Intel(R) Pentium(R) Gold G5400 CPU @ 3.70GHz, 4 cores, 7G,  Windows 10 , 64 bit Build 19041 (10.0.19041.3570)
Time: Sat Nov 11 14:17:57 2023 Hora oficial do Brasil elapsed time: 436.466327 seconds (0d 0h 7m 16s)

---------------  T H R E A D  ---------------

Current thread (0x000001b85aa5d130):  VMThread "VM Thread" [stack: 0x0000004a6b300000,0x0000004a6b400000] [id=5620]

Stack: [0x0000004a6b300000,0x0000004a6b400000]
Native frames: (J=compiled Java code, j=interpreted, Vv=VM code, C=native code)
V  [jvm.dll+0x683c9a]
V  [jvm.dll+0x8427a4]
V  [jvm.dll+0x843f9e]
V  [jvm.dll+0x844603]
V  [jvm.dll+0x249b75]
V  [jvm.dll+0x680b69]
V  [jvm.dll+0x67505a]
V  [jvm.dll+0x309acb]
V  [jvm.dll+0x310f86]
V  [jvm.dll+0x3608ee]
V  [jvm.dll+0x360b1f]
V  [jvm.dll+0x2dfbf8]
V  [jvm.dll+0x2ddec4]
V  [jvm.dll+0x2dd4cc]
V  [jvm.dll+0x321f3b]
V  [jvm.dll+0x848ccb]
V  [jvm.dll+0x849a04]
V  [jvm.dll+0x849f1d]
V  [jvm.dll+0x84a2f4]
V  [jvm.dll+0x84a3c0]
V  [jvm.dll+0x7f274a]
V  [jvm.dll+0x682ad5]
C  [ucrtbase.dll+0x21bb2]
C  [KERNEL32.DLL+0x17344]
C  [ntdll.dll+0x526b1]

VM_Operation (0x0000004a6c7fbaa0): G1CollectForAllocation, mode: safepoint, requested by thread 0x000001b8646d21e0


---------------  P R O C E S S  ---------------

Threads class SMR info:
_java_thread_list=0x000001b86403e460, length=37, elements={
0x000001b84149ab10, 0x000001b85aa81620, 0x000001b85aa823a0, 0x000001b85aa9e3b0,
0x000001b85aa6acc0, 0x000001b85aa6b580, 0x000001b85aa6be40, 0x000001b85aa6c7b0,
0x000001b85b419af0, 0x000001b85b436bc0, 0x000001b85b5c8070, 0x000001b85b5b10c0,
0x000001b85ce43fb0, 0x000001b85ce457c0, 0x000001b85ce422d0, 0x000001b85ce44e20,
0x000001b85ce43ae0, 0x000001b85f8117f0, 0x000001b85f80c620, 0x000001b85f80d960,
0x000001b85f8104b0, 0x000001b85f810980, 0x000001b85f80de30, 0x000001b85f80eca0,
0x000001b85f811cc0, 0x000001b85f80fb10, 0x000001b85b990f20, 0x000001b861545f80,
0x000001b861937990, 0x000001b865dbbba0, 0x000001b865dbad30, 0x000001b865dbc070,
0x000001b865de8d30, 0x000001b8646d21e0, 0x000001b865dbb200, 0x000001b865dbb6d0,
0x000001b865db9520
}

Java Threads: ( => current thread )
  0x000001b84149ab10 JavaThread "main" [_thread_blocked, id=5060, stack(0x0000004a6ad00000,0x0000004a6ae00000)]
  0x000001b85aa81620 JavaThread "Reference Handler" daemon [_thread_blocked, id=4172, stack(0x0000004a6b400000,0x0000004a6b500000)]
  0x000001b85aa823a0 JavaThread "Finalizer" daemon [_thread_blocked, id=3052, stack(0x0000004a6b500000,0x0000004a6b600000)]
  0x000001b85aa9e3b0 JavaThread "Signal Dispatcher" daemon [_thread_blocked, id=2848, stack(0x0000004a6b600000,0x0000004a6b700000)]
  0x000001b85aa6acc0 JavaThread "Attach Listener" daemon [_thread_blocked, id=244, stack(0x0000004a6b700000,0x0000004a6b800000)]
  0x000001b85aa6b580 JavaThread "Service Thread" daemon [_thread_blocked, id=9780, stack(0x0000004a6b800000,0x0000004a6b900000)]
  0x000001b85aa6be40 JavaThread "Monitor Deflation Thread" daemon [_thread_blocked, id=9132, stack(0x0000004a6b900000,0x0000004a6ba00000)]
  0x000001b85aa6c7b0 JavaThread "C2 CompilerThread0" daemon [_thread_blocked, id=7956, stack(0x0000004a6ba00000,0x0000004a6bb00000)]
  0x000001b85b419af0 JavaThread "C1 CompilerThread0" daemon [_thread_blocked, id=9760, stack(0x0000004a6bb00000,0x0000004a6bc00000)]
  0x000001b85b436bc0 JavaThread "Sweeper thread" daemon [_thread_blocked, id=9772, stack(0x0000004a6bc00000,0x0000004a6bd00000)]
  0x000001b85b5c8070 JavaThread "Common-Cleaner" daemon [_thread_blocked, id=10940, stack(0x0000004a6bd00000,0x0000004a6be00000)]
  0x000001b85b5b10c0 JavaThread "Notification Thread" daemon [_thread_blocked, id=2352, stack(0x0000004a6be00000,0x0000004a6bf00000)]
  0x000001b85ce43fb0 JavaThread "Daemon health stats" [_thread_blocked, id=10356, stack(0x0000004a6c400000,0x0000004a6c500000)]
  0x000001b85ce457c0 JavaThread "Incoming local TCP Connector on port 52639" [_thread_in_native, id=11220, stack(0x0000004a6c500000,0x0000004a6c600000)]
  0x000001b85ce422d0 JavaThread "Daemon periodic checks" [_thread_blocked, id=10908, stack(0x0000004a6c600000,0x0000004a6c700000)]
  0x000001b85ce44e20 JavaThread "Cache worker for journal cache (C:\Users\Bia e Leo\.gradle\caches\journal-1)" [_thread_blocked, id=5184, stack(0x0000004a6c200000,0x0000004a6c300000)]
  0x000001b85ce43ae0 JavaThread "File lock request listener" [_thread_in_native, id=10144, stack(0x0000004a6ce00000,0x0000004a6cf00000)]
  0x000001b85f8117f0 JavaThread "Cache worker for file hash cache (C:\Users\Bia e Leo\.gradle\caches\8.0\fileHashes)" [_thread_blocked, id=3500, stack(0x0000004a6cf00000,0x0000004a6d000000)]
  0x000001b85f80c620 JavaThread "File watcher server" daemon [_thread_blocked, id=1120, stack(0x0000004a6d000000,0x0000004a6d100000)]
  0x000001b85f80d960 JavaThread "File watcher consumer" daemon [_thread_blocked, id=10256, stack(0x0000004a6d100000,0x0000004a6d200000)]
  0x000001b85f8104b0 JavaThread "Cache worker for file content cache (C:\Users\Bia e Leo\.gradle\caches\8.0\fileContent)" [_thread_blocked, id=9852, stack(0x0000004a6d400000,0x0000004a6d500000)]
  0x000001b85f810980 JavaThread "Cache worker for execution history cache (C:\Users\Bia e Leo\.gradle\caches\8.0\executionHistory)" [_thread_blocked, id=192, stack(0x0000004a6d700000,0x0000004a6d800000)]
  0x000001b85f80de30 JavaThread "jar transforms" [_thread_blocked, id=3880, stack(0x0000004a6d800000,0x0000004a6d900000)]
  0x000001b85f80eca0 JavaThread "jar transforms Thread 2" [_thread_blocked, id=10284, stack(0x0000004a6da00000,0x0000004a6db00000)]
  0x000001b85f811cc0 JavaThread "jar transforms Thread 3" [_thread_blocked, id=8044, stack(0x0000004a6d900000,0x0000004a6da00000)]
  0x000001b85f80fb10 JavaThread "jar transforms Thread 4" [_thread_blocked, id=4312, stack(0x0000004a6dc00000,0x0000004a6dd00000)]
  0x000001b85b990f20 JavaThread "Memory manager" [_thread_blocked, id=11080, stack(0x0000004a70800000,0x0000004a70900000)]
  0x000001b861545f80 JavaThread "ForkJoinPool.commonPool-worker-3" daemon [_thread_blocked, id=3184, stack(0x0000004a71400000,0x0000004a71500000)]
  0x000001b861937990 JavaThread "Cache worker for Java compile cache (C:\Users\Bia e Leo\.gradle\caches\8.0\javaCompile)" [_thread_blocked, id=10440, stack(0x0000004a71700000,0x0000004a71800000)]
  0x000001b865dbbba0 JavaThread "ForkJoinPool.commonPool-worker-5" daemon [_thread_blocked, id=10880, stack(0x0000004a71c00000,0x0000004a71d00000)]
  0x000001b865dbad30 JavaThread "Daemon Thread 4" [_thread_blocked, id=2564, stack(0x0000004a6aa00000,0x0000004a6ab00000)]
  0x000001b865dbc070 JavaThread "Handler for socket connection from /127.0.0.1:52639 to /127.0.0.1:52924" [_thread_in_native, id=4092, stack(0x0000004a6ab00000,0x0000004a6ac00000)]
  0x000001b865de8d30 JavaThread "Cancel handler" [_thread_blocked, id=2312, stack(0x0000004a6ac00000,0x0000004a6ad00000)]
  0x000001b8646d21e0 JavaThread "Daemon worker Thread 4" [_thread_blocked, id=4052, stack(0x0000004a6c700000,0x0000004a6c800000)]
  0x000001b865dbb200 JavaThread "Asynchronous log dispatcher for DefaultDaemonConnection: socket connection from /127.0.0.1:52639 to /127.0.0.1:52924" [_thread_blocked, id=4256, stack(0x0000004a6c800000,0x0000004a6c900000)]
  0x000001b865dbb6d0 JavaThread "Stdin handler" [_thread_blocked, id=10064, stack(0x0000004a6c900000,0x0000004a6ca00000)]
  0x000001b865db9520 JavaThread "Daemon client event forwarder" [_thread_blocked, id=9244, stack(0x0000004a6ca00000,0x0000004a6cb00000)]

Other Threads:
=>0x000001b85aa5d130 VMThread "VM Thread" [stack: 0x0000004a6b300000,0x0000004a6b400000] [id=5620]
  0x000001b85b5c8950 WatcherThread [stack: 0x0000004a6bf00000,0x0000004a6c000000] [id=10272]
  0x000001b8414f9160 GCTaskThread "GC Thread#0" [stack: 0x0000004a6ae00000,0x0000004a6af00000] [id=8304]
  0x000001b85bde93a0 GCTaskThread "GC Thread#1" [stack: 0x0000004a6c000000,0x0000004a6c100000] [id=6440]
  0x000001b85baf5b00 GCTaskThread "GC Thread#2" [stack: 0x0000004a6c100000,0x0000004a6c200000] [id=7420]
  0x000001b85c0cfab0 GCTaskThread "GC Thread#3" [stack: 0x0000004a6c300000,0x0000004a6c400000] [id=2448]
  0x000001b841509fb0 ConcurrentGCThread "G1 Main Marker" [stack: 0x0000004a6af00000,0x0000004a6b000000] [id=2260]
  0x000001b84150a8d0 ConcurrentGCThread "G1 Conc#0" [stack: 0x0000004a6b000000,0x0000004a6b100000] [id=1808]
  0x000001b84156e210 ConcurrentGCThread "G1 Refine#0" [stack: 0x0000004a6b100000,0x0000004a6b200000] [id=10756]
  0x000001b85e69bce0 ConcurrentGCThread "G1 Refine#1" [stack: 0x0000004a6db00000,0x0000004a6dc00000] [id=6192]
  0x000001b85fe2b730 ConcurrentGCThread "G1 Refine#2" [stack: 0x0000004a70c00000,0x0000004a70d00000] [id=8932]
  0x000001b85e29f080 ConcurrentGCThread "G1 Refine#3" [stack: 0x0000004a70e00000,0x0000004a70f00000] [id=1192]
  0x000001b84156eb40 ConcurrentGCThread "G1 Service" [stack: 0x0000004a6b200000,0x0000004a6b300000] [id=7456]

Threads with active compile tasks:
C2 CompilerThread0   436522 21477       4       org.gradle.internal.snapshot.SingletonChildMap::stream (8 bytes)

VM state: at safepoint (normal execution)

VM Mutex/Monitor currently owned by a thread:  ([mutex/lock_event])
[0x000001b841496e20] Threads_lock - owner thread: 0x000001b85aa5d130
[0x000001b841495560] Heap_lock - owner thread: 0x000001b8646d21e0

Heap address: 0x0000000080000000, size: 2048 MB, Compressed Oops mode: 32-bit

CDS archive(s) not mapped
Compressed class space mapped at: 0x0000000100000000-0x0000000140000000, reserved size: 1073741824
Narrow klass base: 0x0000000000000000, Narrow klass shift: 3, Narrow klass range: 0x140000000

GC Precious Log:
 CPUs: 4 total, 4 available
 Memory: 8038M
 Large Page Support: Disabled
 NUMA Support: Disabled
 Compressed Oops: Enabled (32-bit)
 Heap Region Size: 1M
 Heap Min Capacity: 8M
 Heap Initial Capacity: 126M
 Heap Max Capacity: 2G
 Pre-touch: Disabled
 Parallel Workers: 4
 Concurrent Workers: 1
 Concurrent Refinement Workers: 4
 Periodic GC: Disabled

Heap:
 garbage-first heap   total 369664K, used 142021K [0x0000000080000000, 0x0000000100000000)
  region size 1024K, 3 young (3072K), 3 survivors (3072K)
 Metaspace       used 128966K, committed 129920K, reserved 1163264K
  class space    used 17193K, committed 17664K, reserved 1048576K

Heap Regions: E=young(eden), S=young(survivor), O=old, HS=humongous(starts), HC=humongous(continues), CS=collection set, F=free, OA=open archive, CA=closed archive, TAMS=top-at-mark-start (previous, next)
|   0|0x0000000080000000, 0x0000000080100000, 0x0000000080100000|100%| O|  |TAMS 0x0000000080100000, 0x0000000080000000| Untracked 
|   1|0x0000000080100000, 0x0000000080200000, 0x0000000080200000|100%| O|  |TAMS 0x0000000080200000, 0x0000000080100000| Untracked 
|   2|0x0000000080200000, 0x0000000080300000, 0x0000000080300000|100%|HS|  |TAMS 0x0000000080300000, 0x0000000080200000| Complete 
|   3|0x0000000080300000, 0x0000000080400000, 0x0000000080400000|100%|HC|  |TAMS 0x0000000080400000, 0x0000000080300000| Complete 
|   4|0x0000000080400000, 0x0000000080500000, 0x0000000080500000|100%|HC|  |TAMS 0x0000000080500000, 0x0000000080400000| Complete 
|   5|0x0000000080500000, 0x0000000080600000, 0x0000000080600000|100%|HC|  |TAMS 0x0000000080600000, 0x0000000080500000| Complete 
|   6|0x0000000080600000, 0x0000000080700000, 0x0000000080700000|100%| O|  |TAMS 0x0000000080700000, 0x0000000080600000| Untracked 
|   7|0x0000000080700000, 0x0000000080800000, 0x0000000080800000|100%| O|  |TAMS 0x0000000080800000, 0x0000000080700000| Untracked 
|   8|0x0000000080800000, 0x0000000080900000, 0x0000000080900000|100%| O|  |TAMS 0x0000000080900000, 0x0000000080800000| Untracked 
|   9|0x0000000080900000, 0x0000000080a00000, 0x0000000080a00000|100%| O|  |TAMS 0x0000000080a00000, 0x0000000080900000| Untracked 
|  10|0x0000000080a00000, 0x0000000080b00000, 0x0000000080b00000|100%| O|  |TAMS 0x0000000080b00000, 0x0000000080a00000| Untracked 
|  11|0x0000000080b00000, 0x0000000080c00000, 0x0000000080c00000|100%| O|  |TAMS 0x0000000080c00000, 0x0000000080b00000| Untracked 
|  12|0x0000000080c00000, 0x0000000080d00000, 0x0000000080d00000|100%| O|  |TAMS 0x0000000080d00000, 0x0000000080c00000| Untracked 
|  13|0x0000000080d00000, 0x0000000080e00000, 0x0000000080e00000|100%| O|  |TAMS 0x0000000080e00000, 0x0000000080d00000| Untracked 
|  14|0x0000000080e00000, 0x0000000080f00000, 0x0000000080f00000|100%| O|  |TAMS 0x0000000080f00000, 0x0000000080e00000| Untracked 
|  15|0x0000000080f00000, 0x0000000081000000, 0x0000000081000000|100%| O|  |TAMS 0x0000000081000000, 0x0000000080f00000| Untracked 
|  16|0x0000000081000000, 0x0000000081100000, 0x0000000081100000|100%| O|  |TAMS 0x0000000081100000, 0x0000000081000000| Untracked 
|  17|0x0000000081100000, 0x0000000081200000, 0x0000000081200000|100%| O|  |TAMS 0x0000000081200000, 0x0000000081100000| Untracked 
|  18|0x0000000081200000, 0x0000000081300000, 0x0000000081300000|100%| O|  |TAMS 0x0000000081300000, 0x0000000081200000| Untracked 
|  19|0x0000000081300000, 0x0000000081400000, 0x0000000081400000|100%| O|  |TAMS 0x0000000081400000, 0x0000000081300000| Untracked 
|  20|0x0000000081400000, 0x0000000081500000, 0x0000000081500000|100%| O|  |TAMS 0x0000000081500000, 0x0000000081400000| Untracked 
|  21|0x0000000081500000, 0x0000000081600000, 0x0000000081600000|100%| O|  |TAMS 0x0000000081600000, 0x0000000081500000| Untracked 
|  22|0x0000000081600000, 0x0000000081700000, 0x0000000081700000|100%| O|  |TAMS 0x0000000081700000, 0x0000000081600000| Untracked 
|  23|0x0000000081700000, 0x0000000081800000, 0x0000000081800000|100%| O|  |TAMS 0x0000000081800000, 0x0000000081700000| Untracked 
|  24|0x0000000081800000, 0x0000000081900000, 0x0000000081900000|100%| O|  |TAMS 0x0000000081900000, 0x0000000081800000| Untracked 
|  25|0x0000000081900000, 0x0000000081a00000, 0x0000000081a00000|100%| O|  |TAMS 0x0000000081a00000, 0x0000000081900000| Untracked 
|  26|0x0000000081a00000, 0x0000000081b00000, 0x0000000081b00000|100%| O|  |TAMS 0x0000000081b00000, 0x0000000081a00000| Untracked 
|  27|0x0000000081b00000, 0x0000000081c00000, 0x0000000081c00000|100%| O|  |TAMS 0x0000000081c00000, 0x0000000081b00000| Untracked 
|  28|0x0000000081c00000, 0x0000000081d00000, 0x0000000081d00000|100%| O|  |TAMS 0x0000000081d00000, 0x0000000081c00000| Untracked 
|  29|0x0000000081d00000, 0x0000000081e00000, 0x0000000081e00000|100%| O|  |TAMS 0x0000000081e00000, 0x0000000081d00000| Untracked 
|  30|0x0000000081e00000, 0x0000000081f00000, 0x0000000081f00000|100%| O|  |TAMS 0x0000000081f00000, 0x0000000081e00000| Untracked 
|  31|0x0000000081f00000, 0x0000000082000000, 0x0000000082000000|100%| O|  |TAMS 0x0000000082000000, 0x0000000081f00000| Untracked 
|  32|0x0000000082000000, 0x0000000082100000, 0x0000000082100000|100%| O|  |TAMS 0x0000000082100000, 0x0000000082000000| Untracked 
|  33|0x0000000082100000, 0x0000000082200000, 0x0000000082200000|100%| O|  |TAMS 0x0000000082200000, 0x0000000082100000| Untracked 
|  34|0x0000000082200000, 0x0000000082300000, 0x0000000082300000|100%| O|  |TAMS 0x0000000082300000, 0x0000000082200000| Untracked 
|  35|0x0000000082300000, 0x0000000082400000, 0x0000000082400000|100%| O|  |TAMS 0x0000000082400000, 0x0000000082300000| Untracked 
|  36|0x0000000082400000, 0x0000000082500000, 0x0000000082500000|100%| O|  |TAMS 0x0000000082500000, 0x0000000082400000| Untracked 
|  37|0x0000000082500000, 0x0000000082600000, 0x0000000082600000|100%|HS|  |TAMS 0x0000000082600000, 0x0000000082500000| Complete 
|  38|0x0000000082600000, 0x0000000082700000, 0x0000000082700000|100%|HS|  |TAMS 0x0000000082700000, 0x0000000082600000| Complete 
|  39|0x0000000082700000, 0x0000000082800000, 0x0000000082800000|100%|HS|  |TAMS 0x0000000082800000, 0x0000000082700000| Complete 
|  40|0x0000000082800000, 0x0000000082900000, 0x0000000082900000|100%| O|  |TAMS 0x0000000082900000, 0x0000000082800000| Untracked 
|  41|0x0000000082900000, 0x0000000082a00000, 0x0000000082a00000|100%| O|  |TAMS 0x0000000082a00000, 0x0000000082900000| Untracked 
|  42|0x0000000082a00000, 0x0000000082b00000, 0x0000000082b00000|100%| O|  |TAMS 0x0000000082b00000, 0x0000000082a00000| Untracked 
|  43|0x0000000082b00000, 0x0000000082c00000, 0x0000000082c00000|100%| O|  |TAMS 0x0000000082c00000, 0x0000000082b00000| Untracked 
|  44|0x0000000082c00000, 0x0000000082d00000, 0x0000000082d00000|100%| O|  |TAMS 0x0000000082d00000, 0x0000000082c00000| Untracked 
|  45|0x0000000082d00000, 0x0000000082e00000, 0x0000000082e00000|100%| O|  |TAMS 0x0000000082e00000, 0x0000000082d00000| Untracked 
|  46|0x0000000082e00000, 0x0000000082f00000, 0x0000000082f00000|100%| O|  |TAMS 0x0000000082f00000, 0x0000000082e00000| Untracked 
|  47|0x0000000082f00000, 0x0000000083000000, 0x0000000083000000|100%| O|  |TAMS 0x0000000083000000, 0x0000000082f00000| Untracked 
|  48|0x0000000083000000, 0x0000000083100000, 0x0000000083100000|100%| O|  |TAMS 0x0000000083100000, 0x0000000083000000| Untracked 
|  49|0x0000000083100000, 0x0000000083200000, 0x0000000083200000|100%| O|  |TAMS 0x0000000083200000, 0x0000000083100000| Untracked 
|  50|0x0000000083200000, 0x0000000083300000, 0x0000000083300000|100%| O|  |TAMS 0x0000000083300000, 0x0000000083200000| Untracked 
|  51|0x0000000083300000, 0x0000000083400000, 0x0000000083400000|100%| O|  |TAMS 0x0000000083400000, 0x0000000083300000| Untracked 
|  52|0x0000000083400000, 0x0000000083500000, 0x0000000083500000|100%| O|  |TAMS 0x0000000083500000, 0x0000000083400000| Untracked 
|  53|0x0000000083500000, 0x0000000083600000, 0x0000000083600000|100%| O|  |TAMS 0x0000000083600000, 0x0000000083500000| Untracked 
|  54|0x0000000083600000, 0x0000000083700000, 0x0000000083700000|100%| O|  |TAMS 0x0000000083700000, 0x0000000083600000| Untracked 
|  55|0x0000000083700000, 0x0000000083800000, 0x0000000083800000|100%| O|  |TAMS 0x0000000083800000, 0x0000000083700000| Untracked 
|  56|0x0000000083800000, 0x0000000083900000, 0x0000000083900000|100%| O|  |TAMS 0x0000000083900000, 0x0000000083800000| Untracked 
|  57|0x0000000083900000, 0x0000000083a00000, 0x0000000083a00000|100%| O|  |TAMS 0x0000000083a00000, 0x0000000083900000| Untracked 
|  58|0x0000000083a00000, 0x0000000083b00000, 0x0000000083b00000|100%| O|  |TAMS 0x0000000083b00000, 0x0000000083a00000| Untracked 
|  59|0x0000000083b00000, 0x0000000083c00000, 0x0000000083c00000|100%| O|  |TAMS 0x0000000083c00000, 0x0000000083b00000| Untracked 
|  60|0x0000000083c00000, 0x0000000083d00000, 0x0000000083d00000|100%| O|  |TAMS 0x0000000083d00000, 0x0000000083c00000| Untracked 
|  61|0x0000000083d00000, 0x0000000083e00000, 0x0000000083e00000|100%| O|  |TAMS 0x0000000083e00000, 0x0000000083d00000| Untracked 
|  62|0x0000000083e00000, 0x0000000083f00000, 0x0000000083f00000|100%| O|  |TAMS 0x0000000083f00000, 0x0000000083e00000| Untracked 
|  63|0x0000000083f00000, 0x0000000084000000, 0x0000000084000000|100%| O|  |TAMS 0x0000000084000000, 0x0000000083f00000| Untracked 
|  64|0x0000000084000000, 0x0000000084100000, 0x0000000084100000|100%| O|  |TAMS 0x0000000084100000, 0x0000000084000000| Untracked 
|  65|0x0000000084100000, 0x0000000084200000, 0x0000000084200000|100%| O|  |TAMS 0x0000000084200000, 0x0000000084100000| Untracked 
|  66|0x0000000084200000, 0x0000000084300000, 0x0000000084300000|100%| O|  |TAMS 0x0000000084300000, 0x0000000084200000| Untracked 
|  67|0x0000000084300000, 0x0000000084400000, 0x0000000084400000|100%| O|  |TAMS 0x0000000084400000, 0x0000000084300000| Untracked 
|  68|0x0000000084400000, 0x0000000084500000, 0x0000000084500000|100%| O|  |TAMS 0x0000000084500000, 0x0000000084400000| Untracked 
|  69|0x0000000084500000, 0x0000000084600000, 0x0000000084600000|100%| O|  |TAMS 0x0000000084600000, 0x0000000084500000| Untracked 
|  70|0x0000000084600000, 0x0000000084700000, 0x0000000084700000|100%| O|  |TAMS 0x0000000084700000, 0x0000000084600000| Untracked 
|  71|0x0000000084700000, 0x0000000084800000, 0x0000000084800000|100%| O|  |TAMS 0x0000000084800000, 0x0000000084700000| Untracked 
|  72|0x0000000084800000, 0x0000000084900000, 0x0000000084900000|100%| O|  |TAMS 0x0000000084900000, 0x0000000084800000| Untracked 
|  73|0x0000000084900000, 0x0000000084a00000, 0x0000000084a00000|100%| O|  |TAMS 0x0000000084a00000, 0x0000000084900000| Untracked 
|  74|0x0000000084a00000, 0x0000000084b00000, 0x0000000084b00000|100%| O|  |TAMS 0x0000000084b00000, 0x0000000084a00000| Untracked 
|  75|0x0000000084b00000, 0x0000000084c00000, 0x0000000084c00000|100%| O|  |TAMS 0x0000000084b00000, 0x0000000084b00000| Untracked 
|  76|0x0000000084c00000, 0x0000000084c00000, 0x0000000084d00000|  0%| F|  |TAMS 0x0000000084c00000, 0x0000000084c00000| Untracked 
|  77|0x0000000084d00000, 0x0000000084e00000, 0x0000000084e00000|100%| O|  |TAMS 0x0000000084e00000, 0x0000000084d00000| Untracked 
|  78|0x0000000084e00000, 0x0000000084f00000, 0x0000000084f00000|100%| O|  |TAMS 0x0000000084f00000, 0x0000000084e00000| Untracked 
|  79|0x0000000084f00000, 0x0000000085000000, 0x0000000085000000|100%| O|  |TAMS 0x0000000084f00000, 0x0000000084f00000| Untracked 
|  80|0x0000000085000000, 0x0000000085100000, 0x0000000085100000|100%| O|  |TAMS 0x0000000085100000, 0x0000000085000000| Untracked 
|  81|0x0000000085100000, 0x0000000085200000, 0x0000000085200000|100%| O|  |TAMS 0x0000000085200000, 0x0000000085100000| Untracked 
|  82|0x0000000085200000, 0x0000000085300000, 0x0000000085300000|100%| O|  |TAMS 0x0000000085300000, 0x0000000085200000| Untracked 
|  83|0x0000000085300000, 0x0000000085400000, 0x0000000085400000|100%| O|  |TAMS 0x0000000085400000, 0x0000000085300000| Untracked 
|  84|0x0000000085400000, 0x0000000085500000, 0x0000000085500000|100%| O|  |TAMS 0x0000000085400000, 0x0000000085400000| Untracked 
|  85|0x0000000085500000, 0x0000000085600000, 0x0000000085600000|100%| O|  |TAMS 0x0000000085600000, 0x0000000085500000| Untracked 
|  86|0x0000000085600000, 0x0000000085700000, 0x0000000085700000|100%| O|  |TAMS 0x0000000085700000, 0x0000000085600000| Untracked 
|  87|0x0000000085700000, 0x0000000085800000, 0x0000000085800000|100%| O|  |TAMS 0x0000000085800000, 0x0000000085700000| Untracked 
|  88|0x0000000085800000, 0x0000000085900000, 0x0000000085900000|100%| O|  |TAMS 0x0000000085900000, 0x0000000085800000| Untracked 
|  89|0x0000000085900000, 0x0000000085900000, 0x0000000085a00000|  0%| F|  |TAMS 0x0000000085900000, 0x0000000085900000| Untracked 
|  90|0x0000000085a00000, 0x0000000085b00000, 0x0000000085b00000|100%| O|  |TAMS 0x0000000085a00000, 0x0000000085a00000| Untracked 
|  91|0x0000000085b00000, 0x0000000085c00000, 0x0000000085c00000|100%| O|  |TAMS 0x0000000085b00000, 0x0000000085b00000| Untracked 
|  92|0x0000000085c00000, 0x0000000085c00000, 0x0000000085d00000|  0%| F|  |TAMS 0x0000000085c00000, 0x0000000085c00000| Untracked 
|  93|0x0000000085d00000, 0x0000000085e00000, 0x0000000085e00000|100%| O|  |TAMS 0x0000000085d00000, 0x0000000085d00000| Untracked 
|  94|0x0000000085e00000, 0x0000000085f00000, 0x0000000085f00000|100%| O|  |TAMS 0x0000000085f00000, 0x0000000085e00000| Untracked 
|  95|0x0000000085f00000, 0x0000000086000000, 0x0000000086000000|100%| O|  |TAMS 0x0000000086000000, 0x0000000085f00000| Untracked 
|  96|0x0000000086000000, 0x0000000086100000, 0x0000000086100000|100%| O|  |TAMS 0x0000000086100000, 0x0000000086000000| Untracked 
|  97|0x0000000086100000, 0x0000000086200000, 0x0000000086200000|100%| O|  |TAMS 0x0000000086200000, 0x0000000086100000| Untracked 
|  98|0x0000000086200000, 0x0000000086300000, 0x0000000086300000|100%| O|  |TAMS 0x0000000086200000, 0x0000000086200000| Untracked 
|  99|0x0000000086300000, 0x0000000086300000, 0x0000000086400000|  0%| F|  |TAMS 0x0000000086300000, 0x0000000086300000| Untracked 
| 100|0x0000000086400000, 0x0000000086500000, 0x0000000086500000|100%| O|  |TAMS 0x0000000086500000, 0x0000000086400000| Untracked 
| 101|0x0000000086500000, 0x0000000086600000, 0x0000000086600000|100%| O|  |TAMS 0x0000000086600000, 0x0000000086500000| Untracked 
| 102|0x0000000086600000, 0x0000000086700000, 0x0000000086700000|100%| O|  |TAMS 0x0000000086700000, 0x0000000086600000| Untracked 
| 103|0x0000000086700000, 0x0000000086800000, 0x0000000086800000|100%| O|  |TAMS 0x0000000086800000, 0x0000000086700000| Untracked 
| 104|0x0000000086800000, 0x0000000086900000, 0x0000000086900000|100%| O|  |TAMS 0x0000000086900000, 0x0000000086800000| Untracked 
| 105|0x0000000086900000, 0x0000000086a00000, 0x0000000086a00000|100%| O|  |TAMS 0x0000000086900000, 0x0000000086900000| Untracked 
| 106|0x0000000086a00000, 0x0000000086b00000, 0x0000000086b00000|100%| O|  |TAMS 0x0000000086b00000, 0x0000000086a00000| Untracked 
| 107|0x0000000086b00000, 0x0000000086c00000, 0x0000000086c00000|100%| O|  |TAMS 0x0000000086b00000, 0x0000000086b00000| Untracked 
| 108|0x0000000086c00000, 0x0000000086d00000, 0x0000000086d00000|100%| O|  |TAMS 0x0000000086c00000, 0x0000000086c00000| Untracked 
| 109|0x0000000086d00000, 0x0000000086e00000, 0x0000000086e00000|100%| O|  |TAMS 0x0000000086e00000, 0x0000000086d00000| Untracked 
| 110|0x0000000086e00000, 0x0000000086f00000, 0x0000000086f00000|100%| O|  |TAMS 0x0000000086e00000, 0x0000000086e00000| Untracked 
| 111|0x0000000086f00000, 0x0000000087000000, 0x0000000087000000|100%| O|  |TAMS 0x0000000087000000, 0x0000000086f00000| Untracked 
| 112|0x0000000087000000, 0x0000000087000000, 0x0000000087100000|  0%| F|  |TAMS 0x0000000087000000, 0x0000000087000000| Untracked 
| 113|0x0000000087100000, 0x0000000087100000, 0x0000000087200000|  0%| F|  |TAMS 0x0000000087100000, 0x0000000087100000| Untracked 
| 114|0x0000000087200000, 0x0000000087300000, 0x0000000087300000|100%| O|  |TAMS 0x0000000087200000, 0x0000000087200000| Untracked 
| 115|0x0000000087300000, 0x0000000087400000, 0x0000000087400000|100%| O|  |TAMS 0x0000000087300000, 0x0000000087300000| Untracked 
| 116|0x0000000087400000, 0x0000000087500000, 0x0000000087500000|100%| O|  |TAMS 0x0000000087400000, 0x0000000087400000| Untracked 
| 117|0x0000000087500000, 0x0000000087600000, 0x0000000087600000|100%| O|  |TAMS 0x0000000087500000, 0x0000000087500000| Untracked 
| 118|0x0000000087600000, 0x0000000087600000, 0x0000000087700000|  0%| F|  |TAMS 0x0000000087600000, 0x0000000087600000| Untracked 
| 119|0x0000000087700000, 0x0000000087800000, 0x0000000087800000|100%| O|  |TAMS 0x0000000087800000, 0x0000000087700000| Untracked 
| 120|0x0000000087800000, 0x0000000087900000, 0x0000000087900000|100%| O|  |TAMS 0x0000000087900000, 0x0000000087800000| Untracked 
| 121|0x0000000087900000, 0x0000000087a00000, 0x0000000087a00000|100%| O|  |TAMS 0x0000000087a00000, 0x0000000087900000| Untracked 
| 122|0x0000000087a00000, 0x0000000087b00000, 0x0000000087b00000|100%| O|  |TAMS 0x0000000087b00000, 0x0000000087a00000| Untracked 
| 123|0x0000000087b00000, 0x0000000087c00000, 0x0000000087c00000|100%| O|  |TAMS 0x0000000087c00000, 0x0000000087b00000| Untracked 
| 124|0x0000000087c00000, 0x0000000087d00000, 0x0000000087d00000|100%| O|  |TAMS 0x0000000087d00000, 0x0000000087c00000| Untracked 
| 125|0x0000000087d00000, 0x0000000087e00000, 0x0000000087e00000|100%| O|  |TAMS 0x0000000087e00000, 0x0000000087d00000| Untracked 
| 126|0x0000000087e00000, 0x0000000087f00000, 0x0000000087f00000|100%| O|  |TAMS 0x0000000087f00000, 0x0000000087e00000| Untracked 
| 127|0x0000000087f00000, 0x0000000087f00000, 0x0000000088000000|  0%| F|  |TAMS 0x0000000087f00000, 0x0000000087f00000| Untracked 
| 128|0x0000000088000000, 0x0000000088100000, 0x0000000088100000|100%| O|  |TAMS 0x0000000088100000, 0x0000000088000000| Untracked 
| 129|0x0000000088100000, 0x0000000088200000, 0x0000000088200000|100%| O|  |TAMS 0x0000000088200000, 0x0000000088100000| Untracked 
| 130|0x0000000088200000, 0x0000000088300000, 0x0000000088300000|100%| O|  |TAMS 0x0000000088200000, 0x0000000088200000| Untracked 
| 131|0x0000000088300000, 0x0000000088300000, 0x0000000088400000|  0%| F|  |TAMS 0x0000000088300000, 0x0000000088300000| Untracked 
| 132|0x0000000088400000, 0x0000000088500000, 0x0000000088500000|100%|HS|  |TAMS 0x0000000088400000, 0x0000000088400000| Complete 
| 133|0x0000000088500000, 0x0000000088600000, 0x0000000088600000|100%|HC|  |TAMS 0x0000000088500000, 0x0000000088500000| Complete 
| 134|0x0000000088600000, 0x0000000088600000, 0x0000000088700000|  0%| F|  |TAMS 0x0000000088600000, 0x0000000088600000| Untracked 
| 135|0x0000000088700000, 0x0000000088800000, 0x0000000088800000|100%| O|  |TAMS 0x0000000088700000, 0x0000000088700000| Untracked 
| 136|0x0000000088800000, 0x0000000088900000, 0x0000000088900000|100%| O|  |TAMS 0x0000000088800000, 0x0000000088800000| Untracked 
| 137|0x0000000088900000, 0x0000000088a00000, 0x0000000088a00000|100%| O|  |TAMS 0x0000000088900000, 0x0000000088900000| Untracked 
| 138|0x0000000088a00000, 0x0000000088b00000, 0x0000000088b00000|100%| O|  |TAMS 0x0000000088a00000, 0x0000000088a00000| Untracked 
| 139|0x0000000088b00000, 0x0000000088c00000, 0x0000000088c00000|100%| O|  |TAMS 0x0000000088b00000, 0x0000000088b00000| Untracked 
| 140|0x0000000088c00000, 0x0000000088d00000, 0x0000000088d00000|100%| O|  |TAMS 0x0000000088c00000, 0x0000000088c00000| Untracked 
| 141|0x0000000088d00000, 0x0000000088d11600, 0x0000000088e00000|  6%| O|  |TAMS 0x0000000088d00000, 0x0000000088d00000| Untracked 
| 142|0x0000000088e00000, 0x0000000088e00000, 0x0000000088f00000|  0%| F|  |TAMS 0x0000000088e00000, 0x0000000088e00000| Untracked 
| 143|0x0000000088f00000, 0x0000000089000000, 0x0000000089000000|100%| O|  |TAMS 0x0000000089000000, 0x0000000088f00000| Untracked 
| 144|0x0000000089000000, 0x0000000089100000, 0x0000000089100000|100%| O|  |TAMS 0x0000000089100000, 0x0000000089000000| Untracked 
| 145|0x0000000089100000, 0x0000000089200000, 0x0000000089200000|100%| O|  |TAMS 0x0000000089200000, 0x0000000089100000| Untracked 
| 146|0x0000000089200000, 0x0000000089300000, 0x0000000089300000|100%| O|  |TAMS 0x0000000089300000, 0x0000000089200000| Untracked 
| 147|0x0000000089300000, 0x0000000089300000, 0x0000000089400000|  0%| F|  |TAMS 0x0000000089300000, 0x0000000089300000| Untracked 
| 148|0x0000000089400000, 0x0000000089400000, 0x0000000089500000|  0%| F|  |TAMS 0x0000000089400000, 0x0000000089400000| Untracked 
| 149|0x0000000089500000, 0x0000000089500000, 0x0000000089600000|  0%| F|  |TAMS 0x0000000089500000, 0x0000000089500000| Untracked 
| 150|0x0000000089600000, 0x0000000089700000, 0x0000000089700000|100%| O|  |TAMS 0x0000000089660000, 0x0000000089600000| Untracked 
| 151|0x0000000089700000, 0x0000000089700000, 0x0000000089800000|  0%| F|  |TAMS 0x0000000089700000, 0x0000000089700000| Untracked 
| 152|0x0000000089800000, 0x0000000089800000, 0x0000000089900000|  0%| F|  |TAMS 0x0000000089800000, 0x0000000089800000| Untracked 
| 153|0x0000000089900000, 0x0000000089900000, 0x0000000089a00000|  0%| F|  |TAMS 0x0000000089900000, 0x0000000089900000| Untracked 
| 154|0x0000000089a00000, 0x0000000089a00000, 0x0000000089b00000|  0%| F|  |TAMS 0x0000000089a00000, 0x0000000089a00000| Untracked 
| 155|0x0000000089b00000, 0x0000000089b00000, 0x0000000089c00000|  0%| F|  |TAMS 0x0000000089b00000, 0x0000000089b00000| Untracked 
| 156|0x0000000089c00000, 0x0000000089c00000, 0x0000000089d00000|  0%| F|  |TAMS 0x0000000089c00000, 0x0000000089c00000| Untracked 
| 157|0x0000000089d00000, 0x0000000089d00000, 0x0000000089e00000|  0%| F|  |TAMS 0x0000000089d00000, 0x0000000089d00000| Untracked 
| 158|0x0000000089e00000, 0x0000000089e00000, 0x0000000089f00000|  0%| F|  |TAMS 0x0000000089e00000, 0x0000000089e00000| Untracked 
| 159|0x0000000089f00000, 0x0000000089f00000, 0x000000008a000000|  0%| F|  |TAMS 0x0000000089f00000, 0x0000000089f00000| Untracked 
| 160|0x000000008a000000, 0x000000008a000000, 0x000000008a100000|  0%| F|  |TAMS 0x000000008a000000, 0x000000008a000000| Untracked 
| 161|0x000000008a100000, 0x000000008a100000, 0x000000008a200000|  0%| F|  |TAMS 0x000000008a100000, 0x000000008a100000| Untracked 
| 162|0x000000008a200000, 0x000000008a200000, 0x000000008a300000|  0%| F|  |TAMS 0x000000008a200000, 0x000000008a200000| Untracked 
| 163|0x000000008a300000, 0x000000008a300000, 0x000000008a400000|  0%| F|  |TAMS 0x000000008a300000, 0x000000008a300000| Untracked 
| 164|0x000000008a400000, 0x000000008a400000, 0x000000008a500000|  0%| F|  |TAMS 0x000000008a400000, 0x000000008a400000| Untracked 
| 165|0x000000008a500000, 0x000000008a500000, 0x000000008a600000|  0%| F|  |TAMS 0x000000008a500000, 0x000000008a500000| Untracked 
| 166|0x000000008a600000, 0x000000008a600000, 0x000000008a700000|  0%| F|  |TAMS 0x000000008a600000, 0x000000008a600000| Untracked 
| 167|0x000000008a700000, 0x000000008a700000, 0x000000008a800000|  0%| F|  |TAMS 0x000000008a700000, 0x000000008a700000| Untracked 
| 168|0x000000008a800000, 0x000000008a800000, 0x000000008a900000|  0%| F|  |TAMS 0x000000008a800000, 0x000000008a800000| Untracked 
| 169|0x000000008a900000, 0x000000008a900000, 0x000000008aa00000|  0%| F|  |TAMS 0x000000008a900000, 0x000000008a900000| Untracked 
| 170|0x000000008aa00000, 0x000000008aa00000, 0x000000008ab00000|  0%| F|  |TAMS 0x000000008aa00000, 0x000000008aa00000| Untracked 
| 171|0x000000008ab00000, 0x000000008ab00000, 0x000000008ac00000|  0%| F|  |TAMS 0x000000008ab00000, 0x000000008ab00000| Untracked 
| 172|0x000000008ac00000, 0x000000008ac00000, 0x000000008ad00000|  0%| F|  |TAMS 0x000000008ac00000, 0x000000008ac00000| Untracked 
| 173|0x000000008ad00000, 0x000000008ad00000, 0x000000008ae00000|  0%| F|  |TAMS 0x000000008ad00000, 0x000000008ad00000| Untracked 
| 174|0x000000008ae00000, 0x000000008ae00000, 0x000000008af00000|  0%| F|  |TAMS 0x000000008ae00000, 0x000000008ae00000| Untracked 
| 175|0x000000008af00000, 0x000000008af00000, 0x000000008b000000|  0%| F|  |TAMS 0x000000008af00000, 0x000000008af00000| Untracked 
| 176|0x000000008b000000, 0x000000008b000000, 0x000000008b100000|  0%| F|  |TAMS 0x000000008b000000, 0x000000008b000000| Untracked 
| 177|0x000000008b100000, 0x000000008b100000, 0x000000008b200000|  0%| F|  |TAMS 0x000000008b100000, 0x000000008b100000| Untracked 
| 178|0x000000008b200000, 0x000000008b200000, 0x000000008b300000|  0%| F|  |TAMS 0x000000008b200000, 0x000000008b200000| Untracked 
| 179|0x000000008b300000, 0x000000008b300000, 0x000000008b400000|  0%| F|  |TAMS 0x000000008b300000, 0x000000008b300000| Untracked 
| 180|0x000000008b400000, 0x000000008b400000, 0x000000008b500000|  0%| F|  |TAMS 0x000000008b400000, 0x000000008b400000| Untracked 
| 181|0x000000008b500000, 0x000000008b500000, 0x000000008b600000|  0%| F|  |TAMS 0x000000008b500000, 0x000000008b500000| Untracked 
| 182|0x000000008b600000, 0x000000008b600000, 0x000000008b700000|  0%| F|  |TAMS 0x000000008b600000, 0x000000008b600000| Untracked 
| 183|0x000000008b700000, 0x000000008b700000, 0x000000008b800000|  0%| F|  |TAMS 0x000000008b700000, 0x000000008b700000| Untracked 
| 184|0x000000008b800000, 0x000000008b800000, 0x000000008b900000|  0%| F|  |TAMS 0x000000008b800000, 0x000000008b800000| Untracked 
| 185|0x000000008b900000, 0x000000008b900000, 0x000000008ba00000|  0%| F|  |TAMS 0x000000008b900000, 0x000000008b900000| Untracked 
| 186|0x000000008ba00000, 0x000000008ba00000, 0x000000008bb00000|  0%| F|  |TAMS 0x000000008ba00000, 0x000000008ba00000| Untracked 
| 187|0x000000008bb00000, 0x000000008bb00000, 0x000000008bc00000|  0%| F|  |TAMS 0x000000008bb00000, 0x000000008bb00000| Untracked 
| 188|0x000000008bc00000, 0x000000008bc00000, 0x000000008bd00000|  0%| F|  |TAMS 0x000000008bc00000, 0x000000008bc00000| Untracked 
| 189|0x000000008bd00000, 0x000000008bd00000, 0x000000008be00000|  0%| F|  |TAMS 0x000000008bd00000, 0x000000008bd00000| Untracked 
| 190|0x000000008be00000, 0x000000008be00000, 0x000000008bf00000|  0%| F|  |TAMS 0x000000008be00000, 0x000000008be00000| Untracked 
| 191|0x000000008bf00000, 0x000000008bf00000, 0x000000008c000000|  0%| F|  |TAMS 0x000000008bf00000, 0x000000008bf00000| Untracked 
| 192|0x000000008c000000, 0x000000008c000000, 0x000000008c100000|  0%| F|  |TAMS 0x000000008c000000, 0x000000008c000000| Untracked 
| 193|0x000000008c100000, 0x000000008c100000, 0x000000008c200000|  0%| F|  |TAMS 0x000000008c100000, 0x000000008c100000| Untracked 
| 194|0x000000008c200000, 0x000000008c200000, 0x000000008c300000|  0%| F|  |TAMS 0x000000008c200000, 0x000000008c200000| Untracked 
| 195|0x000000008c300000, 0x000000008c300000, 0x000000008c400000|  0%| F|  |TAMS 0x000000008c300000, 0x000000008c300000| Untracked 
| 196|0x000000008c400000, 0x000000008c400000, 0x000000008c500000|  0%| F|  |TAMS 0x000000008c400000, 0x000000008c400000| Untracked 
| 197|0x000000008c500000, 0x000000008c500000, 0x000000008c600000|  0%| F|  |TAMS 0x000000008c500000, 0x000000008c500000| Untracked 
| 198|0x000000008c600000, 0x000000008c600000, 0x000000008c700000|  0%| F|  |TAMS 0x000000008c600000, 0x000000008c600000| Untracked 
| 199|0x000000008c700000, 0x000000008c700000, 0x000000008c800000|  0%| F|  |TAMS 0x000000008c700000, 0x000000008c700000| Untracked 
| 200|0x000000008c800000, 0x000000008c800000, 0x000000008c900000|  0%| F|  |TAMS 0x000000008c800000, 0x000000008c800000| Untracked 
| 201|0x000000008c900000, 0x000000008c900000, 0x000000008ca00000|  0%| F|  |TAMS 0x000000008c900000, 0x000000008c900000| Untracked 
| 202|0x000000008ca00000, 0x000000008ca00000, 0x000000008cb00000|  0%| F|  |TAMS 0x000000008ca00000, 0x000000008ca00000| Untracked 
| 203|0x000000008cb00000, 0x000000008cb00000, 0x000000008cc00000|  0%| F|  |TAMS 0x000000008cb00000, 0x000000008cb00000| Untracked 
| 204|0x000000008cc00000, 0x000000008cc00000, 0x000000008cd00000|  0%| F|  |TAMS 0x000000008cc00000, 0x000000008cc00000| Untracked 
| 205|0x000000008cd00000, 0x000000008cd00000, 0x000000008ce00000|  0%| F|  |TAMS 0x000000008cd00000, 0x000000008cd00000| Untracked 
| 206|0x000000008ce00000, 0x000000008ce00000, 0x000000008cf00000|  0%| F|  |TAMS 0x000000008ce00000, 0x000000008ce00000| Untracked 
| 207|0x000000008cf00000, 0x000000008cf00000, 0x000000008d000000|  0%| F|  |TAMS 0x000000008cf00000, 0x000000008cf00000| Untracked 
| 208|0x000000008d000000, 0x000000008d000000, 0x000000008d100000|  0%| F|  |TAMS 0x000000008d000000, 0x000000008d000000| Untracked 
| 209|0x000000008d100000, 0x000000008d100000, 0x000000008d200000|  0%| F|  |TAMS 0x000000008d100000, 0x000000008d100000| Untracked 
| 210|0x000000008d200000, 0x000000008d29fe70, 0x000000008d300000| 62%| S|CS|TAMS 0x000000008d200000, 0x000000008d200000| Complete 
| 211|0x000000008d300000, 0x000000008d400000, 0x000000008d400000|100%| S|CS|TAMS 0x000000008d300000, 0x000000008d300000| Complete 
| 212|0x000000008d400000, 0x000000008d500000, 0x000000008d500000|100%| S|CS|TAMS 0x000000008d400000, 0x000000008d400000| Complete 
| 213|0x000000008d500000, 0x000000008d500000, 0x000000008d600000|  0%| F|  |TAMS 0x000000008d500000, 0x000000008d500000| Untracked 
| 214|0x000000008d600000, 0x000000008d600000, 0x000000008d700000|  0%| F|  |TAMS 0x000000008d600000, 0x000000008d600000| Untracked 
| 215|0x000000008d700000, 0x000000008d700000, 0x000000008d800000|  0%| F|  |TAMS 0x000000008d700000, 0x000000008d700000| Untracked 
| 216|0x000000008d800000, 0x000000008d800000, 0x000000008d900000|  0%| F|  |TAMS 0x000000008d800000, 0x000000008d800000| Untracked 
| 217|0x000000008d900000, 0x000000008d900000, 0x000000008da00000|  0%| F|  |TAMS 0x000000008d900000, 0x000000008d900000| Untracked 
| 218|0x000000008da00000, 0x000000008da00000, 0x000000008db00000|  0%| F|  |TAMS 0x000000008da00000, 0x000000008da00000| Untracked 
| 219|0x000000008db00000, 0x000000008db00000, 0x000000008dc00000|  0%| F|  |TAMS 0x000000008db00000, 0x000000008db00000| Untracked 
| 220|0x000000008dc00000, 0x000000008dc00000, 0x000000008dd00000|  0%| F|  |TAMS 0x000000008dc00000, 0x000000008dc00000| Untracked 
| 221|0x000000008dd00000, 0x000000008dd00000, 0x000000008de00000|  0%| F|  |TAMS 0x000000008dd00000, 0x000000008dd00000| Untracked 
| 222|0x000000008de00000, 0x000000008de00000, 0x000000008df00000|  0%| F|  |TAMS 0x000000008de00000, 0x000000008de00000| Untracked 
| 223|0x000000008df00000, 0x000000008df00000, 0x000000008e000000|  0%| F|  |TAMS 0x000000008df00000, 0x000000008df00000| Untracked 
| 224|0x000000008e000000, 0x000000008e000000, 0x000000008e100000|  0%| F|  |TAMS 0x000000008e000000, 0x000000008e000000| Untracked 
| 225|0x000000008e100000, 0x000000008e100000, 0x000000008e200000|  0%| F|  |TAMS 0x000000008e100000, 0x000000008e100000| Untracked 
| 226|0x000000008e200000, 0x000000008e200000, 0x000000008e300000|  0%| F|  |TAMS 0x000000008e200000, 0x000000008e200000| Untracked 
| 227|0x000000008e300000, 0x000000008e300000, 0x000000008e400000|  0%| F|  |TAMS 0x000000008e300000, 0x000000008e300000| Untracked 
| 228|0x000000008e400000, 0x000000008e400000, 0x000000008e500000|  0%| F|  |TAMS 0x000000008e400000, 0x000000008e400000| Untracked 
| 229|0x000000008e500000, 0x000000008e500000, 0x000000008e600000|  0%| F|  |TAMS 0x000000008e500000, 0x000000008e500000| Untracked 
| 230|0x000000008e600000, 0x000000008e600000, 0x000000008e700000|  0%| F|  |TAMS 0x000000008e600000, 0x000000008e600000| Untracked 
| 231|0x000000008e700000, 0x000000008e700000, 0x000000008e800000|  0%| F|  |TAMS 0x000000008e700000, 0x000000008e700000| Untracked 
| 232|0x000000008e800000, 0x000000008e800000, 0x000000008e900000|  0%| F|  |TAMS 0x000000008e800000, 0x000000008e800000| Untracked 
| 233|0x000000008e900000, 0x000000008e900000, 0x000000008ea00000|  0%| F|  |TAMS 0x000000008e900000, 0x000000008e900000| Untracked 
| 234|0x000000008ea00000, 0x000000008ea00000, 0x000000008eb00000|  0%| F|  |TAMS 0x000000008ea00000, 0x000000008ea00000| Untracked 
| 235|0x000000008eb00000, 0x000000008eb00000, 0x000000008ec00000|  0%| F|  |TAMS 0x000000008eb00000, 0x000000008eb00000| Untracked 
| 236|0x000000008ec00000, 0x000000008ec00000, 0x000000008ed00000|  0%| F|  |TAMS 0x000000008ec00000, 0x000000008ec00000| Untracked 
| 237|0x000000008ed00000, 0x000000008ed00000, 0x000000008ee00000|  0%| F|  |TAMS 0x000000008ed00000, 0x000000008ed00000| Untracked 
| 238|0x000000008ee00000, 0x000000008ee00000, 0x000000008ef00000|  0%| F|  |TAMS 0x000000008ee00000, 0x000000008ee00000| Untracked 
| 239|0x000000008ef00000, 0x000000008ef00000, 0x000000008f000000|  0%| F|  |TAMS 0x000000008ef00000, 0x000000008ef00000| Untracked 
| 240|0x000000008f000000, 0x000000008f000000, 0x000000008f100000|  0%| F|  |TAMS 0x000000008f000000, 0x000000008f000000| Untracked 
| 241|0x000000008f100000, 0x000000008f100000, 0x000000008f200000|  0%| F|  |TAMS 0x000000008f100000, 0x000000008f100000| Untracked 
| 242|0x000000008f200000, 0x000000008f200000, 0x000000008f300000|  0%| F|  |TAMS 0x000000008f200000, 0x000000008f200000| Untracked 
| 243|0x000000008f300000, 0x000000008f300000, 0x000000008f400000|  0%| F|  |TAMS 0x000000008f300000, 0x000000008f300000| Untracked 
| 244|0x000000008f400000, 0x000000008f400000, 0x000000008f500000|  0%| F|  |TAMS 0x000000008f400000, 0x000000008f400000| Untracked 
| 245|0x000000008f500000, 0x000000008f500000, 0x000000008f600000|  0%| F|  |TAMS 0x000000008f500000, 0x000000008f500000| Untracked 
| 246|0x000000008f600000, 0x000000008f600000, 0x000000008f700000|  0%| F|  |TAMS 0x000000008f600000, 0x000000008f600000| Untracked 
| 247|0x000000008f700000, 0x000000008f700000, 0x000000008f800000|  0%| F|  |TAMS 0x000000008f700000, 0x000000008f700000| Untracked 
| 248|0x000000008f800000, 0x000000008f800000, 0x000000008f900000|  0%| F|  |TAMS 0x000000008f800000, 0x000000008f800000| Untracked 
| 249|0x000000008f900000, 0x000000008f900000, 0x000000008fa00000|  0%| F|  |TAMS 0x000000008f900000, 0x000000008f900000| Untracked 
| 250|0x000000008fa00000, 0x000000008fa00000, 0x000000008fb00000|  0%| F|  |TAMS 0x000000008fa00000, 0x000000008fa00000| Untracked 
| 251|0x000000008fb00000, 0x000000008fb00000, 0x000000008fc00000|  0%| F|  |TAMS 0x000000008fb00000, 0x000000008fb00000| Untracked 
| 252|0x000000008fc00000, 0x000000008fc00000, 0x000000008fd00000|  0%| F|  |TAMS 0x000000008fc00000, 0x000000008fc00000| Untracked 
| 253|0x000000008fd00000, 0x000000008fd00000, 0x000000008fe00000|  0%| F|  |TAMS 0x000000008fd00000, 0x000000008fd00000| Untracked 
| 254|0x000000008fe00000, 0x000000008fe00000, 0x000000008ff00000|  0%| F|  |TAMS 0x000000008fe00000, 0x000000008fe00000| Untracked 
| 255|0x000000008ff00000, 0x000000008ff00000, 0x0000000090000000|  0%| F|  |TAMS 0x000000008ff00000, 0x000000008ff00000| Untracked 
| 256|0x0000000090000000, 0x0000000090000000, 0x0000000090100000|  0%| F|  |TAMS 0x0000000090000000, 0x0000000090000000| Untracked 
| 257|0x0000000090100000, 0x0000000090100000, 0x0000000090200000|  0%| F|  |TAMS 0x0000000090100000, 0x0000000090100000| Untracked 
| 258|0x0000000090200000, 0x0000000090200000, 0x0000000090300000|  0%| F|  |TAMS 0x0000000090200000, 0x0000000090200000| Untracked 
| 259|0x0000000090300000, 0x0000000090300000, 0x0000000090400000|  0%| F|  |TAMS 0x0000000090300000, 0x0000000090300000| Untracked 
| 260|0x0000000090400000, 0x0000000090400000, 0x0000000090500000|  0%| F|  |TAMS 0x0000000090400000, 0x0000000090400000| Untracked 
| 261|0x0000000090500000, 0x0000000090500000, 0x0000000090600000|  0%| F|  |TAMS 0x0000000090500000, 0x0000000090500000| Untracked 
| 262|0x0000000090600000, 0x0000000090600000, 0x0000000090700000|  0%| F|  |TAMS 0x0000000090600000, 0x0000000090600000| Untracked 
| 263|0x0000000090700000, 0x0000000090700000, 0x0000000090800000|  0%| F|  |TAMS 0x0000000090700000, 0x0000000090700000| Untracked 
| 264|0x0000000090800000, 0x0000000090800000, 0x0000000090900000|  0%| F|  |TAMS 0x0000000090800000, 0x0000000090800000| Untracked 
| 265|0x0000000090900000, 0x0000000090900000, 0x0000000090a00000|  0%| F|  |TAMS 0x0000000090900000, 0x0000000090900000| Untracked 
| 266|0x0000000090a00000, 0x0000000090a00000, 0x0000000090b00000|  0%| F|  |TAMS 0x0000000090a00000, 0x0000000090a00000| Untracked 
| 267|0x0000000090b00000, 0x0000000090b00000, 0x0000000090c00000|  0%| F|  |TAMS 0x0000000090b00000, 0x0000000090b00000| Untracked 
| 268|0x0000000090c00000, 0x0000000090c00000, 0x0000000090d00000|  0%| F|  |TAMS 0x0000000090c00000, 0x0000000090c00000| Untracked 
| 269|0x0000000090d00000, 0x0000000090d00000, 0x0000000090e00000|  0%| F|  |TAMS 0x0000000090d00000, 0x0000000090d00000| Untracked 
| 270|0x0000000090e00000, 0x0000000090e00000, 0x0000000090f00000|  0%| F|  |TAMS 0x0000000090e00000, 0x0000000090e00000| Untracked 
| 271|0x0000000090f00000, 0x0000000090f00000, 0x0000000091000000|  0%| F|  |TAMS 0x0000000090f00000, 0x0000000090f00000| Untracked 
| 272|0x0000000091000000, 0x0000000091000000, 0x0000000091100000|  0%| F|  |TAMS 0x0000000091000000, 0x0000000091000000| Untracked 
| 273|0x0000000091100000, 0x0000000091100000, 0x0000000091200000|  0%| F|  |TAMS 0x0000000091100000, 0x0000000091100000| Untracked 
| 274|0x0000000091200000, 0x0000000091200000, 0x0000000091300000|  0%| F|  |TAMS 0x0000000091200000, 0x0000000091200000| Untracked 
| 275|0x0000000091300000, 0x0000000091300000, 0x0000000091400000|  0%| F|  |TAMS 0x0000000091300000, 0x0000000091300000| Untracked 
| 276|0x0000000091400000, 0x0000000091400000, 0x0000000091500000|  0%| F|  |TAMS 0x0000000091400000, 0x0000000091400000| Untracked 
| 277|0x0000000091500000, 0x0000000091500000, 0x0000000091600000|  0%| F|  |TAMS 0x0000000091500000, 0x0000000091500000| Untracked 
| 278|0x0000000091600000, 0x0000000091600000, 0x0000000091700000|  0%| F|  |TAMS 0x0000000091600000, 0x0000000091600000| Untracked 
| 279|0x0000000091700000, 0x0000000091700000, 0x0000000091800000|  0%| F|  |TAMS 0x0000000091700000, 0x0000000091700000| Untracked 
| 280|0x0000000091800000, 0x0000000091800000, 0x0000000091900000|  0%| F|  |TAMS 0x0000000091800000, 0x0000000091800000| Untracked 
| 281|0x0000000091900000, 0x0000000091900000, 0x0000000091a00000|  0%| F|  |TAMS 0x0000000091900000, 0x0000000091900000| Untracked 
| 282|0x0000000091a00000, 0x0000000091a00000, 0x0000000091b00000|  0%| F|  |TAMS 0x0000000091a00000, 0x0000000091a00000| Untracked 
| 283|0x0000000091b00000, 0x0000000091b00000, 0x0000000091c00000|  0%| F|  |TAMS 0x0000000091b00000, 0x0000000091b00000| Untracked 
| 284|0x0000000091c00000, 0x0000000091c00000, 0x0000000091d00000|  0%| F|  |TAMS 0x0000000091c00000, 0x0000000091c00000| Untracked 
| 285|0x0000000091d00000, 0x0000000091d00000, 0x0000000091e00000|  0%| F|  |TAMS 0x0000000091d00000, 0x0000000091d00000| Untracked 
| 286|0x0000000091e00000, 0x0000000091e00000, 0x0000000091f00000|  0%| F|  |TAMS 0x0000000091e00000, 0x0000000091e00000| Untracked 
| 287|0x0000000091f00000, 0x0000000091f00000, 0x0000000092000000|  0%| F|  |TAMS 0x0000000091f00000, 0x0000000091f00000| Untracked 
| 288|0x0000000092000000, 0x0000000092000000, 0x0000000092100000|  0%| F|  |TAMS 0x0000000092000000, 0x0000000092000000| Untracked 
| 289|0x0000000092100000, 0x0000000092100000, 0x0000000092200000|  0%| F|  |TAMS 0x0000000092100000, 0x0000000092100000| Untracked 
| 290|0x0000000092200000, 0x0000000092200000, 0x0000000092300000|  0%| F|  |TAMS 0x0000000092200000, 0x0000000092200000| Untracked 
| 291|0x0000000092300000, 0x0000000092300000, 0x0000000092400000|  0%| F|  |TAMS 0x0000000092300000, 0x0000000092300000| Untracked 
| 292|0x0000000092400000, 0x0000000092400000, 0x0000000092500000|  0%| F|  |TAMS 0x0000000092400000, 0x0000000092400000| Untracked 
| 293|0x0000000092500000, 0x0000000092500000, 0x0000000092600000|  0%| F|  |TAMS 0x0000000092500000, 0x0000000092500000| Untracked 
| 294|0x0000000092600000, 0x0000000092600000, 0x0000000092700000|  0%| F|  |TAMS 0x0000000092600000, 0x0000000092600000| Untracked 
| 295|0x0000000092700000, 0x0000000092700000, 0x0000000092800000|  0%| F|  |TAMS 0x0000000092700000, 0x0000000092700000| Untracked 
| 296|0x0000000092800000, 0x0000000092800000, 0x0000000092900000|  0%| F|  |TAMS 0x0000000092800000, 0x0000000092800000| Untracked 
| 297|0x0000000092900000, 0x0000000092900000, 0x0000000092a00000|  0%| F|  |TAMS 0x0000000092900000, 0x0000000092900000| Untracked 
| 298|0x0000000092a00000, 0x0000000092a00000, 0x0000000092b00000|  0%| F|  |TAMS 0x0000000092a00000, 0x0000000092a00000| Untracked 
| 299|0x0000000092b00000, 0x0000000092b00000, 0x0000000092c00000|  0%| F|  |TAMS 0x0000000092b00000, 0x0000000092b00000| Untracked 
| 300|0x0000000092c00000, 0x0000000092c00000, 0x0000000092d00000|  0%| F|  |TAMS 0x0000000092c00000, 0x0000000092c00000| Untracked 
| 301|0x0000000092d00000, 0x0000000092d00000, 0x0000000092e00000|  0%| F|  |TAMS 0x0000000092d00000, 0x0000000092d00000| Untracked 
| 302|0x0000000092e00000, 0x0000000092e00000, 0x0000000092f00000|  0%| F|  |TAMS 0x0000000092e00000, 0x0000000092e00000| Untracked 
| 303|0x0000000092f00000, 0x0000000092f00000, 0x0000000093000000|  0%| F|  |TAMS 0x0000000092f00000, 0x0000000092f00000| Untracked 
| 304|0x0000000093000000, 0x0000000093000000, 0x0000000093100000|  0%| F|  |TAMS 0x0000000093000000, 0x0000000093000000| Untracked 
| 305|0x0000000093100000, 0x0000000093100000, 0x0000000093200000|  0%| F|  |TAMS 0x0000000093100000, 0x0000000093100000| Untracked 
| 306|0x0000000093200000, 0x0000000093200000, 0x0000000093300000|  0%| F|  |TAMS 0x0000000093200000, 0x0000000093200000| Untracked 
| 307|0x0000000093300000, 0x0000000093300000, 0x0000000093400000|  0%| F|  |TAMS 0x0000000093300000, 0x0000000093300000| Untracked 
| 308|0x0000000093400000, 0x0000000093400000, 0x0000000093500000|  0%| F|  |TAMS 0x0000000093400000, 0x0000000093400000| Untracked 
| 309|0x0000000093500000, 0x0000000093500000, 0x0000000093600000|  0%| F|  |TAMS 0x0000000093500000, 0x0000000093500000| Untracked 
| 310|0x0000000093600000, 0x0000000093600000, 0x0000000093700000|  0%| F|  |TAMS 0x0000000093600000, 0x0000000093600000| Untracked 
| 311|0x0000000093700000, 0x0000000093700000, 0x0000000093800000|  0%| F|  |TAMS 0x0000000093700000, 0x0000000093700000| Untracked 
| 312|0x0000000093800000, 0x0000000093800000, 0x0000000093900000|  0%| F|  |TAMS 0x0000000093800000, 0x0000000093800000| Untracked 
| 313|0x0000000093900000, 0x0000000093900000, 0x0000000093a00000|  0%| F|  |TAMS 0x0000000093900000, 0x0000000093900000| Untracked 
| 314|0x0000000093a00000, 0x0000000093a00000, 0x0000000093b00000|  0%| F|  |TAMS 0x0000000093a00000, 0x0000000093a00000| Untracked 
| 315|0x0000000093b00000, 0x0000000093b00000, 0x0000000093c00000|  0%| F|  |TAMS 0x0000000093b00000, 0x0000000093b00000| Untracked 
| 316|0x0000000093c00000, 0x0000000093c00000, 0x0000000093d00000|  0%| F|  |TAMS 0x0000000093c00000, 0x0000000093c00000| Untracked 
| 317|0x0000000093d00000, 0x0000000093d00000, 0x0000000093e00000|  0%| F|  |TAMS 0x0000000093d00000, 0x0000000093d00000| Untracked 
| 318|0x0000000093e00000, 0x0000000093e00000, 0x0000000093f00000|  0%| F|  |TAMS 0x0000000093e00000, 0x0000000093e00000| Untracked 
| 319|0x0000000093f00000, 0x0000000093f00000, 0x0000000094000000|  0%| F|  |TAMS 0x0000000093f00000, 0x0000000093f00000| Untracked 
| 320|0x0000000094000000, 0x0000000094000000, 0x0000000094100000|  0%| F|  |TAMS 0x0000000094000000, 0x0000000094000000| Untracked 
| 321|0x0000000094100000, 0x0000000094100000, 0x0000000094200000|  0%| F|  |TAMS 0x0000000094100000, 0x0000000094100000| Untracked 
| 322|0x0000000094200000, 0x0000000094200000, 0x0000000094300000|  0%| F|  |TAMS 0x0000000094200000, 0x0000000094200000| Untracked 
| 323|0x0000000094300000, 0x0000000094300000, 0x0000000094400000|  0%| F|  |TAMS 0x0000000094300000, 0x0000000094300000| Untracked 
| 324|0x0000000094400000, 0x0000000094400000, 0x0000000094500000|  0%| F|  |TAMS 0x0000000094400000, 0x0000000094400000| Untracked 
| 325|0x0000000094500000, 0x0000000094500000, 0x0000000094600000|  0%| F|  |TAMS 0x0000000094500000, 0x0000000094500000| Untracked 
| 326|0x0000000094600000, 0x0000000094600000, 0x0000000094700000|  0%| F|  |TAMS 0x0000000094600000, 0x0000000094600000| Untracked 
| 327|0x0000000094700000, 0x0000000094700000, 0x0000000094800000|  0%| F|  |TAMS 0x0000000094700000, 0x0000000094700000| Untracked 
| 328|0x0000000094800000, 0x0000000094800000, 0x0000000094900000|  0%| F|  |TAMS 0x0000000094800000, 0x0000000094800000| Untracked 
| 329|0x0000000094900000, 0x0000000094900000, 0x0000000094a00000|  0%| F|  |TAMS 0x0000000094900000, 0x0000000094900000| Untracked 
| 330|0x0000000094a00000, 0x0000000094a00000, 0x0000000094b00000|  0%| F|  |TAMS 0x0000000094a00000, 0x0000000094a00000| Untracked 
| 331|0x0000000094b00000, 0x0000000094b00000, 0x0000000094c00000|  0%| F|  |TAMS 0x0000000094b00000, 0x0000000094b00000| Untracked 
| 332|0x0000000094c00000, 0x0000000094c00000, 0x0000000094d00000|  0%| F|  |TAMS 0x0000000094c00000, 0x0000000094c00000| Untracked 
| 333|0x0000000094d00000, 0x0000000094d00000, 0x0000000094e00000|  0%| F|  |TAMS 0x0000000094d00000, 0x0000000094d00000| Untracked 
| 334|0x0000000094e00000, 0x0000000094e00000, 0x0000000094f00000|  0%| F|  |TAMS 0x0000000094e00000, 0x0000000094e00000| Untracked 
| 335|0x0000000094f00000, 0x0000000094f00000, 0x0000000095000000|  0%| F|  |TAMS 0x0000000094f00000, 0x0000000094f00000| Untracked 
| 336|0x0000000095000000, 0x0000000095000000, 0x0000000095100000|  0%| F|  |TAMS 0x0000000095000000, 0x0000000095000000| Untracked 
| 337|0x0000000095100000, 0x0000000095100000, 0x0000000095200000|  0%| F|  |TAMS 0x0000000095100000, 0x0000000095100000| Untracked 
| 338|0x0000000095200000, 0x0000000095200000, 0x0000000095300000|  0%| F|  |TAMS 0x0000000095200000, 0x0000000095200000| Untracked 
| 339|0x0000000095300000, 0x0000000095300000, 0x0000000095400000|  0%| F|  |TAMS 0x0000000095300000, 0x0000000095300000| Untracked 
| 340|0x0000000095400000, 0x0000000095400000, 0x0000000095500000|  0%| F|  |TAMS 0x0000000095400000, 0x0000000095400000| Untracked 
| 341|0x0000000095500000, 0x0000000095500000, 0x0000000095600000|  0%| F|  |TAMS 0x0000000095500000, 0x0000000095500000| Untracked 
| 342|0x0000000095600000, 0x0000000095600000, 0x0000000095700000|  0%| F|  |TAMS 0x0000000095600000, 0x0000000095600000| Untracked 
| 343|0x0000000095700000, 0x0000000095700000, 0x0000000095800000|  0%| F|  |TAMS 0x0000000095700000, 0x0000000095700000| Untracked 
| 344|0x0000000095800000, 0x0000000095800000, 0x0000000095900000|  0%| F|  |TAMS 0x0000000095800000, 0x0000000095800000| Untracked 
| 345|0x0000000095900000, 0x0000000095900000, 0x0000000095a00000|  0%| F|  |TAMS 0x0000000095900000, 0x0000000095900000| Untracked 
| 346|0x0000000095a00000, 0x0000000095a00000, 0x0000000095b00000|  0%| F|  |TAMS 0x0000000095a00000, 0x0000000095a00000| Untracked 
| 347|0x0000000095b00000, 0x0000000095b00000, 0x0000000095c00000|  0%| F|  |TAMS 0x0000000095b00000, 0x0000000095b00000| Untracked 
| 348|0x0000000095c00000, 0x0000000095c00000, 0x0000000095d00000|  0%| F|  |TAMS 0x0000000095c00000, 0x0000000095c00000| Untracked 
| 349|0x0000000095d00000, 0x0000000095d00000, 0x0000000095e00000|  0%| F|  |TAMS 0x0000000095d00000, 0x0000000095d00000| Untracked 
| 350|0x0000000095e00000, 0x0000000095e00000, 0x0000000095f00000|  0%| F|  |TAMS 0x0000000095e00000, 0x0000000095e00000| Untracked 
| 351|0x0000000095f00000, 0x0000000095f00000, 0x0000000096000000|  0%| F|  |TAMS 0x0000000095f00000, 0x0000000095f00000| Untracked 
| 352|0x0000000096000000, 0x0000000096000000, 0x0000000096100000|  0%| F|  |TAMS 0x0000000096000000, 0x0000000096000000| Untracked 
| 353|0x0000000096100000, 0x0000000096100000, 0x0000000096200000|  0%| F|  |TAMS 0x0000000096100000, 0x0000000096100000| Untracked 
| 354|0x0000000096200000, 0x0000000096200000, 0x0000000096300000|  0%| F|  |TAMS 0x0000000096200000, 0x0000000096200000| Untracked 
| 355|0x0000000096300000, 0x0000000096300000, 0x0000000096400000|  0%| F|  |TAMS 0x0000000096300000, 0x0000000096300000| Untracked 
| 356|0x0000000096400000, 0x0000000096400000, 0x0000000096500000|  0%| F|  |TAMS 0x0000000096400000, 0x0000000096400000| Untracked 
| 357|0x0000000096500000, 0x0000000096500000, 0x0000000096600000|  0%| F|  |TAMS 0x0000000096500000, 0x0000000096500000| Untracked 
| 358|0x0000000096600000, 0x0000000096600000, 0x0000000096700000|  0%| F|  |TAMS 0x0000000096600000, 0x0000000096600000| Untracked 
| 359|0x0000000096700000, 0x0000000096700000, 0x0000000096800000|  0%| F|  |TAMS 0x0000000096700000, 0x0000000096700000| Untracked 
| 360|0x0000000096800000, 0x0000000096800000, 0x0000000096900000|  0%| F|  |TAMS 0x0000000096800000, 0x0000000096800000| Untracked 

Card table byte_map: [0x000001b853d70000,0x000001b854170000] _byte_map_base: 0x000001b853970000

Marking Bits (Prev, Next): (CMBitMap*) 0x000001b8414f96c0, (CMBitMap*) 0x000001b8414f9680
 Prev Bits: [0x000001b856570000, 0x000001b858570000)
 Next Bits: [0x000001b854570000, 0x000001b856570000)

Polling page: 0x000001b840c70000

Metaspace:

Usage:
  Non-class:    109.15 MB used.
      Class:     16.79 MB used.
       Both:    125.94 MB used.

Virtual space:
  Non-class space:      112.00 MB reserved,     109.62 MB ( 98%) committed,  14 nodes.
      Class space:        1.00 GB reserved,      17.25 MB (  2%) committed,  1 nodes.
             Both:        1.11 GB reserved,     126.88 MB ( 11%) committed. 

Chunk freelists:
   Non-Class:  2.09 MB
       Class:  2.72 MB
        Both:  4.81 MB

MaxMetaspaceSize: unlimited
CompressedClassSpaceSize: 1.00 GB
Initial GC threshold: 21.00 MB
Current GC threshold: 210.25 MB
CDS: off
MetaspaceReclaimPolicy: balanced
 - commit_granule_bytes: 65536.
 - commit_granule_words: 8192.
 - virtual_space_node_default_size: 1048576.
 - enlarge_chunks_in_place: 1.
 - new_chunks_are_fully_committed: 0.
 - uncommit_free_chunks: 1.
 - use_allocation_guard: 0.
 - handle_deallocations: 1.


Internal statistics:

num_allocs_failed_limit: 6.
num_arena_births: 1530.
num_arena_deaths: 8.
num_vsnodes_births: 15.
num_vsnodes_deaths: 0.
num_space_committed: 2029.
num_space_uncommitted: 0.
num_chunks_returned_to_freelist: 18.
num_chunks_taken_from_freelist: 6455.
num_chunk_merges: 8.
num_chunk_splits: 4261.
num_chunks_enlarged: 2825.
num_purges: 4.
num_inconsistent_stats: 0.

CodeHeap 'non-profiled nmethods': size=120000Kb used=11044Kb max_used=11044Kb free=108955Kb
 bounds [0x000001b84c440000, 0x000001b84cf10000, 0x000001b853970000]
CodeHeap 'profiled nmethods': size=120000Kb used=34851Kb max_used=34851Kb free=85148Kb
 bounds [0x000001b844970000, 0x000001b846b80000, 0x000001b84bea0000]
CodeHeap 'non-nmethods': size=5760Kb used=2442Kb max_used=2527Kb free=3317Kb
 bounds [0x000001b84bea0000, 0x000001b84c130000, 0x000001b84c440000]
 total_blobs=18589 nmethods=17599 adapters=902
 compilation: enabled
              stopped_count=0, restarted_count=0
 full_count=0

Compilation events (20 events):
Event: 436.398 Thread 0x000001b85aa6c7b0 nmethod 21457 0x000001b84cf05590 code [0x000001b84cf05740, 0x000001b84cf05ec8]
Event: 436.398 Thread 0x000001b85b419af0 21466       3       org.gradle.internal.nativeintegration.ReflectiveEnvironment::setenv (40 bytes)
Event: 436.399 Thread 0x000001b85b419af0 nmethod 21466 0x000001b846b76910 code [0x000001b846b76b80, 0x000001b846b77428]
Event: 436.399 Thread 0x000001b85aa6c7b0 21467       4       java.lang.ProcessEnvironment$NameComparator::compare (90 bytes)
Event: 436.410 Thread 0x000001b85b419af0 21469       3       java.util.concurrent.CopyOnWriteArraySet::add (9 bytes)
Event: 436.411 Thread 0x000001b85b419af0 nmethod 21469 0x000001b846b77710 code [0x000001b846b778c0, 0x000001b846b77a28]
Event: 436.411 Thread 0x000001b85b419af0 21470   !   3       java.util.concurrent.CopyOnWriteArrayList::addIfAbsent (128 bytes)
Event: 436.412 Thread 0x000001b85b419af0 nmethod 21470 0x000001b846b77b10 code [0x000001b846b77d40, 0x000001b846b78828]
Event: 436.417 Thread 0x000001b85aa6c7b0 nmethod 21467 0x000001b84cf06410 code [0x000001b84cf065c0, 0x000001b84cf06dd8]
Event: 436.418 Thread 0x000001b85aa6c7b0 21468       4       java.lang.ProcessEnvironment$NameComparator::compare (13 bytes)
Event: 436.418 Thread 0x000001b85b419af0 21473       1       org.gradle.internal.service.DefaultServiceRegistry$CollectionService::get (5 bytes)
Event: 436.418 Thread 0x000001b85b419af0 nmethod 21473 0x000001b84cf07190 code [0x000001b84cf07320, 0x000001b84cf073f8]
Event: 436.437 Thread 0x000001b85aa6c7b0 nmethod 21468 0x000001b84cf07490 code [0x000001b84cf07660, 0x000001b84cf07ff8]
Event: 436.437 Thread 0x000001b85aa6c7b0 21472       4       com.google.common.collect.ObjectArrays::checkElementsNotNull (23 bytes)
Event: 436.441 Thread 0x000001b85aa6c7b0 nmethod 21472 0x000001b84cf08490 code [0x000001b84cf08600, 0x000001b84cf08778]
Event: 436.441 Thread 0x000001b85aa6c7b0 21471       4       com.google.common.collect.ObjectArrays::checkElementsNotNull (7 bytes)
Event: 436.444 Thread 0x000001b85aa6c7b0 nmethod 21471 0x000001b84cf08890 code [0x000001b84cf08a00, 0x000001b84cf08b58]
Event: 436.450 Thread 0x000001b85aa6c7b0 21474       4       java.util.stream.ReferencePipeline::flatMap (30 bytes)
Event: 436.455 Thread 0x000001b85aa6c7b0 nmethod 21474 0x000001b84cf08c90 code [0x000001b84cf08e20, 0x000001b84cf09238]
Event: 436.455 Thread 0x000001b85aa6c7b0 21477       4       org.gradle.internal.snapshot.SingletonChildMap::stream (8 bytes)

GC Heap History (20 events):
Event: 226.958 GC heap after
{Heap after GC invocations=76 (full 0):
 garbage-first heap   total 369664K, used 185856K [0x0000000080000000, 0x0000000100000000)
  region size 1024K, 1 young (1024K), 1 survivors (1024K)
 Metaspace       used 101684K, committed 102464K, reserved 1138688K
  class space    used 13512K, committed 13888K, reserved 1048576K
}
Event: 226.961 GC heap before
{Heap before GC invocations=76 (full 0):
 garbage-first heap   total 369664K, used 189952K [0x0000000080000000, 0x0000000100000000)
  region size 1024K, 2 young (2048K), 1 survivors (1024K)
 Metaspace       used 101684K, committed 102464K, reserved 1138688K
  class space    used 13512K, committed 13888K, reserved 1048576K
}
Event: 226.962 GC heap after
{Heap after GC invocations=77 (full 0):
 garbage-first heap   total 369664K, used 185436K [0x0000000080000000, 0x0000000100000000)
  region size 1024K, 1 young (1024K), 1 survivors (1024K)
 Metaspace       used 101684K, committed 102464K, reserved 1138688K
  class space    used 13512K, committed 13888K, reserved 1048576K
}
Event: 229.712 GC heap before
{Heap before GC invocations=77 (full 0):
 garbage-first heap   total 369664K, used 264284K [0x0000000080000000, 0x0000000100000000)
  region size 1024K, 75 young (76800K), 1 survivors (1024K)
 Metaspace       used 101998K, committed 102848K, reserved 1138688K
  class space    used 13546K, committed 13952K, reserved 1048576K
}
Event: 229.725 GC heap after
{Heap after GC invocations=78 (full 0):
 garbage-first heap   total 369664K, used 186445K [0x0000000080000000, 0x0000000100000000)
  region size 1024K, 6 young (6144K), 6 survivors (6144K)
 Metaspace       used 101998K, committed 102848K, reserved 1138688K
  class space    used 13546K, committed 13952K, reserved 1048576K
}
Event: 231.049 GC heap before
{Heap before GC invocations=78 (full 0):
 garbage-first heap   total 369664K, used 249933K [0x0000000080000000, 0x0000000100000000)
  region size 1024K, 70 young (71680K), 6 survivors (6144K)
 Metaspace       used 109836K, committed 110656K, reserved 1146880K
  class space    used 14547K, committed 14912K, reserved 1048576K
}
Event: 231.062 GC heap after
{Heap after GC invocations=79 (full 0):
 garbage-first heap   total 369664K, used 192631K [0x0000000080000000, 0x0000000100000000)
  region size 1024K, 12 young (12288K), 12 survivors (12288K)
 Metaspace       used 109836K, committed 110656K, reserved 1146880K
  class space    used 14547K, committed 14912K, reserved 1048576K
}
Event: 233.196 GC heap before
{Heap before GC invocations=80 (full 0):
 garbage-first heap   total 369664K, used 264311K [0x0000000080000000, 0x0000000100000000)
  region size 1024K, 105 young (107520K), 12 survivors (12288K)
 Metaspace       used 117564K, committed 118400K, reserved 1155072K
  class space    used 15620K, committed 16000K, reserved 1048576K
}
Event: 233.219 GC heap after
{Heap after GC invocations=81 (full 0):
 garbage-first heap   total 369664K, used 174074K [0x0000000080000000, 0x0000000100000000)
  region size 1024K, 14 young (14336K), 14 survivors (14336K)
 Metaspace       used 117564K, committed 118400K, reserved 1155072K
  class space    used 15620K, committed 16000K, reserved 1048576K
}
Event: 233.282 GC heap before
{Heap before GC invocations=81 (full 0):
 garbage-first heap   total 369664K, used 177146K [0x0000000080000000, 0x0000000100000000)
  region size 1024K, 18 young (18432K), 14 survivors (14336K)
 Metaspace       used 117855K, committed 118656K, reserved 1155072K
  class space    used 15656K, committed 16000K, reserved 1048576K
}
Event: 233.303 GC heap after
{Heap after GC invocations=82 (full 0):
 garbage-first heap   total 369664K, used 144768K [0x0000000080000000, 0x0000000100000000)
  region size 1024K, 2 young (2048K), 2 survivors (2048K)
 Metaspace       used 117855K, committed 118656K, reserved 1155072K
  class space    used 15656K, committed 16000K, reserved 1048576K
}
Event: 317.471 GC heap before
{Heap before GC invocations=82 (full 0):
 garbage-first heap   total 369664K, used 327040K [0x0000000080000000, 0x0000000100000000)
  region size 1024K, 147 young (150528K), 2 survivors (2048K)
 Metaspace       used 127974K, committed 128896K, reserved 1163264K
  class space    used 17150K, committed 17600K, reserved 1048576K
}
Event: 317.486 GC heap after
{Heap after GC invocations=83 (full 0):
 garbage-first heap   total 369664K, used 146816K [0x0000000080000000, 0x0000000100000000)
  region size 1024K, 4 young (4096K), 4 survivors (4096K)
 Metaspace       used 127974K, committed 128896K, reserved 1163264K
  class space    used 17150K, committed 17600K, reserved 1048576K
}
Event: 318.448 GC heap before
{Heap before GC invocations=83 (full 0):
 garbage-first heap   total 369664K, used 186752K [0x0000000080000000, 0x0000000100000000)
  region size 1024K, 44 young (45056K), 4 survivors (4096K)
 Metaspace       used 128212K, committed 129152K, reserved 1163264K
  class space    used 17175K, committed 17600K, reserved 1048576K
}
Event: 318.461 GC heap after
{Heap after GC invocations=84 (full 0):
 garbage-first heap   total 369664K, used 150912K [0x0000000080000000, 0x0000000100000000)
  region size 1024K, 8 young (8192K), 8 survivors (8192K)
 Metaspace       used 128212K, committed 129152K, reserved 1163264K
  class space    used 17175K, committed 17600K, reserved 1048576K
}
Event: 321.958 GC heap before
{Heap before GC invocations=85 (full 0):
 garbage-first heap   total 369664K, used 301440K [0x0000000080000000, 0x0000000100000000)
  region size 1024K, 149 young (152576K), 8 survivors (8192K)
 Metaspace       used 128413K, committed 129408K, reserved 1163264K
  class space    used 17189K, committed 17664K, reserved 1048576K
}
Event: 321.983 GC heap after
{Heap after GC invocations=86 (full 0):
 garbage-first heap   total 369664K, used 150708K [0x0000000080000000, 0x0000000100000000)
  region size 1024K, 19 young (19456K), 19 survivors (19456K)
 Metaspace       used 128413K, committed 129408K, reserved 1163264K
  class space    used 17189K, committed 17664K, reserved 1048576K
}
Event: 321.989 GC heap before
{Heap before GC invocations=86 (full 0):
 garbage-first heap   total 369664K, used 151732K [0x0000000080000000, 0x0000000100000000)
  region size 1024K, 20 young (20480K), 19 survivors (19456K)
 Metaspace       used 128413K, committed 129408K, reserved 1163264K
  class space    used 17189K, committed 17664K, reserved 1048576K
}
Event: 322.011 GC heap after
{Heap after GC invocations=87 (full 0):
 garbage-first heap   total 369664K, used 141381K [0x0000000080000000, 0x0000000100000000)
  region size 1024K, 2 young (2048K), 2 survivors (2048K)
 Metaspace       used 128413K, committed 129408K, reserved 1163264K
  class space    used 17189K, committed 17664K, reserved 1048576K
}
Event: 436.455 GC heap before
{Heap before GC invocations=87 (full 0):
 garbage-first heap   total 369664K, used 328773K [0x0000000080000000, 0x0000000100000000)
  region size 1024K, 148 young (151552K), 2 survivors (2048K)
 Metaspace       used 128966K, committed 129920K, reserved 1163264K
  class space    used 17193K, committed 17664K, reserved 1048576K
}

Dll operation events (2 events):
Event: 0.016 Loaded shared library C:\Program Files\Android\Android Studio\jbr\bin\java.dll
Event: 1.019 Loaded shared library C:\Program Files\Android\Android Studio\jbr\bin\verify.dll

Deoptimization events (20 events):
Event: 324.051 Thread 0x000001b85d9f8a30 Uncommon trap: trap_request=0xffffffbe fr.pc=0x000001b84ce0082c relative=0x000000000000046c
Event: 324.051 Thread 0x000001b85d9f8a30 Uncommon trap: reason=profile_predicate action=maybe_recompile pc=0x000001b84ce0082c method=com.google.common.collect.ImmutableList.copyIntoArray([Ljava/lang/Object;I)I @ 11 c2
Event: 324.051 Thread 0x000001b85d9f8a30 DEOPT PACKING pc=0x000001b84ce0082c sp=0x0000004a6c8fb2c0
Event: 324.051 Thread 0x000001b85d9f8a30 DEOPT UNPACKING pc=0x000001b84bef699d sp=0x0000004a6c8fb270 mode 2
Event: 324.051 Thread 0x000001b85d9f8a30 Uncommon trap: trap_request=0xffffffbe fr.pc=0x000001b84ce0082c relative=0x000000000000046c
Event: 324.051 Thread 0x000001b85d9f8a30 Uncommon trap: reason=profile_predicate action=maybe_recompile pc=0x000001b84ce0082c method=com.google.common.collect.ImmutableList.copyIntoArray([Ljava/lang/Object;I)I @ 11 c2
Event: 324.051 Thread 0x000001b85d9f8a30 DEOPT PACKING pc=0x000001b84ce0082c sp=0x0000004a6c8fb1d0
Event: 324.051 Thread 0x000001b85d9f8a30 DEOPT UNPACKING pc=0x000001b84bef699d sp=0x0000004a6c8fb180 mode 2
Event: 324.051 Thread 0x000001b85d9f8a30 Uncommon trap: trap_request=0xffffffbe fr.pc=0x000001b84ce0082c relative=0x000000000000046c
Event: 324.051 Thread 0x000001b85d9f8a30 Uncommon trap: reason=profile_predicate action=maybe_recompile pc=0x000001b84ce0082c method=com.google.common.collect.ImmutableList.copyIntoArray([Ljava/lang/Object;I)I @ 11 c2
Event: 324.051 Thread 0x000001b85d9f8a30 DEOPT PACKING pc=0x000001b84ce0082c sp=0x0000004a6c8fb2c0
Event: 324.051 Thread 0x000001b85d9f8a30 DEOPT UNPACKING pc=0x000001b84bef699d sp=0x0000004a6c8fb270 mode 2
Event: 324.051 Thread 0x000001b85d9f8a30 Uncommon trap: trap_request=0xffffffbe fr.pc=0x000001b84ce0082c relative=0x000000000000046c
Event: 324.051 Thread 0x000001b85d9f8a30 Uncommon trap: reason=profile_predicate action=maybe_recompile pc=0x000001b84ce0082c method=com.google.common.collect.ImmutableList.copyIntoArray([Ljava/lang/Object;I)I @ 11 c2
Event: 324.051 Thread 0x000001b85d9f8a30 DEOPT PACKING pc=0x000001b84ce0082c sp=0x0000004a6c8fb1d0
Event: 324.051 Thread 0x000001b85d9f8a30 DEOPT UNPACKING pc=0x000001b84bef699d sp=0x0000004a6c8fb180 mode 2
Event: 405.730 Thread 0x000001b85b990f20 Uncommon trap: trap_request=0xffffff3d fr.pc=0x000001b84cef15e0 relative=0x00000000000050e0
Event: 405.730 Thread 0x000001b85b990f20 Uncommon trap: reason=unstable_fused_if action=reinterpret pc=0x000001b84cef15e0 method=java.text.SimpleDateFormat.zeroPaddingNumber(IIILjava/lang/StringBuffer;)V @ 36 c2
Event: 405.730 Thread 0x000001b85b990f20 DEOPT PACKING pc=0x000001b84cef15e0 sp=0x0000004a708fdeb0
Event: 405.730 Thread 0x000001b85b990f20 DEOPT UNPACKING pc=0x000001b84bef699d sp=0x0000004a708fde08 mode 2

Classes unloaded (4 events):
Event: 34.591 Thread 0x000001b85aa5d130 Unloading class 0x0000000100b90800 'java/lang/invoke/LambdaForm$DMH+0x0000000100b90800'
Event: 34.591 Thread 0x000001b85aa5d130 Unloading class 0x0000000100b90400 'java/lang/invoke/LambdaForm$DMH+0x0000000100b90400'
Event: 318.704 Thread 0x000001b85aa5d130 Unloading class 0x0000000100f02c00 'jdk/internal/reflect/GeneratedSerializationConstructorAccessor109'
Event: 318.704 Thread 0x000001b85aa5d130 Unloading class 0x0000000100f02400 'jdk/internal/reflect/GeneratedSerializationConstructorAccessor107'

Classes redefined (0 events):
No events

Internal exceptions (20 events):
Event: 322.039 Thread 0x000001b85e012570 Exception <a 'sun/nio/fs/WindowsException'{0x00000000963c3b00}> (0x00000000963c3b00) 
thrown [s\src\hotspot\share\prims\jni.cpp, line 517]
Event: 322.039 Thread 0x000001b85e012570 Exception <a 'sun/nio/fs/WindowsException'{0x00000000963c3e80}> (0x00000000963c3e80) 
thrown [s\src\hotspot\share\prims\jni.cpp, line 517]
Event: 322.041 Thread 0x000001b85e012570 Exception <a 'sun/nio/fs/WindowsException'{0x0000000096204218}> (0x0000000096204218) 
thrown [s\src\hotspot\share\prims\jni.cpp, line 517]
Event: 322.042 Thread 0x000001b85e012570 Exception <a 'sun/nio/fs/WindowsException'{0x00000000962045f8}> (0x00000000962045f8) 
thrown [s\src\hotspot\share\prims\jni.cpp, line 517]
Event: 322.076 Thread 0x000001b85e012570 Exception <a 'sun/nio/fs/WindowsException'{0x0000000095f72b08}> (0x0000000095f72b08) 
thrown [s\src\hotspot\share\prims\jni.cpp, line 517]
Event: 322.104 Thread 0x000001b85e012570 Exception <a 'sun/nio/fs/WindowsException'{0x0000000095df0a28}> (0x0000000095df0a28) 
thrown [s\src\hotspot\share\prims\jni.cpp, line 517]
Event: 322.140 Thread 0x000001b85e012570 Exception <a 'sun/nio/fs/WindowsException'{0x0000000095c5c940}> (0x0000000095c5c940) 
thrown [s\src\hotspot\share\prims\jni.cpp, line 517]
Event: 322.141 Thread 0x000001b85e012570 Exception <a 'sun/nio/fs/WindowsException'{0x0000000095c5e780}> (0x0000000095c5e780) 
thrown [s\src\hotspot\share\prims\jni.cpp, line 517]
Event: 322.198 Thread 0x000001b865de79f0 Exception <a 'sun/nio/fs/WindowsException'{0x000000009595faa0}> (0x000000009595faa0) 
thrown [s\src\hotspot\share\prims\jni.cpp, line 517]
Event: 323.426 Thread 0x000001b85e010d60 Exception <a 'sun/nio/fs/WindowsException'{0x00000000959d9db8}> (0x00000000959d9db8) 
thrown [s\src\hotspot\share\prims\jni.cpp, line 517]
Event: 323.426 Thread 0x000001b85e010d60 Exception <a 'sun/nio/fs/WindowsException'{0x00000000959da160}> (0x00000000959da160) 
thrown [s\src\hotspot\share\prims\jni.cpp, line 517]
Event: 323.434 Thread 0x000001b8646d21e0 Exception <a 'sun/nio/fs/WindowsException'{0x000000009027ae50}> (0x000000009027ae50) 
thrown [s\src\hotspot\share\prims\jni.cpp, line 517]
Event: 323.445 Thread 0x000001b85e010d60 Exception <a 'sun/nio/fs/WindowsException'{0x00000000901e3170}> (0x00000000901e3170) 
thrown [s\src\hotspot\share\prims\jni.cpp, line 517]
Event: 323.445 Thread 0x000001b85e010d60 Exception <a 'sun/nio/fs/WindowsException'{0x00000000901e3520}> (0x00000000901e3520) 
thrown [s\src\hotspot\share\prims\jni.cpp, line 517]
Event: 323.453 Thread 0x000001b85ba5e630 Exception <a 'sun/nio/fs/WindowsException'{0x000000009021c3d0}> (0x000000009021c3d0) 
thrown [s\src\hotspot\share\prims\jni.cpp, line 517]
Event: 323.464 Thread 0x000001b85ba5e630 Exception <a 'sun/nio/fs/WindowsException'{0x000000008fd7d270}> (0x000000008fd7d270) 
thrown [s\src\hotspot\share\prims\jni.cpp, line 517]
Event: 323.760 Thread 0x000001b8646d21e0 Exception <a 'sun/nio/fs/WindowsException'{0x000000008e697698}> (0x000000008e697698) 
thrown [s\src\hotspot\share\prims\jni.cpp, line 517]
Event: 324.049 Thread 0x000001b85d9f8a30 Exception <a 'sun/nio/fs/WindowsException'{0x000000008e012f50}> (0x000000008e012f50) 
thrown [s\src\hotspot\share\prims\jni.cpp, line 517]
Event: 324.049 Thread 0x000001b85d9f8a30 Exception <a 'sun/nio/fs/WindowsException'{0x000000008e0132e0}> (0x000000008e0132e0) 
thrown [s\src\hotspot\share\prims\jni.cpp, line 517]
Event: 324.049 Thread 0x000001b85d9f8a30 Exception <a 'sun/nio/fs/WindowsException'{0x000000008e015180}> (0x000000008e015180) 
thrown [s\src\hotspot\share\prims\jni.cpp, line 517]

VM Operations (20 events):
Event: 321.861 Executing VM operation: Cleanup done
Event: 321.958 Executing VM operation: G1CollectForAllocation
Event: 321.983 Executing VM operation: G1CollectForAllocation done
Event: 321.989 Executing VM operation: G1CollectForAllocation
Event: 322.011 Executing VM operation: G1CollectForAllocation done
Event: 322.412 Executing VM operation: ICBufferFull
Event: 322.412 Executing VM operation: ICBufferFull done
Event: 323.418 Executing VM operation: Cleanup
Event: 323.418 Executing VM operation: Cleanup done
Event: 324.425 Executing VM operation: Cleanup
Event: 324.426 Executing VM operation: Cleanup done
Event: 345.604 Executing VM operation: Cleanup
Event: 345.604 Executing VM operation: Cleanup done
Event: 352.649 Executing VM operation: Cleanup
Event: 352.649 Executing VM operation: Cleanup done
Event: 373.811 Executing VM operation: Cleanup
Event: 373.811 Executing VM operation: Cleanup done
Event: 390.926 Executing VM operation: Cleanup
Event: 390.926 Executing VM operation: Cleanup done
Event: 436.455 Executing VM operation: G1CollectForAllocation

Events (20 events):
Event: 324.088 Thread 0x000001b865dba860 Thread exited: 0x000001b865dba860
Event: 324.088 Thread 0x000001b865db9050 Thread exited: 0x000001b865db9050
Event: 324.088 Thread 0x000001b85ba5ce20 Thread exited: 0x000001b85ba5ce20
Event: 324.088 Thread 0x000001b86193b350 Thread exited: 0x000001b86193b350
Event: 324.090 Thread 0x000001b85d9f93d0 Thread exited: 0x000001b85d9f93d0
Event: 324.090 Thread 0x000001b8646d1d10 Thread exited: 0x000001b8646d1d10
Event: 324.092 Thread 0x000001b8646d3520 Thread exited: 0x000001b8646d3520
Event: 324.097 Thread 0x000001b85d9f8560 Thread exited: 0x000001b85d9f8560
Event: 324.134 Thread 0x000001b86193dea0 Thread exited: 0x000001b86193dea0
Event: 383.992 Thread 0x000001b865de7520 Thread exited: 0x000001b865de7520
Event: 384.055 Thread 0x000001b85e012570 Thread exited: 0x000001b85e012570
Event: 384.100 Thread 0x000001b85d9f8a30 Thread exited: 0x000001b85d9f8a30
Event: 384.191 Thread 0x000001b85d9f8f00 Thread exited: 0x000001b85d9f8f00
Event: 436.368 Thread 0x000001b865dbad30 Thread added: 0x000001b865dbad30
Event: 436.371 Thread 0x000001b865dbc070 Thread added: 0x000001b865dbc070
Event: 436.376 Thread 0x000001b865de8d30 Thread added: 0x000001b865de8d30
Event: 436.391 Thread 0x000001b8646d21e0 Thread added: 0x000001b8646d21e0
Event: 436.405 Thread 0x000001b865dbb200 Thread added: 0x000001b865dbb200
Event: 436.408 Thread 0x000001b865dbb6d0 Thread added: 0x000001b865dbb6d0
Event: 436.409 Thread 0x000001b865db9520 Thread added: 0x000001b865db9520


Dynamic libraries:
0x00007ff68df40000 - 0x00007ff68df4a000 	C:\Program Files\Android\Android Studio\jbr\bin\java.exe
0x00007ff8b9c70000 - 0x00007ff8b9e67000 	C:\WINDOWS\SYSTEM32\ntdll.dll
0x00007ff8b9ab0000 - 0x00007ff8b9b6d000 	C:\WINDOWS\System32\KERNEL32.DLL
0x00007ff8b7700000 - 0x00007ff8b79f6000 	C:\WINDOWS\System32\KERNELBASE.dll
0x00007ff8b74a0000 - 0x00007ff8b75a0000 	C:\WINDOWS\System32\ucrtbase.dll
0x00007ff8a3c70000 - 0x00007ff8a3c87000 	C:\Program Files\Android\Android Studio\jbr\bin\jli.dll
0x00007ff8a4ad0000 - 0x00007ff8a4aeb000 	C:\Program Files\Android\Android Studio\jbr\bin\VCRUNTIME140.dll
0x00007ff8b9140000 - 0x00007ff8b92de000 	C:\WINDOWS\System32\USER32.dll
0x00007ff8b7350000 - 0x00007ff8b7372000 	C:\WINDOWS\System32\win32u.dll
0x00007ff8b9420000 - 0x00007ff8b944c000 	C:\WINDOWS\System32\GDI32.dll
0x00007ff8b7380000 - 0x00007ff8b749a000 	C:\WINDOWS\System32\gdi32full.dll
0x00007ff8b7b30000 - 0x00007ff8b7bcd000 	C:\WINDOWS\System32\msvcp_win.dll
0x00007ff89ba90000 - 0x00007ff89bd2a000 	C:\WINDOWS\WinSxS\amd64_microsoft.windows.common-controls_6595b64144ccf1df_6.0.19041.3570_none_60bb2a3971f3e41a\COMCTL32.dll
0x00007ff8b9b70000 - 0x00007ff8b9c0e000 	C:\WINDOWS\System32\msvcrt.dll
0x00007ff8b9110000 - 0x00007ff8b9140000 	C:\WINDOWS\System32\IMM32.DLL
0x00007ff8a5f30000 - 0x00007ff8a5f3c000 	C:\Program Files\Android\Android Studio\jbr\bin\vcruntime140_1.dll
0x00007ff893c70000 - 0x00007ff893cfd000 	C:\Program Files\Android\Android Studio\jbr\bin\msvcp140.dll
0x00007ff86c480000 - 0x00007ff86d0ee000 	C:\Program Files\Android\Android Studio\jbr\bin\server\jvm.dll
0x00007ff8b9060000 - 0x00007ff8b910e000 	C:\WINDOWS\System32\ADVAPI32.dll
0x00007ff8b8fc0000 - 0x00007ff8b905c000 	C:\WINDOWS\System32\sechost.dll
0x00007ff8b92f0000 - 0x00007ff8b9416000 	C:\WINDOWS\System32\RPCRT4.dll
0x00007ff89b120000 - 0x00007ff89b147000 	C:\WINDOWS\SYSTEM32\WINMM.dll
0x00007ff8b1e80000 - 0x00007ff8b1e8a000 	C:\WINDOWS\SYSTEM32\VERSION.dll
0x00007ff8a5500000 - 0x00007ff8a5509000 	C:\WINDOWS\SYSTEM32\WSOCK32.dll
0x00007ff8b9a40000 - 0x00007ff8b9aab000 	C:\WINDOWS\System32\WS2_32.dll
0x00007ff8b51d0000 - 0x00007ff8b51e2000 	C:\WINDOWS\SYSTEM32\kernel.appcore.dll
0x00007ff8a7a20000 - 0x00007ff8a7a2a000 	C:\Program Files\Android\Android Studio\jbr\bin\jimage.dll
0x00007ff8b08d0000 - 0x00007ff8b0ab4000 	C:\WINDOWS\SYSTEM32\DBGHELP.DLL
0x00007ff8b0890000 - 0x00007ff8b08c4000 	C:\WINDOWS\SYSTEM32\dbgcore.DLL
0x00007ff8b7bd0000 - 0x00007ff8b7c52000 	C:\WINDOWS\System32\bcryptPrimitives.dll
0x00007ff8a5cc0000 - 0x00007ff8a5ce5000 	C:\Program Files\Android\Android Studio\jbr\bin\java.dll
0x00007ff8a5ca0000 - 0x00007ff8a5cb8000 	C:\Program Files\Android\Android Studio\jbr\bin\zip.dll
0x00007ff8b8860000 - 0x00007ff8b8fa4000 	C:\WINDOWS\System32\SHELL32.dll
0x00007ff8b53d0000 - 0x00007ff8b5b6b000 	C:\WINDOWS\SYSTEM32\windows.storage.dll
0x00007ff8b83e0000 - 0x00007ff8b8734000 	C:\WINDOWS\System32\combase.dll
0x00007ff8b6be0000 - 0x00007ff8b6c0d000 	C:\WINDOWS\SYSTEM32\Wldp.dll
0x00007ff8b9990000 - 0x00007ff8b9a3d000 	C:\WINDOWS\System32\SHCORE.dll
0x00007ff8b9720000 - 0x00007ff8b9775000 	C:\WINDOWS\System32\shlwapi.dll
0x00007ff8b7280000 - 0x00007ff8b72a5000 	C:\WINDOWS\SYSTEM32\profapi.dll
0x00007ff8a3cb0000 - 0x00007ff8a3cc9000 	C:\Program Files\Android\Android Studio\jbr\bin\net.dll
0x00007ff8adea0000 - 0x00007ff8adfaa000 	C:\WINDOWS\SYSTEM32\WINHTTP.dll
0x00007ff8b69c0000 - 0x00007ff8b6a2a000 	C:\WINDOWS\system32\mswsock.dll
0x00007ff8a3c90000 - 0x00007ff8a3ca6000 	C:\Program Files\Android\Android Studio\jbr\bin\nio.dll
0x00007ff8a7a10000 - 0x00007ff8a7a20000 	C:\Program Files\Android\Android Studio\jbr\bin\verify.dll
0x00007ff8a3c40000 - 0x00007ff8a3c67000 	C:\Users\Bia e Leo\.gradle\native\68d5fa5c4cc2d200863cafc0d521ce42e7d3e7ee720ec0a83991735586a16f82\windows-amd64\native-platform.dll
0x00007ff88cc70000 - 0x00007ff88cdb4000 	C:\Users\Bia e Leo\.gradle\native\e376f236ea51e6404a007f0833ffe2c6e607c4080706a723a18a27aeea778392\windows-amd64\native-platform-file-events.dll
0x00007ff8a6010000 - 0x00007ff8a6019000 	C:\Program Files\Android\Android Studio\jbr\bin\management.dll
0x00007ff8a5510000 - 0x00007ff8a551b000 	C:\Program Files\Android\Android Studio\jbr\bin\management_ext.dll
0x00007ff8b8fb0000 - 0x00007ff8b8fb8000 	C:\WINDOWS\System32\PSAPI.DLL
0x00007ff8b6c20000 - 0x00007ff8b6c38000 	C:\WINDOWS\SYSTEM32\CRYPTSP.dll
0x00007ff8b62f0000 - 0x00007ff8b6324000 	C:\WINDOWS\system32\rsaenh.dll
0x00007ff8b7b00000 - 0x00007ff8b7b27000 	C:\WINDOWS\System32\bcrypt.dll
0x00007ff8b7240000 - 0x00007ff8b726e000 	C:\WINDOWS\SYSTEM32\USERENV.dll
0x00007ff8b6b50000 - 0x00007ff8b6b5c000 	C:\WINDOWS\SYSTEM32\CRYPTBASE.dll
0x00007ff8b66d0000 - 0x00007ff8b670b000 	C:\WINDOWS\SYSTEM32\IPHLPAPI.DLL
0x00007ff8b9680000 - 0x00007ff8b9688000 	C:\WINDOWS\System32\NSI.dll
0x00007ff8af400000 - 0x00007ff8af417000 	C:\WINDOWS\SYSTEM32\dhcpcsvc6.DLL
0x00007ff8afd00000 - 0x00007ff8afd1d000 	C:\WINDOWS\SYSTEM32\dhcpcsvc.DLL
0x00007ff8b6710000 - 0x00007ff8b67da000 	C:\WINDOWS\SYSTEM32\DNSAPI.dll
0x00007ff8a3b50000 - 0x00007ff8a3b57000 	C:\WINDOWS\system32\wshunix.dll
0x00007ff8b6430000 - 0x00007ff8b6463000 	C:\WINDOWS\SYSTEM32\ntmarta.dll

dbghelp: loaded successfully - version: 4.0.5 - missing functions: none
symbol engine: initialized successfully - sym options: 0x614 - pdb path: .;C:\Program Files\Android\Android Studio\jbr\bin;C:\WINDOWS\SYSTEM32;C:\WINDOWS\WinSxS\amd64_microsoft.windows.common-controls_6595b64144ccf1df_6.0.19041.3570_none_60bb2a3971f3e41a;C:\Program Files\Android\Android Studio\jbr\bin\server;C:\Users\Bia e Leo\.gradle\native\68d5fa5c4cc2d200863cafc0d521ce42e7d3e7ee720ec0a83991735586a16f82\windows-amd64;C:\Users\Bia e Leo\.gradle\native\e376f236ea51e6404a007f0833ffe2c6e607c4080706a723a18a27aeea778392\windows-amd64

VM Arguments:
jvm_args: --add-opens=java.base/java.util=ALL-UNNAMED --add-opens=java.base/java.lang=ALL-UNNAMED --add-opens=java.base/java.lang.invoke=ALL-UNNAMED --add-opens=java.prefs/java.util.prefs=ALL-UNNAMED --add-opens=java.base/java.nio.charset=ALL-UNNAMED --add-opens=java.base/java.net=ALL-UNNAMED --add-opens=java.base/java.util.concurrent.atomic=ALL-UNNAMED -Xmx2048m -Dfile.encoding=UTF-8 -Duser.country=BR -Duser.language=pt -Duser.variant 
java_command: org.gradle.launcher.daemon.bootstrap.GradleDaemon 8.0
java_class_path (initial): C:\Users\Bia e Leo\.gradle\wrapper\dists\gradle-8.0-bin\ca5e32bp14vu59qr306oxotwh\gradle-8.0\lib\gradle-launcher-8.0.jar
Launcher Type: SUN_STANDARD

[Global flags]
     intx CICompilerCount                          = 3                                         {product} {ergonomic}
     uint ConcGCThreads                            = 1                                         {product} {ergonomic}
     uint G1ConcRefinementThreads                  = 4                                         {product} {ergonomic}
   size_t G1HeapRegionSize                         = 1048576                                   {product} {ergonomic}
    uintx GCDrainStackTargetSize                   = 64                                        {product} {ergonomic}
   size_t InitialHeapSize                          = 132120576                                 {product} {ergonomic}
   size_t MarkStackSize                            = 4194304                                   {product} {ergonomic}
   size_t MaxHeapSize                              = 2147483648                                {product} {command line}
   size_t MaxNewSize                               = 1287651328                                {product} {ergonomic}
   size_t MinHeapDeltaBytes                        = 1048576                                   {product} {ergonomic}
   size_t MinHeapSize                              = 8388608                                   {product} {ergonomic}
    uintx NonNMethodCodeHeapSize                   = 5832780                                {pd product} {ergonomic}
    uintx NonProfiledCodeHeapSize                  = 122912730                              {pd product} {ergonomic}
    uintx ProfiledCodeHeapSize                     = 122912730                              {pd product} {ergonomic}
    uintx ReservedCodeCacheSize                    = 251658240                              {pd product} {ergonomic}
     bool SegmentedCodeCache                       = true                                      {product} {ergonomic}
   size_t SoftMaxHeapSize                          = 2147483648                             {manageable} {ergonomic}
     bool UseCompressedClassPointers               = true                           {product lp64_product} {ergonomic}
     bool UseCompressedOops                        = true                           {product lp64_product} {ergonomic}
     bool UseG1GC                                  = true                                      {product} {ergonomic}
     bool UseLargePagesIndividualAllocation        = false                                  {pd product} {ergonomic}

Logging:
Log output configuration:
 #0: stdout all=warning uptime,level,tags
 #1: stderr all=off uptime,level,tags

Environment Variables:
JAVA_HOME=C:\Program Files\OpenJDK\openjdk-11.0.12_7
PATH=C:\Program Files (x86)\Common Files\Oracle\Java\javapath;C:\Program Files (x86)\Common Files\Intel\Shared Libraries\redist\intel64\compiler;C:\WINDOWS\system32;C:\WINDOWS;C:\WINDOWS\System32\Wbem;C:\WINDOWS\System32\WindowsPowerShell\v1.0\;C:\WINDOWS\System32\OpenSSH\;C:\Program Files\Microsoft SQL Server\130\Tools\Binn\;C:\Program Files\Microsoft SQL Server\Client SDK\ODBC\170\Tools\Binn\;C:\Program Files\dotnet\;C:\Program Files\Common Files\Autodesk Shared\;C:\Program Files\Git\cmd;C:\Program Files (x86)\Microsoft SQL Server\150\DTS\Binn\;C:\Program Files (x86)\Microsoft SQL Server\150\Tools\Binn\;C:\Program Files\Microsoft SQL Server\150\Tools\Binn\;C:\Program Files\Microsoft SQL Server\150\DTS\Binn\;C:\ProgramData\chocolatey\bin;C:\Program Files\nodejs\;C:\Program Files\OpenJDK\openjdk-11.0.12_7\bin;C:\ProgramData\ComposerSetup\bin;C:\wamp64\bin\php\php8.2.0;C:\Windows\System32;;C:\Program Files\Docker\Docker\resources\bin;C:\Users\Bia e Leo\AppData\Roaming\npm;C:\Program Files\MongoDB\Server\5.0\bin;C:\Program Files\MySQL\MySQL Server 8.0\bin;C:\Users\Bia e Leo\AppData\Roaming\Composer\vendor\bin;C:\Users\Bia e Leo\AppData\Local\Microsoft\WindowsApps;C:\Users\Bia e Leo\AppData\Local\Programs\Microsoft VS Code\bin;C:\Users\Bia e Leo\.dotnet\tools
USERNAME=Bia_e_Leo
OS=Windows_NT
PROCESSOR_IDENTIFIER=Intel64 Family 6 Model 158 Stepping 10, GenuineIntel
TMP=C:\Users\BIAELE~1\AppData\Local\Temp
TEMP=C:\Users\BIAELE~1\AppData\Local\Temp


JNI global refs:
JNI global refs: 25, weak refs: 0

JNI global refs memory usage: 843, weak refs: 841


---------------  S Y S T E M  ---------------

OS:
 Windows 10 , 64 bit Build 19041 (10.0.19041.3570)
OS uptime: 0 days 3:47 hours
Hyper-V role detected

CPU: total 4 (initial active 4) (2 cores per cpu, 2 threads per core) family 6 model 158 stepping 10 microcode 0xb4, cx8, cmov, fxsr, ht, mmx, 3dnowpref, sse, sse2, sse3, ssse3, sse4.1, sse4.2, popcnt, lzcnt, tsc, tscinvbit, aes, erms, clmul, clflush, clflushopt, hv

Memory: 4k page, system-wide physical 8038M (212M free)
TotalPageFile size 8038M (AvailPageFile size 425M)
current process WorkingSet (physical memory assigned to process): 683M, peak: 690M
current process commit charge ("private bytes"): 707M, peak: 1382M

vm_info: OpenJDK 64-Bit Server VM (17.0.6+0-b2043.56-10027231) for windows-amd64 JRE (17.0.6+0-b2043.56-10027231), built on Apr 28 2023 00:43:19 by "androidbuild" with MS VC++ 16.10 / 16.11 (VS2019)

END.
