#
# There is insufficient memory for the Java Runtime Environment to continue.
# Native memory allocation (mmap) failed to map 377487360 bytes for G1 virtual space
# Possible reasons:
#   The system is out of physical RAM or swap space
#   The process is running with CompressedOops enabled, and the Java Heap may be blocking the growth of the native heap
# Possible solutions:
#   Reduce memory load on the system
#   Increase physical memory or swap space
#   Check if swap backing store is full
#   Decrease Java heap size (-Xmx/-Xms)
#   Decrease number of Java threads
#   Decrease Java thread stack sizes (-Xss)
#   Set larger code cache with -XX:ReservedCodeCacheSize=
#   JVM is running with Unscaled Compressed Oops mode in which the Java heap is
#     placed in the first 4GB address space. The Java Heap base address is the
#     maximum limit for the native heap growth. Please use -XX:HeapBaseMinAddress
#     to set the Java Heap base and to place the Java Heap above 4GB virtual address.
# This output file may be truncated or incomplete.
#
#  Out of Memory Error (os_windows.cpp:3769), pid=6232, tid=11756
#
# JRE version: OpenJDK Runtime Environment (17.0.6) (build 17.0.6+0-b2043.56-10027231)
# Java VM: OpenJDK 64-Bit Server VM (17.0.6+0-b2043.56-10027231, mixed mode, tiered, compressed oops, compressed class ptrs, g1 gc, windows-amd64)
# No core dump will be written. Minidumps are not enabled by default on client versions of Windows
#

---------------  S U M M A R Y ------------

Command Line: --add-opens=java.base/java.util=ALL-UNNAMED --add-opens=java.base/java.lang=ALL-UNNAMED --add-opens=java.base/java.lang.invoke=ALL-UNNAMED --add-opens=java.prefs/java.util.prefs=ALL-UNNAMED --add-opens=java.base/java.nio.charset=ALL-UNNAMED --add-opens=java.base/java.net=ALL-UNNAMED --add-opens=java.base/java.util.concurrent.atomic=ALL-UNNAMED -Xmx2048m -Dfile.encoding=UTF-8 -Duser.country=BR -Duser.language=pt -Duser.variant org.gradle.launcher.daemon.bootstrap.GradleDaemon 8.0

Host: Intel(R) Pentium(R) Gold G5400 CPU @ 3.70GHz, 4 cores, 7G,  Windows 10 , 64 bit Build 19041 (10.0.19041.3570)
Time: Sun Nov 12 16:11:30 2023 Hora oficial do Brasil elapsed time: 26.211486 seconds (0d 0h 0m 26s)

---------------  T H R E A D  ---------------

Current thread (0x000001f0be8ee270):  VMThread "VM Thread" [stack: 0x0000003b57f00000,0x0000003b58000000] [id=11756]

Stack: [0x0000003b57f00000,0x0000003b58000000]
Native frames: (J=compiled Java code, j=interpreted, Vv=VM code, C=native code)
V  [jvm.dll+0x683c9a]
V  [jvm.dll+0x8427a4]
V  [jvm.dll+0x843f9e]
V  [jvm.dll+0x844603]
V  [jvm.dll+0x249b75]
V  [jvm.dll+0x680b69]
V  [jvm.dll+0x67505a]
V  [jvm.dll+0x309acb]
V  [jvm.dll+0x310f86]
V  [jvm.dll+0x3608ee]
V  [jvm.dll+0x360b1f]
V  [jvm.dll+0x2dfbf8]
V  [jvm.dll+0x2ddec4]
V  [jvm.dll+0x2dd4cc]
V  [jvm.dll+0x321f3b]
V  [jvm.dll+0x848ccb]
V  [jvm.dll+0x849a04]
V  [jvm.dll+0x849f1d]
V  [jvm.dll+0x84a2f4]
V  [jvm.dll+0x84a3c0]
V  [jvm.dll+0x7f274a]
V  [jvm.dll+0x682ad5]
C  [ucrtbase.dll+0x21bb2]
C  [KERNEL32.DLL+0x17344]
C  [ntdll.dll+0x526b1]

VM_Operation (0x0000003b5dbfd0b0): G1CollectForAllocation, mode: safepoint, requested by thread 0x000001f0c6246570


---------------  P R O C E S S  ---------------

Threads class SMR info:
_java_thread_list=0x000001f0ca4dd750, length=92, elements={
0x000001f0a531ac50, 0x000001f0be8c1be0, 0x000001f0be8c3600, 0x000001f0be9115a0,
0x000001f0be913e70, 0x000001f0be914730, 0x000001f0be915790, 0x000001f0be917540,
0x000001f0be919ac0, 0x000001f0bf425aa0, 0x000001f0bf5c3010, 0x000001f0bf5928c0,
0x000001f0c0eda7e0, 0x000001f0c0fcd840, 0x000001f0c08fc180, 0x000001f0c1e8ec80,
0x000001f0c1e8f520, 0x000001f0c2110a50, 0x000001f0c182d890, 0x000001f0c0a3df00,
0x000001f0c062b5c0, 0x000001f0c02deca0, 0x000001f0c02dd490, 0x000001f0c02de7d0,
0x000001f0c02dd960, 0x000001f0c02de300, 0x000001f0c02e0980, 0x000001f0c02df170,
0x000001f0c02df640, 0x000001f0c02dfb10, 0x000001f0c02dffe0, 0x000001f0c02dde30,
0x000001f0c02e04b0, 0x000001f0c02e0e50, 0x000001f0bf8705f0, 0x000001f0bf86e440,
0x000001f0bf86b8f0, 0x000001f0bf86ede0, 0x000001f0bf870120, 0x000001f0bf86c290,
0x000001f0bf86f2b0, 0x000001f0bf86f780, 0x000001f0bf86fc50, 0x000001f0bf869740,
0x000001f0bf86bdc0, 0x000001f0bf869c10, 0x000001f0bf86c760, 0x000001f0bf86b420,
0x000001f0bf86a0e0, 0x000001f0bf86a5b0, 0x000001f0bf86d100, 0x000001f0bf86aa80,
0x000001f0bf86cc30, 0x000001f0bf86d5d0, 0x000001f0bf86daa0, 0x000001f0c406d510,
0x000001f0c406b830, 0x000001f0c406a020, 0x000001f0c406a4f0, 0x000001f0c406d040,
0x000001f0c4070530, 0x000001f0c4070a00, 0x000001f0c406d9e0, 0x000001f0c406cb70,
0x000001f0c406a9c0, 0x000001f0c4070ed0, 0x000001f0c406ae90, 0x000001f0c406b360,
0x000001f0c406ed20, 0x000001f0c406deb0, 0x000001f0c406bd00, 0x000001f0c4070060,
0x000001f0c4069680, 0x000001f0c4069b50, 0x000001f0c406f1f0, 0x000001f0c406e850,
0x000001f0c406c6a0, 0x000001f0c406e380, 0x000001f0c406f6c0, 0x000001f0c406c1d0,
0x000001f0c6245bd0, 0x000001f0c3fce460, 0x000001f0c62490c0, 0x000001f0c624b270,
0x000001f0c6249a60, 0x000001f0c624bc10, 0x000001f0c6248250, 0x000001f0c6246570,
0x000001f0c6248bf0, 0x000001f0c6249f30, 0x000001f0c624cf50, 0x000001f0c6188660
}

Java Threads: ( => current thread )
  0x000001f0a531ac50 JavaThread "main" [_thread_blocked, id=9252, stack(0x0000003b57900000,0x0000003b57a00000)]
  0x000001f0be8c1be0 JavaThread "Reference Handler" daemon [_thread_blocked, id=5452, stack(0x0000003b58000000,0x0000003b58100000)]
  0x000001f0be8c3600 JavaThread "Finalizer" daemon [_thread_blocked, id=2752, stack(0x0000003b58100000,0x0000003b58200000)]
  0x000001f0be9115a0 JavaThread "Signal Dispatcher" daemon [_thread_blocked, id=6780, stack(0x0000003b58200000,0x0000003b58300000)]
  0x000001f0be913e70 JavaThread "Attach Listener" daemon [_thread_blocked, id=10388, stack(0x0000003b58300000,0x0000003b58400000)]
  0x000001f0be914730 JavaThread "Service Thread" daemon [_thread_blocked, id=11352, stack(0x0000003b58400000,0x0000003b58500000)]
  0x000001f0be915790 JavaThread "Monitor Deflation Thread" daemon [_thread_blocked, id=7652, stack(0x0000003b58500000,0x0000003b58600000)]
  0x000001f0be917540 JavaThread "C2 CompilerThread0" daemon [_thread_blocked, id=1580, stack(0x0000003b58600000,0x0000003b58700000)]
  0x000001f0be919ac0 JavaThread "C1 CompilerThread0" daemon [_thread_blocked, id=9644, stack(0x0000003b58700000,0x0000003b58800000)]
  0x000001f0bf425aa0 JavaThread "Sweeper thread" daemon [_thread_blocked, id=3064, stack(0x0000003b58800000,0x0000003b58900000)]
  0x000001f0bf5c3010 JavaThread "Common-Cleaner" daemon [_thread_blocked, id=5296, stack(0x0000003b58900000,0x0000003b58a00000)]
  0x000001f0bf5928c0 JavaThread "Notification Thread" daemon [_thread_blocked, id=2144, stack(0x0000003b58a00000,0x0000003b58b00000)]
  0x000001f0c0eda7e0 JavaThread "Daemon health stats" [_thread_blocked, id=2912, stack(0x0000003b59000000,0x0000003b59100000)]
  0x000001f0c0fcd840 JavaThread "Incoming local TCP Connector on port 56849" [_thread_in_native, id=12000, stack(0x0000003b59100000,0x0000003b59200000)]
  0x000001f0c08fc180 JavaThread "Daemon periodic checks" [_thread_blocked, id=10132, stack(0x0000003b59200000,0x0000003b59300000)]
  0x000001f0c1e8ec80 JavaThread "Daemon" [_thread_blocked, id=1512, stack(0x0000003b59300000,0x0000003b59400000)]
  0x000001f0c1e8f520 JavaThread "Handler for socket connection from /127.0.0.1:56849 to /127.0.0.1:56850" [_thread_in_native, id=8348, stack(0x0000003b59400000,0x0000003b59500000)]
  0x000001f0c2110a50 JavaThread "Cancel handler" [_thread_blocked, id=9088, stack(0x0000003b59500000,0x0000003b59600000)]
  0x000001f0c182d890 JavaThread "Daemon worker" [_thread_blocked, id=10660, stack(0x0000003b59600000,0x0000003b59700000)]
  0x000001f0c0a3df00 JavaThread "Asynchronous log dispatcher for DefaultDaemonConnection: socket connection from /127.0.0.1:56849 to /127.0.0.1:56850" [_thread_blocked, id=4160, stack(0x0000003b59700000,0x0000003b59800000)]
  0x000001f0c062b5c0 JavaThread "Stdin handler" [_thread_blocked, id=9928, stack(0x0000003b59800000,0x0000003b59900000)]
  0x000001f0c02deca0 JavaThread "Daemon client event forwarder" [_thread_blocked, id=8984, stack(0x0000003b59900000,0x0000003b59a00000)]
  0x000001f0c02dd490 JavaThread "Cache worker for journal cache (C:\Users\Bia e Leo\.gradle\caches\journal-1)" [_thread_blocked, id=3476, stack(0x0000003b58c00000,0x0000003b58d00000)]
  0x000001f0c02de7d0 JavaThread "File lock request listener" [_thread_in_native, id=4824, stack(0x0000003b59a00000,0x0000003b59b00000)]
  0x000001f0c02dd960 JavaThread "Cache worker for file hash cache (C:\Users\Bia e Leo\.gradle\caches\8.0\fileHashes)" [_thread_blocked, id=4712, stack(0x0000003b59b00000,0x0000003b59c00000)]
  0x000001f0c02de300 JavaThread "File watcher server" daemon [_thread_blocked, id=7380, stack(0x0000003b59d00000,0x0000003b59e00000)]
  0x000001f0c02e0980 JavaThread "File watcher consumer" daemon [_thread_blocked, id=9764, stack(0x0000003b59e00000,0x0000003b59f00000)]
  0x000001f0c02df170 JavaThread "Cache worker for checksums cache (C:\Users\Bia e Leo\Downloads\Legato\.gradle\8.0\checksums)" [_thread_blocked, id=8764, stack(0x0000003b59f00000,0x0000003b5a000000)]
  0x000001f0c02df640 JavaThread "Cache worker for cache directory md-rule (C:\Users\Bia e Leo\.gradle\caches\8.0\md-rule)" [_thread_blocked, id=3876, stack(0x0000003b5a000000,0x0000003b5a100000)]
  0x000001f0c02dfb10 JavaThread "Cache worker for file content cache (C:\Users\Bia e Leo\.gradle\caches\8.0\fileContent)" [_thread_blocked, id=9948, stack(0x0000003b5a100000,0x0000003b5a200000)]
  0x000001f0c02dffe0 JavaThread "Cache worker for file hash cache (C:\Users\Bia e Leo\Downloads\Legato\.gradle\8.0\fileHashes)" [_thread_blocked, id=6176, stack(0x0000003b5a200000,0x0000003b5a300000)]
  0x000001f0c02dde30 JavaThread "Cache worker for cache directory md-supplier (C:\Users\Bia e Leo\.gradle\caches\8.0\md-supplier)" [_thread_blocked, id=11512, stack(0x0000003b5a300000,0x0000003b5a400000)]
  0x000001f0c02e04b0 JavaThread "Cache worker for execution history cache (C:\Users\Bia e Leo\.gradle\caches\8.0\executionHistory)" [_thread_blocked, id=5040, stack(0x0000003b5a400000,0x0000003b5a500000)]
  0x000001f0c02e0e50 JavaThread "jar transforms" [_thread_blocked, id=3036, stack(0x0000003b5a500000,0x0000003b5a600000)]
  0x000001f0bf8705f0 JavaThread "jar transforms Thread 2" [_thread_blocked, id=3044, stack(0x0000003b5a600000,0x0000003b5a700000)]
  0x000001f0bf86e440 JavaThread "jar transforms Thread 3" [_thread_blocked, id=8712, stack(0x0000003b5a800000,0x0000003b5a900000)]
  0x000001f0bf86b8f0 JavaThread "jar transforms Thread 4" [_thread_blocked, id=9648, stack(0x0000003b5a900000,0x0000003b5aa00000)]
  0x000001f0bf86ede0 JavaThread "Cache worker for dependencies-accessors (C:\Users\Bia e Leo\Downloads\Legato\.gradle\8.0\dependencies-accessors)" [_thread_blocked, id=4436, stack(0x0000003b5aa00000,0x0000003b5ab00000)]
  0x000001f0bf870120 JavaThread "Cache worker for Build Output Cleanup Cache (C:\Users\Bia e Leo\Downloads\Legato\.gradle\buildOutputCleanup)" [_thread_blocked, id=9008, stack(0x0000003b5ab00000,0x0000003b5ac00000)]
  0x000001f0bf86c290 JavaThread "Unconstrained build operations" [_thread_blocked, id=6896, stack(0x0000003b5ac00000,0x0000003b5ad00000)]
  0x000001f0bf86f2b0 JavaThread "Unconstrained build operations Thread 2" [_thread_blocked, id=4052, stack(0x0000003b5ad00000,0x0000003b5ae00000)]
  0x000001f0bf86f780 JavaThread "Unconstrained build operations Thread 3" [_thread_blocked, id=5788, stack(0x0000003b5ae00000,0x0000003b5af00000)]
  0x000001f0bf86fc50 JavaThread "Unconstrained build operations Thread 4" [_thread_blocked, id=2836, stack(0x0000003b5af00000,0x0000003b5b000000)]
  0x000001f0bf869740 JavaThread "Unconstrained build operations Thread 5" [_thread_blocked, id=9872, stack(0x0000003b5b000000,0x0000003b5b100000)]
  0x000001f0bf86bdc0 JavaThread "Unconstrained build operations Thread 6" [_thread_blocked, id=7224, stack(0x0000003b5b100000,0x0000003b5b200000)]
  0x000001f0bf869c10 JavaThread "Unconstrained build operations Thread 7" [_thread_blocked, id=7952, stack(0x0000003b5b200000,0x0000003b5b300000)]
  0x000001f0bf86c760 JavaThread "Unconstrained build operations Thread 8" [_thread_blocked, id=9808, stack(0x0000003b5b300000,0x0000003b5b400000)]
  0x000001f0bf86b420 JavaThread "Unconstrained build operations Thread 9" [_thread_blocked, id=10904, stack(0x0000003b5b400000,0x0000003b5b500000)]
  0x000001f0bf86a0e0 JavaThread "Unconstrained build operations Thread 10" [_thread_blocked, id=7588, stack(0x0000003b5b500000,0x0000003b5b600000)]
  0x000001f0bf86a5b0 JavaThread "Unconstrained build operations Thread 11" [_thread_blocked, id=10892, stack(0x0000003b5b600000,0x0000003b5b700000)]
  0x000001f0bf86d100 JavaThread "Unconstrained build operations Thread 12" [_thread_blocked, id=1236, stack(0x0000003b5b700000,0x0000003b5b800000)]
  0x000001f0bf86aa80 JavaThread "Unconstrained build operations Thread 13" [_thread_blocked, id=4284, stack(0x0000003b5b800000,0x0000003b5b900000)]
  0x000001f0bf86cc30 JavaThread "Unconstrained build operations Thread 14" [_thread_blocked, id=7648, stack(0x0000003b5b900000,0x0000003b5ba00000)]
  0x000001f0bf86d5d0 JavaThread "Unconstrained build operations Thread 15" [_thread_blocked, id=8200, stack(0x0000003b5ba00000,0x0000003b5bb00000)]
  0x000001f0bf86daa0 JavaThread "Unconstrained build operations Thread 16" [_thread_blocked, id=12164, stack(0x0000003b5bb00000,0x0000003b5bc00000)]
  0x000001f0c406d510 JavaThread "Unconstrained build operations Thread 17" [_thread_blocked, id=1948, stack(0x0000003b5bc00000,0x0000003b5bd00000)]
  0x000001f0c406b830 JavaThread "Unconstrained build operations Thread 18" [_thread_blocked, id=3332, stack(0x0000003b5bd00000,0x0000003b5be00000)]
  0x000001f0c406a020 JavaThread "Unconstrained build operations Thread 19" [_thread_blocked, id=6156, stack(0x0000003b5be00000,0x0000003b5bf00000)]
  0x000001f0c406a4f0 JavaThread "Unconstrained build operations Thread 20" [_thread_blocked, id=7116, stack(0x0000003b5bf00000,0x0000003b5c000000)]
  0x000001f0c406d040 JavaThread "Unconstrained build operations Thread 21" [_thread_blocked, id=6084, stack(0x0000003b5c000000,0x0000003b5c100000)]
  0x000001f0c4070530 JavaThread "Unconstrained build operations Thread 22" [_thread_blocked, id=8152, stack(0x0000003b5c100000,0x0000003b5c200000)]
  0x000001f0c4070a00 JavaThread "Unconstrained build operations Thread 23" [_thread_blocked, id=8844, stack(0x0000003b5c200000,0x0000003b5c300000)]
  0x000001f0c406d9e0 JavaThread "Unconstrained build operations Thread 24" [_thread_blocked, id=8216, stack(0x0000003b5c300000,0x0000003b5c400000)]
  0x000001f0c406cb70 JavaThread "Unconstrained build operations Thread 25" [_thread_blocked, id=4632, stack(0x0000003b5c400000,0x0000003b5c500000)]
  0x000001f0c406a9c0 JavaThread "Unconstrained build operations Thread 26" [_thread_blocked, id=10100, stack(0x0000003b5c500000,0x0000003b5c600000)]
  0x000001f0c4070ed0 JavaThread "Unconstrained build operations Thread 27" [_thread_blocked, id=9728, stack(0x0000003b5c600000,0x0000003b5c700000)]
  0x000001f0c406ae90 JavaThread "Unconstrained build operations Thread 28" [_thread_blocked, id=8312, stack(0x0000003b5c700000,0x0000003b5c800000)]
  0x000001f0c406b360 JavaThread "Unconstrained build operations Thread 29" [_thread_blocked, id=2704, stack(0x0000003b5c800000,0x0000003b5c900000)]
  0x000001f0c406ed20 JavaThread "Unconstrained build operations Thread 30" [_thread_blocked, id=9904, stack(0x0000003b5c900000,0x0000003b5ca00000)]
  0x000001f0c406deb0 JavaThread "Unconstrained build operations Thread 31" [_thread_blocked, id=10820, stack(0x0000003b5ca00000,0x0000003b5cb00000)]
  0x000001f0c406bd00 JavaThread "Unconstrained build operations Thread 32" [_thread_blocked, id=6012, stack(0x0000003b5cb00000,0x0000003b5cc00000)]
  0x000001f0c4070060 JavaThread "Unconstrained build operations Thread 33" [_thread_blocked, id=6488, stack(0x0000003b5cc00000,0x0000003b5cd00000)]
  0x000001f0c4069680 JavaThread "Unconstrained build operations Thread 34" [_thread_blocked, id=1688, stack(0x0000003b5cd00000,0x0000003b5ce00000)]
  0x000001f0c4069b50 JavaThread "Unconstrained build operations Thread 35" [_thread_blocked, id=9032, stack(0x0000003b5ce00000,0x0000003b5cf00000)]
  0x000001f0c406f1f0 JavaThread "Unconstrained build operations Thread 36" [_thread_blocked, id=2152, stack(0x0000003b5cf00000,0x0000003b5d000000)]
  0x000001f0c406e850 JavaThread "Unconstrained build operations Thread 37" [_thread_blocked, id=7396, stack(0x0000003b5d000000,0x0000003b5d100000)]
  0x000001f0c406c6a0 JavaThread "Unconstrained build operations Thread 38" [_thread_blocked, id=4748, stack(0x0000003b5d100000,0x0000003b5d200000)]
  0x000001f0c406e380 JavaThread "Unconstrained build operations Thread 39" [_thread_blocked, id=11924, stack(0x0000003b5d200000,0x0000003b5d300000)]
  0x000001f0c406f6c0 JavaThread "Unconstrained build operations Thread 40" [_thread_blocked, id=2900, stack(0x0000003b5d300000,0x0000003b5d400000)]
  0x000001f0c406c1d0 JavaThread "build event listener" [_thread_blocked, id=1272, stack(0x0000003b5d400000,0x0000003b5d500000)]
  0x000001f0c6245bd0 JavaThread "Memory manager" [_thread_blocked, id=3208, stack(0x0000003b5d500000,0x0000003b5d600000)]
  0x000001f0c3fce460 JavaThread "C2 CompilerThread1" daemon [_thread_blocked, id=11532, stack(0x0000003b59c00000,0x0000003b59d00000)]
  0x000001f0c62490c0 JavaThread "included builds" [_thread_blocked, id=9180, stack(0x0000003b5d600000,0x0000003b5d700000)]
  0x000001f0c624b270 JavaThread "Execution worker" [_thread_blocked, id=11700, stack(0x0000003b5d700000,0x0000003b5d800000)]
  0x000001f0c6249a60 JavaThread "Execution worker Thread 2" [_thread_blocked, id=7616, stack(0x0000003b5d800000,0x0000003b5d900000)]
  0x000001f0c624bc10 JavaThread "Execution worker Thread 3" [_thread_blocked, id=9460, stack(0x0000003b5d900000,0x0000003b5da00000)]
  0x000001f0c6248250 JavaThread "Cache worker for execution history cache (C:\Users\Bia e Leo\Downloads\Legato\.gradle\8.0\executionHistory)" [_thread_blocked, id=11208, stack(0x0000003b5da00000,0x0000003b5db00000)]
  0x000001f0c6246570 JavaThread "WorkerExecutor Queue" [_thread_blocked, id=7832, stack(0x0000003b5db00000,0x0000003b5dc00000)]
  0x000001f0c6248bf0 JavaThread "WorkerExecutor Queue Thread 2" [_thread_blocked, id=8248, stack(0x0000003b5dc00000,0x0000003b5dd00000)]
  0x000001f0c6249f30 JavaThread "WorkerExecutor Queue Thread 4" [_thread_blocked, id=3172, stack(0x0000003b5de00000,0x0000003b5df00000)]
  0x000001f0c624cf50 JavaThread "WorkerExecutor Queue Thread 5" [_thread_blocked, id=6224, stack(0x0000003b5df00000,0x0000003b5e000000)]
  0x000001f0c6188660 JavaThread "WorkerExecutor Queue Thread 6" [_thread_blocked, id=2164, stack(0x0000003b5dd00000,0x0000003b5de00000)]

Other Threads:
=>0x000001f0be8ee270 VMThread "VM Thread" [stack: 0x0000003b57f00000,0x0000003b58000000] [id=11756]
  0x000001f0bf5c9d20 WatcherThread [stack: 0x0000003b58b00000,0x0000003b58c00000] [id=11244]
  0x000001f0a53792a0 GCTaskThread "GC Thread#0" [stack: 0x0000003b57a00000,0x0000003b57b00000] [id=5580]
  0x000001f0bf820840 GCTaskThread "GC Thread#1" [stack: 0x0000003b58d00000,0x0000003b58e00000] [id=9276]
  0x000001f0bf8c1760 GCTaskThread "GC Thread#2" [stack: 0x0000003b58e00000,0x0000003b58f00000] [id=10064]
  0x000001f0c0316bf0 GCTaskThread "GC Thread#3" [stack: 0x0000003b58f00000,0x0000003b59000000] [id=3404]
  0x000001f0a538a890 ConcurrentGCThread "G1 Main Marker" [stack: 0x0000003b57b00000,0x0000003b57c00000] [id=572]
  0x000001f0a538b1b0 ConcurrentGCThread "G1 Conc#0" [stack: 0x0000003b57c00000,0x0000003b57d00000] [id=11416]
  0x000001f0a53ee190 ConcurrentGCThread "G1 Refine#0" [stack: 0x0000003b57d00000,0x0000003b57e00000] [id=12176]
  0x000001f0c1e74cf0 ConcurrentGCThread "G1 Refine#1" [stack: 0x0000003b5a700000,0x0000003b5a800000] [id=9100]
  0x000001f0a53eeac0 ConcurrentGCThread "G1 Service" [stack: 0x0000003b57e00000,0x0000003b57f00000] [id=10908]

Threads with active compile tasks:
C2 CompilerThread0    26263 13895 %     4       com.android.tools.r8.dex.B::l @ 63 (1921 bytes)

VM state: at safepoint (normal execution)

VM Mutex/Monitor currently owned by a thread:  ([mutex/lock_event])
[0x000001f0a53156a0] Threads_lock - owner thread: 0x000001f0be8ee270
[0x000001f0a5316300] Heap_lock - owner thread: 0x000001f0c6246570

Heap address: 0x0000000080000000, size: 2048 MB, Compressed Oops mode: 32-bit

CDS archive(s) not mapped
Compressed class space mapped at: 0x0000000100000000-0x0000000140000000, reserved size: 1073741824
Narrow klass base: 0x0000000000000000, Narrow klass shift: 3, Narrow klass range: 0x140000000

GC Precious Log:
 CPUs: 4 total, 4 available
 Memory: 8038M
 Large Page Support: Disabled
 NUMA Support: Disabled
 Compressed Oops: Enabled (32-bit)
 Heap Region Size: 1M
 Heap Min Capacity: 8M
 Heap Initial Capacity: 126M
 Heap Max Capacity: 2G
 Pre-touch: Disabled
 Parallel Workers: 4
 Concurrent Workers: 1
 Concurrent Refinement Workers: 4
 Periodic GC: Disabled

Heap:
 garbage-first heap   total 184320K, used 106170K [0x0000000080000000, 0x0000000100000000)
  region size 1024K, 4 young (4096K), 4 survivors (4096K)
 Metaspace       used 103944K, committed 104704K, reserved 1146880K
  class space    used 14346K, committed 14720K, reserved 1048576K

Heap Regions: E=young(eden), S=young(survivor), O=old, HS=humongous(starts), HC=humongous(continues), CS=collection set, F=free, OA=open archive, CA=closed archive, TAMS=top-at-mark-start (previous, next)
|   0|0x0000000080000000, 0x0000000080100000, 0x0000000080100000|100%| O|  |TAMS 0x0000000080100000, 0x0000000080000000| Untracked 
|   1|0x0000000080100000, 0x0000000080200000, 0x0000000080200000|100%| O|  |TAMS 0x0000000080200000, 0x0000000080100000| Untracked 
|   2|0x0000000080200000, 0x0000000080300000, 0x0000000080300000|100%|HS|  |TAMS 0x0000000080300000, 0x0000000080200000| Complete 
|   3|0x0000000080300000, 0x0000000080400000, 0x0000000080400000|100%|HC|  |TAMS 0x0000000080400000, 0x0000000080300000| Complete 
|   4|0x0000000080400000, 0x0000000080500000, 0x0000000080500000|100%|HC|  |TAMS 0x0000000080500000, 0x0000000080400000| Complete 
|   5|0x0000000080500000, 0x0000000080600000, 0x0000000080600000|100%|HC|  |TAMS 0x0000000080600000, 0x0000000080500000| Complete 
|   6|0x0000000080600000, 0x0000000080700000, 0x0000000080700000|100%| O|  |TAMS 0x0000000080700000, 0x0000000080600000| Untracked 
|   7|0x0000000080700000, 0x0000000080800000, 0x0000000080800000|100%| O|  |TAMS 0x0000000080800000, 0x0000000080700000| Untracked 
|   8|0x0000000080800000, 0x0000000080900000, 0x0000000080900000|100%| O|  |TAMS 0x0000000080900000, 0x0000000080800000| Untracked 
|   9|0x0000000080900000, 0x0000000080a00000, 0x0000000080a00000|100%| O|  |TAMS 0x0000000080a00000, 0x0000000080900000| Untracked 
|  10|0x0000000080a00000, 0x0000000080b00000, 0x0000000080b00000|100%| O|  |TAMS 0x0000000080b00000, 0x0000000080a00000| Untracked 
|  11|0x0000000080b00000, 0x0000000080b00000, 0x0000000080c00000|  0%| F|  |TAMS 0x0000000080b00000, 0x0000000080b00000| Untracked 
|  12|0x0000000080c00000, 0x0000000080d00000, 0x0000000080d00000|100%| O|  |TAMS 0x0000000080d00000, 0x0000000080c00000| Untracked 
|  13|0x0000000080d00000, 0x0000000080e00000, 0x0000000080e00000|100%| O|  |TAMS 0x0000000080e00000, 0x0000000080d00000| Untracked 
|  14|0x0000000080e00000, 0x0000000080f00000, 0x0000000080f00000|100%| O|  |TAMS 0x0000000080f00000, 0x0000000080e00000| Untracked 
|  15|0x0000000080f00000, 0x0000000081000000, 0x0000000081000000|100%| O|  |TAMS 0x0000000081000000, 0x0000000080f00000| Untracked 
|  16|0x0000000081000000, 0x0000000081100000, 0x0000000081100000|100%| O|  |TAMS 0x0000000081100000, 0x0000000081000000| Untracked 
|  17|0x0000000081100000, 0x0000000081200000, 0x0000000081200000|100%| O|  |TAMS 0x0000000081200000, 0x0000000081100000| Untracked 
|  18|0x0000000081200000, 0x0000000081300000, 0x0000000081300000|100%| O|  |TAMS 0x0000000081300000, 0x0000000081200000| Untracked 
|  19|0x0000000081300000, 0x0000000081400000, 0x0000000081400000|100%| O|  |TAMS 0x0000000081400000, 0x0000000081300000| Untracked 
|  20|0x0000000081400000, 0x0000000081500000, 0x0000000081500000|100%| O|  |TAMS 0x0000000081500000, 0x0000000081400000| Untracked 
|  21|0x0000000081500000, 0x0000000081600000, 0x0000000081600000|100%| O|  |TAMS 0x0000000081600000, 0x0000000081500000| Untracked 
|  22|0x0000000081600000, 0x0000000081700000, 0x0000000081700000|100%| O|  |TAMS 0x0000000081700000, 0x0000000081600000| Untracked 
|  23|0x0000000081700000, 0x0000000081800000, 0x0000000081800000|100%| O|  |TAMS 0x0000000081800000, 0x0000000081700000| Untracked 
|  24|0x0000000081800000, 0x0000000081900000, 0x0000000081900000|100%| O|  |TAMS 0x0000000081900000, 0x0000000081800000| Untracked 
|  25|0x0000000081900000, 0x0000000081a00000, 0x0000000081a00000|100%| O|  |TAMS 0x0000000081a00000, 0x0000000081900000| Untracked 
|  26|0x0000000081a00000, 0x0000000081b00000, 0x0000000081b00000|100%| O|  |TAMS 0x0000000081b00000, 0x0000000081a00000| Untracked 
|  27|0x0000000081b00000, 0x0000000081c00000, 0x0000000081c00000|100%| O|  |TAMS 0x0000000081c00000, 0x0000000081b00000| Untracked 
|  28|0x0000000081c00000, 0x0000000081d00000, 0x0000000081d00000|100%| O|  |TAMS 0x0000000081d00000, 0x0000000081c00000| Untracked 
|  29|0x0000000081d00000, 0x0000000081e00000, 0x0000000081e00000|100%| O|  |TAMS 0x0000000081e00000, 0x0000000081d00000| Untracked 
|  30|0x0000000081e00000, 0x0000000081f00000, 0x0000000081f00000|100%| O|  |TAMS 0x0000000081f00000, 0x0000000081e00000| Untracked 
|  31|0x0000000081f00000, 0x0000000082000000, 0x0000000082000000|100%| O|  |TAMS 0x0000000082000000, 0x0000000081f00000| Untracked 
|  32|0x0000000082000000, 0x0000000082100000, 0x0000000082100000|100%| O|  |TAMS 0x0000000082100000, 0x0000000082000000| Untracked 
|  33|0x0000000082100000, 0x0000000082200000, 0x0000000082200000|100%| O|  |TAMS 0x0000000082200000, 0x0000000082100000| Untracked 
|  34|0x0000000082200000, 0x0000000082300000, 0x0000000082300000|100%| O|  |TAMS 0x0000000082300000, 0x0000000082200000| Untracked 
|  35|0x0000000082300000, 0x0000000082400000, 0x0000000082400000|100%|HS|  |TAMS 0x0000000082400000, 0x0000000082300000| Complete 
|  36|0x0000000082400000, 0x0000000082500000, 0x0000000082500000|100%|HS|  |TAMS 0x0000000082500000, 0x0000000082400000| Complete 
|  37|0x0000000082500000, 0x0000000082600000, 0x0000000082600000|100%|HS|  |TAMS 0x0000000082600000, 0x0000000082500000| Complete 
|  38|0x0000000082600000, 0x0000000082700000, 0x0000000082700000|100%| O|  |TAMS 0x0000000082700000, 0x0000000082600000| Untracked 
|  39|0x0000000082700000, 0x0000000082800000, 0x0000000082800000|100%| O|  |TAMS 0x0000000082800000, 0x0000000082700000| Untracked 
|  40|0x0000000082800000, 0x0000000082900000, 0x0000000082900000|100%| O|  |TAMS 0x0000000082900000, 0x0000000082800000| Untracked 
|  41|0x0000000082900000, 0x0000000082a00000, 0x0000000082a00000|100%| O|  |TAMS 0x0000000082a00000, 0x0000000082900000| Untracked 
|  42|0x0000000082a00000, 0x0000000082b00000, 0x0000000082b00000|100%| O|  |TAMS 0x0000000082b00000, 0x0000000082a00000| Untracked 
|  43|0x0000000082b00000, 0x0000000082c00000, 0x0000000082c00000|100%| O|  |TAMS 0x0000000082c00000, 0x0000000082b00000| Untracked 
|  44|0x0000000082c00000, 0x0000000082d00000, 0x0000000082d00000|100%| O|  |TAMS 0x0000000082d00000, 0x0000000082c00000| Untracked 
|  45|0x0000000082d00000, 0x0000000082e00000, 0x0000000082e00000|100%| O|  |TAMS 0x0000000082e00000, 0x0000000082d00000| Untracked 
|  46|0x0000000082e00000, 0x0000000082f00000, 0x0000000082f00000|100%| O|  |TAMS 0x0000000082f00000, 0x0000000082e00000| Untracked 
|  47|0x0000000082f00000, 0x0000000083000000, 0x0000000083000000|100%| O|  |TAMS 0x0000000083000000, 0x0000000082f00000| Untracked 
|  48|0x0000000083000000, 0x0000000083100000, 0x0000000083100000|100%| O|  |TAMS 0x0000000083100000, 0x0000000083000000| Untracked 
|  49|0x0000000083100000, 0x0000000083200000, 0x0000000083200000|100%| O|  |TAMS 0x0000000083200000, 0x0000000083100000| Untracked 
|  50|0x0000000083200000, 0x0000000083300000, 0x0000000083300000|100%| O|  |TAMS 0x0000000083300000, 0x0000000083200000| Untracked 
|  51|0x0000000083300000, 0x0000000083400000, 0x0000000083400000|100%| O|  |TAMS 0x0000000083400000, 0x0000000083300000| Untracked 
|  52|0x0000000083400000, 0x0000000083500000, 0x0000000083500000|100%| O|  |TAMS 0x0000000083500000, 0x0000000083400000| Untracked 
|  53|0x0000000083500000, 0x0000000083600000, 0x0000000083600000|100%| O|  |TAMS 0x0000000083600000, 0x0000000083500000| Untracked 
|  54|0x0000000083600000, 0x0000000083700000, 0x0000000083700000|100%| O|  |TAMS 0x0000000083700000, 0x0000000083600000| Untracked 
|  55|0x0000000083700000, 0x0000000083800000, 0x0000000083800000|100%| O|  |TAMS 0x0000000083800000, 0x0000000083700000| Untracked 
|  56|0x0000000083800000, 0x0000000083900000, 0x0000000083900000|100%| O|  |TAMS 0x0000000083900000, 0x0000000083800000| Untracked 
|  57|0x0000000083900000, 0x0000000083a00000, 0x0000000083a00000|100%| O|  |TAMS 0x0000000083a00000, 0x0000000083900000| Untracked 
|  58|0x0000000083a00000, 0x0000000083b00000, 0x0000000083b00000|100%| O|  |TAMS 0x0000000083b00000, 0x0000000083a00000| Untracked 
|  59|0x0000000083b00000, 0x0000000083c00000, 0x0000000083c00000|100%| O|  |TAMS 0x0000000083c00000, 0x0000000083b00000| Untracked 
|  60|0x0000000083c00000, 0x0000000083d00000, 0x0000000083d00000|100%| O|  |TAMS 0x0000000083d00000, 0x0000000083c00000| Untracked 
|  61|0x0000000083d00000, 0x0000000083e00000, 0x0000000083e00000|100%| O|  |TAMS 0x0000000083e00000, 0x0000000083d00000| Untracked 
|  62|0x0000000083e00000, 0x0000000083f00000, 0x0000000083f00000|100%| O|  |TAMS 0x0000000083f00000, 0x0000000083e00000| Untracked 
|  63|0x0000000083f00000, 0x0000000084000000, 0x0000000084000000|100%| O|  |TAMS 0x0000000084000000, 0x0000000083f00000| Untracked 
|  64|0x0000000084000000, 0x0000000084100000, 0x0000000084100000|100%| O|  |TAMS 0x0000000084100000, 0x0000000084000000| Untracked 
|  65|0x0000000084100000, 0x0000000084200000, 0x0000000084200000|100%| O|  |TAMS 0x0000000084200000, 0x0000000084100000| Untracked 
|  66|0x0000000084200000, 0x0000000084300000, 0x0000000084300000|100%| O|  |TAMS 0x0000000084300000, 0x0000000084200000| Untracked 
|  67|0x0000000084300000, 0x0000000084400000, 0x0000000084400000|100%| O|  |TAMS 0x0000000084400000, 0x0000000084300000| Untracked 
|  68|0x0000000084400000, 0x0000000084500000, 0x0000000084500000|100%| O|  |TAMS 0x0000000084500000, 0x0000000084400000| Untracked 
|  69|0x0000000084500000, 0x0000000084600000, 0x0000000084600000|100%| O|  |TAMS 0x0000000084600000, 0x0000000084500000| Untracked 
|  70|0x0000000084600000, 0x0000000084700000, 0x0000000084700000|100%| O|  |TAMS 0x0000000084700000, 0x0000000084600000| Untracked 
|  71|0x0000000084700000, 0x0000000084800000, 0x0000000084800000|100%| O|  |TAMS 0x0000000084800000, 0x0000000084700000| Untracked 
|  72|0x0000000084800000, 0x0000000084900000, 0x0000000084900000|100%| O|  |TAMS 0x0000000084900000, 0x0000000084800000| Untracked 
|  73|0x0000000084900000, 0x0000000084a00000, 0x0000000084a00000|100%| O|  |TAMS 0x0000000084a00000, 0x0000000084900000| Untracked 
|  74|0x0000000084a00000, 0x0000000084b00000, 0x0000000084b00000|100%| O|  |TAMS 0x0000000084b00000, 0x0000000084a00000| Untracked 
|  75|0x0000000084b00000, 0x0000000084c00000, 0x0000000084c00000|100%| O|  |TAMS 0x0000000084c00000, 0x0000000084b00000| Untracked 
|  76|0x0000000084c00000, 0x0000000084d00000, 0x0000000084d00000|100%| O|  |TAMS 0x0000000084d00000, 0x0000000084c00000| Untracked 
|  77|0x0000000084d00000, 0x0000000084e00000, 0x0000000084e00000|100%| O|  |TAMS 0x0000000084e00000, 0x0000000084d00000| Untracked 
|  78|0x0000000084e00000, 0x0000000084f00000, 0x0000000084f00000|100%| O|  |TAMS 0x0000000084e00000, 0x0000000084e00000| Untracked 
|  79|0x0000000084f00000, 0x0000000085000000, 0x0000000085000000|100%| O|  |TAMS 0x0000000085000000, 0x0000000084f00000| Untracked 
|  80|0x0000000085000000, 0x0000000085100000, 0x0000000085100000|100%| O|  |TAMS 0x0000000085100000, 0x0000000085000000| Untracked 
|  81|0x0000000085100000, 0x0000000085200000, 0x0000000085200000|100%| O|  |TAMS 0x0000000085200000, 0x0000000085100000| Untracked 
|  82|0x0000000085200000, 0x0000000085300000, 0x0000000085300000|100%| O|  |TAMS 0x0000000085300000, 0x0000000085200000| Untracked 
|  83|0x0000000085300000, 0x0000000085400000, 0x0000000085400000|100%| O|  |TAMS 0x0000000085400000, 0x0000000085300000| Untracked 
|  84|0x0000000085400000, 0x0000000085500000, 0x0000000085500000|100%| O|  |TAMS 0x0000000085500000, 0x0000000085400000| Untracked 
|  85|0x0000000085500000, 0x0000000085600000, 0x0000000085600000|100%| O|  |TAMS 0x0000000085600000, 0x0000000085500000| Untracked 
|  86|0x0000000085600000, 0x0000000085700000, 0x0000000085700000|100%| O|  |TAMS 0x0000000085700000, 0x0000000085600000| Untracked 
|  87|0x0000000085700000, 0x0000000085800000, 0x0000000085800000|100%| O|  |TAMS 0x0000000085800000, 0x0000000085700000| Untracked 
|  88|0x0000000085800000, 0x0000000085900000, 0x0000000085900000|100%| O|  |TAMS 0x0000000085900000, 0x0000000085800000| Untracked 
|  89|0x0000000085900000, 0x0000000085a00000, 0x0000000085a00000|100%| O|  |TAMS 0x0000000085a00000, 0x0000000085900000| Untracked 
|  90|0x0000000085a00000, 0x0000000085b00000, 0x0000000085b00000|100%| O|  |TAMS 0x0000000085b00000, 0x0000000085a00000| Untracked 
|  91|0x0000000085b00000, 0x0000000085c00000, 0x0000000085c00000|100%| O|  |TAMS 0x0000000085c00000, 0x0000000085b00000| Untracked 
|  92|0x0000000085c00000, 0x0000000085d00000, 0x0000000085d00000|100%| O|  |TAMS 0x0000000085d00000, 0x0000000085c00000| Untracked 
|  93|0x0000000085d00000, 0x0000000085e00000, 0x0000000085e00000|100%| O|  |TAMS 0x0000000085e00000, 0x0000000085d00000| Untracked 
|  94|0x0000000085e00000, 0x0000000085f00000, 0x0000000085f00000|100%| O|  |TAMS 0x0000000085ec5e00, 0x0000000085e00000| Untracked 
|  95|0x0000000085f00000, 0x0000000086000000, 0x0000000086000000|100%| O|  |TAMS 0x0000000085f00000, 0x0000000085f00000| Untracked 
|  96|0x0000000086000000, 0x0000000086100000, 0x0000000086100000|100%| O|  |TAMS 0x0000000086000000, 0x0000000086000000| Untracked 
|  97|0x0000000086100000, 0x0000000086200000, 0x0000000086200000|100%| O|  |TAMS 0x0000000086100000, 0x0000000086100000| Untracked 
|  98|0x0000000086200000, 0x00000000862e0a00, 0x0000000086300000| 87%| O|  |TAMS 0x0000000086200000, 0x0000000086200000| Untracked 
|  99|0x0000000086300000, 0x0000000086300000, 0x0000000086400000|  0%| F|  |TAMS 0x0000000086300000, 0x0000000086300000| Untracked 
| 100|0x0000000086400000, 0x0000000086400000, 0x0000000086500000|  0%| F|  |TAMS 0x0000000086400000, 0x0000000086400000| Untracked 
| 101|0x0000000086500000, 0x0000000086500000, 0x0000000086600000|  0%| F|  |TAMS 0x0000000086500000, 0x0000000086500000| Untracked 
| 102|0x0000000086600000, 0x0000000086700000, 0x0000000086700000|100%|HS|  |TAMS 0x0000000086600000, 0x0000000086600000| Complete 
| 103|0x0000000086700000, 0x0000000086700000, 0x0000000086800000|  0%| F|  |TAMS 0x0000000086700000, 0x0000000086700000| Untracked 
| 104|0x0000000086800000, 0x0000000086900000, 0x0000000086900000|100%|HS|  |TAMS 0x0000000086800000, 0x0000000086800000| Complete 
| 105|0x0000000086900000, 0x0000000086900000, 0x0000000086a00000|  0%| F|  |TAMS 0x0000000086900000, 0x0000000086900000| Untracked 
| 106|0x0000000086a00000, 0x0000000086a00000, 0x0000000086b00000|  0%| F|  |TAMS 0x0000000086a00000, 0x0000000086a00000| Untracked 
| 107|0x0000000086b00000, 0x0000000086b00000, 0x0000000086c00000|  0%| F|  |TAMS 0x0000000086b00000, 0x0000000086b00000| Untracked 
| 108|0x0000000086c00000, 0x0000000086c00000, 0x0000000086d00000|  0%| F|  |TAMS 0x0000000086c00000, 0x0000000086c00000| Untracked 
| 109|0x0000000086d00000, 0x0000000086d00000, 0x0000000086e00000|  0%| F|  |TAMS 0x0000000086d00000, 0x0000000086d00000| Untracked 
| 110|0x0000000086e00000, 0x0000000086e00000, 0x0000000086f00000|  0%| F|  |TAMS 0x0000000086e00000, 0x0000000086e00000| Untracked 
| 111|0x0000000086f00000, 0x0000000086f00000, 0x0000000087000000|  0%| F|  |TAMS 0x0000000086f00000, 0x0000000086f00000| Untracked 
| 112|0x0000000087000000, 0x0000000087000000, 0x0000000087100000|  0%| F|  |TAMS 0x0000000087000000, 0x0000000087000000| Untracked 
| 113|0x0000000087100000, 0x0000000087100000, 0x0000000087200000|  0%| F|  |TAMS 0x0000000087100000, 0x0000000087100000| Untracked 
| 114|0x0000000087200000, 0x0000000087200000, 0x0000000087300000|  0%| F|  |TAMS 0x0000000087200000, 0x0000000087200000| Untracked 
| 115|0x0000000087300000, 0x0000000087300000, 0x0000000087400000|  0%| F|  |TAMS 0x0000000087300000, 0x0000000087300000| Untracked 
| 116|0x0000000087400000, 0x0000000087400000, 0x0000000087500000|  0%| F|  |TAMS 0x0000000087400000, 0x0000000087400000| Untracked 
| 117|0x0000000087500000, 0x0000000087500000, 0x0000000087600000|  0%| F|  |TAMS 0x0000000087500000, 0x0000000087500000| Untracked 
| 118|0x0000000087600000, 0x0000000087600000, 0x0000000087700000|  0%| F|  |TAMS 0x0000000087600000, 0x0000000087600000| Untracked 
| 119|0x0000000087700000, 0x0000000087700000, 0x0000000087800000|  0%| F|  |TAMS 0x0000000087700000, 0x0000000087700000| Untracked 
| 120|0x0000000087800000, 0x0000000087800000, 0x0000000087900000|  0%| F|  |TAMS 0x0000000087800000, 0x0000000087800000| Untracked 
| 121|0x0000000087900000, 0x0000000087900000, 0x0000000087a00000|  0%| F|  |TAMS 0x0000000087900000, 0x0000000087900000| Untracked 
| 122|0x0000000087a00000, 0x0000000087a00000, 0x0000000087b00000|  0%| F|  |TAMS 0x0000000087a00000, 0x0000000087a00000| Untracked 
| 123|0x0000000087b00000, 0x0000000087b00000, 0x0000000087c00000|  0%| F|  |TAMS 0x0000000087b00000, 0x0000000087b00000| Untracked 
| 124|0x0000000087c00000, 0x0000000087c00000, 0x0000000087d00000|  0%| F|  |TAMS 0x0000000087c00000, 0x0000000087c00000| Untracked 
| 125|0x0000000087d00000, 0x0000000087d00000, 0x0000000087e00000|  0%| F|  |TAMS 0x0000000087d00000, 0x0000000087d00000| Untracked 
| 126|0x0000000087e00000, 0x0000000087e00000, 0x0000000087f00000|  0%| F|  |TAMS 0x0000000087e00000, 0x0000000087e00000| Untracked 
| 127|0x0000000087f00000, 0x0000000087f00000, 0x0000000088000000|  0%| F|  |TAMS 0x0000000087f00000, 0x0000000087f00000| Untracked 
| 128|0x0000000088000000, 0x00000000880ce0b8, 0x0000000088100000| 80%| S|CS|TAMS 0x0000000088000000, 0x0000000088000000| Complete 
| 129|0x0000000088100000, 0x0000000088200000, 0x0000000088200000|100%| S|CS|TAMS 0x0000000088100000, 0x0000000088100000| Complete 
| 130|0x0000000088200000, 0x0000000088300000, 0x0000000088300000|100%| S|CS|TAMS 0x0000000088200000, 0x0000000088200000| Complete 
| 131|0x0000000088300000, 0x0000000088400000, 0x0000000088400000|100%| S|CS|TAMS 0x0000000088300000, 0x0000000088300000| Complete 
| 132|0x0000000088400000, 0x0000000088400000, 0x0000000088500000|  0%| F|  |TAMS 0x0000000088400000, 0x0000000088400000| Untracked 
| 133|0x0000000088500000, 0x0000000088500000, 0x0000000088600000|  0%| F|  |TAMS 0x0000000088500000, 0x0000000088500000| Untracked 
| 134|0x0000000088600000, 0x0000000088600000, 0x0000000088700000|  0%| F|  |TAMS 0x0000000088600000, 0x0000000088600000| Untracked 
| 135|0x0000000088700000, 0x0000000088700000, 0x0000000088800000|  0%| F|  |TAMS 0x0000000088700000, 0x0000000088700000| Untracked 
| 136|0x0000000088800000, 0x0000000088800000, 0x0000000088900000|  0%| F|  |TAMS 0x0000000088800000, 0x0000000088800000| Untracked 
| 137|0x0000000088900000, 0x0000000088900000, 0x0000000088a00000|  0%| F|  |TAMS 0x0000000088900000, 0x0000000088900000| Untracked 
| 138|0x0000000088a00000, 0x0000000088a00000, 0x0000000088b00000|  0%| F|  |TAMS 0x0000000088a00000, 0x0000000088a00000| Untracked 
| 139|0x0000000088b00000, 0x0000000088b00000, 0x0000000088c00000|  0%| F|  |TAMS 0x0000000088b00000, 0x0000000088b00000| Untracked 
| 140|0x0000000088c00000, 0x0000000088c00000, 0x0000000088d00000|  0%| F|  |TAMS 0x0000000088c00000, 0x0000000088c00000| Untracked 
| 141|0x0000000088d00000, 0x0000000088d00000, 0x0000000088e00000|  0%| F|  |TAMS 0x0000000088d00000, 0x0000000088d00000| Untracked 
| 142|0x0000000088e00000, 0x0000000088e00000, 0x0000000088f00000|  0%| F|  |TAMS 0x0000000088e00000, 0x0000000088e00000| Untracked 
| 143|0x0000000088f00000, 0x0000000088f00000, 0x0000000089000000|  0%| F|  |TAMS 0x0000000088f00000, 0x0000000088f00000| Untracked 
| 144|0x0000000089000000, 0x0000000089000000, 0x0000000089100000|  0%| F|  |TAMS 0x0000000089000000, 0x0000000089000000| Untracked 
| 145|0x0000000089100000, 0x0000000089100000, 0x0000000089200000|  0%| F|  |TAMS 0x0000000089100000, 0x0000000089100000| Untracked 
| 146|0x0000000089200000, 0x0000000089200000, 0x0000000089300000|  0%| F|  |TAMS 0x0000000089200000, 0x0000000089200000| Untracked 
| 147|0x0000000089300000, 0x0000000089300000, 0x0000000089400000|  0%| F|  |TAMS 0x0000000089300000, 0x0000000089300000| Untracked 
| 148|0x0000000089400000, 0x0000000089400000, 0x0000000089500000|  0%| F|  |TAMS 0x0000000089400000, 0x0000000089400000| Untracked 
| 149|0x0000000089500000, 0x0000000089500000, 0x0000000089600000|  0%| F|  |TAMS 0x0000000089500000, 0x0000000089500000| Untracked 
| 150|0x0000000089600000, 0x0000000089600000, 0x0000000089700000|  0%| F|  |TAMS 0x0000000089600000, 0x0000000089600000| Untracked 
| 151|0x0000000089700000, 0x0000000089700000, 0x0000000089800000|  0%| F|  |TAMS 0x0000000089700000, 0x0000000089700000| Untracked 
| 152|0x0000000089800000, 0x0000000089800000, 0x0000000089900000|  0%| F|  |TAMS 0x0000000089800000, 0x0000000089800000| Untracked 
| 153|0x0000000089900000, 0x0000000089900000, 0x0000000089a00000|  0%| F|  |TAMS 0x0000000089900000, 0x0000000089900000| Untracked 
| 154|0x0000000089a00000, 0x0000000089a00000, 0x0000000089b00000|  0%| F|  |TAMS 0x0000000089a00000, 0x0000000089a00000| Untracked 
| 155|0x0000000089b00000, 0x0000000089b00000, 0x0000000089c00000|  0%| F|  |TAMS 0x0000000089b00000, 0x0000000089b00000| Untracked 
| 156|0x0000000089c00000, 0x0000000089c00000, 0x0000000089d00000|  0%| F|  |TAMS 0x0000000089c00000, 0x0000000089c00000| Untracked 
| 157|0x0000000089d00000, 0x0000000089d00000, 0x0000000089e00000|  0%| F|  |TAMS 0x0000000089d00000, 0x0000000089d00000| Untracked 
| 158|0x0000000089e00000, 0x0000000089e00000, 0x0000000089f00000|  0%| F|  |TAMS 0x0000000089e00000, 0x0000000089e00000| Untracked 
| 159|0x0000000089f00000, 0x0000000089f00000, 0x000000008a000000|  0%| F|  |TAMS 0x0000000089f00000, 0x0000000089f00000| Untracked 
| 160|0x000000008a000000, 0x000000008a000000, 0x000000008a100000|  0%| F|  |TAMS 0x000000008a000000, 0x000000008a000000| Untracked 
| 161|0x000000008a100000, 0x000000008a100000, 0x000000008a200000|  0%| F|  |TAMS 0x000000008a100000, 0x000000008a100000| Untracked 
| 162|0x000000008a200000, 0x000000008a200000, 0x000000008a300000|  0%| F|  |TAMS 0x000000008a200000, 0x000000008a200000| Untracked 
| 163|0x000000008a300000, 0x000000008a300000, 0x000000008a400000|  0%| F|  |TAMS 0x000000008a300000, 0x000000008a300000| Untracked 
| 164|0x000000008a400000, 0x000000008a400000, 0x000000008a500000|  0%| F|  |TAMS 0x000000008a400000, 0x000000008a400000| Untracked 
| 165|0x000000008a500000, 0x000000008a500000, 0x000000008a600000|  0%| F|  |TAMS 0x000000008a500000, 0x000000008a500000| Untracked 
| 166|0x000000008a600000, 0x000000008a600000, 0x000000008a700000|  0%| F|  |TAMS 0x000000008a600000, 0x000000008a600000| Untracked 
| 167|0x000000008a700000, 0x000000008a700000, 0x000000008a800000|  0%| F|  |TAMS 0x000000008a700000, 0x000000008a700000| Untracked 
| 168|0x000000008a800000, 0x000000008a800000, 0x000000008a900000|  0%| F|  |TAMS 0x000000008a800000, 0x000000008a800000| Untracked 
| 169|0x000000008a900000, 0x000000008a900000, 0x000000008aa00000|  0%| F|  |TAMS 0x000000008a900000, 0x000000008a900000| Untracked 
| 170|0x000000008aa00000, 0x000000008aa00000, 0x000000008ab00000|  0%| F|  |TAMS 0x000000008aa00000, 0x000000008aa00000| Untracked 
| 171|0x000000008ab00000, 0x000000008ab00000, 0x000000008ac00000|  0%| F|  |TAMS 0x000000008ab00000, 0x000000008ab00000| Untracked 
| 172|0x000000008ac00000, 0x000000008ac00000, 0x000000008ad00000|  0%| F|  |TAMS 0x000000008ac00000, 0x000000008ac00000| Untracked 
| 173|0x000000008ad00000, 0x000000008ad00000, 0x000000008ae00000|  0%| F|  |TAMS 0x000000008ad00000, 0x000000008ad00000| Untracked 
| 174|0x000000008ae00000, 0x000000008ae00000, 0x000000008af00000|  0%| F|  |TAMS 0x000000008ae00000, 0x000000008ae00000| Untracked 
| 175|0x000000008af00000, 0x000000008af00000, 0x000000008b000000|  0%| F|  |TAMS 0x000000008af00000, 0x000000008af00000| Untracked 
| 176|0x000000008b000000, 0x000000008b000000, 0x000000008b100000|  0%| F|  |TAMS 0x000000008b000000, 0x000000008b000000| Untracked 
| 177|0x000000008b100000, 0x000000008b100000, 0x000000008b200000|  0%| F|  |TAMS 0x000000008b100000, 0x000000008b100000| Untracked 
| 178|0x000000008b200000, 0x000000008b200000, 0x000000008b300000|  0%| F|  |TAMS 0x000000008b200000, 0x000000008b200000| Untracked 
| 179|0x000000008b300000, 0x000000008b300000, 0x000000008b400000|  0%| F|  |TAMS 0x000000008b300000, 0x000000008b300000| Untracked 

Card table byte_map: [0x000001f0b7bf0000,0x000001f0b7ff0000] _byte_map_base: 0x000001f0b77f0000

Marking Bits (Prev, Next): (CMBitMap*) 0x000001f0a53797c0, (CMBitMap*) 0x000001f0a5379800
 Prev Bits: [0x000001f0b83f0000, 0x000001f0ba3f0000)
 Next Bits: [0x000001f0ba3f0000, 0x000001f0bc3f0000)

Polling page: 0x000001f0a4af0000

Metaspace:

Usage:
  Non-class:     87.50 MB used.
      Class:     14.01 MB used.
       Both:    101.51 MB used.

Virtual space:
  Non-class space:       96.00 MB reserved,      87.88 MB ( 92%) committed,  12 nodes.
      Class space:        1.00 GB reserved,      14.38 MB (  1%) committed,  1 nodes.
             Both:        1.09 GB reserved,     102.25 MB (  9%) committed. 

Chunk freelists:
   Non-Class:  3.42 MB
       Class:  1.67 MB
        Both:  5.09 MB

MaxMetaspaceSize: unlimited
CompressedClassSpaceSize: 1.00 GB
Initial GC threshold: 21.00 MB
Current GC threshold: 163.25 MB
CDS: off
MetaspaceReclaimPolicy: balanced
 - commit_granule_bytes: 65536.
 - commit_granule_words: 8192.
 - virtual_space_node_default_size: 1048576.
 - enlarge_chunks_in_place: 1.
 - new_chunks_are_fully_committed: 0.
 - uncommit_free_chunks: 1.
 - use_allocation_guard: 0.
 - handle_deallocations: 1.


Internal statistics:

num_allocs_failed_limit: 6.
num_arena_births: 1028.
num_arena_deaths: 8.
num_vsnodes_births: 13.
num_vsnodes_deaths: 0.
num_space_committed: 1635.
num_space_uncommitted: 0.
num_chunks_returned_to_freelist: 15.
num_chunks_taken_from_freelist: 4864.
num_chunk_merges: 8.
num_chunk_splits: 3247.
num_chunks_enlarged: 2231.
num_purges: 4.
num_inconsistent_stats: 0.

CodeHeap 'non-profiled nmethods': size=120000Kb used=6695Kb max_used=6749Kb free=113304Kb
 bounds [0x000001f0b02c0000, 0x000001f0b0970000, 0x000001f0b77f0000]
CodeHeap 'profiled nmethods': size=120000Kb used=23339Kb max_used=23339Kb free=96660Kb
 bounds [0x000001f0a87f0000, 0x000001f0a9ec0000, 0x000001f0afd20000]
CodeHeap 'non-nmethods': size=5760Kb used=2396Kb max_used=2485Kb free=3363Kb
 bounds [0x000001f0afd20000, 0x000001f0affa0000, 0x000001f0b02c0000]
 total_blobs=12597 nmethods=11665 adapters=845
 compilation: enabled
              stopped_count=0, restarted_count=0
 full_count=0

Compilation events (20 events):
Event: 26.192 Thread 0x000001f0be919ac0 nmethod 13898 0x000001f0a9eaf810 code [0x000001f0a9eaff60, 0x000001f0a9eb4ac8]
Event: 26.192 Thread 0x000001f0be919ac0 13900       3       com.android.tools.r8.internal.JB::<init> (40 bytes)
Event: 26.192 Thread 0x000001f0be919ac0 nmethod 13900 0x000001f0a9eb5e10 code [0x000001f0a9eb5fc0, 0x000001f0a9eb6378]
Event: 26.192 Thread 0x000001f0be919ac0 13899       3       com.android.tools.r8.internal.KB::a (78 bytes)
Event: 26.192 Thread 0x000001f0c3fce460 nmethod 13902 0x000001f0b0864790 code [0x000001f0b0864900, 0x000001f0b0864978]
Event: 26.192 Thread 0x000001f0be919ac0 nmethod 13899 0x000001f0a9eb6510 code [0x000001f0a9eb66e0, 0x000001f0a9eb6ad8]
Event: 26.192 Thread 0x000001f0be919ac0 13901       3       com.android.tools.r8.internal.KB::a (125 bytes)
Event: 26.193 Thread 0x000001f0be919ac0 nmethod 13901 0x000001f0a9eb6c10 code [0x000001f0a9eb6e00, 0x000001f0a9eb73c8]
Event: 26.193 Thread 0x000001f0be919ac0 13906       3       com.android.tools.r8.internal.cJ::a (185 bytes)
Event: 26.194 Thread 0x000001f0be919ac0 nmethod 13906 0x000001f0a9eb7610 code [0x000001f0a9eb7880, 0x000001f0a9eb82a8]
Event: 26.194 Thread 0x000001f0be919ac0 13903       3       com.android.tools.r8.internal.IB::hasNext (20 bytes)
Event: 26.194 Thread 0x000001f0be919ac0 nmethod 13903 0x000001f0a9eb8690 code [0x000001f0a9eb8820, 0x000001f0a9eb8998]
Event: 26.194 Thread 0x000001f0be919ac0 13904       3       com.android.tools.r8.internal.EB::next (60 bytes)
Event: 26.194 Thread 0x000001f0be919ac0 nmethod 13904 0x000001f0a9eb8a90 code [0x000001f0a9eb8c60, 0x000001f0a9eb9058]
Event: 26.194 Thread 0x000001f0be919ac0 13905       3       com.android.tools.r8.internal.Vt::f (40 bytes)
Event: 26.194 Thread 0x000001f0be919ac0 nmethod 13905 0x000001f0a9eb9210 code [0x000001f0a9eb9440, 0x000001f0a9eb9f98]
Event: 26.194 Thread 0x000001f0be919ac0 13907       3       java.nio.Buffer::checkIndex (24 bytes)
Event: 26.195 Thread 0x000001f0be919ac0 nmethod 13907 0x000001f0a9eba190 code [0x000001f0a9eba340, 0x000001f0a9eba5a8]
Event: 26.195 Thread 0x000001f0be919ac0 13908       3       java.nio.HeapByteBuffer::getInt (30 bytes)
Event: 26.196 Thread 0x000001f0be919ac0 nmethod 13908 0x000001f0a9eba690 code [0x000001f0a9eba8e0, 0x000001f0a9ebb328]

GC Heap History (20 events):
Event: 16.642 GC heap after
{Heap after GC invocations=42 (full 0):
 garbage-first heap   total 168960K, used 66963K [0x0000000080000000, 0x0000000100000000)
  region size 1024K, 1 young (1024K), 1 survivors (1024K)
 Metaspace       used 81650K, committed 82240K, reserved 1122304K
  class space    used 11104K, committed 11392K, reserved 1048576K
}
Event: 17.823 GC heap before
{Heap before GC invocations=42 (full 0):
 garbage-first heap   total 168960K, used 131475K [0x0000000080000000, 0x0000000100000000)
  region size 1024K, 64 young (65536K), 1 survivors (1024K)
 Metaspace       used 84138K, committed 84736K, reserved 1122304K
  class space    used 11553K, committed 11840K, reserved 1048576K
}
Event: 17.833 GC heap after
{Heap after GC invocations=43 (full 0):
 garbage-first heap   total 168960K, used 75523K [0x0000000080000000, 0x0000000100000000)
  region size 1024K, 8 young (8192K), 8 survivors (8192K)
 Metaspace       used 84138K, committed 84736K, reserved 1122304K
  class space    used 11553K, committed 11840K, reserved 1048576K
}
Event: 19.142 GC heap before
{Heap before GC invocations=43 (full 0):
 garbage-first heap   total 168960K, used 130819K [0x0000000080000000, 0x0000000100000000)
  region size 1024K, 63 young (64512K), 8 survivors (8192K)
 Metaspace       used 84814K, committed 85440K, reserved 1122304K
  class space    used 11612K, committed 11904K, reserved 1048576K
}
Event: 19.158 GC heap after
{Heap after GC invocations=44 (full 0):
 garbage-first heap   total 168960K, used 80276K [0x0000000080000000, 0x0000000100000000)
  region size 1024K, 5 young (5120K), 5 survivors (5120K)
 Metaspace       used 84814K, committed 85440K, reserved 1122304K
  class space    used 11612K, committed 11904K, reserved 1048576K
}
Event: 20.393 GC heap before
{Heap before GC invocations=44 (full 0):
 garbage-first heap   total 168960K, used 133524K [0x0000000080000000, 0x0000000100000000)
  region size 1024K, 58 young (59392K), 5 survivors (5120K)
 Metaspace       used 85546K, committed 86144K, reserved 1130496K
  class space    used 11658K, committed 11968K, reserved 1048576K
}
Event: 20.405 GC heap after
{Heap after GC invocations=45 (full 0):
 garbage-first heap   total 168960K, used 84857K [0x0000000080000000, 0x0000000100000000)
  region size 1024K, 5 young (5120K), 5 survivors (5120K)
 Metaspace       used 85546K, committed 86144K, reserved 1130496K
  class space    used 11658K, committed 11968K, reserved 1048576K
}
Event: 21.606 GC heap before
{Heap before GC invocations=45 (full 0):
 garbage-first heap   total 168960K, used 124793K [0x0000000080000000, 0x0000000100000000)
  region size 1024K, 46 young (47104K), 5 survivors (5120K)
 Metaspace       used 85867K, committed 86528K, reserved 1130496K
  class space    used 11713K, committed 12032K, reserved 1048576K
}
Event: 21.619 GC heap after
{Heap after GC invocations=46 (full 0):
 garbage-first heap   total 168960K, used 87754K [0x0000000080000000, 0x0000000100000000)
  region size 1024K, 3 young (3072K), 3 survivors (3072K)
 Metaspace       used 85867K, committed 86528K, reserved 1130496K
  class space    used 11713K, committed 12032K, reserved 1048576K
}
Event: 22.892 GC heap before
{Heap before GC invocations=47 (full 0):
 garbage-first heap   total 168960K, used 142026K [0x0000000080000000, 0x0000000100000000)
  region size 1024K, 52 young (53248K), 3 survivors (3072K)
 Metaspace       used 92951K, committed 93568K, reserved 1130496K
  class space    used 12646K, committed 12928K, reserved 1048576K
}
Event: 22.906 GC heap after
{Heap after GC invocations=48 (full 0):
 garbage-first heap   total 168960K, used 96256K [0x0000000080000000, 0x0000000100000000)
  region size 1024K, 7 young (7168K), 7 survivors (7168K)
 Metaspace       used 92951K, committed 93568K, reserved 1130496K
  class space    used 12646K, committed 12928K, reserved 1048576K
}
Event: 22.915 GC heap before
{Heap before GC invocations=48 (full 0):
 garbage-first heap   total 168960K, used 97280K [0x0000000080000000, 0x0000000100000000)
  region size 1024K, 8 young (8192K), 7 survivors (7168K)
 Metaspace       used 92986K, committed 93568K, reserved 1130496K
  class space    used 12646K, committed 12928K, reserved 1048576K
}
Event: 22.925 GC heap after
{Heap after GC invocations=49 (full 0):
 garbage-first heap   total 168960K, used 97047K [0x0000000080000000, 0x0000000100000000)
  region size 1024K, 1 young (1024K), 1 survivors (1024K)
 Metaspace       used 92986K, committed 93568K, reserved 1130496K
  class space    used 12646K, committed 12928K, reserved 1048576K
}
Event: 23.731 GC heap before
{Heap before GC invocations=49 (full 0):
 garbage-first heap   total 168960K, used 134935K [0x0000000080000000, 0x0000000100000000)
  region size 1024K, 39 young (39936K), 1 survivors (1024K)
 Metaspace       used 99121K, committed 99712K, reserved 1138688K
  class space    used 13611K, committed 13888K, reserved 1048576K
}
Event: 23.738 GC heap after
{Heap after GC invocations=50 (full 0):
 garbage-first heap   total 168960K, used 99261K [0x0000000080000000, 0x0000000100000000)
  region size 1024K, 4 young (4096K), 4 survivors (4096K)
 Metaspace       used 99121K, committed 99712K, reserved 1138688K
  class space    used 13611K, committed 13888K, reserved 1048576K
}
Event: 24.909 GC heap before
{Heap before GC invocations=51 (full 0):
 garbage-first heap   total 184320K, used 136125K [0x0000000080000000, 0x0000000100000000)
  region size 1024K, 41 young (41984K), 4 survivors (4096K)
 Metaspace       used 102101K, committed 102784K, reserved 1138688K
  class space    used 14046K, committed 14336K, reserved 1048576K
}
Event: 24.918 GC heap after
{Heap after GC invocations=52 (full 0):
 garbage-first heap   total 184320K, used 101671K [0x0000000080000000, 0x0000000100000000)
  region size 1024K, 6 young (6144K), 6 survivors (6144K)
 Metaspace       used 102101K, committed 102784K, reserved 1138688K
  class space    used 14046K, committed 14336K, reserved 1048576K
}
Event: 25.023 GC heap before
{Heap before GC invocations=52 (full 0):
 garbage-first heap   total 184320K, used 103719K [0x0000000080000000, 0x0000000100000000)
  region size 1024K, 9 young (9216K), 6 survivors (6144K)
 Metaspace       used 102250K, committed 102912K, reserved 1138688K
  class space    used 14058K, committed 14336K, reserved 1048576K
}
Event: 25.034 GC heap after
{Heap after GC invocations=53 (full 0):
 garbage-first heap   total 184320K, used 102038K [0x0000000080000000, 0x0000000100000000)
  region size 1024K, 2 young (2048K), 2 survivors (2048K)
 Metaspace       used 102250K, committed 102912K, reserved 1138688K
  class space    used 14058K, committed 14336K, reserved 1048576K
}
Event: 26.201 GC heap before
{Heap before GC invocations=53 (full 0):
 garbage-first heap   total 184320K, used 155286K [0x0000000080000000, 0x0000000100000000)
  region size 1024K, 48 young (49152K), 2 survivors (2048K)
 Metaspace       used 103944K, committed 104704K, reserved 1146880K
  class space    used 14346K, committed 14720K, reserved 1048576K
}

Dll operation events (2 events):
Event: 0.029 Loaded shared library C:\Program Files\Android\Android Studio\jbr\bin\java.dll
Event: 0.828 Loaded shared library C:\Program Files\Android\Android Studio\jbr\bin\verify.dll

Deoptimization events (20 events):
Event: 25.840 Thread 0x000001f0c6249f30 Uncommon trap: trap_request=0xffffffde fr.pc=0x000001f0b03e801c relative=0x000000000000161c
Event: 25.840 Thread 0x000001f0c6249f30 Uncommon trap: reason=class_check action=maybe_recompile pc=0x000001f0b03e801c method=java.util.zip.InflaterInputStream.read([BII)I @ 100 c2
Event: 25.840 Thread 0x000001f0c6249f30 DEOPT PACKING pc=0x000001f0b03e801c sp=0x0000003b5defda50
Event: 25.840 Thread 0x000001f0c6249f30 DEOPT UNPACKING pc=0x000001f0afd7699d sp=0x0000003b5defdaa0 mode 2
Event: 25.840 Thread 0x000001f0c6249f30 Uncommon trap: trap_request=0xffffffde fr.pc=0x000001f0b03e801c relative=0x000000000000161c
Event: 25.840 Thread 0x000001f0c6249f30 Uncommon trap: reason=class_check action=maybe_recompile pc=0x000001f0b03e801c method=java.util.zip.InflaterInputStream.read([BII)I @ 100 c2
Event: 25.840 Thread 0x000001f0c6249f30 DEOPT PACKING pc=0x000001f0b03e801c sp=0x0000003b5defda50
Event: 25.840 Thread 0x000001f0c6249f30 DEOPT UNPACKING pc=0x000001f0afd7699d sp=0x0000003b5defdaa0 mode 2
Event: 25.840 Thread 0x000001f0c6249f30 Uncommon trap: trap_request=0xffffffde fr.pc=0x000001f0b03e801c relative=0x000000000000161c
Event: 25.840 Thread 0x000001f0c6249f30 Uncommon trap: reason=class_check action=maybe_recompile pc=0x000001f0b03e801c method=java.util.zip.InflaterInputStream.read([BII)I @ 100 c2
Event: 25.840 Thread 0x000001f0c6249f30 DEOPT PACKING pc=0x000001f0b03e801c sp=0x0000003b5defda50
Event: 25.840 Thread 0x000001f0c6249f30 DEOPT UNPACKING pc=0x000001f0afd7699d sp=0x0000003b5defdaa0 mode 2
Event: 26.124 Thread 0x000001f0c6246570 Uncommon trap: trap_request=0xffffff45 fr.pc=0x000001f0b0328268 relative=0x00000000000000e8
Event: 26.124 Thread 0x000001f0c6246570 Uncommon trap: reason=unstable_if action=reinterpret pc=0x000001f0b0328268 method=jdk.internal.misc.Unsafe.convEndian(ZS)S @ 4 c2
Event: 26.124 Thread 0x000001f0c6246570 DEOPT PACKING pc=0x000001f0b0328268 sp=0x0000003b5dbfd330
Event: 26.124 Thread 0x000001f0c6246570 DEOPT UNPACKING pc=0x000001f0afd7699d sp=0x0000003b5dbfd0c8 mode 2
Event: 26.124 Thread 0x000001f0c6246570 Uncommon trap: trap_request=0xffffff45 fr.pc=0x000001f0b036baf8 relative=0x0000000000000078
Event: 26.124 Thread 0x000001f0c6246570 Uncommon trap: reason=unstable_if action=reinterpret pc=0x000001f0b036baf8 method=jdk.internal.misc.Unsafe.convEndian(ZS)S @ 4 c2
Event: 26.124 Thread 0x000001f0c6246570 DEOPT PACKING pc=0x000001f0b036baf8 sp=0x0000003b5dbfd1a0
Event: 26.124 Thread 0x000001f0c6246570 DEOPT UNPACKING pc=0x000001f0afd7699d sp=0x0000003b5dbfd0d0 mode 2

Classes unloaded (4 events):
Event: 21.786 Thread 0x000001f0be8ee270 Unloading class 0x0000000100b94000 'java/lang/invoke/LambdaForm$DMH+0x0000000100b94000'
Event: 23.956 Thread 0x000001f0be8ee270 Unloading class 0x0000000100c9c400 'java/lang/invoke/LambdaForm$DMH+0x0000000100c9c400'
Event: 23.956 Thread 0x000001f0be8ee270 Unloading class 0x0000000100c64c00 'java/lang/invoke/LambdaForm$DMH+0x0000000100c64c00'
Event: 23.956 Thread 0x000001f0be8ee270 Unloading class 0x0000000100c64800 'java/lang/invoke/LambdaForm$DMH+0x0000000100c64800'

Classes redefined (0 events):
No events

Internal exceptions (20 events):
Event: 24.822 Thread 0x000001f0c6246570 Exception <a 'sun/nio/fs/WindowsException'{0x0000000089571a08}> (0x0000000089571a08) 
thrown [s\src\hotspot\share\prims\jni.cpp, line 517]
Event: 24.822 Thread 0x000001f0c6246570 Exception <a 'sun/nio/fs/WindowsException'{0x0000000089571d68}> (0x0000000089571d68) 
thrown [s\src\hotspot\share\prims\jni.cpp, line 517]
Event: 24.822 Thread 0x000001f0c6246570 Exception <a 'sun/nio/fs/WindowsException'{0x0000000089572f90}> (0x0000000089572f90) 
thrown [s\src\hotspot\share\prims\jni.cpp, line 517]
Event: 24.897 Thread 0x000001f0c6248bf0 Exception <a 'sun/nio/fs/WindowsException'{0x000000008958c198}> (0x000000008958c198) 
thrown [s\src\hotspot\share\prims\jni.cpp, line 517]
Event: 24.964 Thread 0x000001f0c6249f30 Exception <a 'java/lang/IncompatibleClassChangeError'{0x000000008b263a20}: Found class java.lang.Object, but interface was expected> (0x000000008b263a20) 
thrown [s\src\hotspot\share\interpreter\linkResolver.cpp, line 838]
Event: 25.013 Thread 0x000001f0c6248bf0 Exception <a 'sun/nio/fs/WindowsException'{0x000000008b193280}> (0x000000008b193280) 
thrown [s\src\hotspot\share\prims\jni.cpp, line 517]
Event: 25.021 Thread 0x000001f0c6246570 Exception <a 'sun/nio/fs/WindowsException'{0x000000008b1d7a20}> (0x000000008b1d7a20) 
thrown [s\src\hotspot\share\prims\jni.cpp, line 517]
Event: 25.088 Thread 0x000001f0c6248bf0 Exception <a 'sun/nio/fs/WindowsException'{0x000000008b3fd8d0}> (0x000000008b3fd8d0) 
thrown [s\src\hotspot\share\prims\jni.cpp, line 517]
Event: 25.121 Thread 0x000001f0c6248bf0 Exception <a 'sun/nio/fs/WindowsException'{0x000000008b2d4080}> (0x000000008b2d4080) 
thrown [s\src\hotspot\share\prims\jni.cpp, line 517]
Event: 25.136 Thread 0x000001f0c6248bf0 Exception <a 'sun/nio/fs/WindowsException'{0x000000008b2d9080}> (0x000000008b2d9080) 
thrown [s\src\hotspot\share\prims\jni.cpp, line 517]
Event: 25.752 Thread 0x000001f0c02deca0 Exception <a 'java/lang/NoSuchMethodError'{0x0000000089ac0248}: static [Ljava/lang/Object;.<clinit>()V> (0x0000000089ac0248) 
thrown [s\src\hotspot\share\prims\jni.cpp, line 1108]
Event: 25.797 Thread 0x000001f0c624bc10 Exception <a 'java/lang/NoSuchMethodError'{0x000000008999fe38}: static Lkotlin/InitializedLazyImpl;.<clinit>()V> (0x000000008999fe38) 
thrown [s\src\hotspot\share\prims\jni.cpp, line 1108]
Event: 25.827 Thread 0x000001f0c62490c0 Exception <a 'sun/nio/fs/WindowsException'{0x00000000898c3fa8}> (0x00000000898c3fa8) 
thrown [s\src\hotspot\share\prims\jni.cpp, line 517]
Event: 25.918 Thread 0x000001f0c6249f30 Exception <a 'sun/nio/fs/WindowsException'{0x00000000897294f8}> (0x00000000897294f8) 
thrown [s\src\hotspot\share\prims\jni.cpp, line 517]
Event: 25.920 Thread 0x000001f0c6249f30 Exception <a 'sun/nio/fs/WindowsException'{0x00000000897298a0}> (0x00000000897298a0) 
thrown [s\src\hotspot\share\prims\jni.cpp, line 517]
Event: 25.943 Thread 0x000001f0c6249f30 Exception <a 'sun/nio/fs/WindowsException'{0x00000000890d08e8}> (0x00000000890d08e8) 
thrown [s\src\hotspot\share\prims\jni.cpp, line 517]
Event: 25.943 Thread 0x000001f0c6249f30 Exception <a 'sun/nio/fs/WindowsException'{0x00000000890d0c98}> (0x00000000890d0c98) 
thrown [s\src\hotspot\share\prims\jni.cpp, line 517]
Event: 25.974 Thread 0x000001f0c624cf50 Exception <a 'sun/nio/fs/WindowsException'{0x0000000088f968c0}> (0x0000000088f968c0) 
thrown [s\src\hotspot\share\prims\jni.cpp, line 517]
Event: 26.020 Thread 0x000001f0c6246570 Exception <a 'sun/nio/fs/WindowsException'{0x0000000088ff53f8}> (0x0000000088ff53f8) 
thrown [s\src\hotspot\share\prims\jni.cpp, line 517]
Event: 26.059 Thread 0x000001f0c62490c0 Exception <a 'sun/nio/fs/WindowsException'{0x0000000088d52d08}> (0x0000000088d52d08) 
thrown [s\src\hotspot\share\prims\jni.cpp, line 517]

VM Operations (20 events):
Event: 24.814 Executing VM operation: HandshakeAllThreads done
Event: 24.833 Executing VM operation: ICBufferFull
Event: 24.834 Executing VM operation: ICBufferFull done
Event: 24.884 Executing VM operation: HandshakeAllThreads
Event: 24.901 Executing VM operation: HandshakeAllThreads done
Event: 24.909 Executing VM operation: G1CollectForAllocation
Event: 24.920 Executing VM operation: G1CollectForAllocation done
Event: 25.023 Executing VM operation: G1CollectForAllocation
Event: 25.035 Executing VM operation: G1CollectForAllocation done
Event: 25.404 Executing VM operation: ICBufferFull
Event: 25.404 Executing VM operation: ICBufferFull done
Event: 25.738 Executing VM operation: HandshakeAllThreads
Event: 25.739 Executing VM operation: HandshakeAllThreads done
Event: 25.740 Executing VM operation: HandshakeAllThreads
Event: 25.740 Executing VM operation: HandshakeAllThreads done
Event: 25.808 Executing VM operation: ICBufferFull
Event: 25.809 Executing VM operation: ICBufferFull done
Event: 26.122 Executing VM operation: HandshakeAllThreads
Event: 26.122 Executing VM operation: HandshakeAllThreads done
Event: 26.201 Executing VM operation: G1CollectForAllocation

Events (20 events):
Event: 24.811 loading class java/util/zip/Adler32 done
Event: 24.823 loading class java/nio/file/Path$1
Event: 24.823 loading class java/nio/file/Path$1 done
Event: 24.963 loading class java/nio/channels/Channels$1
Event: 24.963 loading class java/nio/channels/Channels$1 done
Event: 25.091 loading class java/util/zip/Deflater
Event: 25.092 loading class java/util/zip/Deflater done
Event: 25.092 loading class java/util/zip/Deflater$DeflaterZStreamRef
Event: 25.093 loading class java/util/zip/Deflater$DeflaterZStreamRef done
Event: 25.095 loading class java/util/zip/ZipOutputStream$XEntry
Event: 25.095 loading class java/util/zip/ZipOutputStream$XEntry done
Event: 25.106 loading class java/util/Vector$Itr
Event: 25.107 loading class java/util/Vector$Itr done
Event: 25.806 loading class java/util/HashMap$UnsafeHolder
Event: 25.806 loading class java/util/HashMap$UnsafeHolder done
Event: 25.840 loading class java/io/PushbackInputStream
Event: 25.840 loading class java/io/PushbackInputStream done
Event: 25.947 Thread 0x000001f0c6188660 Thread added: 0x000001f0c6188660
Event: 26.116 loading class java/nio/BufferUnderflowException
Event: 26.116 loading class java/nio/BufferUnderflowException done


Dynamic libraries:
0x00007ff667b70000 - 0x00007ff667b7a000 	C:\Program Files\Android\Android Studio\jbr\bin\java.exe
0x00007ff9fad30000 - 0x00007ff9faf27000 	C:\WINDOWS\SYSTEM32\ntdll.dll
0x00007ff9f9f00000 - 0x00007ff9f9fbd000 	C:\WINDOWS\System32\KERNEL32.DLL
0x00007ff9f8860000 - 0x00007ff9f8b56000 	C:\WINDOWS\System32\KERNELBASE.dll
0x00007ff9f8410000 - 0x00007ff9f8510000 	C:\WINDOWS\System32\ucrtbase.dll
0x00007ff9f5bb0000 - 0x00007ff9f5bcb000 	C:\Program Files\Android\Android Studio\jbr\bin\VCRUNTIME140.dll
0x00007ff9e76f0000 - 0x00007ff9e7707000 	C:\Program Files\Android\Android Studio\jbr\bin\jli.dll
0x00007ff9faa90000 - 0x00007ff9fac2e000 	C:\WINDOWS\System32\USER32.dll
0x00007ff9dd2c0000 - 0x00007ff9dd55a000 	C:\WINDOWS\WinSxS\amd64_microsoft.windows.common-controls_6595b64144ccf1df_6.0.19041.3570_none_60bb2a3971f3e41a\COMCTL32.dll
0x00007ff9f8510000 - 0x00007ff9f8532000 	C:\WINDOWS\System32\win32u.dll
0x00007ff9f8df0000 - 0x00007ff9f8e1c000 	C:\WINDOWS\System32\GDI32.dll
0x00007ff9f8c70000 - 0x00007ff9f8d8a000 	C:\WINDOWS\System32\gdi32full.dll
0x00007ff9f8710000 - 0x00007ff9f87ad000 	C:\WINDOWS\System32\msvcp_win.dll
0x00007ff9fac30000 - 0x00007ff9facce000 	C:\WINDOWS\System32\msvcrt.dll
0x00007ff9faa60000 - 0x00007ff9faa90000 	C:\WINDOWS\System32\IMM32.DLL
0x00007ff9f5ba0000 - 0x00007ff9f5bac000 	C:\Program Files\Android\Android Studio\jbr\bin\vcruntime140_1.dll
0x00007ff9e5a40000 - 0x00007ff9e5acd000 	C:\Program Files\Android\Android Studio\jbr\bin\msvcp140.dll
0x00007ff9d81d0000 - 0x00007ff9d8e3e000 	C:\Program Files\Android\Android Studio\jbr\bin\server\jvm.dll
0x00007ff9f8f40000 - 0x00007ff9f8fee000 	C:\WINDOWS\System32\ADVAPI32.dll
0x00007ff9fa280000 - 0x00007ff9fa31c000 	C:\WINDOWS\System32\sechost.dll
0x00007ff9f92b0000 - 0x00007ff9f93d6000 	C:\WINDOWS\System32\RPCRT4.dll
0x00007ff9e4ac0000 - 0x00007ff9e4ac9000 	C:\WINDOWS\SYSTEM32\WSOCK32.dll
0x00007ff9da9a0000 - 0x00007ff9da9c7000 	C:\WINDOWS\SYSTEM32\WINMM.dll
0x00007ff9f2390000 - 0x00007ff9f239a000 	C:\WINDOWS\SYSTEM32\VERSION.dll
0x00007ff9fa9d0000 - 0x00007ff9faa3b000 	C:\WINDOWS\System32\WS2_32.dll
0x00007ff9f6290000 - 0x00007ff9f62a2000 	C:\WINDOWS\SYSTEM32\kernel.appcore.dll
0x00007ff9f5b20000 - 0x00007ff9f5b2a000 	C:\Program Files\Android\Android Studio\jbr\bin\jimage.dll
0x00007ff9f0d60000 - 0x00007ff9f0f44000 	C:\WINDOWS\SYSTEM32\DBGHELP.DLL
0x00007ff9f0d20000 - 0x00007ff9f0d54000 	C:\WINDOWS\SYSTEM32\dbgcore.DLL
0x00007ff9f8be0000 - 0x00007ff9f8c62000 	C:\WINDOWS\System32\bcryptPrimitives.dll
0x00007ff9f37a0000 - 0x00007ff9f37c5000 	C:\Program Files\Android\Android Studio\jbr\bin\java.dll
0x00007ff9f0180000 - 0x00007ff9f0198000 	C:\Program Files\Android\Android Studio\jbr\bin\zip.dll
0x00007ff9f93f0000 - 0x00007ff9f9b34000 	C:\WINDOWS\System32\SHELL32.dll
0x00007ff9f6490000 - 0x00007ff9f6c2b000 	C:\WINDOWS\SYSTEM32\windows.storage.dll
0x00007ff9f9ba0000 - 0x00007ff9f9ef4000 	C:\WINDOWS\System32\combase.dll
0x00007ff9f7ca0000 - 0x00007ff9f7ccd000 	C:\WINDOWS\SYSTEM32\Wldp.dll
0x00007ff9fa0f0000 - 0x00007ff9fa19d000 	C:\WINDOWS\System32\SHCORE.dll
0x00007ff9f9250000 - 0x00007ff9f92a5000 	C:\WINDOWS\System32\shlwapi.dll
0x00007ff9f8340000 - 0x00007ff9f8365000 	C:\WINDOWS\SYSTEM32\profapi.dll
0x00007ff9e7f60000 - 0x00007ff9e7f79000 	C:\Program Files\Android\Android Studio\jbr\bin\net.dll
0x00007ff9ef130000 - 0x00007ff9ef23a000 	C:\WINDOWS\SYSTEM32\WINHTTP.dll
0x00007ff9f7a80000 - 0x00007ff9f7aea000 	C:\WINDOWS\system32\mswsock.dll
0x00007ff9e7710000 - 0x00007ff9e7726000 	C:\Program Files\Android\Android Studio\jbr\bin\nio.dll
0x00007ff9f5b10000 - 0x00007ff9f5b20000 	C:\Program Files\Android\Android Studio\jbr\bin\verify.dll
0x00007ff9dec00000 - 0x00007ff9dec27000 	C:\Users\Bia e Leo\.gradle\native\68d5fa5c4cc2d200863cafc0d521ce42e7d3e7ee720ec0a83991735586a16f82\windows-amd64\native-platform.dll
0x00007ff9d3410000 - 0x00007ff9d3554000 	C:\Users\Bia e Leo\.gradle\native\e376f236ea51e6404a007f0833ffe2c6e607c4080706a723a18a27aeea778392\windows-amd64\native-platform-file-events.dll
0x00007ff9f4050000 - 0x00007ff9f4059000 	C:\Program Files\Android\Android Studio\jbr\bin\management.dll
0x00007ff9f3f10000 - 0x00007ff9f3f1b000 	C:\Program Files\Android\Android Studio\jbr\bin\management_ext.dll
0x00007ff9face0000 - 0x00007ff9face8000 	C:\WINDOWS\System32\PSAPI.DLL
0x00007ff9f7ce0000 - 0x00007ff9f7cf8000 	C:\WINDOWS\SYSTEM32\CRYPTSP.dll
0x00007ff9f73b0000 - 0x00007ff9f73e4000 	C:\WINDOWS\system32\rsaenh.dll
0x00007ff9f8b60000 - 0x00007ff9f8b87000 	C:\WINDOWS\System32\bcrypt.dll
0x00007ff9f82c0000 - 0x00007ff9f82ee000 	C:\WINDOWS\SYSTEM32\USERENV.dll
0x00007ff9f7c10000 - 0x00007ff9f7c1c000 	C:\WINDOWS\SYSTEM32\CRYPTBASE.dll
0x00007ff9f7790000 - 0x00007ff9f77cb000 	C:\WINDOWS\SYSTEM32\IPHLPAPI.DLL
0x00007ff9facd0000 - 0x00007ff9facd8000 	C:\WINDOWS\System32\NSI.dll
0x00007ff9f0bf0000 - 0x00007ff9f0c07000 	C:\WINDOWS\SYSTEM32\dhcpcsvc6.DLL
0x00007ff9f1020000 - 0x00007ff9f103d000 	C:\WINDOWS\SYSTEM32\dhcpcsvc.DLL
0x00007ff9f77d0000 - 0x00007ff9f789a000 	C:\WINDOWS\SYSTEM32\DNSAPI.dll
0x00007ff9f0170000 - 0x00007ff9f0177000 	C:\WINDOWS\system32\wshunix.dll

dbghelp: loaded successfully - version: 4.0.5 - missing functions: none
symbol engine: initialized successfully - sym options: 0x614 - pdb path: .;C:\Program Files\Android\Android Studio\jbr\bin;C:\WINDOWS\SYSTEM32;C:\WINDOWS\WinSxS\amd64_microsoft.windows.common-controls_6595b64144ccf1df_6.0.19041.3570_none_60bb2a3971f3e41a;C:\Program Files\Android\Android Studio\jbr\bin\server;C:\Users\Bia e Leo\.gradle\native\68d5fa5c4cc2d200863cafc0d521ce42e7d3e7ee720ec0a83991735586a16f82\windows-amd64;C:\Users\Bia e Leo\.gradle\native\e376f236ea51e6404a007f0833ffe2c6e607c4080706a723a18a27aeea778392\windows-amd64

VM Arguments:
jvm_args: --add-opens=java.base/java.util=ALL-UNNAMED --add-opens=java.base/java.lang=ALL-UNNAMED --add-opens=java.base/java.lang.invoke=ALL-UNNAMED --add-opens=java.prefs/java.util.prefs=ALL-UNNAMED --add-opens=java.base/java.nio.charset=ALL-UNNAMED --add-opens=java.base/java.net=ALL-UNNAMED --add-opens=java.base/java.util.concurrent.atomic=ALL-UNNAMED -Xmx2048m -Dfile.encoding=UTF-8 -Duser.country=BR -Duser.language=pt -Duser.variant 
java_command: org.gradle.launcher.daemon.bootstrap.GradleDaemon 8.0
java_class_path (initial): C:\Users\Bia e Leo\.gradle\wrapper\dists\gradle-8.0-bin\ca5e32bp14vu59qr306oxotwh\gradle-8.0\lib\gradle-launcher-8.0.jar
Launcher Type: SUN_STANDARD

[Global flags]
     intx CICompilerCount                          = 3                                         {product} {ergonomic}
     uint ConcGCThreads                            = 1                                         {product} {ergonomic}
     uint G1ConcRefinementThreads                  = 4                                         {product} {ergonomic}
   size_t G1HeapRegionSize                         = 1048576                                   {product} {ergonomic}
    uintx GCDrainStackTargetSize                   = 64                                        {product} {ergonomic}
   size_t InitialHeapSize                          = 132120576                                 {product} {ergonomic}
   size_t MarkStackSize                            = 4194304                                   {product} {ergonomic}
   size_t MaxHeapSize                              = 2147483648                                {product} {command line}
   size_t MaxNewSize                               = 1287651328                                {product} {ergonomic}
   size_t MinHeapDeltaBytes                        = 1048576                                   {product} {ergonomic}
   size_t MinHeapSize                              = 8388608                                   {product} {ergonomic}
    uintx NonNMethodCodeHeapSize                   = 5832780                                {pd product} {ergonomic}
    uintx NonProfiledCodeHeapSize                  = 122912730                              {pd product} {ergonomic}
    uintx ProfiledCodeHeapSize                     = 122912730                              {pd product} {ergonomic}
    uintx ReservedCodeCacheSize                    = 251658240                              {pd product} {ergonomic}
     bool SegmentedCodeCache                       = true                                      {product} {ergonomic}
   size_t SoftMaxHeapSize                          = 2147483648                             {manageable} {ergonomic}
     bool UseCompressedClassPointers               = true                           {product lp64_product} {ergonomic}
     bool UseCompressedOops                        = true                           {product lp64_product} {ergonomic}
     bool UseG1GC                                  = true                                      {product} {ergonomic}
     bool UseLargePagesIndividualAllocation        = false                                  {pd product} {ergonomic}

Logging:
Log output configuration:
 #0: stdout all=warning uptime,level,tags
 #1: stderr all=off uptime,level,tags

Environment Variables:
JAVA_HOME=C:\Program Files\OpenJDK\openjdk-11.0.12_7
PATH=C:\Program Files (x86)\Common Files\Oracle\Java\javapath;C:\Program Files (x86)\Common Files\Intel\Shared Libraries\redist\intel64\compiler;C:\WINDOWS\system32;C:\WINDOWS;C:\WINDOWS\System32\Wbem;C:\WINDOWS\System32\WindowsPowerShell\v1.0\;C:\WINDOWS\System32\OpenSSH\;C:\Program Files\Microsoft SQL Server\130\Tools\Binn\;C:\Program Files\Microsoft SQL Server\Client SDK\ODBC\170\Tools\Binn\;C:\Program Files\dotnet\;C:\Program Files\Common Files\Autodesk Shared\;C:\Program Files\Git\cmd;C:\Program Files (x86)\Microsoft SQL Server\150\DTS\Binn\;C:\Program Files (x86)\Microsoft SQL Server\150\Tools\Binn\;C:\Program Files\Microsoft SQL Server\150\Tools\Binn\;C:\Program Files\Microsoft SQL Server\150\DTS\Binn\;C:\ProgramData\chocolatey\bin;C:\Program Files\nodejs\;C:\Program Files\OpenJDK\openjdk-11.0.12_7\bin;C:\ProgramData\ComposerSetup\bin;C:\wamp64\bin\php\php8.2.0;C:\Windows\System32;;C:\Program Files\Docker\Docker\resources\bin;C:\Users\Bia e Leo\AppData\Roaming\npm;C:\Program Files\MongoDB\Server\5.0\bin;C:\Program Files\MySQL\MySQL Server 8.0\bin;C:\Users\Bia e Leo\AppData\Roaming\Composer\vendor\bin;C:\Users\Bia e Leo\AppData\Local\Microsoft\WindowsApps;C:\Users\Bia e Leo\AppData\Local\Programs\Microsoft VS Code\bin;C:\Users\Bia e Leo\.dotnet\tools
USERNAME=Bia_e_Leo
OS=Windows_NT
PROCESSOR_IDENTIFIER=Intel64 Family 6 Model 158 Stepping 10, GenuineIntel
TMP=C:\Users\BIAELE~1\AppData\Local\Temp
TEMP=C:\Users\BIAELE~1\AppData\Local\Temp


JNI global refs:
JNI global refs: 25, weak refs: 0

JNI global refs memory usage: 843, weak refs: 841


---------------  S Y S T E M  ---------------

OS:
 Windows 10 , 64 bit Build 19041 (10.0.19041.3570)
OS uptime: 0 days 5:54 hours
Hyper-V role detected

CPU: total 4 (initial active 4) (2 cores per cpu, 2 threads per core) family 6 model 158 stepping 10 microcode 0xb4, cx8, cmov, fxsr, ht, mmx, 3dnowpref, sse, sse2, sse3, ssse3, sse4.1, sse4.2, popcnt, lzcnt, tsc, tscinvbit, aes, erms, clmul, clflush, clflushopt, hv

Memory: 4k page, system-wide physical 8038M (321M free)
TotalPageFile size 8038M (AvailPageFile size 239M)
current process WorkingSet (physical memory assigned to process): 449M, peak: 455M
current process commit charge ("private bytes"): 476M, peak: 836M

vm_info: OpenJDK 64-Bit Server VM (17.0.6+0-b2043.56-10027231) for windows-amd64 JRE (17.0.6+0-b2043.56-10027231), built on Apr 28 2023 00:43:19 by "androidbuild" with MS VC++ 16.10 / 16.11 (VS2019)

END.
