#
# There is insufficient memory for the Java Runtime Environment to continue.
# Native memory allocation (mmap) failed to map 650117120 bytes for G1 virtual space
# Possible reasons:
#   The system is out of physical RAM or swap space
#   The process is running with CompressedOops enabled, and the Java Heap may be blocking the growth of the native heap
# Possible solutions:
#   Reduce memory load on the system
#   Increase physical memory or swap space
#   Check if swap backing store is full
#   Decrease Java heap size (-Xmx/-Xms)
#   Decrease number of Java threads
#   Decrease Java thread stack sizes (-Xss)
#   Set larger code cache with -XX:ReservedCodeCacheSize=
#   JVM is running with Unscaled Compressed Oops mode in which the Java heap is
#     placed in the first 4GB address space. The Java Heap base address is the
#     maximum limit for the native heap growth. Please use -XX:HeapBaseMinAddress
#     to set the Java Heap base and to place the Java Heap above 4GB virtual address.
# This output file may be truncated or incomplete.
#
#  Out of Memory Error (os_windows.cpp:3769), pid=7880, tid=7148
#
# JRE version: OpenJDK Runtime Environment (17.0.6) (build 17.0.6+0-b2043.56-10027231)
# Java VM: OpenJDK 64-Bit Server VM (17.0.6+0-b2043.56-10027231, mixed mode, tiered, compressed oops, compressed class ptrs, g1 gc, windows-amd64)
# No core dump will be written. Minidumps are not enabled by default on client versions of Windows
#

---------------  S U M M A R Y ------------

Command Line: --add-opens=java.base/java.util=ALL-UNNAMED --add-opens=java.base/java.lang=ALL-UNNAMED --add-opens=java.base/java.lang.invoke=ALL-UNNAMED --add-opens=java.prefs/java.util.prefs=ALL-UNNAMED --add-opens=java.base/java.nio.charset=ALL-UNNAMED --add-opens=java.base/java.net=ALL-UNNAMED --add-opens=java.base/java.util.concurrent.atomic=ALL-UNNAMED -Xmx2048m -Dfile.encoding=UTF-8 -Duser.country=BR -Duser.language=pt -Duser.variant org.gradle.launcher.daemon.bootstrap.GradleDaemon 8.0

Host: Intel(R) Pentium(R) Gold G5400 CPU @ 3.70GHz, 4 cores, 7G,  Windows 10 , 64 bit Build 19041 (10.0.19041.3570)
Time: Sat Nov 11 15:49:56 2023 Hora oficial do Brasil elapsed time: 535.752930 seconds (0d 0h 8m 55s)

---------------  T H R E A D  ---------------

Current thread (0x000001adf68ec7c0):  VMThread "VM Thread" [stack: 0x0000000cc8300000,0x0000000cc8400000] [id=7148]

Stack: [0x0000000cc8300000,0x0000000cc8400000]
Native frames: (J=compiled Java code, j=interpreted, Vv=VM code, C=native code)
V  [jvm.dll+0x683c9a]
V  [jvm.dll+0x8427a4]
V  [jvm.dll+0x843f9e]
V  [jvm.dll+0x844603]
V  [jvm.dll+0x249b75]
V  [jvm.dll+0x680b69]
V  [jvm.dll+0x67505a]
V  [jvm.dll+0x309acb]
V  [jvm.dll+0x310f86]
V  [jvm.dll+0x3608ee]
V  [jvm.dll+0x360b1f]
V  [jvm.dll+0x2dfbf8]
V  [jvm.dll+0x2ddec4]
V  [jvm.dll+0x2dd4cc]
V  [jvm.dll+0x322261]
V  [jvm.dll+0x848ccb]
V  [jvm.dll+0x849a04]
V  [jvm.dll+0x849f1d]
V  [jvm.dll+0x84a2f4]
V  [jvm.dll+0x84a3c0]
V  [jvm.dll+0x7f274a]
V  [jvm.dll+0x682ad5]
C  [ucrtbase.dll+0x21bb2]
C  [KERNEL32.DLL+0x17344]
C  [ntdll.dll+0x526b1]

VM_Operation (0x0000000ccdefc960): G1TryInitiateConcMark, mode: safepoint, requested by thread 0x000001adfc0aea10


---------------  P R O C E S S  ---------------

Threads class SMR info:
_java_thread_list=0x000001adf787ef70, length=100, elements={
0x000001addb3bb8c0, 0x000001adf6911620, 0x000001adf69123a0, 0x000001adf692e7b0,
0x000001adf68fb690, 0x000001adf68fbf50, 0x000001adf68fcfb0, 0x000001adf68fe0c0,
0x000001adf741d4c0, 0x000001adf7476ce0, 0x000001adf75bb890, 0x000001adf75c0180,
0x000001adf9db7010, 0x000001adf8ebf030, 0x000001adfa26f950, 0x000001adf9bb2280,
0x000001adf9bb2750, 0x000001adf9bb2c20, 0x000001adf9bb4430, 0x000001adf9bb5770,
0x000001adf9bb4dd0, 0x000001adfa432110, 0x000001adfa433df0, 0x000001adfa431770,
0x000001adfa434790, 0x000001adfa433450, 0x000001adfd2989c0, 0x000001adfd29d1f0,
0x000001adfc343760, 0x000001adfc3497a0, 0x000001adfc343c30, 0x000001adfc347f90,
0x000001adfc346780, 0x000001adfc341f50, 0x000001adfc347120, 0x000001adfc347ac0,
0x000001adfc348930, 0x000001adfc3492d0, 0x000001adfc3428f0, 0x000001adfc348460,
0x000001adfc342dc0, 0x000001adfc348e00, 0x000001adfc343290, 0x000001adfc345440,
0x000001adfc344100, 0x000001adfc342420, 0x000001adfc3462b0, 0x000001adfc345910,
0x000001adfc3445d0, 0x000001adfc344aa0, 0x000001adfc344f70, 0x000001adfc345de0,
0x000001adfd3af530, 0x000001adfd3ae1f0, 0x000001adfd3aa360, 0x000001adfd3ad850,
0x000001adfd3ab6a0, 0x000001adfd3a9e90, 0x000001adfd3ad380, 0x000001adfd3a94f0,
0x000001adfd3add20, 0x000001adfd3aa830, 0x000001adfd3afed0, 0x000001adfd3abb70,
0x000001adfd3aad00, 0x000001adfd3ae6c0, 0x000001adfd3ac040, 0x000001adfd3afa00,
0x000001adfd3ac510, 0x000001adfd3a99c0, 0x000001adfd3b03a0, 0x000001adfd3ab1d0,
0x000001adfd3ac9e0, 0x000001adfd3aeb90, 0x000001adfd3b0870, 0x000001adfd3aceb0,
0x000001adfc0aa6b0, 0x000001adfc0aeee0, 0x000001adfc0adba0, 0x000001adfc0ae540,
0x000001adfc0ab520, 0x000001adfc0ac390, 0x000001adfc0ab050, 0x000001adfc0a89d0,
0x000001adfc0a8030, 0x000001adfc0abec0, 0x000001adfc0ad6d0, 0x000001adfc0acd30,
0x000001adfc0aab80, 0x000001adfc0ad200, 0x000001adfc0aea10, 0x000001adfc0af3b0,
0x000001adfc0af880, 0x000001adfc0a9840, 0x000001adfc0a9370, 0x000001adfc0ab9f0,
0x000001adfc0ac860, 0x000001adfa435600, 0x000001adfddb7400, 0x000001adfa438150
}

Java Threads: ( => current thread )
  0x000001addb3bb8c0 JavaThread "main" [_thread_blocked, id=32, stack(0x0000000cc7d00000,0x0000000cc7e00000)]
  0x000001adf6911620 JavaThread "Reference Handler" daemon [_thread_blocked, id=7420, stack(0x0000000cc8400000,0x0000000cc8500000)]
  0x000001adf69123a0 JavaThread "Finalizer" daemon [_thread_blocked, id=2452, stack(0x0000000cc8500000,0x0000000cc8600000)]
  0x000001adf692e7b0 JavaThread "Signal Dispatcher" daemon [_thread_blocked, id=6136, stack(0x0000000cc8600000,0x0000000cc8700000)]
  0x000001adf68fb690 JavaThread "Attach Listener" daemon [_thread_blocked, id=6188, stack(0x0000000cc8700000,0x0000000cc8800000)]
  0x000001adf68fbf50 JavaThread "Service Thread" daemon [_thread_blocked, id=3660, stack(0x0000000cc8800000,0x0000000cc8900000)]
  0x000001adf68fcfb0 JavaThread "Monitor Deflation Thread" daemon [_thread_blocked, id=5864, stack(0x0000000cc8900000,0x0000000cc8a00000)]
  0x000001adf68fe0c0 JavaThread "C2 CompilerThread0" daemon [_thread_blocked, id=8032, stack(0x0000000cc8a00000,0x0000000cc8b00000)]
  0x000001adf741d4c0 JavaThread "C1 CompilerThread0" daemon [_thread_blocked, id=9548, stack(0x0000000cc8b00000,0x0000000cc8c00000)]
  0x000001adf7476ce0 JavaThread "Sweeper thread" daemon [_thread_blocked, id=6088, stack(0x0000000cc8c00000,0x0000000cc8d00000)]
  0x000001adf75bb890 JavaThread "Common-Cleaner" daemon [_thread_blocked, id=1200, stack(0x0000000cc8d00000,0x0000000cc8e00000)]
  0x000001adf75c0180 JavaThread "Notification Thread" daemon [_thread_blocked, id=11036, stack(0x0000000cc8e00000,0x0000000cc8f00000)]
  0x000001adf9db7010 JavaThread "Daemon health stats" [_thread_blocked, id=3392, stack(0x0000000cc9400000,0x0000000cc9500000)]
  0x000001adf8ebf030 JavaThread "Incoming local TCP Connector on port 54487" [_thread_in_native, id=1376, stack(0x0000000cc9500000,0x0000000cc9600000)]
  0x000001adfa26f950 JavaThread "Daemon periodic checks" [_thread_blocked, id=9668, stack(0x0000000cc9600000,0x0000000cc9700000)]
  0x000001adf9bb2280 JavaThread "Cache worker for journal cache (C:\Users\Bia e Leo\.gradle\caches\journal-1)" [_thread_blocked, id=10212, stack(0x0000000cc9000000,0x0000000cc9100000)]
  0x000001adf9bb2750 JavaThread "File lock request listener" [_thread_in_native, id=10236, stack(0x0000000cc9e00000,0x0000000cc9f00000)]
  0x000001adf9bb2c20 JavaThread "Cache worker for file hash cache (C:\Users\Bia e Leo\.gradle\caches\8.0\fileHashes)" [_thread_blocked, id=7152, stack(0x0000000cc9f00000,0x0000000cca000000)]
  0x000001adf9bb4430 JavaThread "File watcher server" daemon [_thread_blocked, id=9244, stack(0x0000000cca000000,0x0000000cca100000)]
  0x000001adf9bb5770 JavaThread "File watcher consumer" daemon [_thread_blocked, id=10400, stack(0x0000000cca100000,0x0000000cca200000)]
  0x000001adf9bb4dd0 JavaThread "Cache worker for file content cache (C:\Users\Bia e Leo\.gradle\caches\8.0\fileContent)" [_thread_blocked, id=3016, stack(0x0000000cca400000,0x0000000cca500000)]
  0x000001adfa432110 JavaThread "Cache worker for execution history cache (C:\Users\Bia e Leo\.gradle\caches\8.0\executionHistory)" [_thread_blocked, id=4116, stack(0x0000000cca700000,0x0000000cca800000)]
  0x000001adfa433df0 JavaThread "jar transforms" [_thread_blocked, id=5768, stack(0x0000000cca900000,0x0000000ccaa00000)]
  0x000001adfa431770 JavaThread "jar transforms Thread 2" [_thread_blocked, id=3848, stack(0x0000000ccaa00000,0x0000000ccab00000)]
  0x000001adfa434790 JavaThread "jar transforms Thread 3" [_thread_blocked, id=4560, stack(0x0000000cca800000,0x0000000cca900000)]
  0x000001adfa433450 JavaThread "jar transforms Thread 4" [_thread_blocked, id=7360, stack(0x0000000ccad00000,0x0000000ccae00000)]
  0x000001adfd2989c0 JavaThread "Memory manager" [_thread_blocked, id=2568, stack(0x0000000ccd900000,0x0000000ccda00000)]
  0x000001adfd29d1f0 JavaThread "Cache worker for Java compile cache (C:\Users\Bia e Leo\.gradle\caches\8.0\javaCompile)" [_thread_blocked, id=10268, stack(0x0000000cce200000,0x0000000cce300000)]
  0x000001adfc343760 JavaThread "ForkJoinPool.commonPool-worker-1" daemon [_thread_blocked, id=1704, stack(0x0000000cce800000,0x0000000cce900000)]
  0x000001adfc3497a0 JavaThread "Daemon Thread 4" [_thread_blocked, id=10924, stack(0x0000000cc7a00000,0x0000000cc7b00000)]
  0x000001adfc343c30 JavaThread "Handler for socket connection from /127.0.0.1:54487 to /127.0.0.1:54910" [_thread_in_native, id=3908, stack(0x0000000cc7b00000,0x0000000cc7c00000)]
  0x000001adfc347f90 JavaThread "Cancel handler" [_thread_blocked, id=7524, stack(0x0000000cc7c00000,0x0000000cc7d00000)]
  0x000001adfc346780 JavaThread "Daemon worker Thread 4" [_thread_blocked, id=8000, stack(0x0000000cc9700000,0x0000000cc9800000)]
  0x000001adfc341f50 JavaThread "Asynchronous log dispatcher for DefaultDaemonConnection: socket connection from /127.0.0.1:54487 to /127.0.0.1:54910" [_thread_blocked, id=5612, stack(0x0000000cc9800000,0x0000000cc9900000)]
  0x000001adfc347120 JavaThread "Stdin handler" [_thread_blocked, id=1364, stack(0x0000000cc9900000,0x0000000cc9a00000)]
  0x000001adfc347ac0 JavaThread "Daemon client event forwarder" [_thread_blocked, id=10424, stack(0x0000000cc9a00000,0x0000000cc9b00000)]
  0x000001adfc348930 JavaThread "Cache worker for checksums cache (C:\Users\Bia e Leo\Downloads\Legato\.gradle\8.0\checksums)" [_thread_blocked, id=7296, stack(0x0000000cc9b00000,0x0000000cc9c00000)]
  0x000001adfc3492d0 JavaThread "Cache worker for cache directory md-rule (C:\Users\Bia e Leo\.gradle\caches\8.0\md-rule)" [_thread_blocked, id=4544, stack(0x0000000cc9c00000,0x0000000cc9d00000)]
  0x000001adfc3428f0 JavaThread "Cache worker for file hash cache (C:\Users\Bia e Leo\Downloads\Legato\.gradle\8.0\fileHashes)" [_thread_blocked, id=6284, stack(0x0000000cc9d00000,0x0000000cc9e00000)]
  0x000001adfc348460 JavaThread "Cache worker for cache directory md-supplier (C:\Users\Bia e Leo\.gradle\caches\8.0\md-supplier)" [_thread_blocked, id=2772, stack(0x0000000cca300000,0x0000000cca400000)]
  0x000001adfc342dc0 JavaThread "Cache worker for dependencies-accessors (C:\Users\Bia e Leo\Downloads\Legato\.gradle\8.0\dependencies-accessors)" [_thread_blocked, id=5856, stack(0x0000000cca500000,0x0000000cca600000)]
  0x000001adfc348e00 JavaThread "Cache worker for Build Output Cleanup Cache (C:\Users\Bia e Leo\Downloads\Legato\.gradle\buildOutputCleanup)" [_thread_blocked, id=10992, stack(0x0000000cca600000,0x0000000cca700000)]
  0x000001adfc343290 JavaThread "Unconstrained build operations" [_thread_blocked, id=9276, stack(0x0000000ccac00000,0x0000000ccad00000)]
  0x000001adfc345440 JavaThread "Unconstrained build operations Thread 2" [_thread_blocked, id=4028, stack(0x0000000ccae00000,0x0000000ccaf00000)]
  0x000001adfc344100 JavaThread "Unconstrained build operations Thread 3" [_thread_blocked, id=8208, stack(0x0000000ccaf00000,0x0000000ccb000000)]
  0x000001adfc342420 JavaThread "Unconstrained build operations Thread 4" [_thread_blocked, id=2612, stack(0x0000000ccb000000,0x0000000ccb100000)]
  0x000001adfc3462b0 JavaThread "Unconstrained build operations Thread 5" [_thread_blocked, id=4568, stack(0x0000000ccb100000,0x0000000ccb200000)]
  0x000001adfc345910 JavaThread "Unconstrained build operations Thread 6" [_thread_blocked, id=6236, stack(0x0000000ccb200000,0x0000000ccb300000)]
  0x000001adfc3445d0 JavaThread "Unconstrained build operations Thread 7" [_thread_blocked, id=9432, stack(0x0000000ccb300000,0x0000000ccb400000)]
  0x000001adfc344aa0 JavaThread "Unconstrained build operations Thread 8" [_thread_blocked, id=9064, stack(0x0000000ccb400000,0x0000000ccb500000)]
  0x000001adfc344f70 JavaThread "Unconstrained build operations Thread 9" [_thread_blocked, id=9108, stack(0x0000000ccb500000,0x0000000ccb600000)]
  0x000001adfc345de0 JavaThread "Unconstrained build operations Thread 10" [_thread_blocked, id=9168, stack(0x0000000ccb600000,0x0000000ccb700000)]
  0x000001adfd3af530 JavaThread "Unconstrained build operations Thread 11" [_thread_blocked, id=7316, stack(0x0000000ccb700000,0x0000000ccb800000)]
  0x000001adfd3ae1f0 JavaThread "Unconstrained build operations Thread 12" [_thread_blocked, id=2624, stack(0x0000000ccb800000,0x0000000ccb900000)]
  0x000001adfd3aa360 JavaThread "Unconstrained build operations Thread 13" [_thread_blocked, id=10892, stack(0x0000000ccb900000,0x0000000ccba00000)]
  0x000001adfd3ad850 JavaThread "Unconstrained build operations Thread 14" [_thread_blocked, id=6888, stack(0x0000000ccba00000,0x0000000ccbb00000)]
  0x000001adfd3ab6a0 JavaThread "Unconstrained build operations Thread 15" [_thread_blocked, id=5948, stack(0x0000000ccbb00000,0x0000000ccbc00000)]
  0x000001adfd3a9e90 JavaThread "Unconstrained build operations Thread 16" [_thread_blocked, id=2264, stack(0x0000000ccbc00000,0x0000000ccbd00000)]
  0x000001adfd3ad380 JavaThread "Unconstrained build operations Thread 17" [_thread_blocked, id=4140, stack(0x0000000ccbd00000,0x0000000ccbe00000)]
  0x000001adfd3a94f0 JavaThread "Unconstrained build operations Thread 18" [_thread_blocked, id=10024, stack(0x0000000ccbe00000,0x0000000ccbf00000)]
  0x000001adfd3add20 JavaThread "Unconstrained build operations Thread 19" [_thread_blocked, id=10528, stack(0x0000000ccbf00000,0x0000000ccc000000)]
  0x000001adfd3aa830 JavaThread "Unconstrained build operations Thread 20" [_thread_blocked, id=5316, stack(0x0000000ccc000000,0x0000000ccc100000)]
  0x000001adfd3afed0 JavaThread "Unconstrained build operations Thread 21" [_thread_blocked, id=1712, stack(0x0000000ccc100000,0x0000000ccc200000)]
  0x000001adfd3abb70 JavaThread "Unconstrained build operations Thread 22" [_thread_blocked, id=7000, stack(0x0000000ccc200000,0x0000000ccc300000)]
  0x000001adfd3aad00 JavaThread "Unconstrained build operations Thread 23" [_thread_blocked, id=2916, stack(0x0000000ccc300000,0x0000000ccc400000)]
  0x000001adfd3ae6c0 JavaThread "Unconstrained build operations Thread 24" [_thread_blocked, id=3496, stack(0x0000000ccc400000,0x0000000ccc500000)]
  0x000001adfd3ac040 JavaThread "Unconstrained build operations Thread 25" [_thread_blocked, id=11212, stack(0x0000000ccc500000,0x0000000ccc600000)]
  0x000001adfd3afa00 JavaThread "Unconstrained build operations Thread 26" [_thread_blocked, id=4776, stack(0x0000000ccc600000,0x0000000ccc700000)]
  0x000001adfd3ac510 JavaThread "Unconstrained build operations Thread 27" [_thread_blocked, id=9772, stack(0x0000000ccc700000,0x0000000ccc800000)]
  0x000001adfd3a99c0 JavaThread "Unconstrained build operations Thread 28" [_thread_blocked, id=1524, stack(0x0000000ccc800000,0x0000000ccc900000)]
  0x000001adfd3b03a0 JavaThread "Unconstrained build operations Thread 29" [_thread_blocked, id=8288, stack(0x0000000ccc900000,0x0000000ccca00000)]
  0x000001adfd3ab1d0 JavaThread "Unconstrained build operations Thread 30" [_thread_blocked, id=10852, stack(0x0000000ccca00000,0x0000000cccb00000)]
  0x000001adfd3ac9e0 JavaThread "Unconstrained build operations Thread 31" [_thread_blocked, id=8888, stack(0x0000000cccb00000,0x0000000cccc00000)]
  0x000001adfd3aeb90 JavaThread "Unconstrained build operations Thread 32" [_thread_blocked, id=4940, stack(0x0000000cccc00000,0x0000000cccd00000)]
  0x000001adfd3b0870 JavaThread "Unconstrained build operations Thread 33" [_thread_blocked, id=9580, stack(0x0000000cccd00000,0x0000000ccce00000)]
  0x000001adfd3aceb0 JavaThread "Unconstrained build operations Thread 34" [_thread_blocked, id=8600, stack(0x0000000ccce00000,0x0000000cccf00000)]
  0x000001adfc0aa6b0 JavaThread "Unconstrained build operations Thread 35" [_thread_blocked, id=9892, stack(0x0000000cccf00000,0x0000000ccd000000)]
  0x000001adfc0aeee0 JavaThread "Unconstrained build operations Thread 36" [_thread_blocked, id=8028, stack(0x0000000ccd000000,0x0000000ccd100000)]
  0x000001adfc0adba0 JavaThread "Unconstrained build operations Thread 37" [_thread_blocked, id=7176, stack(0x0000000ccd100000,0x0000000ccd200000)]
  0x000001adfc0ae540 JavaThread "Unconstrained build operations Thread 38" [_thread_blocked, id=2752, stack(0x0000000ccd200000,0x0000000ccd300000)]
  0x000001adfc0ab520 JavaThread "Unconstrained build operations Thread 39" [_thread_blocked, id=708, stack(0x0000000ccd300000,0x0000000ccd400000)]
  0x000001adfc0ac390 JavaThread "Unconstrained build operations Thread 40" [_thread_blocked, id=1644, stack(0x0000000ccd400000,0x0000000ccd500000)]
  0x000001adfc0ab050 JavaThread "build event listener" [_thread_blocked, id=5384, stack(0x0000000ccd500000,0x0000000ccd600000)]
  0x000001adfc0a89d0 JavaThread "included builds" [_thread_blocked, id=10896, stack(0x0000000ccd600000,0x0000000ccd700000)]
  0x000001adfc0a8030 JavaThread "Execution worker" [_thread_blocked, id=9752, stack(0x0000000ccd700000,0x0000000ccd800000)]
  0x000001adfc0abec0 JavaThread "Execution worker Thread 2" [_thread_blocked, id=9792, stack(0x0000000ccd800000,0x0000000ccd900000)]
  0x000001adfc0ad6d0 JavaThread "Execution worker Thread 3" [_thread_blocked, id=3724, stack(0x0000000ccda00000,0x0000000ccdb00000)]
  0x000001adfc0acd30 JavaThread "Cache worker for execution history cache (C:\Users\Bia e Leo\Downloads\Legato\.gradle\8.0\executionHistory)" [_thread_blocked, id=9212, stack(0x0000000ccdb00000,0x0000000ccdc00000)]
  0x000001adfc0aab80 JavaThread "WorkerExecutor Queue" [_thread_blocked, id=7920, stack(0x0000000ccdc00000,0x0000000ccdd00000)]
  0x000001adfc0ad200 JavaThread "WorkerExecutor Queue Thread 2" [_thread_blocked, id=10056, stack(0x0000000ccdd00000,0x0000000ccde00000)]
  0x000001adfc0aea10 JavaThread "WorkerExecutor Queue Thread 3" [_thread_blocked, id=1312, stack(0x0000000ccde00000,0x0000000ccdf00000)]
  0x000001adfc0af3b0 JavaThread "pool-13-thread-1" [_thread_blocked, id=2844, stack(0x0000000ccdf00000,0x0000000cce000000)]
  0x000001adfc0af880 JavaThread "stderr" [_thread_in_native, id=10736, stack(0x0000000cce000000,0x0000000cce100000)]
  0x000001adfc0a9840 JavaThread "stdout" [_thread_in_native, id=8332, stack(0x0000000cce100000,0x0000000cce200000)]
  0x000001adfc0a9370 JavaThread "Build operations" [_thread_blocked, id=3264, stack(0x0000000cce300000,0x0000000cce400000)]
  0x000001adfc0ab9f0 JavaThread "Build operations Thread 2" [_thread_blocked, id=3972, stack(0x0000000cce400000,0x0000000cce500000)]
  0x000001adfc0ac860 JavaThread "Build operations Thread 3" [_thread_blocked, id=800, stack(0x0000000cce500000,0x0000000cce600000)]
  0x000001adfa435600 JavaThread "Build operations Thread 4" [_thread_blocked, id=4248, stack(0x0000000cce600000,0x0000000cce700000)]
  0x000001adfddb7400 JavaThread "C2 CompilerThread1" daemon [_thread_blocked, id=3204, stack(0x0000000cca200000,0x0000000cca300000)]
  0x000001adfa438150 JavaThread "WorkerExecutor Queue Thread 4" [_thread_blocked, id=4632, stack(0x0000000cce700000,0x0000000cce800000)]

Other Threads:
=>0x000001adf68ec7c0 VMThread "VM Thread" [stack: 0x0000000cc8300000,0x0000000cc8400000] [id=7148]
  0x000001adf6877f10 WatcherThread [stack: 0x0000000cc8f00000,0x0000000cc9000000] [id=8828]
  0x000001addb419e40 GCTaskThread "GC Thread#0" [stack: 0x0000000cc7e00000,0x0000000cc7f00000] [id=9504]
  0x000001adf786e730 GCTaskThread "GC Thread#1" [stack: 0x0000000cc9100000,0x0000000cc9200000] [id=808]
  0x000001adf77656d0 GCTaskThread "GC Thread#2" [stack: 0x0000000cc9200000,0x0000000cc9300000] [id=5644]
  0x000001adf8586dd0 GCTaskThread "GC Thread#3" [stack: 0x0000000cc9300000,0x0000000cc9400000] [id=9332]
  0x000001addb42ac90 ConcurrentGCThread "G1 Main Marker" [stack: 0x0000000cc7f00000,0x0000000cc8000000] [id=10748]
  0x000001addb42b5b0 ConcurrentGCThread "G1 Conc#0" [stack: 0x0000000cc8000000,0x0000000cc8100000] [id=6300]
  0x000001addb48ddf0 ConcurrentGCThread "G1 Refine#0" [stack: 0x0000000cc8100000,0x0000000cc8200000] [id=11116]
  0x000001adf9fe7920 ConcurrentGCThread "G1 Refine#1" [stack: 0x0000000ccab00000,0x0000000ccac00000] [id=10284]
  0x000001addb48e720 ConcurrentGCThread "G1 Service" [stack: 0x0000000cc8200000,0x0000000cc8300000] [id=10944]

Threads with active compile tasks:
C2 CompilerThread0   535851 22023       4       com.android.tools.r8.internal.vR::next (13 bytes)
C1 CompilerThread0   535851 22044       3       com.android.tools.r8.dex.K$$Lambda$2059/0x000000010109bc98::accept (12 bytes)
C2 CompilerThread1   535851 22038       4       java.nio.HeapByteBuffer::putShort (31 bytes)

VM state: at safepoint (normal execution)

VM Mutex/Monitor currently owned by a thread:  ([mutex/lock_event])
[0x000001addb3b6af0] Threads_lock - owner thread: 0x000001adf68ec7c0
[0x000001addb3b6280] Heap_lock - owner thread: 0x000001adfc0aea10

Heap address: 0x0000000080000000, size: 2048 MB, Compressed Oops mode: 32-bit

CDS archive(s) not mapped
Compressed class space mapped at: 0x0000000100000000-0x0000000140000000, reserved size: 1073741824
Narrow klass base: 0x0000000000000000, Narrow klass shift: 3, Narrow klass range: 0x140000000

GC Precious Log:
 CPUs: 4 total, 4 available
 Memory: 8038M
 Large Page Support: Disabled
 NUMA Support: Disabled
 Compressed Oops: Enabled (32-bit)
 Heap Region Size: 1M
 Heap Min Capacity: 8M
 Heap Initial Capacity: 126M
 Heap Max Capacity: 2G
 Pre-touch: Disabled
 Parallel Workers: 4
 Concurrent Workers: 1
 Concurrent Refinement Workers: 4
 Periodic GC: Disabled

Heap:
 garbage-first heap   total 317440K, used 126516K [0x0000000080000000, 0x0000000100000000)
  region size 1024K, 3 young (3072K), 3 survivors (3072K)
 Metaspace       used 129709K, committed 130688K, reserved 1163264K
  class space    used 17284K, committed 17792K, reserved 1048576K

Heap Regions: E=young(eden), S=young(survivor), O=old, HS=humongous(starts), HC=humongous(continues), CS=collection set, F=free, OA=open archive, CA=closed archive, TAMS=top-at-mark-start (previous, next)
|   0|0x0000000080000000, 0x0000000080100000, 0x0000000080100000|100%| O|  |TAMS 0x0000000080100000, 0x0000000080100000| Untracked 
|   1|0x0000000080100000, 0x0000000080200000, 0x0000000080200000|100%| O|  |TAMS 0x0000000080200000, 0x0000000080200000| Untracked 
|   2|0x0000000080200000, 0x0000000080300000, 0x0000000080300000|100%|HS|  |TAMS 0x0000000080300000, 0x0000000080300000| Complete 
|   3|0x0000000080300000, 0x0000000080400000, 0x0000000080400000|100%|HC|  |TAMS 0x0000000080400000, 0x0000000080400000| Complete 
|   4|0x0000000080400000, 0x0000000080500000, 0x0000000080500000|100%|HC|  |TAMS 0x0000000080500000, 0x0000000080500000| Complete 
|   5|0x0000000080500000, 0x0000000080600000, 0x0000000080600000|100%|HC|  |TAMS 0x0000000080600000, 0x0000000080600000| Complete 
|   6|0x0000000080600000, 0x0000000080700000, 0x0000000080700000|100%| O|  |TAMS 0x0000000080700000, 0x0000000080700000| Untracked 
|   7|0x0000000080700000, 0x0000000080800000, 0x0000000080800000|100%| O|  |TAMS 0x0000000080800000, 0x0000000080800000| Untracked 
|   8|0x0000000080800000, 0x0000000080900000, 0x0000000080900000|100%| O|  |TAMS 0x0000000080900000, 0x0000000080900000| Untracked 
|   9|0x0000000080900000, 0x0000000080a00000, 0x0000000080a00000|100%| O|  |TAMS 0x0000000080a00000, 0x0000000080a00000| Untracked 
|  10|0x0000000080a00000, 0x0000000080b00000, 0x0000000080b00000|100%| O|  |TAMS 0x0000000080b00000, 0x0000000080b00000| Untracked 
|  11|0x0000000080b00000, 0x0000000080c00000, 0x0000000080c00000|100%| O|  |TAMS 0x0000000080c00000, 0x0000000080c00000| Untracked 
|  12|0x0000000080c00000, 0x0000000080d00000, 0x0000000080d00000|100%| O|  |TAMS 0x0000000080d00000, 0x0000000080d00000| Untracked 
|  13|0x0000000080d00000, 0x0000000080e00000, 0x0000000080e00000|100%| O|  |TAMS 0x0000000080e00000, 0x0000000080e00000| Untracked 
|  14|0x0000000080e00000, 0x0000000080f00000, 0x0000000080f00000|100%| O|  |TAMS 0x0000000080f00000, 0x0000000080f00000| Untracked 
|  15|0x0000000080f00000, 0x0000000081000000, 0x0000000081000000|100%| O|  |TAMS 0x0000000081000000, 0x0000000081000000| Untracked 
|  16|0x0000000081000000, 0x0000000081100000, 0x0000000081100000|100%| O|  |TAMS 0x0000000081100000, 0x0000000081100000| Untracked 
|  17|0x0000000081100000, 0x0000000081200000, 0x0000000081200000|100%| O|  |TAMS 0x0000000081200000, 0x0000000081200000| Untracked 
|  18|0x0000000081200000, 0x0000000081300000, 0x0000000081300000|100%| O|  |TAMS 0x0000000081300000, 0x0000000081300000| Untracked 
|  19|0x0000000081300000, 0x0000000081400000, 0x0000000081400000|100%| O|  |TAMS 0x0000000081400000, 0x0000000081400000| Untracked 
|  20|0x0000000081400000, 0x0000000081500000, 0x0000000081500000|100%| O|  |TAMS 0x0000000081500000, 0x0000000081500000| Untracked 
|  21|0x0000000081500000, 0x0000000081600000, 0x0000000081600000|100%| O|  |TAMS 0x0000000081600000, 0x0000000081600000| Untracked 
|  22|0x0000000081600000, 0x0000000081700000, 0x0000000081700000|100%| O|  |TAMS 0x0000000081700000, 0x0000000081700000| Untracked 
|  23|0x0000000081700000, 0x0000000081800000, 0x0000000081800000|100%| O|  |TAMS 0x0000000081800000, 0x0000000081800000| Untracked 
|  24|0x0000000081800000, 0x0000000081900000, 0x0000000081900000|100%| O|  |TAMS 0x0000000081900000, 0x0000000081900000| Untracked 
|  25|0x0000000081900000, 0x0000000081a00000, 0x0000000081a00000|100%| O|  |TAMS 0x0000000081a00000, 0x0000000081a00000| Untracked 
|  26|0x0000000081a00000, 0x0000000081b00000, 0x0000000081b00000|100%| O|  |TAMS 0x0000000081b00000, 0x0000000081b00000| Untracked 
|  27|0x0000000081b00000, 0x0000000081c00000, 0x0000000081c00000|100%| O|  |TAMS 0x0000000081c00000, 0x0000000081c00000| Untracked 
|  28|0x0000000081c00000, 0x0000000081d00000, 0x0000000081d00000|100%| O|  |TAMS 0x0000000081d00000, 0x0000000081d00000| Untracked 
|  29|0x0000000081d00000, 0x0000000081e00000, 0x0000000081e00000|100%| O|  |TAMS 0x0000000081e00000, 0x0000000081e00000| Untracked 
|  30|0x0000000081e00000, 0x0000000081f00000, 0x0000000081f00000|100%| O|  |TAMS 0x0000000081f00000, 0x0000000081f00000| Untracked 
|  31|0x0000000081f00000, 0x0000000082000000, 0x0000000082000000|100%| O|  |TAMS 0x0000000082000000, 0x0000000082000000| Untracked 
|  32|0x0000000082000000, 0x0000000082100000, 0x0000000082100000|100%| O|  |TAMS 0x0000000082100000, 0x0000000082100000| Untracked 
|  33|0x0000000082100000, 0x0000000082200000, 0x0000000082200000|100%| O|  |TAMS 0x0000000082200000, 0x0000000082200000| Untracked 
|  34|0x0000000082200000, 0x0000000082300000, 0x0000000082300000|100%| O|  |TAMS 0x0000000082300000, 0x0000000082300000| Untracked 
|  35|0x0000000082300000, 0x0000000082400000, 0x0000000082400000|100%|HS|  |TAMS 0x0000000082400000, 0x0000000082400000| Complete 
|  36|0x0000000082400000, 0x0000000082500000, 0x0000000082500000|100%|HS|  |TAMS 0x0000000082500000, 0x0000000082500000| Complete 
|  37|0x0000000082500000, 0x0000000082600000, 0x0000000082600000|100%| O|  |TAMS 0x0000000082600000, 0x0000000082600000| Untracked 
|  38|0x0000000082600000, 0x0000000082700000, 0x0000000082700000|100%| O|  |TAMS 0x0000000082700000, 0x0000000082700000| Untracked 
|  39|0x0000000082700000, 0x0000000082800000, 0x0000000082800000|100%|HS|  |TAMS 0x0000000082800000, 0x0000000082800000| Complete 
|  40|0x0000000082800000, 0x0000000082900000, 0x0000000082900000|100%| O|  |TAMS 0x0000000082900000, 0x0000000082900000| Untracked 
|  41|0x0000000082900000, 0x0000000082a00000, 0x0000000082a00000|100%| O|  |TAMS 0x0000000082a00000, 0x0000000082a00000| Untracked 
|  42|0x0000000082a00000, 0x0000000082b00000, 0x0000000082b00000|100%| O|  |TAMS 0x0000000082b00000, 0x0000000082b00000| Untracked 
|  43|0x0000000082b00000, 0x0000000082c00000, 0x0000000082c00000|100%| O|  |TAMS 0x0000000082c00000, 0x0000000082c00000| Untracked 
|  44|0x0000000082c00000, 0x0000000082d00000, 0x0000000082d00000|100%| O|  |TAMS 0x0000000082d00000, 0x0000000082d00000| Untracked 
|  45|0x0000000082d00000, 0x0000000082e00000, 0x0000000082e00000|100%| O|  |TAMS 0x0000000082e00000, 0x0000000082e00000| Untracked 
|  46|0x0000000082e00000, 0x0000000082f00000, 0x0000000082f00000|100%| O|  |TAMS 0x0000000082f00000, 0x0000000082f00000| Untracked 
|  47|0x0000000082f00000, 0x0000000083000000, 0x0000000083000000|100%| O|  |TAMS 0x0000000083000000, 0x0000000083000000| Untracked 
|  48|0x0000000083000000, 0x0000000083100000, 0x0000000083100000|100%| O|  |TAMS 0x0000000083100000, 0x0000000083100000| Untracked 
|  49|0x0000000083100000, 0x0000000083200000, 0x0000000083200000|100%| O|  |TAMS 0x0000000083200000, 0x0000000083200000| Untracked 
|  50|0x0000000083200000, 0x0000000083300000, 0x0000000083300000|100%| O|  |TAMS 0x0000000083300000, 0x0000000083300000| Untracked 
|  51|0x0000000083300000, 0x0000000083400000, 0x0000000083400000|100%| O|  |TAMS 0x0000000083400000, 0x0000000083400000| Untracked 
|  52|0x0000000083400000, 0x0000000083500000, 0x0000000083500000|100%| O|  |TAMS 0x0000000083500000, 0x0000000083500000| Untracked 
|  53|0x0000000083500000, 0x0000000083600000, 0x0000000083600000|100%| O|  |TAMS 0x0000000083600000, 0x0000000083600000| Untracked 
|  54|0x0000000083600000, 0x0000000083700000, 0x0000000083700000|100%| O|  |TAMS 0x0000000083700000, 0x0000000083700000| Untracked 
|  55|0x0000000083700000, 0x0000000083800000, 0x0000000083800000|100%| O|  |TAMS 0x0000000083800000, 0x0000000083800000| Untracked 
|  56|0x0000000083800000, 0x0000000083900000, 0x0000000083900000|100%| O|  |TAMS 0x0000000083900000, 0x0000000083900000| Untracked 
|  57|0x0000000083900000, 0x0000000083a00000, 0x0000000083a00000|100%| O|  |TAMS 0x0000000083a00000, 0x0000000083a00000| Untracked 
|  58|0x0000000083a00000, 0x0000000083b00000, 0x0000000083b00000|100%| O|  |TAMS 0x0000000083b00000, 0x0000000083b00000| Untracked 
|  59|0x0000000083b00000, 0x0000000083c00000, 0x0000000083c00000|100%| O|  |TAMS 0x0000000083c00000, 0x0000000083c00000| Untracked 
|  60|0x0000000083c00000, 0x0000000083d00000, 0x0000000083d00000|100%| O|  |TAMS 0x0000000083d00000, 0x0000000083d00000| Untracked 
|  61|0x0000000083d00000, 0x0000000083e00000, 0x0000000083e00000|100%| O|  |TAMS 0x0000000083e00000, 0x0000000083e00000| Untracked 
|  62|0x0000000083e00000, 0x0000000083f00000, 0x0000000083f00000|100%| O|  |TAMS 0x0000000083f00000, 0x0000000083f00000| Untracked 
|  63|0x0000000083f00000, 0x0000000084000000, 0x0000000084000000|100%| O|  |TAMS 0x0000000084000000, 0x0000000084000000| Untracked 
|  64|0x0000000084000000, 0x0000000084100000, 0x0000000084100000|100%| O|  |TAMS 0x0000000084100000, 0x0000000084100000| Untracked 
|  65|0x0000000084100000, 0x0000000084200000, 0x0000000084200000|100%| O|  |TAMS 0x0000000084200000, 0x0000000084200000| Untracked 
|  66|0x0000000084200000, 0x0000000084300000, 0x0000000084300000|100%| O|  |TAMS 0x0000000084300000, 0x0000000084300000| Untracked 
|  67|0x0000000084300000, 0x0000000084400000, 0x0000000084400000|100%| O|  |TAMS 0x0000000084400000, 0x0000000084400000| Untracked 
|  68|0x0000000084400000, 0x0000000084500000, 0x0000000084500000|100%| O|  |TAMS 0x0000000084500000, 0x0000000084500000| Untracked 
|  69|0x0000000084500000, 0x0000000084600000, 0x0000000084600000|100%| O|  |TAMS 0x0000000084600000, 0x0000000084600000| Untracked 
|  70|0x0000000084600000, 0x0000000084700000, 0x0000000084700000|100%| O|  |TAMS 0x0000000084700000, 0x0000000084700000| Untracked 
|  71|0x0000000084700000, 0x0000000084800000, 0x0000000084800000|100%| O|  |TAMS 0x0000000084800000, 0x0000000084800000| Untracked 
|  72|0x0000000084800000, 0x0000000084900000, 0x0000000084900000|100%| O|  |TAMS 0x0000000084900000, 0x0000000084900000| Untracked 
|  73|0x0000000084900000, 0x0000000084a00000, 0x0000000084a00000|100%| O|  |TAMS 0x0000000084a00000, 0x0000000084a00000| Untracked 
|  74|0x0000000084a00000, 0x0000000084b00000, 0x0000000084b00000|100%| O|  |TAMS 0x0000000084b00000, 0x0000000084b00000| Untracked 
|  75|0x0000000084b00000, 0x0000000084c00000, 0x0000000084c00000|100%| O|  |TAMS 0x0000000084c00000, 0x0000000084c00000| Untracked 
|  76|0x0000000084c00000, 0x0000000084d00000, 0x0000000084d00000|100%| O|  |TAMS 0x0000000084d00000, 0x0000000084d00000| Untracked 
|  77|0x0000000084d00000, 0x0000000084e00000, 0x0000000084e00000|100%| O|  |TAMS 0x0000000084d00000, 0x0000000084e00000| Untracked 
|  78|0x0000000084e00000, 0x0000000084f00000, 0x0000000084f00000|100%| O|  |TAMS 0x0000000084f00000, 0x0000000084f00000| Untracked 
|  79|0x0000000084f00000, 0x0000000085000000, 0x0000000085000000|100%| O|  |TAMS 0x0000000085000000, 0x0000000085000000| Untracked 
|  80|0x0000000085000000, 0x0000000085100000, 0x0000000085100000|100%| O|  |TAMS 0x0000000085100000, 0x0000000085100000| Untracked 
|  81|0x0000000085100000, 0x0000000085200000, 0x0000000085200000|100%| O|  |TAMS 0x0000000085200000, 0x0000000085200000| Untracked 
|  82|0x0000000085200000, 0x0000000085300000, 0x0000000085300000|100%| O|  |TAMS 0x0000000085300000, 0x0000000085300000| Untracked 
|  83|0x0000000085300000, 0x0000000085400000, 0x0000000085400000|100%| O|  |TAMS 0x0000000085400000, 0x0000000085400000| Untracked 
|  84|0x0000000085400000, 0x0000000085500000, 0x0000000085500000|100%| O|  |TAMS 0x0000000085500000, 0x0000000085500000| Untracked 
|  85|0x0000000085500000, 0x0000000085600000, 0x0000000085600000|100%| O|  |TAMS 0x0000000085500000, 0x0000000085600000| Untracked 
|  86|0x0000000085600000, 0x0000000085700000, 0x0000000085700000|100%| O|  |TAMS 0x0000000085700000, 0x0000000085700000| Untracked 
|  87|0x0000000085700000, 0x0000000085800000, 0x0000000085800000|100%| O|  |TAMS 0x0000000085800000, 0x0000000085800000| Untracked 
|  88|0x0000000085800000, 0x0000000085900000, 0x0000000085900000|100%| O|  |TAMS 0x0000000085900000, 0x0000000085900000| Untracked 
|  89|0x0000000085900000, 0x0000000085a00000, 0x0000000085a00000|100%| O|  |TAMS 0x0000000085a00000, 0x0000000085a00000| Untracked 
|  90|0x0000000085a00000, 0x0000000085b00000, 0x0000000085b00000|100%| O|  |TAMS 0x0000000085b00000, 0x0000000085b00000| Untracked 
|  91|0x0000000085b00000, 0x0000000085c00000, 0x0000000085c00000|100%| O|  |TAMS 0x0000000085b00000, 0x0000000085c00000| Untracked 
|  92|0x0000000085c00000, 0x0000000085d00000, 0x0000000085d00000|100%| O|  |TAMS 0x0000000085d00000, 0x0000000085d00000| Untracked 
|  93|0x0000000085d00000, 0x0000000085e00000, 0x0000000085e00000|100%| O|  |TAMS 0x0000000085e00000, 0x0000000085e00000| Untracked 
|  94|0x0000000085e00000, 0x0000000085f00000, 0x0000000085f00000|100%| O|  |TAMS 0x0000000085f00000, 0x0000000085f00000| Untracked 
|  95|0x0000000085f00000, 0x0000000086000000, 0x0000000086000000|100%| O|  |TAMS 0x0000000086000000, 0x0000000086000000| Untracked 
|  96|0x0000000086000000, 0x0000000086100000, 0x0000000086100000|100%| O|  |TAMS 0x0000000086100000, 0x0000000086100000| Untracked 
|  97|0x0000000086100000, 0x0000000086200000, 0x0000000086200000|100%| O|  |TAMS 0x0000000086200000, 0x0000000086200000| Untracked 
|  98|0x0000000086200000, 0x0000000086300000, 0x0000000086300000|100%| O|  |TAMS 0x0000000086300000, 0x0000000086300000| Untracked 
|  99|0x0000000086300000, 0x0000000086300000, 0x0000000086400000|  0%| F|  |TAMS 0x0000000086300000, 0x0000000086300000| Untracked 
| 100|0x0000000086400000, 0x0000000086500000, 0x0000000086500000|100%| O|  |TAMS 0x0000000086400000, 0x0000000086500000| Untracked 
| 101|0x0000000086500000, 0x0000000086600000, 0x0000000086600000|100%| O|  |TAMS 0x0000000086500000, 0x0000000086600000| Untracked 
| 102|0x0000000086600000, 0x0000000086700000, 0x0000000086700000|100%| O|  |TAMS 0x0000000086600000, 0x0000000086700000| Untracked 
| 103|0x0000000086700000, 0x0000000086800000, 0x0000000086800000|100%| O|  |TAMS 0x0000000086700000, 0x0000000086800000| Untracked 
| 104|0x0000000086800000, 0x0000000086900000, 0x0000000086900000|100%| O|  |TAMS 0x0000000086800000, 0x0000000086900000| Untracked 
| 105|0x0000000086900000, 0x0000000086a00000, 0x0000000086a00000|100%| O|  |TAMS 0x0000000086a00000, 0x0000000086a00000| Untracked 
| 106|0x0000000086a00000, 0x0000000086b00000, 0x0000000086b00000|100%| O|  |TAMS 0x0000000086b00000, 0x0000000086b00000| Untracked 
| 107|0x0000000086b00000, 0x0000000086b00000, 0x0000000086c00000|  0%| F|  |TAMS 0x0000000086b00000, 0x0000000086b00000| Untracked 
| 108|0x0000000086c00000, 0x0000000086d00000, 0x0000000086d00000|100%| O|  |TAMS 0x0000000086d00000, 0x0000000086d00000| Untracked 
| 109|0x0000000086d00000, 0x0000000086e00000, 0x0000000086e00000|100%| O|  |TAMS 0x0000000086e00000, 0x0000000086e00000| Untracked 
| 110|0x0000000086e00000, 0x0000000086e00000, 0x0000000086f00000|  0%| F|  |TAMS 0x0000000086e00000, 0x0000000086e00000| Untracked 
| 111|0x0000000086f00000, 0x0000000087000000, 0x0000000087000000|100%| O|  |TAMS 0x0000000086f00000, 0x0000000087000000| Untracked 
| 112|0x0000000087000000, 0x0000000087100000, 0x0000000087100000|100%| O|  |TAMS 0x0000000087100000, 0x0000000087100000| Untracked 
| 113|0x0000000087100000, 0x0000000087100000, 0x0000000087200000|  0%| F|  |TAMS 0x0000000087100000, 0x0000000087100000| Untracked 
| 114|0x0000000087200000, 0x0000000087300000, 0x0000000087300000|100%| O|  |TAMS 0x0000000087300000, 0x0000000087300000| Untracked 
| 115|0x0000000087300000, 0x0000000087400000, 0x0000000087400000|100%| O|  |TAMS 0x0000000087400000, 0x0000000087400000| Untracked 
| 116|0x0000000087400000, 0x0000000087500000, 0x0000000087500000|100%| O|  |TAMS 0x0000000087400000, 0x0000000087500000| Untracked 
| 117|0x0000000087500000, 0x0000000087500000, 0x0000000087600000|  0%| F|  |TAMS 0x0000000087500000, 0x0000000087500000| Untracked 
| 118|0x0000000087600000, 0x0000000087700000, 0x0000000087700000|100%| O|  |TAMS 0x0000000087700000, 0x0000000087700000| Untracked 
| 119|0x0000000087700000, 0x0000000087700000, 0x0000000087800000|  0%| F|  |TAMS 0x0000000087700000, 0x0000000087700000| Untracked 
| 120|0x0000000087800000, 0x0000000087800000, 0x0000000087900000|  0%| F|  |TAMS 0x0000000087800000, 0x0000000087800000| Untracked 
| 121|0x0000000087900000, 0x00000000879fd200, 0x0000000087a00000| 98%| O|  |TAMS 0x0000000087900000, 0x00000000879fd200| Untracked 
| 122|0x0000000087a00000, 0x0000000087a00000, 0x0000000087b00000|  0%| F|  |TAMS 0x0000000087a00000, 0x0000000087a00000| Untracked 
| 123|0x0000000087b00000, 0x0000000087b00000, 0x0000000087c00000|  0%| F|  |TAMS 0x0000000087b00000, 0x0000000087b00000| Untracked 
| 124|0x0000000087c00000, 0x0000000087c00000, 0x0000000087d00000|  0%| F|  |TAMS 0x0000000087c00000, 0x0000000087c00000| Untracked 
| 125|0x0000000087d00000, 0x0000000087e00000, 0x0000000087e00000|100%| O|  |TAMS 0x0000000087e00000, 0x0000000087e00000| Untracked 
| 126|0x0000000087e00000, 0x0000000087f00000, 0x0000000087f00000|100%| O|  |TAMS 0x0000000087f00000, 0x0000000087f00000| Untracked 
| 127|0x0000000087f00000, 0x0000000087f00000, 0x0000000088000000|  0%| F|  |TAMS 0x0000000087f00000, 0x0000000087f00000| Untracked 
| 128|0x0000000088000000, 0x0000000088000000, 0x0000000088100000|  0%| F|  |TAMS 0x0000000088000000, 0x0000000088000000| Untracked 
| 129|0x0000000088100000, 0x0000000088100000, 0x0000000088200000|  0%| F|  |TAMS 0x0000000088100000, 0x0000000088100000| Untracked 
| 130|0x0000000088200000, 0x0000000088300000, 0x0000000088300000|100%| O|  |TAMS 0x0000000088300000, 0x0000000088300000| Untracked 
| 131|0x0000000088300000, 0x0000000088400000, 0x0000000088400000|100%| O|  |TAMS 0x0000000088400000, 0x0000000088400000| Untracked 
| 132|0x0000000088400000, 0x0000000088500000, 0x0000000088500000|100%| O|  |TAMS 0x000000008844bc00, 0x0000000088500000| Untracked 
| 133|0x0000000088500000, 0x0000000088500000, 0x0000000088600000|  0%| F|  |TAMS 0x0000000088500000, 0x0000000088500000| Untracked 
| 134|0x0000000088600000, 0x0000000088600000, 0x0000000088700000|  0%| F|  |TAMS 0x0000000088600000, 0x0000000088600000| Untracked 
| 135|0x0000000088700000, 0x0000000088700000, 0x0000000088800000|  0%| F|  |TAMS 0x0000000088700000, 0x0000000088700000| Untracked 
| 136|0x0000000088800000, 0x0000000088800000, 0x0000000088900000|  0%| F|  |TAMS 0x0000000088800000, 0x0000000088800000| Untracked 
| 137|0x0000000088900000, 0x0000000088900000, 0x0000000088a00000|  0%| F|  |TAMS 0x0000000088900000, 0x0000000088900000| Untracked 
| 138|0x0000000088a00000, 0x0000000088a00000, 0x0000000088b00000|  0%| F|  |TAMS 0x0000000088a00000, 0x0000000088a00000| Untracked 
| 139|0x0000000088b00000, 0x0000000088b00000, 0x0000000088c00000|  0%| F|  |TAMS 0x0000000088b00000, 0x0000000088b00000| Untracked 
| 140|0x0000000088c00000, 0x0000000088c00000, 0x0000000088d00000|  0%| F|  |TAMS 0x0000000088c00000, 0x0000000088c00000| Untracked 
| 141|0x0000000088d00000, 0x0000000088d00000, 0x0000000088e00000|  0%| F|  |TAMS 0x0000000088d00000, 0x0000000088d00000| Untracked 
| 142|0x0000000088e00000, 0x0000000088e00000, 0x0000000088f00000|  0%| F|  |TAMS 0x0000000088e00000, 0x0000000088e00000| Untracked 
| 143|0x0000000088f00000, 0x0000000088f00000, 0x0000000089000000|  0%| F|  |TAMS 0x0000000088f00000, 0x0000000088f00000| Untracked 
| 144|0x0000000089000000, 0x0000000089000000, 0x0000000089100000|  0%| F|  |TAMS 0x0000000089000000, 0x0000000089000000| Untracked 
| 145|0x0000000089100000, 0x0000000089200000, 0x0000000089200000|100%| O|  |TAMS 0x0000000089200000, 0x0000000089200000| Untracked 
| 146|0x0000000089200000, 0x0000000089200000, 0x0000000089300000|  0%| F|  |TAMS 0x0000000089200000, 0x0000000089200000| Untracked 
| 147|0x0000000089300000, 0x0000000089300000, 0x0000000089400000|  0%| F|  |TAMS 0x0000000089300000, 0x0000000089300000| Untracked 
| 148|0x0000000089400000, 0x0000000089400000, 0x0000000089500000|  0%| F|  |TAMS 0x0000000089400000, 0x0000000089400000| Untracked 
| 149|0x0000000089500000, 0x0000000089500000, 0x0000000089600000|  0%| F|  |TAMS 0x0000000089500000, 0x0000000089500000| Untracked 
| 150|0x0000000089600000, 0x0000000089600000, 0x0000000089700000|  0%| F|  |TAMS 0x0000000089600000, 0x0000000089600000| Untracked 
| 151|0x0000000089700000, 0x0000000089700000, 0x0000000089800000|  0%| F|  |TAMS 0x0000000089700000, 0x0000000089700000| Untracked 
| 152|0x0000000089800000, 0x0000000089800000, 0x0000000089900000|  0%| F|  |TAMS 0x0000000089800000, 0x0000000089800000| Untracked 
| 153|0x0000000089900000, 0x0000000089900000, 0x0000000089a00000|  0%| F|  |TAMS 0x0000000089900000, 0x0000000089900000| Untracked 
| 154|0x0000000089a00000, 0x0000000089a00000, 0x0000000089b00000|  0%| F|  |TAMS 0x0000000089a00000, 0x0000000089a00000| Untracked 
| 155|0x0000000089b00000, 0x0000000089b00000, 0x0000000089c00000|  0%| F|  |TAMS 0x0000000089b00000, 0x0000000089b00000| Untracked 
| 156|0x0000000089c00000, 0x0000000089c00000, 0x0000000089d00000|  0%| F|  |TAMS 0x0000000089c00000, 0x0000000089c00000| Untracked 
| 157|0x0000000089d00000, 0x0000000089d00000, 0x0000000089e00000|  0%| F|  |TAMS 0x0000000089d00000, 0x0000000089d00000| Untracked 
| 158|0x0000000089e00000, 0x0000000089e00000, 0x0000000089f00000|  0%| F|  |TAMS 0x0000000089e00000, 0x0000000089e00000| Untracked 
| 159|0x0000000089f00000, 0x0000000089f00000, 0x000000008a000000|  0%| F|  |TAMS 0x0000000089f00000, 0x0000000089f00000| Untracked 
| 160|0x000000008a000000, 0x000000008a000000, 0x000000008a100000|  0%| F|  |TAMS 0x000000008a000000, 0x000000008a000000| Untracked 
| 161|0x000000008a100000, 0x000000008a100000, 0x000000008a200000|  0%| F|  |TAMS 0x000000008a100000, 0x000000008a100000| Untracked 
| 162|0x000000008a200000, 0x000000008a200000, 0x000000008a300000|  0%| F|  |TAMS 0x000000008a200000, 0x000000008a200000| Untracked 
| 163|0x000000008a300000, 0x000000008a300000, 0x000000008a400000|  0%| F|  |TAMS 0x000000008a300000, 0x000000008a300000| Untracked 
| 164|0x000000008a400000, 0x000000008a400000, 0x000000008a500000|  0%| F|  |TAMS 0x000000008a400000, 0x000000008a400000| Untracked 
| 165|0x000000008a500000, 0x000000008a500000, 0x000000008a600000|  0%| F|  |TAMS 0x000000008a500000, 0x000000008a500000| Untracked 
| 166|0x000000008a600000, 0x000000008a600000, 0x000000008a700000|  0%| F|  |TAMS 0x000000008a600000, 0x000000008a600000| Untracked 
| 167|0x000000008a700000, 0x000000008a700000, 0x000000008a800000|  0%| F|  |TAMS 0x000000008a700000, 0x000000008a700000| Untracked 
| 168|0x000000008a800000, 0x000000008a800000, 0x000000008a900000|  0%| F|  |TAMS 0x000000008a800000, 0x000000008a800000| Untracked 
| 169|0x000000008a900000, 0x000000008a900000, 0x000000008aa00000|  0%| F|  |TAMS 0x000000008a900000, 0x000000008a900000| Untracked 
| 170|0x000000008aa00000, 0x000000008aa00000, 0x000000008ab00000|  0%| F|  |TAMS 0x000000008aa00000, 0x000000008aa00000| Untracked 
| 171|0x000000008ab00000, 0x000000008ab00000, 0x000000008ac00000|  0%| F|  |TAMS 0x000000008ab00000, 0x000000008ab00000| Untracked 
| 172|0x000000008ac00000, 0x000000008ac00000, 0x000000008ad00000|  0%| F|  |TAMS 0x000000008ac00000, 0x000000008ac00000| Untracked 
| 173|0x000000008ad00000, 0x000000008ad00000, 0x000000008ae00000|  0%| F|  |TAMS 0x000000008ad00000, 0x000000008ad00000| Untracked 
| 174|0x000000008ae00000, 0x000000008ae00000, 0x000000008af00000|  0%| F|  |TAMS 0x000000008ae00000, 0x000000008ae00000| Untracked 
| 175|0x000000008af00000, 0x000000008af00000, 0x000000008b000000|  0%| F|  |TAMS 0x000000008af00000, 0x000000008af00000| Untracked 
| 176|0x000000008b000000, 0x000000008b000000, 0x000000008b100000|  0%| F|  |TAMS 0x000000008b000000, 0x000000008b000000| Untracked 
| 177|0x000000008b100000, 0x000000008b100000, 0x000000008b200000|  0%| F|  |TAMS 0x000000008b100000, 0x000000008b100000| Untracked 
| 178|0x000000008b200000, 0x000000008b200000, 0x000000008b300000|  0%| F|  |TAMS 0x000000008b200000, 0x000000008b200000| Untracked 
| 179|0x000000008b300000, 0x000000008b300000, 0x000000008b400000|  0%| F|  |TAMS 0x000000008b300000, 0x000000008b300000| Untracked 
| 180|0x000000008b400000, 0x000000008b400000, 0x000000008b500000|  0%| F|  |TAMS 0x000000008b400000, 0x000000008b400000| Untracked 
| 181|0x000000008b500000, 0x000000008b500000, 0x000000008b600000|  0%| F|  |TAMS 0x000000008b500000, 0x000000008b500000| Untracked 
| 182|0x000000008b600000, 0x000000008b600000, 0x000000008b700000|  0%| F|  |TAMS 0x000000008b600000, 0x000000008b600000| Untracked 
| 183|0x000000008b700000, 0x000000008b700000, 0x000000008b800000|  0%| F|  |TAMS 0x000000008b700000, 0x000000008b700000| Untracked 
| 184|0x000000008b800000, 0x000000008b800000, 0x000000008b900000|  0%| F|  |TAMS 0x000000008b800000, 0x000000008b800000| Untracked 
| 185|0x000000008b900000, 0x000000008b900000, 0x000000008ba00000|  0%| F|  |TAMS 0x000000008b900000, 0x000000008b900000| Untracked 
| 186|0x000000008ba00000, 0x000000008ba00000, 0x000000008bb00000|  0%| F|  |TAMS 0x000000008ba00000, 0x000000008ba00000| Untracked 
| 187|0x000000008bb00000, 0x000000008bb00000, 0x000000008bc00000|  0%| F|  |TAMS 0x000000008bb00000, 0x000000008bb00000| Untracked 
| 188|0x000000008bc00000, 0x000000008bc00000, 0x000000008bd00000|  0%| F|  |TAMS 0x000000008bc00000, 0x000000008bc00000| Untracked 
| 189|0x000000008bd00000, 0x000000008bd00000, 0x000000008be00000|  0%| F|  |TAMS 0x000000008bd00000, 0x000000008bd00000| Untracked 
| 190|0x000000008be00000, 0x000000008be00000, 0x000000008bf00000|  0%| F|  |TAMS 0x000000008be00000, 0x000000008be00000| Untracked 
| 191|0x000000008bf00000, 0x000000008bf00000, 0x000000008c000000|  0%| F|  |TAMS 0x000000008bf00000, 0x000000008bf00000| Untracked 
| 192|0x000000008c000000, 0x000000008c000000, 0x000000008c100000|  0%| F|  |TAMS 0x000000008c000000, 0x000000008c000000| Untracked 
| 193|0x000000008c100000, 0x000000008c100000, 0x000000008c200000|  0%| F|  |TAMS 0x000000008c100000, 0x000000008c100000| Untracked 
| 194|0x000000008c200000, 0x000000008c200000, 0x000000008c300000|  0%| F|  |TAMS 0x000000008c200000, 0x000000008c200000| Untracked 
| 195|0x000000008c300000, 0x000000008c300000, 0x000000008c400000|  0%| F|  |TAMS 0x000000008c300000, 0x000000008c300000| Untracked 
| 196|0x000000008c400000, 0x000000008c400000, 0x000000008c500000|  0%| F|  |TAMS 0x000000008c400000, 0x000000008c400000| Untracked 
| 197|0x000000008c500000, 0x000000008c500000, 0x000000008c600000|  0%| F|  |TAMS 0x000000008c500000, 0x000000008c500000| Untracked 
| 198|0x000000008c600000, 0x000000008c600000, 0x000000008c700000|  0%| F|  |TAMS 0x000000008c600000, 0x000000008c600000| Untracked 
| 199|0x000000008c700000, 0x000000008c700000, 0x000000008c800000|  0%| F|  |TAMS 0x000000008c700000, 0x000000008c700000| Untracked 
| 200|0x000000008c800000, 0x000000008c800000, 0x000000008c900000|  0%| F|  |TAMS 0x000000008c800000, 0x000000008c800000| Untracked 
| 201|0x000000008c900000, 0x000000008c900000, 0x000000008ca00000|  0%| F|  |TAMS 0x000000008c900000, 0x000000008c900000| Untracked 
| 202|0x000000008ca00000, 0x000000008ca00000, 0x000000008cb00000|  0%| F|  |TAMS 0x000000008ca00000, 0x000000008ca00000| Untracked 
| 203|0x000000008cb00000, 0x000000008cb00000, 0x000000008cc00000|  0%| F|  |TAMS 0x000000008cb00000, 0x000000008cb00000| Untracked 
| 204|0x000000008cc00000, 0x000000008cc00000, 0x000000008cd00000|  0%| F|  |TAMS 0x000000008cc00000, 0x000000008cc00000| Untracked 
| 205|0x000000008cd00000, 0x000000008cd00000, 0x000000008ce00000|  0%| F|  |TAMS 0x000000008cd00000, 0x000000008cd00000| Untracked 
| 206|0x000000008ce00000, 0x000000008ce00000, 0x000000008cf00000|  0%| F|  |TAMS 0x000000008ce00000, 0x000000008ce00000| Untracked 
| 207|0x000000008cf00000, 0x000000008cf00000, 0x000000008d000000|  0%| F|  |TAMS 0x000000008cf00000, 0x000000008cf00000| Untracked 
| 208|0x000000008d000000, 0x000000008d000000, 0x000000008d100000|  0%| F|  |TAMS 0x000000008d000000, 0x000000008d000000| Untracked 
| 209|0x000000008d100000, 0x000000008d100000, 0x000000008d200000|  0%| F|  |TAMS 0x000000008d100000, 0x000000008d100000| Untracked 
| 210|0x000000008d200000, 0x000000008d200000, 0x000000008d300000|  0%| F|  |TAMS 0x000000008d200000, 0x000000008d200000| Untracked 
| 211|0x000000008d300000, 0x000000008d300000, 0x000000008d400000|  0%| F|  |TAMS 0x000000008d300000, 0x000000008d300000| Untracked 
| 212|0x000000008d400000, 0x000000008d400000, 0x000000008d500000|  0%| F|  |TAMS 0x000000008d400000, 0x000000008d400000| Untracked 
| 213|0x000000008d500000, 0x000000008d500000, 0x000000008d600000|  0%| F|  |TAMS 0x000000008d500000, 0x000000008d500000| Untracked 
| 214|0x000000008d600000, 0x000000008d600000, 0x000000008d700000|  0%| F|  |TAMS 0x000000008d600000, 0x000000008d600000| Untracked 
| 215|0x000000008d700000, 0x000000008d700000, 0x000000008d800000|  0%| F|  |TAMS 0x000000008d700000, 0x000000008d700000| Untracked 
| 216|0x000000008d800000, 0x000000008d800000, 0x000000008d900000|  0%| F|  |TAMS 0x000000008d800000, 0x000000008d800000| Untracked 
| 217|0x000000008d900000, 0x000000008d900000, 0x000000008da00000|  0%| F|  |TAMS 0x000000008d900000, 0x000000008d900000| Untracked 
| 218|0x000000008da00000, 0x000000008da00000, 0x000000008db00000|  0%| F|  |TAMS 0x000000008da00000, 0x000000008da00000| Untracked 
| 219|0x000000008db00000, 0x000000008db00000, 0x000000008dc00000|  0%| F|  |TAMS 0x000000008db00000, 0x000000008db00000| Untracked 
| 220|0x000000008dc00000, 0x000000008dc00000, 0x000000008dd00000|  0%| F|  |TAMS 0x000000008dc00000, 0x000000008dc00000| Untracked 
| 221|0x000000008dd00000, 0x000000008dd00000, 0x000000008de00000|  0%| F|  |TAMS 0x000000008dd00000, 0x000000008dd00000| Untracked 
| 222|0x000000008de00000, 0x000000008de00000, 0x000000008df00000|  0%| F|  |TAMS 0x000000008de00000, 0x000000008de00000| Untracked 
| 223|0x000000008df00000, 0x000000008df00000, 0x000000008e000000|  0%| F|  |TAMS 0x000000008df00000, 0x000000008df00000| Untracked 
| 224|0x000000008e000000, 0x000000008e000000, 0x000000008e100000|  0%| F|  |TAMS 0x000000008e000000, 0x000000008e000000| Untracked 
| 225|0x000000008e100000, 0x000000008e100000, 0x000000008e200000|  0%| F|  |TAMS 0x000000008e100000, 0x000000008e100000| Untracked 
| 226|0x000000008e200000, 0x000000008e200000, 0x000000008e300000|  0%| F|  |TAMS 0x000000008e200000, 0x000000008e200000| Untracked 
| 227|0x000000008e300000, 0x000000008e300000, 0x000000008e400000|  0%| F|  |TAMS 0x000000008e300000, 0x000000008e300000| Untracked 
| 228|0x000000008e400000, 0x000000008e400000, 0x000000008e500000|  0%| F|  |TAMS 0x000000008e400000, 0x000000008e400000| Untracked 
| 229|0x000000008e500000, 0x000000008e500000, 0x000000008e600000|  0%| F|  |TAMS 0x000000008e500000, 0x000000008e500000| Untracked 
| 230|0x000000008e600000, 0x000000008e600000, 0x000000008e700000|  0%| F|  |TAMS 0x000000008e600000, 0x000000008e600000| Untracked 
| 231|0x000000008e700000, 0x000000008e700000, 0x000000008e800000|  0%| F|  |TAMS 0x000000008e700000, 0x000000008e700000| Untracked 
| 232|0x000000008e800000, 0x000000008e800000, 0x000000008e900000|  0%| F|  |TAMS 0x000000008e800000, 0x000000008e800000| Untracked 
| 233|0x000000008e900000, 0x000000008e900000, 0x000000008ea00000|  0%| F|  |TAMS 0x000000008e900000, 0x000000008e900000| Untracked 
| 234|0x000000008ea00000, 0x000000008ea00000, 0x000000008eb00000|  0%| F|  |TAMS 0x000000008ea00000, 0x000000008ea00000| Untracked 
| 235|0x000000008eb00000, 0x000000008eb00000, 0x000000008ec00000|  0%| F|  |TAMS 0x000000008eb00000, 0x000000008eb00000| Untracked 
| 236|0x000000008ec00000, 0x000000008ec00000, 0x000000008ed00000|  0%| F|  |TAMS 0x000000008ec00000, 0x000000008ec00000| Untracked 
| 237|0x000000008ed00000, 0x000000008ed00000, 0x000000008ee00000|  0%| F|  |TAMS 0x000000008ed00000, 0x000000008ed00000| Untracked 
| 238|0x000000008ee00000, 0x000000008ee00000, 0x000000008ef00000|  0%| F|  |TAMS 0x000000008ee00000, 0x000000008ee00000| Untracked 
| 239|0x000000008ef00000, 0x000000008ef00000, 0x000000008f000000|  0%| F|  |TAMS 0x000000008ef00000, 0x000000008ef00000| Untracked 
| 240|0x000000008f000000, 0x000000008f000000, 0x000000008f100000|  0%| F|  |TAMS 0x000000008f000000, 0x000000008f000000| Untracked 
| 241|0x000000008f100000, 0x000000008f100000, 0x000000008f200000|  0%| F|  |TAMS 0x000000008f100000, 0x000000008f100000| Untracked 
| 242|0x000000008f200000, 0x000000008f200000, 0x000000008f300000|  0%| F|  |TAMS 0x000000008f200000, 0x000000008f200000| Untracked 
| 243|0x000000008f300000, 0x000000008f300000, 0x000000008f400000|  0%| F|  |TAMS 0x000000008f300000, 0x000000008f300000| Untracked 
| 244|0x000000008f400000, 0x000000008f400000, 0x000000008f500000|  0%| F|  |TAMS 0x000000008f400000, 0x000000008f400000| Untracked 
| 245|0x000000008f500000, 0x000000008f500000, 0x000000008f600000|  0%| F|  |TAMS 0x000000008f500000, 0x000000008f500000| Untracked 
| 246|0x000000008f600000, 0x000000008f600000, 0x000000008f700000|  0%| F|  |TAMS 0x000000008f600000, 0x000000008f600000| Untracked 
| 247|0x000000008f700000, 0x000000008f700000, 0x000000008f800000|  0%| F|  |TAMS 0x000000008f700000, 0x000000008f700000| Untracked 
| 248|0x000000008f800000, 0x000000008f800000, 0x000000008f900000|  0%| F|  |TAMS 0x000000008f800000, 0x000000008f800000| Untracked 
| 249|0x000000008f900000, 0x000000008f900000, 0x000000008fa00000|  0%| F|  |TAMS 0x000000008f900000, 0x000000008f900000| Untracked 
| 250|0x000000008fa00000, 0x000000008fa00000, 0x000000008fb00000|  0%| F|  |TAMS 0x000000008fa00000, 0x000000008fa00000| Untracked 
| 251|0x000000008fb00000, 0x000000008fb00000, 0x000000008fc00000|  0%| F|  |TAMS 0x000000008fb00000, 0x000000008fb00000| Untracked 
| 252|0x000000008fc00000, 0x000000008fc00000, 0x000000008fd00000|  0%| F|  |TAMS 0x000000008fc00000, 0x000000008fc00000| Untracked 
| 253|0x000000008fd00000, 0x000000008fd00000, 0x000000008fe00000|  0%| F|  |TAMS 0x000000008fd00000, 0x000000008fd00000| Untracked 
| 254|0x000000008fe00000, 0x000000008fe00000, 0x000000008ff00000|  0%| F|  |TAMS 0x000000008fe00000, 0x000000008fe00000| Untracked 
| 255|0x000000008ff00000, 0x000000008ff00000, 0x0000000090000000|  0%| F|  |TAMS 0x000000008ff00000, 0x000000008ff00000| Untracked 
| 256|0x0000000090000000, 0x0000000090000000, 0x0000000090100000|  0%| F|  |TAMS 0x0000000090000000, 0x0000000090000000| Untracked 
| 257|0x0000000090100000, 0x0000000090100000, 0x0000000090200000|  0%| F|  |TAMS 0x0000000090100000, 0x0000000090100000| Untracked 
| 258|0x0000000090200000, 0x0000000090200000, 0x0000000090300000|  0%| F|  |TAMS 0x0000000090200000, 0x0000000090200000| Untracked 
| 259|0x0000000090300000, 0x0000000090300000, 0x0000000090400000|  0%| F|  |TAMS 0x0000000090300000, 0x0000000090300000| Untracked 
| 260|0x0000000090400000, 0x0000000090400000, 0x0000000090500000|  0%| F|  |TAMS 0x0000000090400000, 0x0000000090400000| Untracked 
| 261|0x0000000090500000, 0x0000000090500000, 0x0000000090600000|  0%| F|  |TAMS 0x0000000090500000, 0x0000000090500000| Untracked 
| 262|0x0000000090600000, 0x0000000090600000, 0x0000000090700000|  0%| F|  |TAMS 0x0000000090600000, 0x0000000090600000| Untracked 
| 263|0x0000000090700000, 0x0000000090700000, 0x0000000090800000|  0%| F|  |TAMS 0x0000000090700000, 0x0000000090700000| Untracked 
| 264|0x0000000090800000, 0x0000000090800000, 0x0000000090900000|  0%| F|  |TAMS 0x0000000090800000, 0x0000000090800000| Untracked 
| 265|0x0000000090900000, 0x0000000090900000, 0x0000000090a00000|  0%| F|  |TAMS 0x0000000090900000, 0x0000000090900000| Untracked 
| 266|0x0000000090a00000, 0x0000000090a00000, 0x0000000090b00000|  0%| F|  |TAMS 0x0000000090a00000, 0x0000000090a00000| Untracked 
| 267|0x0000000090b00000, 0x0000000090b00000, 0x0000000090c00000|  0%| F|  |TAMS 0x0000000090b00000, 0x0000000090b00000| Untracked 
| 268|0x0000000090c00000, 0x0000000090c00000, 0x0000000090d00000|  0%| F|  |TAMS 0x0000000090c00000, 0x0000000090c00000| Untracked 
| 269|0x0000000090d00000, 0x0000000090d00000, 0x0000000090e00000|  0%| F|  |TAMS 0x0000000090d00000, 0x0000000090d00000| Untracked 
| 270|0x0000000090e00000, 0x0000000090e00000, 0x0000000090f00000|  0%| F|  |TAMS 0x0000000090e00000, 0x0000000090e00000| Untracked 
| 271|0x0000000090f00000, 0x0000000090f00000, 0x0000000091000000|  0%| F|  |TAMS 0x0000000090f00000, 0x0000000090f00000| Untracked 
| 272|0x0000000091000000, 0x0000000091090058, 0x0000000091100000| 56%| S|CS|TAMS 0x0000000091000000, 0x0000000091000000| Complete 
| 273|0x0000000091100000, 0x0000000091200000, 0x0000000091200000|100%| S|CS|TAMS 0x0000000091100000, 0x0000000091100000| Complete 
| 274|0x0000000091200000, 0x0000000091300000, 0x0000000091300000|100%| S|CS|TAMS 0x0000000091200000, 0x0000000091200000| Complete 
| 275|0x0000000091300000, 0x0000000091300000, 0x0000000091400000|  0%| F|  |TAMS 0x0000000091300000, 0x0000000091300000| Untracked 
| 276|0x0000000091400000, 0x0000000091400000, 0x0000000091500000|  0%| F|  |TAMS 0x0000000091400000, 0x0000000091400000| Untracked 
| 277|0x0000000091500000, 0x0000000091500000, 0x0000000091600000|  0%| F|  |TAMS 0x0000000091500000, 0x0000000091500000| Untracked 
| 278|0x0000000091600000, 0x0000000091600000, 0x0000000091700000|  0%| F|  |TAMS 0x0000000091600000, 0x0000000091600000| Untracked 
| 279|0x0000000091700000, 0x0000000091700000, 0x0000000091800000|  0%| F|  |TAMS 0x0000000091700000, 0x0000000091700000| Untracked 
| 280|0x0000000091800000, 0x0000000091800000, 0x0000000091900000|  0%| F|  |TAMS 0x0000000091800000, 0x0000000091800000| Untracked 
| 281|0x0000000091900000, 0x0000000091900000, 0x0000000091a00000|  0%| F|  |TAMS 0x0000000091900000, 0x0000000091900000| Untracked 
| 282|0x0000000091a00000, 0x0000000091a00000, 0x0000000091b00000|  0%| F|  |TAMS 0x0000000091a00000, 0x0000000091a00000| Untracked 
| 283|0x0000000091b00000, 0x0000000091b00000, 0x0000000091c00000|  0%| F|  |TAMS 0x0000000091b00000, 0x0000000091b00000| Untracked 
| 284|0x0000000091c00000, 0x0000000091c00000, 0x0000000091d00000|  0%| F|  |TAMS 0x0000000091c00000, 0x0000000091c00000| Untracked 
| 285|0x0000000091d00000, 0x0000000091d00000, 0x0000000091e00000|  0%| F|  |TAMS 0x0000000091d00000, 0x0000000091d00000| Untracked 
| 286|0x0000000091e00000, 0x0000000091e00000, 0x0000000091f00000|  0%| F|  |TAMS 0x0000000091e00000, 0x0000000091e00000| Untracked 
| 287|0x0000000091f00000, 0x0000000091f00000, 0x0000000092000000|  0%| F|  |TAMS 0x0000000091f00000, 0x0000000091f00000| Untracked 
| 288|0x0000000092000000, 0x0000000092000000, 0x0000000092100000|  0%| F|  |TAMS 0x0000000092000000, 0x0000000092000000| Untracked 
| 289|0x0000000092100000, 0x0000000092100000, 0x0000000092200000|  0%| F|  |TAMS 0x0000000092100000, 0x0000000092100000| Untracked 
| 290|0x0000000092200000, 0x0000000092200000, 0x0000000092300000|  0%| F|  |TAMS 0x0000000092200000, 0x0000000092200000| Untracked 
| 291|0x0000000092300000, 0x0000000092300000, 0x0000000092400000|  0%| F|  |TAMS 0x0000000092300000, 0x0000000092300000| Untracked 
| 292|0x0000000092400000, 0x0000000092400000, 0x0000000092500000|  0%| F|  |TAMS 0x0000000092400000, 0x0000000092400000| Untracked 
| 293|0x0000000092500000, 0x0000000092500000, 0x0000000092600000|  0%| F|  |TAMS 0x0000000092500000, 0x0000000092500000| Untracked 
| 294|0x0000000092600000, 0x0000000092600000, 0x0000000092700000|  0%| F|  |TAMS 0x0000000092600000, 0x0000000092600000| Untracked 
| 295|0x0000000092700000, 0x0000000092700000, 0x0000000092800000|  0%| F|  |TAMS 0x0000000092700000, 0x0000000092700000| Untracked 
| 296|0x0000000092800000, 0x0000000092800000, 0x0000000092900000|  0%| F|  |TAMS 0x0000000092800000, 0x0000000092800000| Untracked 
| 297|0x0000000092900000, 0x0000000092900000, 0x0000000092a00000|  0%| F|  |TAMS 0x0000000092900000, 0x0000000092900000| Untracked 
| 298|0x0000000092a00000, 0x0000000092a00000, 0x0000000092b00000|  0%| F|  |TAMS 0x0000000092a00000, 0x0000000092a00000| Untracked 
| 299|0x0000000092b00000, 0x0000000092b00000, 0x0000000092c00000|  0%| F|  |TAMS 0x0000000092b00000, 0x0000000092b00000| Untracked 
| 300|0x0000000092c00000, 0x0000000092c00000, 0x0000000092d00000|  0%| F|  |TAMS 0x0000000092c00000, 0x0000000092c00000| Untracked 
| 301|0x0000000092d00000, 0x0000000092d00000, 0x0000000092e00000|  0%| F|  |TAMS 0x0000000092d00000, 0x0000000092d00000| Untracked 
| 302|0x0000000092e00000, 0x0000000092e00000, 0x0000000092f00000|  0%| F|  |TAMS 0x0000000092e00000, 0x0000000092e00000| Untracked 
| 303|0x0000000092f00000, 0x0000000092f00000, 0x0000000093000000|  0%| F|  |TAMS 0x0000000092f00000, 0x0000000092f00000| Untracked 
| 304|0x0000000093000000, 0x0000000093000000, 0x0000000093100000|  0%| F|  |TAMS 0x0000000093000000, 0x0000000093000000| Untracked 
| 305|0x0000000093100000, 0x0000000093100000, 0x0000000093200000|  0%| F|  |TAMS 0x0000000093100000, 0x0000000093100000| Untracked 
| 306|0x0000000093200000, 0x0000000093200000, 0x0000000093300000|  0%| F|  |TAMS 0x0000000093200000, 0x0000000093200000| Untracked 
| 307|0x0000000093300000, 0x0000000093300000, 0x0000000093400000|  0%| F|  |TAMS 0x0000000093300000, 0x0000000093300000| Untracked 
| 308|0x0000000093400000, 0x0000000093400000, 0x0000000093500000|  0%| F|  |TAMS 0x0000000093400000, 0x0000000093400000| Untracked 
| 309|0x0000000093500000, 0x0000000093500000, 0x0000000093600000|  0%| F|  |TAMS 0x0000000093500000, 0x0000000093500000| Untracked 

Card table byte_map: [0x000001adefaa0000,0x000001adefea0000] _byte_map_base: 0x000001adef6a0000

Marking Bits (Prev, Next): (CMBitMap*) 0x000001addb41a360, (CMBitMap*) 0x000001addb41a3a0
 Prev Bits: [0x000001adf02a0000, 0x000001adf22a0000)
 Next Bits: [0x000001adf22a0000, 0x000001adf42a0000)

Polling page: 0x000001addb490000

Metaspace:

Usage:
  Non-class:    109.79 MB used.
      Class:     16.88 MB used.
       Both:    126.67 MB used.

Virtual space:
  Non-class space:      112.00 MB reserved,     110.25 MB ( 98%) committed,  14 nodes.
      Class space:        1.00 GB reserved,      17.38 MB (  2%) committed,  1 nodes.
             Both:        1.11 GB reserved,     127.62 MB ( 11%) committed. 

Chunk freelists:
   Non-Class:  1.19 MB
       Class:  2.60 MB
        Both:  3.79 MB

MaxMetaspaceSize: unlimited
CompressedClassSpaceSize: 1.00 GB
Initial GC threshold: 21.00 MB
Current GC threshold: 211.81 MB
CDS: off
MetaspaceReclaimPolicy: balanced
 - commit_granule_bytes: 65536.
 - commit_granule_words: 8192.
 - virtual_space_node_default_size: 1048576.
 - enlarge_chunks_in_place: 1.
 - new_chunks_are_fully_committed: 0.
 - uncommit_free_chunks: 1.
 - use_allocation_guard: 0.
 - handle_deallocations: 1.


Internal statistics:

num_allocs_failed_limit: 6.
num_arena_births: 1572.
num_arena_deaths: 18.
num_vsnodes_births: 15.
num_vsnodes_deaths: 0.
num_space_committed: 2041.
num_space_uncommitted: 0.
num_chunks_returned_to_freelist: 29.
num_chunks_taken_from_freelist: 6595.
num_chunk_merges: 11.
num_chunk_splits: 4340.
num_chunks_enlarged: 2850.
num_purges: 6.
num_inconsistent_stats: 0.

CodeHeap 'non-profiled nmethods': size=120000Kb used=11769Kb max_used=11769Kb free=108231Kb
 bounds [0x000001ade7b50000, 0x000001ade86d0000, 0x000001adef080000]
CodeHeap 'profiled nmethods': size=120000Kb used=35779Kb max_used=35779Kb free=84221Kb
 bounds [0x000001ade0080000, 0x000001ade2380000, 0x000001ade75b0000]
CodeHeap 'non-nmethods': size=5760Kb used=2446Kb max_used=2540Kb free=3313Kb
 bounds [0x000001ade75b0000, 0x000001ade7850000, 0x000001ade7b50000]
 total_blobs=18878 nmethods=17886 adapters=904
 compilation: enabled
              stopped_count=0, restarted_count=0
 full_count=0

Compilation events (20 events):
Event: 535.735 Thread 0x000001adfddb7400 22022       4       com.android.tools.r8.internal.zR::b (60 bytes)
Event: 535.735 Thread 0x000001adf741d4c0 22035       3       java.nio.ByteBufferAsShortBufferL::put (32 bytes)
Event: 535.736 Thread 0x000001adf741d4c0 nmethod 22035 0x000001ade2370990 code [0x000001ade2370be0, 0x000001ade23715a8]
Event: 535.736 Thread 0x000001adf741d4c0 22037       3       com.android.tools.r8.dex.x::a (56 bytes)
Event: 535.737 Thread 0x000001adfddb7400 nmethod 22022 0x000001ade86cd290 code [0x000001ade86cd420, 0x000001ade86cd538]
Event: 535.737 Thread 0x000001adf741d4c0 nmethod 22037 0x000001ade2371a10 code [0x000001ade2371be0, 0x000001ade2371fb8]
Event: 535.737 Thread 0x000001adfddb7400 22036       4       jdk.internal.misc.Unsafe::putShortUnaligned (14 bytes)
Event: 535.737 Thread 0x000001adf741d4c0 22039       3       com.android.tools.r8.graph.v2::a (6 bytes)
Event: 535.737 Thread 0x000001adf741d4c0 nmethod 22039 0x000001ade2372190 code [0x000001ade2372340, 0x000001ade23724e8]
Event: 535.737 Thread 0x000001adf741d4c0 22040       3       com.android.tools.r8.dex.code.M0::a (25 bytes)
Event: 535.737 Thread 0x000001adf741d4c0 nmethod 22040 0x000001ade2372610 code [0x000001ade23727e0, 0x000001ade2372b58]
Event: 535.737 Thread 0x000001adf741d4c0 22042       3       com.android.tools.r8.dex.K::a (73 bytes)
Event: 535.738 Thread 0x000001adfddb7400 nmethod 22036 0x000001ade86cd690 code [0x000001ade86cd800, 0x000001ade86cd8b8]
Event: 535.738 Thread 0x000001adfddb7400 22043       4       com.android.tools.r8.internal.zR::hasNext (14 bytes)
Event: 535.738 Thread 0x000001adf68fe0c0 nmethod 22030 0x000001ade86cd990 code [0x000001ade86cdb20, 0x000001ade86cde38]
Event: 535.738 Thread 0x000001adf741d4c0 nmethod 22042 0x000001ade2372d10 code [0x000001ade2372f20, 0x000001ade23733f8]
Event: 535.738 Thread 0x000001adf68fe0c0 22023       4       com.android.tools.r8.internal.vR::next (13 bytes)
Event: 535.738 Thread 0x000001adfddb7400 nmethod 22043 0x000001ade86ce110 code [0x000001ade86ce280, 0x000001ade86ce318]
Event: 535.738 Thread 0x000001adfddb7400 22038       4       java.nio.HeapByteBuffer::putShort (31 bytes)
Event: 535.739 Thread 0x000001adf741d4c0 22044       3       com.android.tools.r8.dex.K$$Lambda$2059/0x000000010109bc98::accept (12 bytes)

GC Heap History (20 events):
Event: 400.747 GC heap after
{Heap after GC invocations=70 (full 0):
 garbage-first heap   total 317440K, used 109093K [0x0000000080000000, 0x0000000100000000)
  region size 1024K, 2 young (2048K), 2 survivors (2048K)
 Metaspace       used 111434K, committed 112256K, reserved 1146880K
  class space    used 14781K, committed 15168K, reserved 1048576K
}
Event: 404.637 GC heap before
{Heap before GC invocations=70 (full 0):
 garbage-first heap   total 317440K, used 229925K [0x0000000080000000, 0x0000000100000000)
  region size 1024K, 122 young (124928K), 2 survivors (2048K)
 Metaspace       used 124579K, committed 125440K, reserved 1163264K
  class space    used 16497K, committed 16896K, reserved 1048576K
}
Event: 404.650 GC heap after
{Heap after GC invocations=71 (full 0):
 garbage-first heap   total 317440K, used 118255K [0x0000000080000000, 0x0000000100000000)
  region size 1024K, 11 young (11264K), 11 survivors (11264K)
 Metaspace       used 124579K, committed 125440K, reserved 1163264K
  class space    used 16497K, committed 16896K, reserved 1048576K
}
Event: 528.466 GC heap before
{Heap before GC invocations=72 (full 0):
 garbage-first heap   total 317440K, used 280047K [0x0000000080000000, 0x0000000100000000)
  region size 1024K, 131 young (134144K), 11 survivors (11264K)
 Metaspace       used 128754K, committed 129728K, reserved 1163264K
  class space    used 17232K, committed 17728K, reserved 1048576K
}
Event: 528.486 GC heap after
{Heap after GC invocations=73 (full 0):
 garbage-first heap   total 317440K, used 130048K [0x0000000080000000, 0x0000000100000000)
  region size 1024K, 17 young (17408K), 17 survivors (17408K)
 Metaspace       used 128754K, committed 129728K, reserved 1163264K
  class space    used 17232K, committed 17728K, reserved 1048576K
}
Event: 528.490 GC heap before
{Heap before GC invocations=73 (full 0):
 garbage-first heap   total 317440K, used 131072K [0x0000000080000000, 0x0000000100000000)
  region size 1024K, 18 young (18432K), 17 survivors (17408K)
 Metaspace       used 128754K, committed 129728K, reserved 1163264K
  class space    used 17232K, committed 17728K, reserved 1048576K
}
Event: 528.508 GC heap after
{Heap after GC invocations=74 (full 0):
 garbage-first heap   total 317440K, used 130447K [0x0000000080000000, 0x0000000100000000)
  region size 1024K, 2 young (2048K), 2 survivors (2048K)
 Metaspace       used 128754K, committed 129728K, reserved 1163264K
  class space    used 17232K, committed 17728K, reserved 1048576K
}
Event: 528.800 GC heap before
{Heap before GC invocations=74 (full 0):
 garbage-first heap   total 317440K, used 157071K [0x0000000080000000, 0x0000000100000000)
  region size 1024K, 29 young (29696K), 2 survivors (2048K)
 Metaspace       used 128775K, committed 129728K, reserved 1163264K
  class space    used 17232K, committed 17728K, reserved 1048576K
}
Event: 528.818 GC heap after
{Heap after GC invocations=75 (full 0):
 garbage-first heap   total 317440K, used 141711K [0x0000000080000000, 0x0000000100000000)
  region size 1024K, 13 young (13312K), 13 survivors (13312K)
 Metaspace       used 128775K, committed 129728K, reserved 1163264K
  class space    used 17232K, committed 17728K, reserved 1048576K
}
Event: 532.536 GC heap before
{Heap before GC invocations=76 (full 0):
 garbage-first heap   total 317440K, used 225679K [0x0000000080000000, 0x0000000100000000)
  region size 1024K, 81 young (82944K), 13 survivors (13312K)
 Metaspace       used 128954K, committed 129920K, reserved 1163264K
  class space    used 17250K, committed 17728K, reserved 1048576K
}
Event: 532.552 GC heap after
{Heap after GC invocations=77 (full 0):
 garbage-first heap   total 317440K, used 139848K [0x0000000080000000, 0x0000000100000000)
  region size 1024K, 6 young (6144K), 6 survivors (6144K)
 Metaspace       used 128954K, committed 129920K, reserved 1163264K
  class space    used 17250K, committed 17728K, reserved 1048576K
}
Event: 532.634 GC heap before
{Heap before GC invocations=77 (full 0):
 garbage-first heap   total 317440K, used 148040K [0x0000000080000000, 0x0000000100000000)
  region size 1024K, 15 young (15360K), 6 survivors (6144K)
 Metaspace       used 128956K, committed 129920K, reserved 1163264K
  class space    used 17250K, committed 17728K, reserved 1048576K
}
Event: 532.641 GC heap after
{Heap after GC invocations=78 (full 0):
 garbage-first heap   total 317440K, used 134077K [0x0000000080000000, 0x0000000100000000)
  region size 1024K, 1 young (1024K), 1 survivors (1024K)
 Metaspace       used 128956K, committed 129920K, reserved 1163264K
  class space    used 17250K, committed 17728K, reserved 1048576K
}
Event: 533.132 GC heap before
{Heap before GC invocations=78 (full 0):
 garbage-first heap   total 317440K, used 150461K [0x0000000080000000, 0x0000000100000000)
  region size 1024K, 18 young (18432K), 1 survivors (1024K)
 Metaspace       used 129151K, committed 130112K, reserved 1163264K
  class space    used 17271K, committed 17728K, reserved 1048576K
}
Event: 533.137 GC heap after
{Heap after GC invocations=79 (full 0):
 garbage-first heap   total 317440K, used 136070K [0x0000000080000000, 0x0000000100000000)
  region size 1024K, 3 young (3072K), 3 survivors (3072K)
 Metaspace       used 129151K, committed 130112K, reserved 1163264K
  class space    used 17271K, committed 17728K, reserved 1048576K
}
Event: 534.716 GC heap before
{Heap before GC invocations=80 (full 0):
 garbage-first heap   total 317440K, used 219014K [0x0000000080000000, 0x0000000100000000)
  region size 1024K, 90 young (92160K), 3 survivors (3072K)
 Metaspace       used 129620K, committed 130624K, reserved 1163264K
  class space    used 17284K, committed 17792K, reserved 1048576K
}
Event: 534.733 GC heap after
{Heap after GC invocations=81 (full 0):
 garbage-first heap   total 317440K, used 135169K [0x0000000080000000, 0x0000000100000000)
  region size 1024K, 11 young (11264K), 11 survivors (11264K)
 Metaspace       used 129620K, committed 130624K, reserved 1163264K
  class space    used 17284K, committed 17792K, reserved 1048576K
}
Event: 534.783 GC heap before
{Heap before GC invocations=81 (full 0):
 garbage-first heap   total 317440K, used 139265K [0x0000000080000000, 0x0000000100000000)
  region size 1024K, 15 young (15360K), 11 survivors (11264K)
 Metaspace       used 129662K, committed 130688K, reserved 1163264K
  class space    used 17284K, committed 17792K, reserved 1048576K
}
Event: 534.795 GC heap after
{Heap after GC invocations=82 (full 0):
 garbage-first heap   total 317440K, used 125293K [0x0000000080000000, 0x0000000100000000)
  region size 1024K, 2 young (2048K), 2 survivors (2048K)
 Metaspace       used 129662K, committed 130688K, reserved 1163264K
  class space    used 17284K, committed 17792K, reserved 1048576K
}
Event: 535.740 GC heap before
{Heap before GC invocations=82 (full 0):
 garbage-first heap   total 317440K, used 157037K [0x0000000080000000, 0x0000000100000000)
  region size 1024K, 35 young (35840K), 2 survivors (2048K)
 Metaspace       used 129709K, committed 130688K, reserved 1163264K
  class space    used 17284K, committed 17792K, reserved 1048576K
}

Dll operation events (2 events):
Event: 0.014 Loaded shared library C:\Program Files\Android\Android Studio\jbr\bin\java.dll
Event: 0.772 Loaded shared library C:\Program Files\Android\Android Studio\jbr\bin\verify.dll

Deoptimization events (20 events):
Event: 535.554 Thread 0x000001adfc0aea10 Uncommon trap: trap_request=0xffffffc6 fr.pc=0x000001ade867b624 relative=0x0000000000000084
Event: 535.554 Thread 0x000001adfc0aea10 Uncommon trap: reason=bimorphic_or_optimized_type_check action=maybe_recompile pc=0x000001ade867b624 method=com.android.tools.r8.graph.e5.a(Lcom/android/tools/r8/utils/structural/a;Lcom/android/tools/r8/utils/structural/x;Lcom/android/tools/r8/utils/struc
Event: 535.554 Thread 0x000001adfc0aea10 DEOPT PACKING pc=0x000001ade867b624 sp=0x0000000ccdefcea0
Event: 535.554 Thread 0x000001adfc0aea10 DEOPT UNPACKING pc=0x000001ade760699d sp=0x0000000ccdefce30 mode 2
Event: 535.573 Thread 0x000001adfc0aea10 DEOPT PACKING pc=0x000001ade1fb5394 sp=0x0000000ccdefceb0
Event: 535.573 Thread 0x000001adfc0aea10 DEOPT UNPACKING pc=0x000001ade7607124 sp=0x0000000ccdefc398 mode 0
Event: 535.578 Thread 0x000001adfc0aea10 DEOPT PACKING pc=0x000001ade0fb6725 sp=0x0000000ccdefcea0
Event: 535.578 Thread 0x000001adfc0aea10 DEOPT UNPACKING pc=0x000001ade7607124 sp=0x0000000ccdefc390 mode 0
Event: 535.579 Thread 0x000001adfc0aea10 DEOPT PACKING pc=0x000001ade1fb5394 sp=0x0000000ccdefceb0
Event: 535.579 Thread 0x000001adfc0aea10 DEOPT UNPACKING pc=0x000001ade7607124 sp=0x0000000ccdefc398 mode 0
Event: 535.591 Thread 0x000001adfc0aea10 DEOPT PACKING pc=0x000001ade0fb6725 sp=0x0000000ccdefcea0
Event: 535.591 Thread 0x000001adfc0aea10 DEOPT UNPACKING pc=0x000001ade7607124 sp=0x0000000ccdefc390 mode 0
Event: 535.610 Thread 0x000001adfc0aea10 DEOPT PACKING pc=0x000001ade0fb6725 sp=0x0000000ccdefcea0
Event: 535.611 Thread 0x000001adfc0aea10 DEOPT UNPACKING pc=0x000001ade7607124 sp=0x0000000ccdefc390 mode 0
Event: 535.619 Thread 0x000001adfc0aea10 DEOPT PACKING pc=0x000001ade0fb6725 sp=0x0000000ccdefcea0
Event: 535.619 Thread 0x000001adfc0aea10 DEOPT UNPACKING pc=0x000001ade7607124 sp=0x0000000ccdefc390 mode 0
Event: 535.680 Thread 0x000001adfc0aea10 DEOPT PACKING pc=0x000001ade1eb17c4 sp=0x0000000ccdefcf00
Event: 535.680 Thread 0x000001adfc0aea10 DEOPT UNPACKING pc=0x000001ade7607124 sp=0x0000000ccdefc3c0 mode 0
Event: 535.703 Thread 0x000001adfc0aea10 DEOPT PACKING pc=0x000001ade1eb17c4 sp=0x0000000ccdefcf00
Event: 535.703 Thread 0x000001adfc0aea10 DEOPT UNPACKING pc=0x000001ade7607124 sp=0x0000000ccdefc3c0 mode 0

Classes unloaded (9 events):
Event: 146.603 Thread 0x000001adf68ec7c0 Unloading class 0x0000000100b98c00 'java/lang/invoke/LambdaForm$DMH+0x0000000100b98c00'
Event: 146.603 Thread 0x000001adf68ec7c0 Unloading class 0x0000000100b98800 'java/lang/invoke/LambdaForm$DMH+0x0000000100b98800'
Event: 146.603 Thread 0x000001adf68ec7c0 Unloading class 0x0000000100b98400 'java/lang/invoke/LambdaForm$DMH+0x0000000100b98400'
Event: 404.912 Thread 0x000001adf68ec7c0 Unloading class 0x0000000100eeb000 'jdk/internal/reflect/GeneratedSerializationConstructorAccessor134'
Event: 404.912 Thread 0x000001adf68ec7c0 Unloading class 0x0000000100eeac00 'jdk/internal/reflect/GeneratedSerializationConstructorAccessor133'
Event: 404.912 Thread 0x000001adf68ec7c0 Unloading class 0x0000000100eea800 'jdk/internal/reflect/GeneratedSerializationConstructorAccessor132'
Event: 529.085 Thread 0x000001adf68ec7c0 Unloading class 0x0000000101104400 'java/lang/invoke/LambdaForm$DMH+0x0000000101104400'
Event: 529.085 Thread 0x000001adf68ec7c0 Unloading class 0x0000000100fc8c00 'java/lang/invoke/LambdaForm$DMH+0x0000000100fc8c00'
Event: 529.085 Thread 0x000001adf68ec7c0 Unloading class 0x0000000100fc8400 'java/lang/invoke/LambdaForm$DMH+0x0000000100fc8400'

Classes redefined (0 events):
No events

Internal exceptions (20 events):
Event: 533.694 Thread 0x000001adfc0ad6d0 Exception <a 'sun/nio/fs/WindowsException'{0x00000000919904d0}> (0x00000000919904d0) 
thrown [s\src\hotspot\share\prims\jni.cpp, line 517]
Event: 533.697 Thread 0x000001adfc0ad6d0 Exception <a 'sun/nio/fs/WindowsException'{0x00000000919ac680}> (0x00000000919ac680) 
thrown [s\src\hotspot\share\prims\jni.cpp, line 517]
Event: 533.697 Thread 0x000001adfc0ad6d0 Exception <a 'sun/nio/fs/WindowsException'{0x00000000919ac9d0}> (0x00000000919ac9d0) 
thrown [s\src\hotspot\share\prims\jni.cpp, line 517]
Event: 533.700 Thread 0x000001adfc0ad6d0 Exception <a 'sun/nio/fs/WindowsException'{0x0000000091801c48}> (0x0000000091801c48) 
thrown [s\src\hotspot\share\prims\jni.cpp, line 517]
Event: 533.701 Thread 0x000001adfc0ad6d0 Exception <a 'sun/nio/fs/WindowsException'{0x0000000091801f88}> (0x0000000091801f88) 
thrown [s\src\hotspot\share\prims\jni.cpp, line 517]
Event: 533.705 Thread 0x000001adfc0ad6d0 Exception <a 'sun/nio/fs/WindowsException'{0x0000000091870978}> (0x0000000091870978) 
thrown [s\src\hotspot\share\prims\jni.cpp, line 517]
Event: 533.705 Thread 0x000001adfc0ad6d0 Exception <a 'sun/nio/fs/WindowsException'{0x0000000091870cc8}> (0x0000000091870cc8) 
thrown [s\src\hotspot\share\prims\jni.cpp, line 517]
Event: 533.708 Thread 0x000001adfc0ad6d0 Exception <a 'sun/nio/fs/WindowsException'{0x00000000918d0fd0}> (0x00000000918d0fd0) 
thrown [s\src\hotspot\share\prims\jni.cpp, line 517]
Event: 533.708 Thread 0x000001adfc0ad6d0 Exception <a 'sun/nio/fs/WindowsException'{0x00000000918d1350}> (0x00000000918d1350) 
thrown [s\src\hotspot\share\prims\jni.cpp, line 517]
Event: 533.717 Thread 0x000001adfc0ad6d0 Exception <a 'sun/nio/fs/WindowsException'{0x0000000091777810}> (0x0000000091777810) 
thrown [s\src\hotspot\share\prims\jni.cpp, line 517]
Event: 533.719 Thread 0x000001adfc0ad6d0 Exception <a 'sun/nio/fs/WindowsException'{0x0000000091777b70}> (0x0000000091777b70) 
thrown [s\src\hotspot\share\prims\jni.cpp, line 517]
Event: 533.736 Thread 0x000001adfc0ad6d0 Exception <a 'sun/nio/fs/WindowsException'{0x00000000917f73e0}> (0x00000000917f73e0) 
thrown [s\src\hotspot\share\prims\jni.cpp, line 517]
Event: 533.736 Thread 0x000001adfc0ad6d0 Exception <a 'sun/nio/fs/WindowsException'{0x00000000917f7760}> (0x00000000917f7760) 
thrown [s\src\hotspot\share\prims\jni.cpp, line 517]
Event: 533.739 Thread 0x000001adfc0ad6d0 Exception <a 'sun/nio/fs/WindowsException'{0x0000000091637038}> (0x0000000091637038) 
thrown [s\src\hotspot\share\prims\jni.cpp, line 517]
Event: 533.739 Thread 0x000001adfc0ad6d0 Exception <a 'sun/nio/fs/WindowsException'{0x0000000091637418}> (0x0000000091637418) 
thrown [s\src\hotspot\share\prims\jni.cpp, line 517]
Event: 533.795 Thread 0x000001adfc0ad6d0 Exception <a 'sun/nio/fs/WindowsException'{0x0000000091311628}> (0x0000000091311628) 
thrown [s\src\hotspot\share\prims\jni.cpp, line 517]
Event: 533.898 Thread 0x000001adfc0ad6d0 Exception <a 'sun/nio/fs/WindowsException'{0x00000000912fad88}> (0x00000000912fad88) 
thrown [s\src\hotspot\share\prims\jni.cpp, line 517]
Event: 534.015 Thread 0x000001adfc0ad6d0 Exception <a 'sun/nio/fs/WindowsException'{0x0000000091183ef8}> (0x0000000091183ef8) 
thrown [s\src\hotspot\share\prims\jni.cpp, line 517]
Event: 534.016 Thread 0x000001adfc0ad6d0 Exception <a 'sun/nio/fs/WindowsException'{0x0000000091185d38}> (0x0000000091185d38) 
thrown [s\src\hotspot\share\prims\jni.cpp, line 517]
Event: 534.142 Thread 0x000001adfc0a8030 Exception <a 'sun/nio/fs/WindowsException'{0x0000000090b112e8}> (0x0000000090b112e8) 
thrown [s\src\hotspot\share\prims\jni.cpp, line 517]

VM Operations (20 events):
Event: 532.821 Executing VM operation: HandshakeAllThreads done
Event: 532.948 Executing VM operation: HandshakeAllThreads
Event: 532.948 Executing VM operation: HandshakeAllThreads done
Event: 533.132 Executing VM operation: G1TryInitiateConcMark
Event: 533.137 Executing VM operation: G1TryInitiateConcMark done
Event: 533.409 Executing VM operation: G1Concurrent
Event: 533.419 Executing VM operation: G1Concurrent done
Event: 533.544 Executing VM operation: G1Concurrent
Event: 533.544 Executing VM operation: G1Concurrent done
Event: 534.052 Executing VM operation: ICBufferFull
Event: 534.052 Executing VM operation: ICBufferFull done
Event: 534.706 Executing VM operation: ICBufferFull
Event: 534.707 Executing VM operation: ICBufferFull done
Event: 534.716 Executing VM operation: G1CollectForAllocation
Event: 534.733 Executing VM operation: G1CollectForAllocation done
Event: 534.782 Executing VM operation: G1CollectForAllocation
Event: 534.797 Executing VM operation: G1CollectForAllocation done
Event: 535.290 Executing VM operation: ICBufferFull
Event: 535.290 Executing VM operation: ICBufferFull done
Event: 535.739 Executing VM operation: G1TryInitiateConcMark

Events (20 events):
Event: 532.852 Thread 0x000001adf7476ce0 flushing nmethod 0x000001ade20f3c90
Event: 532.853 Thread 0x000001adf7476ce0 flushing nmethod 0x000001ade2166590
Event: 532.853 Thread 0x000001adf7476ce0 flushing nmethod 0x000001ade2167990
Event: 532.853 Thread 0x000001adf7476ce0 flushing nmethod 0x000001ade218e690
Event: 532.853 Thread 0x000001adf7476ce0 flushing nmethod 0x000001ade2222610
Event: 532.854 Thread 0x000001adf7476ce0 flushing nmethod 0x000001ade22abf90
Event: 532.854 Thread 0x000001adf7476ce0 flushing nmethod 0x000001ade231eb10
Event: 532.910 loading class java/util/Collections$ReverseComparator
Event: 532.910 loading class java/util/Collections$ReverseComparator done
Event: 533.097 Thread 0x000001adfc32cf90 Thread exited: 0x000001adfc32cf90
Event: 533.118 Thread 0x000001adfddb7400 Thread added: 0x000001adfddb7400
Event: 533.119 loading class jdk/internal/loader/URLClassPath$FileLoader
Event: 533.121 loading class jdk/internal/loader/URLClassPath$FileLoader done
Event: 533.589 loading class java/util/ImmutableCollections$Access
Event: 533.590 loading class java/util/ImmutableCollections$Access done
Event: 533.590 loading class java/util/ImmutableCollections$Access$1
Event: 533.590 loading class jdk/internal/access/JavaUtilCollectionAccess
Event: 533.590 loading class jdk/internal/access/JavaUtilCollectionAccess done
Event: 533.590 loading class java/util/ImmutableCollections$Access$1 done
Event: 534.146 Thread 0x000001adfa438150 Thread added: 0x000001adfa438150


Dynamic libraries:
0x00007ff774b50000 - 0x00007ff774b5a000 	C:\Program Files\Android\Android Studio\jbr\bin\java.exe
0x00007ff8b9c70000 - 0x00007ff8b9e67000 	C:\WINDOWS\SYSTEM32\ntdll.dll
0x00007ff8b9ab0000 - 0x00007ff8b9b6d000 	C:\WINDOWS\System32\KERNEL32.DLL
0x00007ff8b7700000 - 0x00007ff8b79f6000 	C:\WINDOWS\System32\KERNELBASE.dll
0x00007ff8b74a0000 - 0x00007ff8b75a0000 	C:\WINDOWS\System32\ucrtbase.dll
0x00007ff8b2db0000 - 0x00007ff8b2dcb000 	C:\Program Files\Android\Android Studio\jbr\bin\VCRUNTIME140.dll
0x00007ff8a3c70000 - 0x00007ff8a3c87000 	C:\Program Files\Android\Android Studio\jbr\bin\jli.dll
0x00007ff8b9140000 - 0x00007ff8b92de000 	C:\WINDOWS\System32\USER32.dll
0x00007ff8b7350000 - 0x00007ff8b7372000 	C:\WINDOWS\System32\win32u.dll
0x00007ff89ba90000 - 0x00007ff89bd2a000 	C:\WINDOWS\WinSxS\amd64_microsoft.windows.common-controls_6595b64144ccf1df_6.0.19041.3570_none_60bb2a3971f3e41a\COMCTL32.dll
0x00007ff8b9420000 - 0x00007ff8b944c000 	C:\WINDOWS\System32\GDI32.dll
0x00007ff8b9b70000 - 0x00007ff8b9c0e000 	C:\WINDOWS\System32\msvcrt.dll
0x00007ff8b7380000 - 0x00007ff8b749a000 	C:\WINDOWS\System32\gdi32full.dll
0x00007ff8b7b30000 - 0x00007ff8b7bcd000 	C:\WINDOWS\System32\msvcp_win.dll
0x00007ff8b9110000 - 0x00007ff8b9140000 	C:\WINDOWS\System32\IMM32.DLL
0x00007ff8b2df0000 - 0x00007ff8b2dfc000 	C:\Program Files\Android\Android Studio\jbr\bin\vcruntime140_1.dll
0x00007ff89ee70000 - 0x00007ff89eefd000 	C:\Program Files\Android\Android Studio\jbr\bin\msvcp140.dll
0x00007ff86c480000 - 0x00007ff86d0ee000 	C:\Program Files\Android\Android Studio\jbr\bin\server\jvm.dll
0x00007ff8b9060000 - 0x00007ff8b910e000 	C:\WINDOWS\System32\ADVAPI32.dll
0x00007ff8b8fc0000 - 0x00007ff8b905c000 	C:\WINDOWS\System32\sechost.dll
0x00007ff8b92f0000 - 0x00007ff8b9416000 	C:\WINDOWS\System32\RPCRT4.dll
0x00007ff89b120000 - 0x00007ff89b147000 	C:\WINDOWS\SYSTEM32\WINMM.dll
0x00007ff8a5500000 - 0x00007ff8a5509000 	C:\WINDOWS\SYSTEM32\WSOCK32.dll
0x00007ff8b1e80000 - 0x00007ff8b1e8a000 	C:\WINDOWS\SYSTEM32\VERSION.dll
0x00007ff8b9a40000 - 0x00007ff8b9aab000 	C:\WINDOWS\System32\WS2_32.dll
0x00007ff8b51d0000 - 0x00007ff8b51e2000 	C:\WINDOWS\SYSTEM32\kernel.appcore.dll
0x00007ff8a7a20000 - 0x00007ff8a7a2a000 	C:\Program Files\Android\Android Studio\jbr\bin\jimage.dll
0x00007ff8b08d0000 - 0x00007ff8b0ab4000 	C:\WINDOWS\SYSTEM32\DBGHELP.DLL
0x00007ff8b0890000 - 0x00007ff8b08c4000 	C:\WINDOWS\SYSTEM32\dbgcore.DLL
0x00007ff8b7bd0000 - 0x00007ff8b7c52000 	C:\WINDOWS\System32\bcryptPrimitives.dll
0x00007ff8a5cc0000 - 0x00007ff8a5ce5000 	C:\Program Files\Android\Android Studio\jbr\bin\java.dll
0x00007ff8a5ca0000 - 0x00007ff8a5cb8000 	C:\Program Files\Android\Android Studio\jbr\bin\zip.dll
0x00007ff8b8860000 - 0x00007ff8b8fa4000 	C:\WINDOWS\System32\SHELL32.dll
0x00007ff8b53d0000 - 0x00007ff8b5b6b000 	C:\WINDOWS\SYSTEM32\windows.storage.dll
0x00007ff8b83e0000 - 0x00007ff8b8734000 	C:\WINDOWS\System32\combase.dll
0x00007ff8b6be0000 - 0x00007ff8b6c0d000 	C:\WINDOWS\SYSTEM32\Wldp.dll
0x00007ff8b9990000 - 0x00007ff8b9a3d000 	C:\WINDOWS\System32\SHCORE.dll
0x00007ff8b9720000 - 0x00007ff8b9775000 	C:\WINDOWS\System32\shlwapi.dll
0x00007ff8b7280000 - 0x00007ff8b72a5000 	C:\WINDOWS\SYSTEM32\profapi.dll
0x00007ff8a3cb0000 - 0x00007ff8a3cc9000 	C:\Program Files\Android\Android Studio\jbr\bin\net.dll
0x00007ff8adea0000 - 0x00007ff8adfaa000 	C:\WINDOWS\SYSTEM32\WINHTTP.dll
0x00007ff8b69c0000 - 0x00007ff8b6a2a000 	C:\WINDOWS\system32\mswsock.dll
0x00007ff8a3c90000 - 0x00007ff8a3ca6000 	C:\Program Files\Android\Android Studio\jbr\bin\nio.dll
0x00007ff8a7a10000 - 0x00007ff8a7a20000 	C:\Program Files\Android\Android Studio\jbr\bin\verify.dll
0x00007ff8a3c40000 - 0x00007ff8a3c67000 	C:\Users\Bia e Leo\.gradle\native\68d5fa5c4cc2d200863cafc0d521ce42e7d3e7ee720ec0a83991735586a16f82\windows-amd64\native-platform.dll
0x00007ff883b70000 - 0x00007ff883cb4000 	C:\Users\Bia e Leo\.gradle\native\e376f236ea51e6404a007f0833ffe2c6e607c4080706a723a18a27aeea778392\windows-amd64\native-platform-file-events.dll
0x00007ff8a6010000 - 0x00007ff8a6019000 	C:\Program Files\Android\Android Studio\jbr\bin\management.dll
0x00007ff8a5510000 - 0x00007ff8a551b000 	C:\Program Files\Android\Android Studio\jbr\bin\management_ext.dll
0x00007ff8b8fb0000 - 0x00007ff8b8fb8000 	C:\WINDOWS\System32\PSAPI.DLL
0x00007ff8b6c20000 - 0x00007ff8b6c38000 	C:\WINDOWS\SYSTEM32\CRYPTSP.dll
0x00007ff8b62f0000 - 0x00007ff8b6324000 	C:\WINDOWS\system32\rsaenh.dll
0x00007ff8b7b00000 - 0x00007ff8b7b27000 	C:\WINDOWS\System32\bcrypt.dll
0x00007ff8b7240000 - 0x00007ff8b726e000 	C:\WINDOWS\SYSTEM32\USERENV.dll
0x00007ff8b6b50000 - 0x00007ff8b6b5c000 	C:\WINDOWS\SYSTEM32\CRYPTBASE.dll
0x00007ff8b66d0000 - 0x00007ff8b670b000 	C:\WINDOWS\SYSTEM32\IPHLPAPI.DLL
0x00007ff8b9680000 - 0x00007ff8b9688000 	C:\WINDOWS\System32\NSI.dll
0x00007ff8af400000 - 0x00007ff8af417000 	C:\WINDOWS\SYSTEM32\dhcpcsvc6.DLL
0x00007ff8afd00000 - 0x00007ff8afd1d000 	C:\WINDOWS\SYSTEM32\dhcpcsvc.DLL
0x00007ff8b6710000 - 0x00007ff8b67da000 	C:\WINDOWS\SYSTEM32\DNSAPI.dll
0x00007ff8a3b50000 - 0x00007ff8a3b57000 	C:\WINDOWS\system32\wshunix.dll
0x00007ff8b6430000 - 0x00007ff8b6463000 	C:\WINDOWS\SYSTEM32\ntmarta.dll

dbghelp: loaded successfully - version: 4.0.5 - missing functions: none
symbol engine: initialized successfully - sym options: 0x614 - pdb path: .;C:\Program Files\Android\Android Studio\jbr\bin;C:\WINDOWS\SYSTEM32;C:\WINDOWS\WinSxS\amd64_microsoft.windows.common-controls_6595b64144ccf1df_6.0.19041.3570_none_60bb2a3971f3e41a;C:\Program Files\Android\Android Studio\jbr\bin\server;C:\Users\Bia e Leo\.gradle\native\68d5fa5c4cc2d200863cafc0d521ce42e7d3e7ee720ec0a83991735586a16f82\windows-amd64;C:\Users\Bia e Leo\.gradle\native\e376f236ea51e6404a007f0833ffe2c6e607c4080706a723a18a27aeea778392\windows-amd64

VM Arguments:
jvm_args: --add-opens=java.base/java.util=ALL-UNNAMED --add-opens=java.base/java.lang=ALL-UNNAMED --add-opens=java.base/java.lang.invoke=ALL-UNNAMED --add-opens=java.prefs/java.util.prefs=ALL-UNNAMED --add-opens=java.base/java.nio.charset=ALL-UNNAMED --add-opens=java.base/java.net=ALL-UNNAMED --add-opens=java.base/java.util.concurrent.atomic=ALL-UNNAMED -Xmx2048m -Dfile.encoding=UTF-8 -Duser.country=BR -Duser.language=pt -Duser.variant 
java_command: org.gradle.launcher.daemon.bootstrap.GradleDaemon 8.0
java_class_path (initial): C:\Users\Bia e Leo\.gradle\wrapper\dists\gradle-8.0-bin\ca5e32bp14vu59qr306oxotwh\gradle-8.0\lib\gradle-launcher-8.0.jar
Launcher Type: SUN_STANDARD

[Global flags]
     intx CICompilerCount                          = 3                                         {product} {ergonomic}
     uint ConcGCThreads                            = 1                                         {product} {ergonomic}
     uint G1ConcRefinementThreads                  = 4                                         {product} {ergonomic}
   size_t G1HeapRegionSize                         = 1048576                                   {product} {ergonomic}
    uintx GCDrainStackTargetSize                   = 64                                        {product} {ergonomic}
   size_t InitialHeapSize                          = 132120576                                 {product} {ergonomic}
   size_t MarkStackSize                            = 4194304                                   {product} {ergonomic}
   size_t MaxHeapSize                              = 2147483648                                {product} {command line}
   size_t MaxNewSize                               = 1287651328                                {product} {ergonomic}
   size_t MinHeapDeltaBytes                        = 1048576                                   {product} {ergonomic}
   size_t MinHeapSize                              = 8388608                                   {product} {ergonomic}
    uintx NonNMethodCodeHeapSize                   = 5832780                                {pd product} {ergonomic}
    uintx NonProfiledCodeHeapSize                  = 122912730                              {pd product} {ergonomic}
    uintx ProfiledCodeHeapSize                     = 122912730                              {pd product} {ergonomic}
    uintx ReservedCodeCacheSize                    = 251658240                              {pd product} {ergonomic}
     bool SegmentedCodeCache                       = true                                      {product} {ergonomic}
   size_t SoftMaxHeapSize                          = 2147483648                             {manageable} {ergonomic}
     bool UseCompressedClassPointers               = true                           {product lp64_product} {ergonomic}
     bool UseCompressedOops                        = true                           {product lp64_product} {ergonomic}
     bool UseG1GC                                  = true                                      {product} {ergonomic}
     bool UseLargePagesIndividualAllocation        = false                                  {pd product} {ergonomic}

Logging:
Log output configuration:
 #0: stdout all=warning uptime,level,tags
 #1: stderr all=off uptime,level,tags

Environment Variables:
JAVA_HOME=C:\Program Files\OpenJDK\openjdk-11.0.12_7
PATH=C:\Program Files (x86)\Common Files\Oracle\Java\javapath;C:\Program Files (x86)\Common Files\Intel\Shared Libraries\redist\intel64\compiler;C:\WINDOWS\system32;C:\WINDOWS;C:\WINDOWS\System32\Wbem;C:\WINDOWS\System32\WindowsPowerShell\v1.0\;C:\WINDOWS\System32\OpenSSH\;C:\Program Files\Microsoft SQL Server\130\Tools\Binn\;C:\Program Files\Microsoft SQL Server\Client SDK\ODBC\170\Tools\Binn\;C:\Program Files\dotnet\;C:\Program Files\Common Files\Autodesk Shared\;C:\Program Files\Git\cmd;C:\Program Files (x86)\Microsoft SQL Server\150\DTS\Binn\;C:\Program Files (x86)\Microsoft SQL Server\150\Tools\Binn\;C:\Program Files\Microsoft SQL Server\150\Tools\Binn\;C:\Program Files\Microsoft SQL Server\150\DTS\Binn\;C:\ProgramData\chocolatey\bin;C:\Program Files\nodejs\;C:\Program Files\OpenJDK\openjdk-11.0.12_7\bin;C:\ProgramData\ComposerSetup\bin;C:\wamp64\bin\php\php8.2.0;C:\Windows\System32;;C:\Program Files\Docker\Docker\resources\bin;C:\Users\Bia e Leo\AppData\Roaming\npm;C:\Program Files\MongoDB\Server\5.0\bin;C:\Program Files\MySQL\MySQL Server 8.0\bin;C:\Users\Bia e Leo\AppData\Roaming\Composer\vendor\bin;C:\Users\Bia e Leo\AppData\Local\Microsoft\WindowsApps;C:\Users\Bia e Leo\AppData\Local\Programs\Microsoft VS Code\bin;C:\Users\Bia e Leo\.dotnet\tools
USERNAME=Bia_e_Leo
OS=Windows_NT
PROCESSOR_IDENTIFIER=Intel64 Family 6 Model 158 Stepping 10, GenuineIntel
TMP=C:\Users\BIAELE~1\AppData\Local\Temp
TEMP=C:\Users\BIAELE~1\AppData\Local\Temp


JNI global refs:
JNI global refs: 26, weak refs: 0

JNI global refs memory usage: 843, weak refs: 841


---------------  S Y S T E M  ---------------

OS:
 Windows 10 , 64 bit Build 19041 (10.0.19041.3570)
OS uptime: 0 days 5:19 hours
Hyper-V role detected

CPU: total 4 (initial active 4) (2 cores per cpu, 2 threads per core) family 6 model 158 stepping 10 microcode 0xb4, cx8, cmov, fxsr, ht, mmx, 3dnowpref, sse, sse2, sse3, ssse3, sse4.1, sse4.2, popcnt, lzcnt, tsc, tscinvbit, aes, erms, clmul, clflush, clflushopt, hv

Memory: 4k page, system-wide physical 8038M (907M free)
TotalPageFile size 8038M (AvailPageFile size 455M)
current process WorkingSet (physical memory assigned to process): 578M, peak: 583M
current process commit charge ("private bytes"): 668M, peak: 1288M

vm_info: OpenJDK 64-Bit Server VM (17.0.6+0-b2043.56-10027231) for windows-amd64 JRE (17.0.6+0-b2043.56-10027231), built on Apr 28 2023 00:43:19 by "androidbuild" with MS VC++ 16.10 / 16.11 (VS2019)

END.
